ARM GAS  C:\Users\CHUCK~1.ERH\AppData\Local\Temp\ccGZkLFL.s 			page 1


   1              		.syntax unified
   2              		.cpu cortex-m3
   3              		.fpu softvfp
   4              		.eabi_attribute 20, 1
   5              		.eabi_attribute 21, 1
   6              		.eabi_attribute 23, 3
   7              		.eabi_attribute 24, 1
   8              		.eabi_attribute 25, 1
   9              		.eabi_attribute 26, 1
  10              		.eabi_attribute 30, 6
  11              		.eabi_attribute 34, 1
  12              		.eabi_attribute 18, 4
  13              		.thumb
  14              		.file	"cymetadata.c"
  15              		.text
  16              	.Ltext0:
  17              		.cfi_sections	.debug_frame
  18              		.global	cy_meta_configecc
  19              		.section	.cyconfigecc,"a",%progbits
  20              		.align	2
  21              		.type	cy_meta_configecc, %object
  22              		.size	cy_meta_configecc, 748
  23              	cy_meta_configecc:
  24 0000 05       		.byte	5
  25 0001 52       		.byte	82
  26 0002 00       		.byte	0
  27 0003 40       		.byte	64
  28 0004 01       		.byte	1
  29 0005 65       		.byte	101
  30 0006 00       		.byte	0
  31 0007 40       		.byte	64
  32 0008 4A       		.byte	74
  33 0009 08       		.byte	8
  34 000a 01       		.byte	1
  35 000b 40       		.byte	64
  36 000c 2E       		.byte	46
  37 000d 09       		.byte	9
  38 000e 01       		.byte	1
  39 000f 40       		.byte	64
  40 0010 0F       		.byte	15
  41 0011 18       		.byte	24
  42 0012 01       		.byte	1
  43 0013 40       		.byte	64
  44 0014 43       		.byte	67
  45 0015 19       		.byte	25
  46 0016 01       		.byte	1
  47 0017 40       		.byte	64
  48 0018 02       		.byte	2
  49 0019 1B       		.byte	27
  50 001a 01       		.byte	1
  51 001b 40       		.byte	64
  52 001c 06       		.byte	6
  53 001d 44       		.byte	68
  54 001e 01       		.byte	1
  55 001f 40       		.byte	64
  56 0020 04       		.byte	4
  57 0021 45       		.byte	69
ARM GAS  C:\Users\CHUCK~1.ERH\AppData\Local\Temp\ccGZkLFL.s 			page 2


  58 0022 01       		.byte	1
  59 0023 40       		.byte	64
  60 0024 04       		.byte	4
  61 0025 46       		.byte	70
  62 0026 01       		.byte	1
  63 0027 40       		.byte	64
  64 0028 06       		.byte	6
  65 0029 47       		.byte	71
  66 002a 01       		.byte	1
  67 002b 40       		.byte	64
  68 002c 0C       		.byte	12
  69 002d 4C       		.byte	76
  70 002e 01       		.byte	1
  71 002f 40       		.byte	64
  72 0030 07       		.byte	7
  73 0031 4D       		.byte	77
  74 0032 01       		.byte	1
  75 0033 40       		.byte	64
  76 0034 04       		.byte	4
  77 0035 50       		.byte	80
  78 0036 01       		.byte	1
  79 0037 40       		.byte	64
  80 0038 08       		.byte	8
  81 0039 10       		.byte	16
  82 003a 28       		.byte	40
  83 003b 0C       		.byte	12
  84 003c 29       		.byte	41
  85 003d 08       		.byte	8
  86 003e 30       		.byte	48
  87 003f 90       		.byte	-112
  88 0040 31       		.byte	49
  89 0041 C0       		.byte	-64
  90 0042 89       		.byte	-119
  91 0043 0F       		.byte	15
  92 0044 02       		.byte	2
  93 0045 49       		.byte	73
  94 0046 04       		.byte	4
  95 0047 07       		.byte	7
  96 0048 06       		.byte	6
  97 0049 18       		.byte	24
  98 004a 07       		.byte	7
  99 004b 06       		.byte	6
 100 004c 0A       		.byte	10
 101 004d 02       		.byte	2
 102 004e 0C       		.byte	12
 103 004f 80       		.byte	-128
 104 0050 0D       		.byte	13
 105 0051 04       		.byte	4
 106 0052 0F       		.byte	15
 107 0053 03       		.byte	3
 108 0054 10       		.byte	16
 109 0055 2C       		.byte	44
 110 0056 12       		.byte	18
 111 0057 13       		.byte	19
 112 0058 15       		.byte	21
 113 0059 03       		.byte	3
 114 005a 16       		.byte	22
ARM GAS  C:\Users\CHUCK~1.ERH\AppData\Local\Temp\ccGZkLFL.s 			page 3


 115 005b B4       		.byte	-76
 116 005c 17       		.byte	23
 117 005d 04       		.byte	4
 118 005e 18       		.byte	24
 119 005f 21       		.byte	33
 120 0060 1A       		.byte	26
 121 0061 0A       		.byte	10
 122 0062 1D       		.byte	29
 123 0063 01       		.byte	1
 124 0064 31       		.byte	49
 125 0065 07       		.byte	7
 126 0066 32       		.byte	50
 127 0067 3F       		.byte	63
 128 0068 34       		.byte	52
 129 0069 40       		.byte	64
 130 006a 36       		.byte	54
 131 006b 80       		.byte	-128
 132 006c 39       		.byte	57
 133 006d 02       		.byte	2
 134 006e 3E       		.byte	62
 135 006f 40       		.byte	64
 136 0070 54       		.byte	84
 137 0071 09       		.byte	9
 138 0072 58       		.byte	88
 139 0073 04       		.byte	4
 140 0074 59       		.byte	89
 141 0075 04       		.byte	4
 142 0076 5B       		.byte	91
 143 0077 04       		.byte	4
 144 0078 5F       		.byte	95
 145 0079 01       		.byte	1
 146 007a 80       		.byte	-128
 147 007b A6       		.byte	-90
 148 007c 81       		.byte	-127
 149 007d 6C       		.byte	108
 150 007e 84       		.byte	-124
 151 007f 37       		.byte	55
 152 0080 85       		.byte	-123
 153 0081 6C       		.byte	108
 154 0082 86       		.byte	-122
 155 0083 48       		.byte	72
 156 0084 8C       		.byte	-116
 157 0085 84       		.byte	-124
 158 0086 8D       		.byte	-115
 159 0087 68       		.byte	104
 160 0088 8F       		.byte	-113
 161 0089 04       		.byte	4
 162 008a 90       		.byte	-112
 163 008b 32       		.byte	50
 164 008c 91       		.byte	-111
 165 008d 13       		.byte	19
 166 008e 92       		.byte	-110
 167 008f CD       		.byte	-51
 168 0090 93       		.byte	-109
 169 0091 40       		.byte	64
 170 0092 94       		.byte	-108
 171 0093 A6       		.byte	-90
ARM GAS  C:\Users\CHUCK~1.ERH\AppData\Local\Temp\ccGZkLFL.s 			page 4


 172 0094 97       		.byte	-105
 173 0095 04       		.byte	4
 174 0096 98       		.byte	-104
 175 0097 19       		.byte	25
 176 0098 99       		.byte	-103
 177 0099 6C       		.byte	108
 178 009a 9A       		.byte	-102
 179 009b 82       		.byte	-126
 180 009c 9D       		.byte	-99
 181 009d 10       		.byte	16
 182 009e 9F       		.byte	-97
 183 009f 68       		.byte	104
 184 00a0 A0       		.byte	-96
 185 00a1 A6       		.byte	-90
 186 00a2 A3       		.byte	-93
 187 00a3 01       		.byte	1
 188 00a4 A4       		.byte	-92
 189 00a5 22       		.byte	34
 190 00a6 A5       		.byte	-91
 191 00a7 09       		.byte	9
 192 00a8 A6       		.byte	-90
 193 00a9 84       		.byte	-124
 194 00aa A7       		.byte	-89
 195 00ab 12       		.byte	18
 196 00ac A9       		.byte	-87
 197 00ad 11       		.byte	17
 198 00ae AA       		.byte	-86
 199 00af 22       		.byte	34
 200 00b0 AB       		.byte	-85
 201 00b1 22       		.byte	34
 202 00b2 AC       		.byte	-84
 203 00b3 84       		.byte	-124
 204 00b4 AD       		.byte	-83
 205 00b5 6C       		.byte	108
 206 00b6 AE       		.byte	-82
 207 00b7 22       		.byte	34
 208 00b8 B0       		.byte	-80
 209 00b9 08       		.byte	8
 210 00ba B1       		.byte	-79
 211 00bb 03       		.byte	3
 212 00bc B2       		.byte	-78
 213 00bd 07       		.byte	7
 214 00be B3       		.byte	-77
 215 00bf 04       		.byte	4
 216 00c0 B4       		.byte	-76
 217 00c1 F0       		.byte	-16
 218 00c2 B6       		.byte	-74
 219 00c3 10       		.byte	16
 220 00c4 B7       		.byte	-73
 221 00c5 78       		.byte	120
 222 00c6 B8       		.byte	-72
 223 00c7 20       		.byte	32
 224 00c8 BB       		.byte	-69
 225 00c9 83       		.byte	-125
 226 00ca BE       		.byte	-66
 227 00cb 41       		.byte	65
 228 00cc BF       		.byte	-65
ARM GAS  C:\Users\CHUCK~1.ERH\AppData\Local\Temp\ccGZkLFL.s 			page 5


 229 00cd 04       		.byte	4
 230 00ce D4       		.byte	-44
 231 00cf 40       		.byte	64
 232 00d0 D8       		.byte	-40
 233 00d1 04       		.byte	4
 234 00d2 D9       		.byte	-39
 235 00d3 04       		.byte	4
 236 00d4 DB       		.byte	-37
 237 00d5 04       		.byte	4
 238 00d6 DF       		.byte	-33
 239 00d7 01       		.byte	1
 240 00d8 00       		.byte	0
 241 00d9 80       		.byte	-128
 242 00da 01       		.byte	1
 243 00db 09       		.byte	9
 244 00dc 05       		.byte	5
 245 00dd 18       		.byte	24
 246 00de 06       		.byte	6
 247 00df 40       		.byte	64
 248 00e0 07       		.byte	7
 249 00e1 01       		.byte	1
 250 00e2 0A       		.byte	10
 251 00e3 24       		.byte	36
 252 00e4 0B       		.byte	11
 253 00e5 40       		.byte	64
 254 00e6 0E       		.byte	14
 255 00e7 24       		.byte	36
 256 00e8 0F       		.byte	15
 257 00e9 40       		.byte	64
 258 00ea 10       		.byte	16
 259 00eb 80       		.byte	-128
 260 00ec 11       		.byte	17
 261 00ed 44       		.byte	68
 262 00ee 12       		.byte	18
 263 00ef 08       		.byte	8
 264 00f0 19       		.byte	25
 265 00f1 A8       		.byte	-88
 266 00f2 1A       		.byte	26
 267 00f3 54       		.byte	84
 268 00f4 1D       		.byte	29
 269 00f5 10       		.byte	16
 270 00f6 1E       		.byte	30
 271 00f7 20       		.byte	32
 272 00f8 1F       		.byte	31
 273 00f9 80       		.byte	-128
 274 00fa 20       		.byte	32
 275 00fb 10       		.byte	16
 276 00fc 22       		.byte	34
 277 00fd 42       		.byte	66
 278 00fe 23       		.byte	35
 279 00ff 40       		.byte	64
 280 0100 27       		.byte	39
 281 0101 80       		.byte	-128
 282 0102 29       		.byte	41
 283 0103 69       		.byte	105
 284 0104 30       		.byte	48
 285 0105 08       		.byte	8
ARM GAS  C:\Users\CHUCK~1.ERH\AppData\Local\Temp\ccGZkLFL.s 			page 6


 286 0106 32       		.byte	50
 287 0107 52       		.byte	82
 288 0108 35       		.byte	53
 289 0109 08       		.byte	8
 290 010a 37       		.byte	55
 291 010b 80       		.byte	-128
 292 010c 39       		.byte	57
 293 010d 45       		.byte	69
 294 010e 3E       		.byte	62
 295 010f 04       		.byte	4
 296 0110 3F       		.byte	63
 297 0111 40       		.byte	64
 298 0112 5E       		.byte	94
 299 0113 40       		.byte	64
 300 0114 5F       		.byte	95
 301 0115 26       		.byte	38
 302 0116 60       		.byte	96
 303 0117 10       		.byte	16
 304 0118 61       		.byte	97
 305 0119 20       		.byte	32
 306 011a 63       		.byte	99
 307 011b 01       		.byte	1
 308 011c 65       		.byte	101
 309 011d 80       		.byte	-128
 310 011e 69       		.byte	105
 311 011f 80       		.byte	-128
 312 0120 87       		.byte	-121
 313 0121 80       		.byte	-128
 314 0122 C0       		.byte	-64
 315 0123 FD       		.byte	-3
 316 0124 C2       		.byte	-62
 317 0125 7E       		.byte	126
 318 0126 C4       		.byte	-60
 319 0127 0F       		.byte	15
 320 0128 CA       		.byte	-54
 321 0129 0F       		.byte	15
 322 012a CC       		.byte	-52
 323 012b 5F       		.byte	95
 324 012c CE       		.byte	-50
 325 012d 5B       		.byte	91
 326 012e D6       		.byte	-42
 327 012f F0       		.byte	-16
 328 0130 D8       		.byte	-40
 329 0131 1E       		.byte	30
 330 0132 E0       		.byte	-32
 331 0133 02       		.byte	2
 332 0134 05       		.byte	5
 333 0135 0B       		.byte	11
 334 0136 07       		.byte	7
 335 0137 14       		.byte	20
 336 0138 09       		.byte	9
 337 0139 03       		.byte	3
 338 013a 0B       		.byte	11
 339 013b 1C       		.byte	28
 340 013c 0D       		.byte	13
 341 013d 09       		.byte	9
 342 013e 0F       		.byte	15
ARM GAS  C:\Users\CHUCK~1.ERH\AppData\Local\Temp\ccGZkLFL.s 			page 7


 343 013f 16       		.byte	22
 344 0140 11       		.byte	17
 345 0141 05       		.byte	5
 346 0142 13       		.byte	19
 347 0143 02       		.byte	2
 348 0144 15       		.byte	21
 349 0145 08       		.byte	8
 350 0146 17       		.byte	23
 351 0147 10       		.byte	16
 352 0148 35       		.byte	53
 353 0149 18       		.byte	24
 354 014a 37       		.byte	55
 355 014b 07       		.byte	7
 356 014c 3B       		.byte	59
 357 014d A0       		.byte	-96
 358 014e 59       		.byte	89
 359 014f 04       		.byte	4
 360 0150 5F       		.byte	95
 361 0151 01       		.byte	1
 362 0152 01       		.byte	1
 363 0153 65       		.byte	101
 364 0154 0A       		.byte	10
 365 0155 14       		.byte	20
 366 0156 0B       		.byte	11
 367 0157 01       		.byte	1
 368 0158 11       		.byte	17
 369 0159 10       		.byte	16
 370 015a 12       		.byte	18
 371 015b 62       		.byte	98
 372 015c 19       		.byte	25
 373 015d 20       		.byte	32
 374 015e 20       		.byte	32
 375 015f 44       		.byte	68
 376 0160 21       		.byte	33
 377 0161 10       		.byte	16
 378 0162 22       		.byte	34
 379 0163 08       		.byte	8
 380 0164 23       		.byte	35
 381 0165 02       		.byte	2
 382 0166 26       		.byte	38
 383 0167 20       		.byte	32
 384 0168 27       		.byte	39
 385 0169 09       		.byte	9
 386 016a 28       		.byte	40
 387 016b 08       		.byte	8
 388 016c 29       		.byte	41
 389 016d 49       		.byte	73
 390 016e 32       		.byte	50
 391 016f 1A       		.byte	26
 392 0170 33       		.byte	51
 393 0171 40       		.byte	64
 394 0172 37       		.byte	55
 395 0173 09       		.byte	9
 396 0174 39       		.byte	57
 397 0175 64       		.byte	100
 398 0176 3E       		.byte	62
 399 0177 14       		.byte	20
ARM GAS  C:\Users\CHUCK~1.ERH\AppData\Local\Temp\ccGZkLFL.s 			page 8


 400 0178 3F       		.byte	63
 401 0179 40       		.byte	64
 402 017a 40       		.byte	64
 403 017b 4A       		.byte	74
 404 017c 42       		.byte	66
 405 017d 14       		.byte	20
 406 017e 48       		.byte	72
 407 017f 40       		.byte	64
 408 0180 49       		.byte	73
 409 0181 01       		.byte	1
 410 0182 4A       		.byte	74
 411 0183 02       		.byte	2
 412 0184 4B       		.byte	75
 413 0185 04       		.byte	4
 414 0186 50       		.byte	80
 415 0187 08       		.byte	8
 416 0188 51       		.byte	81
 417 0189 20       		.byte	32
 418 018a 52       		.byte	82
 419 018b 40       		.byte	64
 420 018c 60       		.byte	96
 421 018d 04       		.byte	4
 422 018e 69       		.byte	105
 423 018f 55       		.byte	85
 424 0190 6A       		.byte	106
 425 0191 20       		.byte	32
 426 0192 6B       		.byte	107
 427 0193 40       		.byte	64
 428 0194 70       		.byte	112
 429 0195 80       		.byte	-128
 430 0196 71       		.byte	113
 431 0197 40       		.byte	64
 432 0198 73       		.byte	115
 433 0199 01       		.byte	1
 434 019a 87       		.byte	-121
 435 019b 80       		.byte	-128
 436 019c 8D       		.byte	-115
 437 019d 40       		.byte	64
 438 019e 91       		.byte	-111
 439 019f 80       		.byte	-128
 440 01a0 92       		.byte	-110
 441 01a1 14       		.byte	20
 442 01a2 93       		.byte	-109
 443 01a3 40       		.byte	64
 444 01a4 95       		.byte	-107
 445 01a5 45       		.byte	69
 446 01a6 96       		.byte	-106
 447 01a7 20       		.byte	32
 448 01a8 97       		.byte	-105
 449 01a9 04       		.byte	4
 450 01aa 99       		.byte	-103
 451 01ab 08       		.byte	8
 452 01ac 9D       		.byte	-99
 453 01ad 41       		.byte	65
 454 01ae 9E       		.byte	-98
 455 01af 40       		.byte	64
 456 01b0 9F       		.byte	-97
ARM GAS  C:\Users\CHUCK~1.ERH\AppData\Local\Temp\ccGZkLFL.s 			page 9


 457 01b1 03       		.byte	3
 458 01b2 A2       		.byte	-94
 459 01b3 02       		.byte	2
 460 01b4 A3       		.byte	-93
 461 01b5 80       		.byte	-128
 462 01b6 A4       		.byte	-92
 463 01b7 C8       		.byte	-56
 464 01b8 A5       		.byte	-91
 465 01b9 20       		.byte	32
 466 01ba A6       		.byte	-90
 467 01bb 08       		.byte	8
 468 01bc A8       		.byte	-88
 469 01bd 08       		.byte	8
 470 01be AB       		.byte	-85
 471 01bf 01       		.byte	1
 472 01c0 AC       		.byte	-84
 473 01c1 40       		.byte	64
 474 01c2 AF       		.byte	-81
 475 01c3 20       		.byte	32
 476 01c4 C0       		.byte	-64
 477 01c5 0F       		.byte	15
 478 01c6 C2       		.byte	-62
 479 01c7 07       		.byte	7
 480 01c8 C4       		.byte	-60
 481 01c9 0F       		.byte	15
 482 01ca CA       		.byte	-54
 483 01cb 0F       		.byte	15
 484 01cc CC       		.byte	-52
 485 01cd CF       		.byte	-49
 486 01ce CE       		.byte	-50
 487 01cf 7E       		.byte	126
 488 01d0 D0       		.byte	-48
 489 01d1 0F       		.byte	15
 490 01d2 D2       		.byte	-46
 491 01d3 08       		.byte	8
 492 01d4 D8       		.byte	-40
 493 01d5 04       		.byte	4
 494 01d6 E4       		.byte	-28
 495 01d7 08       		.byte	8
 496 01d8 A8       		.byte	-88
 497 01d9 02       		.byte	2
 498 01da EE       		.byte	-18
 499 01db 01       		.byte	1
 500 01dc 5F       		.byte	95
 501 01dd 01       		.byte	1
 502 01de 61       		.byte	97
 503 01df 02       		.byte	2
 504 01e0 63       		.byte	99
 505 01e1 02       		.byte	2
 506 01e2 65       		.byte	101
 507 01e3 20       		.byte	32
 508 01e4 D6       		.byte	-42
 509 01e5 03       		.byte	3
 510 01e6 D8       		.byte	-40
 511 01e7 03       		.byte	3
 512 01e8 97       		.byte	-105
 513 01e9 01       		.byte	1
ARM GAS  C:\Users\CHUCK~1.ERH\AppData\Local\Temp\ccGZkLFL.s 			page 10


 514 01ea 9D       		.byte	-99
 515 01eb 20       		.byte	32
 516 01ec A5       		.byte	-91
 517 01ed 02       		.byte	2
 518 01ee A7       		.byte	-89
 519 01ef 01       		.byte	1
 520 01f0 97       		.byte	-105
 521 01f1 01       		.byte	1
 522 01f2 9D       		.byte	-99
 523 01f3 20       		.byte	32
 524 01f4 A5       		.byte	-91
 525 01f5 02       		.byte	2
 526 01f6 A7       		.byte	-89
 527 01f7 01       		.byte	1
 528 01f8 85       		.byte	-123
 529 01f9 02       		.byte	2
 530 01fa 86       		.byte	-122
 531 01fb 80       		.byte	-128
 532 01fc 97       		.byte	-105
 533 01fd 01       		.byte	1
 534 01fe 9D       		.byte	-99
 535 01ff 20       		.byte	32
 536 0200 A5       		.byte	-91
 537 0201 02       		.byte	2
 538 0202 A7       		.byte	-89
 539 0203 01       		.byte	1
 540 0204 01       		.byte	1
 541 0205 20       		.byte	32
 542 0206 66       		.byte	102
 543 0207 80       		.byte	-128
 544 0208 87       		.byte	-121
 545 0209 01       		.byte	1
 546 020a 8D       		.byte	-115
 547 020b 10       		.byte	16
 548 020c 8F       		.byte	-113
 549 020d 01       		.byte	1
 550 020e 97       		.byte	-105
 551 020f 01       		.byte	1
 552 0210 9A       		.byte	-102
 553 0211 80       		.byte	-128
 554 0212 9D       		.byte	-99
 555 0213 20       		.byte	32
 556 0214 A7       		.byte	-89
 557 0215 01       		.byte	1
 558 0216 C0       		.byte	-64
 559 0217 02       		.byte	2
 560 0218 D6       		.byte	-42
 561 0219 01       		.byte	1
 562 021a E4       		.byte	-28
 563 021b 08       		.byte	8
 564 021c 55       		.byte	85
 565 021d 10       		.byte	16
 566 021e 57       		.byte	87
 567 021f 01       		.byte	1
 568 0220 A1       		.byte	-95
 569 0221 10       		.byte	16
 570 0222 A3       		.byte	-93
ARM GAS  C:\Users\CHUCK~1.ERH\AppData\Local\Temp\ccGZkLFL.s 			page 11


 571 0223 01       		.byte	1
 572 0224 A9       		.byte	-87
 573 0225 20       		.byte	32
 574 0226 D4       		.byte	-44
 575 0227 02       		.byte	2
 576 0228 D6       		.byte	-42
 577 0229 04       		.byte	4
 578 022a 00       		.byte	0
 579 022b 01       		.byte	1
 580 022c 0C       		.byte	12
 581 022d 01       		.byte	1
 582 022e 10       		.byte	16
 583 022f 01       		.byte	1
 584 0230 1C       		.byte	28
 585 0231 01       		.byte	1
 586 0232 00       		.byte	0
 587 0233 00       		.byte	0
 588 0234 05       		.byte	5
 589 0235 00       		.byte	0
 590 0236 00       		.byte	0
 591 0237 00       		.byte	0
 592 0238 05       		.byte	5
 593 0239 44       		.byte	68
 594 023a 00       		.byte	0
 595 023b 10       		.byte	16
 596 023c D4       		.byte	-44
 597 023d 02       		.byte	2
 598 023e 20       		.byte	32
 599 023f 0D       		.byte	13
 600 0240 00       		.byte	0
 601 0241 10       		.byte	16
 602 0242 05       		.byte	5
 603 0243 44       		.byte	68
 604 0244 00       		.byte	0
 605 0245 05       		.byte	5
 606 0246 00       		.byte	0
 607 0247 3A       		.byte	58
 608 0248 07       		.byte	7
 609 0249 10       		.byte	16
 610 024a 08       		.byte	8
 611 024b 24       		.byte	36
 612 024c 18       		.byte	24
 613 024d 54       		.byte	84
 614 024e 21       		.byte	33
 615 024f 00       		.byte	0
 616 0250 05       		.byte	5
 617 0251 54       		.byte	84
 618 0252 00       		.byte	0
 619 0253 00       		.byte	0
 620 0254 80       		.byte	-128
 621 0255 00       		.byte	0
 622 0256 20       		.byte	32
 623 0257 10       		.byte	16
 624 0258 00       		.byte	0
 625 0259 17       		.byte	23
 626 025a 05       		.byte	5
 627 025b 28       		.byte	40
ARM GAS  C:\Users\CHUCK~1.ERH\AppData\Local\Temp\ccGZkLFL.s 			page 12


 628 025c 05       		.byte	5
 629 025d 23       		.byte	35
 630 025e 00       		.byte	0
 631 025f 10       		.byte	16
 632 0260 28       		.byte	40
 633 0261 54       		.byte	84
 634 0262 42       		.byte	66
 635 0263 00       		.byte	0
 636 0264 00       		.byte	0
 637 0265 40       		.byte	64
 638 0266 00       		.byte	0
 639 0267 30       		.byte	48
 640 0268 FF       		.byte	-1
 641 0269 0F       		.byte	15
 642 026a 00       		.byte	0
 643 026b 40       		.byte	64
 644 026c 00       		.byte	0
 645 026d 00       		.byte	0
 646 026e 30       		.byte	48
 647 026f 28       		.byte	40
 648 0270 00       		.byte	0
 649 0271 00       		.byte	0
 650 0272 00       		.byte	0
 651 0273 40       		.byte	64
 652 0274 25       		.byte	37
 653 0275 03       		.byte	3
 654 0276 40       		.byte	64
 655 0277 00       		.byte	0
 656 0278 01       		.byte	1
 657 0279 CE       		.byte	-50
 658 027a FB       		.byte	-5
 659 027b 0D       		.byte	13
 660 027c 1F       		.byte	31
 661 027d FF       		.byte	-1
 662 027e FF       		.byte	-1
 663 027f FF       		.byte	-1
 664 0280 22       		.byte	34
 665 0281 00       		.byte	0
 666 0282 F0       		.byte	-16
 667 0283 0C       		.byte	12
 668 0284 04       		.byte	4
 669 0285 00       		.byte	0
 670 0286 00       		.byte	0
 671 0287 00       		.byte	0
 672 0288 00       		.byte	0
 673 0289 00       		.byte	0
 674 028a 02       		.byte	2
 675 028b 24       		.byte	36
 676 028c 04       		.byte	4
 677 028d 04       		.byte	4
 678 028e 04       		.byte	4
 679 028f 04       		.byte	4
 680 0290 00       		.byte	0
 681 0291 00       		.byte	0
 682 0292 00       		.byte	0
 683 0293 01       		.byte	1
 684 0294 00       		.byte	0
ARM GAS  C:\Users\CHUCK~1.ERH\AppData\Local\Temp\ccGZkLFL.s 			page 13


 685 0295 00       		.byte	0
 686 0296 C0       		.byte	-64
 687 0297 00       		.byte	0
 688 0298 40       		.byte	64
 689 0299 01       		.byte	1
 690 029a 10       		.byte	16
 691 029b 11       		.byte	17
 692 029c C0       		.byte	-64
 693 029d 01       		.byte	1
 694 029e 00       		.byte	0
 695 029f 11       		.byte	17
 696 02a0 40       		.byte	64
 697 02a1 01       		.byte	1
 698 02a2 40       		.byte	64
 699 02a3 01       		.byte	1
 700 02a4 00       		.byte	0
 701 02a5 00       		.byte	0
 702 02a6 00       		.byte	0
 703 02a7 00       		.byte	0
 704 02a8 00       		.byte	0
 705 02a9 00       		.byte	0
 706 02aa 00       		.byte	0
 707 02ab 00       		.byte	0
 708 02ac 00       		.byte	0
 709 02ad 00       		.byte	0
 710 02ae 00       		.byte	0
 711 02af 00       		.byte	0
 712 02b0 00       		.byte	0
 713 02b1 00       		.byte	0
 714 02b2 00       		.byte	0
 715 02b3 00       		.byte	0
 716 02b4 00       		.byte	0
 717 02b5 10       		.byte	16
 718 02b6 10       		.byte	16
 719 02b7 00       		.byte	0
 720 02b8 00       		.byte	0
 721 02b9 00       		.byte	0
 722 02ba 00       		.byte	0
 723 02bb 00       		.byte	0
 724 02bc 00       		.byte	0
 725 02bd 30       		.byte	48
 726 02be 30       		.byte	48
 727 02bf 00       		.byte	0
 728 02c0 00       		.byte	0
 729 02c1 00       		.byte	0
 730 02c2 00       		.byte	0
 731 02c3 00       		.byte	0
 732 02c4 04       		.byte	4
 733 02c5 10       		.byte	16
 734 02c6 10       		.byte	16
 735 02c7 00       		.byte	0
 736 02c8 10       		.byte	16
 737 02c9 00       		.byte	0
 738 02ca 00       		.byte	0
 739 02cb 00       		.byte	0
 740 02cc 00       		.byte	0
 741 02cd 01       		.byte	1
ARM GAS  C:\Users\CHUCK~1.ERH\AppData\Local\Temp\ccGZkLFL.s 			page 14


 742 02ce 01       		.byte	1
 743 02cf 00       		.byte	0
 744 02d0 00       		.byte	0
 745 02d1 00       		.byte	0
 746 02d2 00       		.byte	0
 747 02d3 00       		.byte	0
 748 02d4 04       		.byte	4
 749 02d5 00       		.byte	0
 750 02d6 00       		.byte	0
 751 02d7 0C       		.byte	12
 752 02d8 0C       		.byte	12
 753 02d9 00       		.byte	0
 754 02da 0C       		.byte	12
 755 02db 00       		.byte	0
 756 02dc 00       		.byte	0
 757 02dd 00       		.byte	0
 758 02de 00       		.byte	0
 759 02df 00       		.byte	0
 760 02e0 F0       		.byte	-16
 761 02e1 00       		.byte	0
 762 02e2 00       		.byte	0
 763 02e3 F0       		.byte	-16
 764 02e4 F0       		.byte	-16
 765 02e5 00       		.byte	0
 766 02e6 F0       		.byte	-16
 767 02e7 00       		.byte	0
 768 02e8 00       		.byte	0
 769 02e9 00       		.byte	0
 770 02ea 00       		.byte	0
 771 02eb 00       		.byte	0
 772              		.global	cy_meta_custnvl
 773              		.section	.cycustnvl,"a",%progbits
 774              		.align	2
 775              		.type	cy_meta_custnvl, %object
 776              		.size	cy_meta_custnvl, 4
 777              	cy_meta_custnvl:
 778 0000 00       		.byte	0
 779 0001 00       		.byte	0
 780 0002 40       		.byte	64
 781 0003 05       		.byte	5
 782              		.global	cy_meta_wonvl
 783              		.section	.cywolatch,"a",%progbits
 784              		.align	2
 785              		.type	cy_meta_wonvl, %object
 786              		.size	cy_meta_wonvl, 4
 787              	cy_meta_wonvl:
 788 0000 BC       		.byte	-68
 789 0001 90       		.byte	-112
 790 0002 AC       		.byte	-84
 791 0003 AF       		.byte	-81
 792              		.global	cy_meta_flashprotect
 793              		.section	.cyflashprotect,"a",%progbits
 794              		.align	2
 795              		.type	cy_meta_flashprotect, %object
 796              		.size	cy_meta_flashprotect, 256
 797              	cy_meta_flashprotect:
 798 0000 00000000 		.space	256
ARM GAS  C:\Users\CHUCK~1.ERH\AppData\Local\Temp\ccGZkLFL.s 			page 15


 798      00000000 
 798      00000000 
 798      00000000 
 798      00000000 
 799              		.global	cy_metadata
 800              		.section	.cymeta,"a",%progbits
 801              		.align	2
 802              		.type	cy_metadata, %object
 803              		.size	cy_metadata, 12
 804              	cy_metadata:
 805 0000 00       		.byte	0
 806 0001 01       		.byte	1
 807 0002 2E       		.byte	46
 808 0003 12       		.byte	18
 809 0004 30       		.byte	48
 810 0005 69       		.byte	105
 811 0006 00       		.byte	0
 812 0007 01       		.byte	1
 813 0008 00       		.byte	0
 814 0009 00       		.byte	0
 815 000a 00       		.byte	0
 816 000b 00       		.byte	0
 817              		.text
 818              	.Letext0:
 819              		.file 1 ".\\Generated_Source\\PSoC5\\cymetadata.c"
 820              		.file 2 ".\\Generated_Source\\PSoC5\\cytypes.h"
 821              		.section	.debug_info,"",%progbits
 822              	.Ldebug_info0:
 823 0000 3B010000 		.4byte	0x13b
 824 0004 0200     		.2byte	0x2
 825 0006 00000000 		.4byte	.Ldebug_abbrev0
 826 000a 04       		.byte	0x4
 827 000b 01       		.uleb128 0x1
 828 000c 6B010000 		.4byte	.LASF18
 829 0010 01       		.byte	0x1
 830 0011 00000000 		.4byte	.LASF19
 831 0015 F2000000 		.4byte	.LASF20
 832 0019 00000000 		.4byte	.Ldebug_line0
 833 001d 02       		.uleb128 0x2
 834 001e 01       		.byte	0x1
 835 001f 06       		.byte	0x6
 836 0020 BD010000 		.4byte	.LASF0
 837 0024 02       		.uleb128 0x2
 838 0025 01       		.byte	0x1
 839 0026 08       		.byte	0x8
 840 0027 38000000 		.4byte	.LASF1
 841 002b 02       		.uleb128 0x2
 842 002c 02       		.byte	0x2
 843 002d 05       		.byte	0x5
 844 002e 5B010000 		.4byte	.LASF2
 845 0032 02       		.uleb128 0x2
 846 0033 02       		.byte	0x2
 847 0034 07       		.byte	0x7
 848 0035 58000000 		.4byte	.LASF3
 849 0039 02       		.uleb128 0x2
 850 003a 04       		.byte	0x4
 851 003b 05       		.byte	0x5
ARM GAS  C:\Users\CHUCK~1.ERH\AppData\Local\Temp\ccGZkLFL.s 			page 16


 852 003c B4010000 		.4byte	.LASF4
 853 0040 02       		.uleb128 0x2
 854 0041 04       		.byte	0x4
 855 0042 07       		.byte	0x7
 856 0043 46000000 		.4byte	.LASF5
 857 0047 02       		.uleb128 0x2
 858 0048 08       		.byte	0x8
 859 0049 05       		.byte	0x5
 860 004a E4000000 		.4byte	.LASF6
 861 004e 02       		.uleb128 0x2
 862 004f 08       		.byte	0x8
 863 0050 07       		.byte	0x7
 864 0051 A1000000 		.4byte	.LASF7
 865 0055 03       		.uleb128 0x3
 866 0056 04       		.byte	0x4
 867 0057 05       		.byte	0x5
 868 0058 696E7400 		.ascii	"int\000"
 869 005c 02       		.uleb128 0x2
 870 005d 04       		.byte	0x4
 871 005e 07       		.byte	0x7
 872 005f 94000000 		.4byte	.LASF8
 873 0063 04       		.uleb128 0x4
 874 0064 65010000 		.4byte	.LASF21
 875 0068 02       		.byte	0x2
 876 0069 5B       		.byte	0x5b
 877 006a 24000000 		.4byte	0x24
 878 006e 02       		.uleb128 0x2
 879 006f 04       		.byte	0x4
 880 0070 04       		.byte	0x4
 881 0071 32000000 		.4byte	.LASF9
 882 0075 02       		.uleb128 0x2
 883 0076 08       		.byte	0x8
 884 0077 04       		.byte	0x4
 885 0078 6B000000 		.4byte	.LASF10
 886 007c 02       		.uleb128 0x2
 887 007d 01       		.byte	0x1
 888 007e 08       		.byte	0x8
 889 007f 56010000 		.4byte	.LASF11
 890 0083 05       		.uleb128 0x5
 891 0084 63000000 		.4byte	0x63
 892 0088 94000000 		.4byte	0x94
 893 008c 06       		.uleb128 0x6
 894 008d 94000000 		.4byte	0x94
 895 0091 EB02     		.2byte	0x2eb
 896 0093 00       		.byte	0
 897 0094 02       		.uleb128 0x2
 898 0095 04       		.byte	0x4
 899 0096 07       		.byte	0x7
 900 0097 DB000000 		.4byte	.LASF12
 901 009b 07       		.uleb128 0x7
 902 009c 82000000 		.4byte	.LASF13
 903 00a0 01       		.byte	0x1
 904 00a1 1C       		.byte	0x1c
 905 00a2 AD000000 		.4byte	0xad
 906 00a6 01       		.byte	0x1
 907 00a7 05       		.byte	0x5
 908 00a8 03       		.byte	0x3
ARM GAS  C:\Users\CHUCK~1.ERH\AppData\Local\Temp\ccGZkLFL.s 			page 17


 909 00a9 00000000 		.4byte	cy_meta_configecc
 910 00ad 08       		.uleb128 0x8
 911 00ae 83000000 		.4byte	0x83
 912 00b2 05       		.uleb128 0x5
 913 00b3 63000000 		.4byte	0x63
 914 00b7 C2000000 		.4byte	0xc2
 915 00bb 09       		.uleb128 0x9
 916 00bc 94000000 		.4byte	0x94
 917 00c0 03       		.byte	0x3
 918 00c1 00       		.byte	0
 919 00c2 07       		.uleb128 0x7
 920 00c3 72000000 		.4byte	.LASF14
 921 00c7 01       		.byte	0x1
 922 00c8 84       		.byte	0x84
 923 00c9 D4000000 		.4byte	0xd4
 924 00cd 01       		.byte	0x1
 925 00ce 05       		.byte	0x5
 926 00cf 03       		.byte	0x3
 927 00d0 00000000 		.4byte	cy_meta_custnvl
 928 00d4 08       		.uleb128 0x8
 929 00d5 B2000000 		.4byte	0xb2
 930 00d9 07       		.uleb128 0x7
 931 00da CD000000 		.4byte	.LASF15
 932 00de 01       		.byte	0x1
 933 00df 8F       		.byte	0x8f
 934 00e0 EB000000 		.4byte	0xeb
 935 00e4 01       		.byte	0x1
 936 00e5 05       		.byte	0x5
 937 00e6 03       		.byte	0x3
 938 00e7 00000000 		.4byte	cy_meta_wonvl
 939 00eb 08       		.uleb128 0x8
 940 00ec B2000000 		.4byte	0xb2
 941 00f0 05       		.uleb128 0x5
 942 00f1 63000000 		.4byte	0x63
 943 00f5 00010000 		.4byte	0x100
 944 00f9 09       		.uleb128 0x9
 945 00fa 94000000 		.4byte	0x94
 946 00fe FF       		.byte	0xff
 947 00ff 00       		.byte	0
 948 0100 07       		.uleb128 0x7
 949 0101 B8000000 		.4byte	.LASF16
 950 0105 01       		.byte	0x1
 951 0106 9A       		.byte	0x9a
 952 0107 12010000 		.4byte	0x112
 953 010b 01       		.byte	0x1
 954 010c 05       		.byte	0x5
 955 010d 03       		.byte	0x3
 956 010e 00000000 		.4byte	cy_meta_flashprotect
 957 0112 08       		.uleb128 0x8
 958 0113 F0000000 		.4byte	0xf0
 959 0117 05       		.uleb128 0x5
 960 0118 63000000 		.4byte	0x63
 961 011c 27010000 		.4byte	0x127
 962 0120 09       		.uleb128 0x9
 963 0121 94000000 		.4byte	0x94
 964 0125 0B       		.byte	0xb
 965 0126 00       		.byte	0
ARM GAS  C:\Users\CHUCK~1.ERH\AppData\Local\Temp\ccGZkLFL.s 			page 18


 966 0127 07       		.uleb128 0x7
 967 0128 26000000 		.4byte	.LASF17
 968 012c 01       		.byte	0x1
 969 012d C4       		.byte	0xc4
 970 012e 39010000 		.4byte	0x139
 971 0132 01       		.byte	0x1
 972 0133 05       		.byte	0x5
 973 0134 03       		.byte	0x3
 974 0135 00000000 		.4byte	cy_metadata
 975 0139 08       		.uleb128 0x8
 976 013a 17010000 		.4byte	0x117
 977 013e 00       		.byte	0
 978              		.section	.debug_abbrev,"",%progbits
 979              	.Ldebug_abbrev0:
 980 0000 01       		.uleb128 0x1
 981 0001 11       		.uleb128 0x11
 982 0002 01       		.byte	0x1
 983 0003 25       		.uleb128 0x25
 984 0004 0E       		.uleb128 0xe
 985 0005 13       		.uleb128 0x13
 986 0006 0B       		.uleb128 0xb
 987 0007 03       		.uleb128 0x3
 988 0008 0E       		.uleb128 0xe
 989 0009 1B       		.uleb128 0x1b
 990 000a 0E       		.uleb128 0xe
 991 000b 10       		.uleb128 0x10
 992 000c 06       		.uleb128 0x6
 993 000d 00       		.byte	0
 994 000e 00       		.byte	0
 995 000f 02       		.uleb128 0x2
 996 0010 24       		.uleb128 0x24
 997 0011 00       		.byte	0
 998 0012 0B       		.uleb128 0xb
 999 0013 0B       		.uleb128 0xb
 1000 0014 3E       		.uleb128 0x3e
 1001 0015 0B       		.uleb128 0xb
 1002 0016 03       		.uleb128 0x3
 1003 0017 0E       		.uleb128 0xe
 1004 0018 00       		.byte	0
 1005 0019 00       		.byte	0
 1006 001a 03       		.uleb128 0x3
 1007 001b 24       		.uleb128 0x24
 1008 001c 00       		.byte	0
 1009 001d 0B       		.uleb128 0xb
 1010 001e 0B       		.uleb128 0xb
 1011 001f 3E       		.uleb128 0x3e
 1012 0020 0B       		.uleb128 0xb
 1013 0021 03       		.uleb128 0x3
 1014 0022 08       		.uleb128 0x8
 1015 0023 00       		.byte	0
 1016 0024 00       		.byte	0
 1017 0025 04       		.uleb128 0x4
 1018 0026 16       		.uleb128 0x16
 1019 0027 00       		.byte	0
 1020 0028 03       		.uleb128 0x3
 1021 0029 0E       		.uleb128 0xe
 1022 002a 3A       		.uleb128 0x3a
ARM GAS  C:\Users\CHUCK~1.ERH\AppData\Local\Temp\ccGZkLFL.s 			page 19


 1023 002b 0B       		.uleb128 0xb
 1024 002c 3B       		.uleb128 0x3b
 1025 002d 0B       		.uleb128 0xb
 1026 002e 49       		.uleb128 0x49
 1027 002f 13       		.uleb128 0x13
 1028 0030 00       		.byte	0
 1029 0031 00       		.byte	0
 1030 0032 05       		.uleb128 0x5
 1031 0033 01       		.uleb128 0x1
 1032 0034 01       		.byte	0x1
 1033 0035 49       		.uleb128 0x49
 1034 0036 13       		.uleb128 0x13
 1035 0037 01       		.uleb128 0x1
 1036 0038 13       		.uleb128 0x13
 1037 0039 00       		.byte	0
 1038 003a 00       		.byte	0
 1039 003b 06       		.uleb128 0x6
 1040 003c 21       		.uleb128 0x21
 1041 003d 00       		.byte	0
 1042 003e 49       		.uleb128 0x49
 1043 003f 13       		.uleb128 0x13
 1044 0040 2F       		.uleb128 0x2f
 1045 0041 05       		.uleb128 0x5
 1046 0042 00       		.byte	0
 1047 0043 00       		.byte	0
 1048 0044 07       		.uleb128 0x7
 1049 0045 34       		.uleb128 0x34
 1050 0046 00       		.byte	0
 1051 0047 03       		.uleb128 0x3
 1052 0048 0E       		.uleb128 0xe
 1053 0049 3A       		.uleb128 0x3a
 1054 004a 0B       		.uleb128 0xb
 1055 004b 3B       		.uleb128 0x3b
 1056 004c 0B       		.uleb128 0xb
 1057 004d 49       		.uleb128 0x49
 1058 004e 13       		.uleb128 0x13
 1059 004f 3F       		.uleb128 0x3f
 1060 0050 0C       		.uleb128 0xc
 1061 0051 02       		.uleb128 0x2
 1062 0052 0A       		.uleb128 0xa
 1063 0053 00       		.byte	0
 1064 0054 00       		.byte	0
 1065 0055 08       		.uleb128 0x8
 1066 0056 26       		.uleb128 0x26
 1067 0057 00       		.byte	0
 1068 0058 49       		.uleb128 0x49
 1069 0059 13       		.uleb128 0x13
 1070 005a 00       		.byte	0
 1071 005b 00       		.byte	0
 1072 005c 09       		.uleb128 0x9
 1073 005d 21       		.uleb128 0x21
 1074 005e 00       		.byte	0
 1075 005f 49       		.uleb128 0x49
 1076 0060 13       		.uleb128 0x13
 1077 0061 2F       		.uleb128 0x2f
 1078 0062 0B       		.uleb128 0xb
 1079 0063 00       		.byte	0
ARM GAS  C:\Users\CHUCK~1.ERH\AppData\Local\Temp\ccGZkLFL.s 			page 20


 1080 0064 00       		.byte	0
 1081 0065 00       		.byte	0
 1082              		.section	.debug_aranges,"",%progbits
 1083 0000 14000000 		.4byte	0x14
 1084 0004 0200     		.2byte	0x2
 1085 0006 00000000 		.4byte	.Ldebug_info0
 1086 000a 04       		.byte	0x4
 1087 000b 00       		.byte	0
 1088 000c 0000     		.2byte	0
 1089 000e 0000     		.2byte	0
 1090 0010 00000000 		.4byte	0
 1091 0014 00000000 		.4byte	0
 1092              		.section	.debug_line,"",%progbits
 1093              	.Ldebug_line0:
 1094 0000 4F000000 		.section	.debug_str,"MS",%progbits,1
 1094      02004900 
 1094      00000201 
 1094      FB0E0D00 
 1094      01010101 
 1095              	.LASF19:
 1096 0000 2E5C4765 		.ascii	".\\Generated_Source\\PSoC5\\cymetadata.c\000"
 1096      6E657261 
 1096      7465645F 
 1096      536F7572 
 1096      63655C50 
 1097              	.LASF17:
 1098 0026 63795F6D 		.ascii	"cy_metadata\000"
 1098      65746164 
 1098      61746100 
 1099              	.LASF9:
 1100 0032 666C6F61 		.ascii	"float\000"
 1100      7400
 1101              	.LASF1:
 1102 0038 756E7369 		.ascii	"unsigned char\000"
 1102      676E6564 
 1102      20636861 
 1102      7200
 1103              	.LASF5:
 1104 0046 6C6F6E67 		.ascii	"long unsigned int\000"
 1104      20756E73 
 1104      69676E65 
 1104      6420696E 
 1104      7400
 1105              	.LASF3:
 1106 0058 73686F72 		.ascii	"short unsigned int\000"
 1106      7420756E 
 1106      7369676E 
 1106      65642069 
 1106      6E7400
 1107              	.LASF10:
 1108 006b 646F7562 		.ascii	"double\000"
 1108      6C6500
 1109              	.LASF14:
 1110 0072 63795F6D 		.ascii	"cy_meta_custnvl\000"
 1110      6574615F 
 1110      63757374 
 1110      6E766C00 
ARM GAS  C:\Users\CHUCK~1.ERH\AppData\Local\Temp\ccGZkLFL.s 			page 21


 1111              	.LASF13:
 1112 0082 63795F6D 		.ascii	"cy_meta_configecc\000"
 1112      6574615F 
 1112      636F6E66 
 1112      69676563 
 1112      6300
 1113              	.LASF8:
 1114 0094 756E7369 		.ascii	"unsigned int\000"
 1114      676E6564 
 1114      20696E74 
 1114      00
 1115              	.LASF7:
 1116 00a1 6C6F6E67 		.ascii	"long long unsigned int\000"
 1116      206C6F6E 
 1116      6720756E 
 1116      7369676E 
 1116      65642069 
 1117              	.LASF16:
 1118 00b8 63795F6D 		.ascii	"cy_meta_flashprotect\000"
 1118      6574615F 
 1118      666C6173 
 1118      6870726F 
 1118      74656374 
 1119              	.LASF15:
 1120 00cd 63795F6D 		.ascii	"cy_meta_wonvl\000"
 1120      6574615F 
 1120      776F6E76 
 1120      6C00
 1121              	.LASF12:
 1122 00db 73697A65 		.ascii	"sizetype\000"
 1122      74797065 
 1122      00
 1123              	.LASF6:
 1124 00e4 6C6F6E67 		.ascii	"long long int\000"
 1124      206C6F6E 
 1124      6720696E 
 1124      7400
 1125              	.LASF20:
 1126 00f2 433A5C55 		.ascii	"C:\\Users\\chuck.erhardt\\Documents\\GitHub\\PSoC-W"
 1126      73657273 
 1126      5C636875 
 1126      636B2E65 
 1126      72686172 
 1127 0120 35313030 		.ascii	"5100-Driver\\FreeSoC Explorer - W5500 ioShield-A.cy"
 1127      2D447269 
 1127      7665725C 
 1127      46726565 
 1127      536F4320 
 1128 0152 64736E00 		.ascii	"dsn\000"
 1129              	.LASF11:
 1130 0156 63686172 		.ascii	"char\000"
 1130      00
 1131              	.LASF2:
 1132 015b 73686F72 		.ascii	"short int\000"
 1132      7420696E 
 1132      7400
 1133              	.LASF21:
ARM GAS  C:\Users\CHUCK~1.ERH\AppData\Local\Temp\ccGZkLFL.s 			page 22


 1134 0165 75696E74 		.ascii	"uint8\000"
 1134      3800
 1135              	.LASF18:
 1136 016b 474E5520 		.ascii	"GNU C 4.7.3 20130312 (release) [ARM/embedded-4_7-br"
 1136      4320342E 
 1136      372E3320 
 1136      32303133 
 1136      30333132 
 1137 019e 616E6368 		.ascii	"anch revision 196615]\000"
 1137      20726576 
 1137      6973696F 
 1137      6E203139 
 1137      36363135 
 1138              	.LASF4:
 1139 01b4 6C6F6E67 		.ascii	"long int\000"
 1139      20696E74 
 1139      00
 1140              	.LASF0:
 1141 01bd 7369676E 		.ascii	"signed char\000"
 1141      65642063 
 1141      68617200 
 1142              		.ident	"GCC: (GNU Tools for ARM Embedded Processors) 4.7.3 20130312 (release) [ARM/embedded-4_7-br
