--------------- Clean Started: 09/18/2014 10:59:14 Project: FreeSoC Explorer - W5500 ioShield-A, Configuration: ARM GCC 4.7.3 Debug ---------------
Deleting file ".\CortexM3\ARM_GCC_473\Debug\main.o"
Deleting file ".\CortexM3\ARM_GCC_473\Debug\cyfitter_cfg.o"
Deleting file ".\CortexM3\ARM_GCC_473\Debug\cymetadata.o"
Deleting file ".\CortexM3\ARM_GCC_473\Debug\ETH.o"
Deleting file ".\CortexM3\ARM_GCC_473\Debug\SPI.o"
Deleting file ".\CortexM3\ARM_GCC_473\Debug\SPI_PM.o"
Deleting file ".\CortexM3\ARM_GCC_473\Debug\SPI_INT.o"
Deleting file ".\CortexM3\ARM_GCC_473\Debug\SDC_CSN.o"
Deleting file ".\CortexM3\ARM_GCC_473\Debug\LED.o"
Deleting file ".\CortexM3\ARM_GCC_473\Debug\SPI_IntClock.o"
Deleting file ".\CortexM3\ARM_GCC_473\Debug\Cm3Start.o"
Deleting file ".\CortexM3\ARM_GCC_473\Debug\CyBootAsmGnu.o"
Deleting file ".\CortexM3\ARM_GCC_473\Debug\CyDmac.o"
Deleting file ".\CortexM3\ARM_GCC_473\Debug\CyFlash.o"
Deleting file ".\CortexM3\ARM_GCC_473\Debug\CyLib.o"
Deleting file ".\CortexM3\ARM_GCC_473\Debug\cyPm.o"
Deleting file ".\CortexM3\ARM_GCC_473\Debug\CySpc.o"
Deleting file ".\CortexM3\ARM_GCC_473\Debug\cyutils.o"
Deleting file ".\CortexM3\ARM_GCC_473\Debug\CSN.o"
Deleting file ".\CortexM3\ARM_GCC_473\Debug\SWTP.o"
Deleting file ".\CortexM3\ARM_GCC_473\Debug\FreeSoC Explorer - W5500 ioShield-A.hex"
Deleting file ".\CortexM3\ARM_GCC_473\Debug\FreeSoC Explorer - W5500 ioShield-A.elf"
Deleting file ".\CortexM3\ARM_GCC_473\Debug\FreeSoC Explorer - W5500 ioShield-A.map"
Deleting file ".\FreeSoC Explorer - W5500 ioShield-A.cycdx"
Deleting file ".\FreeSoC Explorer - W5500 ioShield-A.svd"
Deleting file ".\FreeSoC Explorer - W5500 ioShield-A.rpt"
Deleting file ".\FreeSoC Explorer - W5500 ioShield-A_timing.html"
Deleting file ".\CortexM3\ARM_GCC_473\Debug\.deps\C_FILE.P"
Deleting file ".\CortexM3\ARM_GCC_473\Debug\.deps\ARM_C_FILE.P"
Deleting file ".\CortexM3\ARM_GCC_473\Debug\.deps\GNU_ARM_ASM_FILE.P"
--------------- Clean Succeeded: 09/18/2014 10:59:15 ---------------
