Loading plugins phase: Elapsed time ==> 0s.387ms
Initializing data phase: Elapsed time ==> 2s.791ms
<CYPRESSTAG name="CyDsfit arguments...">
cydsfit arguments: -.fdsnotice -.fdswarpdepfile=warp_dependencies.txt -.fdselabdepfile=elab_dependencies.txt -.fdsbldfile=generated_files.txt -p C:\Users\chuck.erhardt\Documents\PSoC Creator\E2ForLife\PSoCPioneer+Arduino_Example.cydsn\PSoCPioneer+Arduino_Example.cyprj -d CY8C4245AXI-483 -s C:\Users\chuck.erhardt\Documents\PSoC Creator\E2ForLife\PSoCPioneer+Arduino_Example.cydsn\Generated_Source\PSoC4 -- -yv2 -v3 -ygs -q10 -o2 -.fftcfgtype=LE</CYPRESSTAG>
<CYPRESSTAG name="Design elaboration results...">
</CYPRESSTAG>
Elaboration phase: Elapsed time ==> 2s.447ms
<CYPRESSTAG name="HDL generation results...">
</CYPRESSTAG>
HDL generation phase: Elapsed time ==> 0s.268ms
<CYPRESSTAG name="Synthesis results...">

     | | | | | | |
   _________________
  -|               |-
  -|               |-
  -|               |-
  -|    CYPRESS    |-
  -|               |-
  -|               |-   Warp Verilog Synthesis Compiler: Version 6.3 IR 41
  -|               |-   Copyright (C) 1991-2001 Cypress Semiconductor
   |_______________|
     | | | | | | |

======================================================================
Compiling:  PSoCPioneer+Arduino_Example.v
Program  :   C:\Program Files (x86)\Cypress\PSoC Creator\3.0\PSoC Creator\warp\bin/warp.exe
Options  :    -yv2 -v3 -ygs -q10 -o2 -.fftcfgtype=LE -ya -.fftprj=C:\Users\chuck.erhardt\Documents\PSoC Creator\E2ForLife\PSoCPioneer+Arduino_Example.cydsn\PSoCPioneer+Arduino_Example.cyprj -dcpsoc3 PSoCPioneer+Arduino_Example.v -verilog
======================================================================

======================================================================
Compiling:  PSoCPioneer+Arduino_Example.v
Program  :   C:\Program Files (x86)\Cypress\PSoC Creator\3.0\PSoC Creator\warp\bin/warp.exe
Options  :    -yv2 -v3 -ygs -q10 -o2 -.fftcfgtype=LE -ya -.fftprj=C:\Users\chuck.erhardt\Documents\PSoC Creator\E2ForLife\PSoCPioneer+Arduino_Example.cydsn\PSoCPioneer+Arduino_Example.cyprj -dcpsoc3 PSoCPioneer+Arduino_Example.v -verilog
======================================================================

======================================================================
Compiling:  PSoCPioneer+Arduino_Example.v
Program  :   vlogfe
Options  :    -yv2 -v3 -ygs -q10 -o2 -.fftcfgtype=LE -ya -.fftprj=C:\Users\chuck.erhardt\Documents\PSoC Creator\E2ForLife\PSoCPioneer+Arduino_Example.cydsn\PSoCPioneer+Arduino_Example.cyprj -dcpsoc3 -verilog PSoCPioneer+Arduino_Example.v
======================================================================

vlogfe V6.3 IR 41:  Verilog parser
Fri Oct 04 12:21:10 2013


======================================================================
Compiling:  PSoCPioneer+Arduino_Example.v
Program  :   vpp
Options  :    -yv2 -q10 PSoCPioneer+Arduino_Example.v
======================================================================

vpp V6.3 IR 41:  Verilog Pre-Processor
Fri Oct 04 12:21:10 2013

Flattening file 'C:\Program Files (x86)\Cypress\PSoC Creator\3.0\PSoC Creator\warp\..\psoc\content\cyprimitives\CyPrimitives.cylib\cy_virtualmux_v1_0\cy_virtualmux_v1_0.v'
Flattening file 'C:\Program Files (x86)\Cypress\PSoC Creator\3.0\PSoC Creator\warp\..\psoc\content\cycomponentlibrary\CyComponentLibrary.cylib\B_SPI_Master_v2_40\B_SPI_Master_v2_40.v'
Flattening file 'C:\Program Files (x86)\Cypress\PSoC Creator\3.0\PSoC Creator\warp\lib\common\cypress.v'
Flattening file 'C:\Program Files (x86)\Cypress\PSoC Creator\3.0\PSoC Creator\warp\lib\common\cy_psoc3_inc.v'
Flattening file 'C:\Program Files (x86)\Cypress\PSoC Creator\3.0\PSoC Creator\warp\..\psoc\content\cyprimitives\CyPrimitives.cylib\ZeroTerminal\ZeroTerminal.v'

vpp:  No errors.

Library 'work' => directory 'lcpsoc3'
General_symbol_table
General_symbol_table
Linking 'C:\Program Files (x86)\Cypress\PSoC Creator\3.0\PSoC Creator\warp\lib\common\std.vhd'.
Linking 'C:\Program Files (x86)\Cypress\PSoC Creator\3.0\PSoC Creator\warp\lib\common\cypress.vhd'.
Linking 'C:\Program Files (x86)\Cypress\PSoC Creator\3.0\PSoC Creator\warp\lib\common\work\cypress.vif'.
Linking 'C:\Program Files (x86)\Cypress\PSoC Creator\3.0\PSoC Creator\warp\lib\ieee\work\stdlogic.vif'.
Linking 'C:\Program Files (x86)\Cypress\PSoC Creator\3.0\PSoC Creator\warp\lib\common\stdlogic\lpmpkg.vif'.
Linking 'C:\Program Files (x86)\Cypress\PSoC Creator\3.0\PSoC Creator\warp\lib\common\stdlogic\rtlpkg.vif'.
Linking 'C:\Program Files (x86)\Cypress\PSoC Creator\3.0\PSoC Creator\warp\lib\common\stdlogic\mod_cnst.vif'.
Linking 'C:\Program Files (x86)\Cypress\PSoC Creator\3.0\PSoC Creator\warp\lib\common\stdlogic\mod_mthv.vif'.
Linking 'C:\Program Files (x86)\Cypress\PSoC Creator\3.0\PSoC Creator\warp\lib\common\stdlogic\mod_genv.vif'.
Using control file 'PSoCPioneer+Arduino_Example.ctl'.
Linking 'C:\Program Files (x86)\Cypress\PSoC Creator\3.0\PSoC Creator\warp\lib\common\stdlogic\cy_psoc3pkg.vif'.
Linking 'C:\Program Files (x86)\Cypress\PSoC Creator\3.0\PSoC Creator\warp\lib\common\stdlogic\cy_psoc3.vif'.

vlogfe:  No errors.


======================================================================
Compiling:  PSoCPioneer+Arduino_Example.v
Program  :   tovif
Options  :    -yv2 -v3 -ygs -q10 -o2 -.fftcfgtype=LE -ya -.fftprj=C:\Users\chuck.erhardt\Documents\PSoC Creator\E2ForLife\PSoCPioneer+Arduino_Example.cydsn\PSoCPioneer+Arduino_Example.cyprj -dcpsoc3 -verilog PSoCPioneer+Arduino_Example.v
======================================================================

tovif V6.3 IR 41:  High-level synthesis
Fri Oct 04 12:21:11 2013

Linking 'C:\Program Files (x86)\Cypress\PSoC Creator\3.0\PSoC Creator\warp\lib\common\std.vhd'.
Linking 'C:\Program Files (x86)\Cypress\PSoC Creator\3.0\PSoC Creator\warp\lib\common\cypress.vhd'.
Linking 'C:\Program Files (x86)\Cypress\PSoC Creator\3.0\PSoC Creator\warp\lib\common\work\cypress.vif'.
Linking 'C:\Program Files (x86)\Cypress\PSoC Creator\3.0\PSoC Creator\warp\lib\ieee\work\stdlogic.vif'.
Linking 'C:\Program Files (x86)\Cypress\PSoC Creator\3.0\PSoC Creator\warp\lib\common\stdlogic\lpmpkg.vif'.
Linking 'C:\Program Files (x86)\Cypress\PSoC Creator\3.0\PSoC Creator\warp\lib\common\stdlogic\rtlpkg.vif'.
Linking 'C:\Program Files (x86)\Cypress\PSoC Creator\3.0\PSoC Creator\warp\lib\common\stdlogic\mod_cnst.vif'.
Linking 'C:\Program Files (x86)\Cypress\PSoC Creator\3.0\PSoC Creator\warp\lib\common\stdlogic\mod_mthv.vif'.
Linking 'C:\Program Files (x86)\Cypress\PSoC Creator\3.0\PSoC Creator\warp\lib\common\stdlogic\mod_genv.vif'.
Linking 'C:\Users\chuck.erhardt\Documents\PSoC Creator\E2ForLife\PSoCPioneer+Arduino_Example.cydsn\codegentemp\PSoCPioneer+Arduino_Example.ctl'.
Linking 'C:\Program Files (x86)\Cypress\PSoC Creator\3.0\PSoC Creator\psoc\content\cyprimitives\CyPrimitives.cylib\cy_virtualmux_v1_0\cy_virtualmux_v1_0.v'.
Linking 'C:\Users\chuck.erhardt\Documents\PSoC Creator\E2ForLife\PSoCPioneer+Arduino_Example.cydsn\codegentemp\PSoCPioneer+Arduino_Example.v'.
Linking 'C:\Program Files (x86)\Cypress\PSoC Creator\3.0\PSoC Creator\psoc\content\cycomponentlibrary\CyComponentLibrary.cylib\B_SPI_Master_v2_40\B_SPI_Master_v2_40.v'.
Linking 'C:\Program Files (x86)\Cypress\PSoC Creator\3.0\PSoC Creator\warp\lib\common\cypress.v'.
Linking 'C:\Program Files (x86)\Cypress\PSoC Creator\3.0\PSoC Creator\warp\lib\common\cy_psoc3_inc.v'.
Linking 'C:\Program Files (x86)\Cypress\PSoC Creator\3.0\PSoC Creator\psoc\content\cyprimitives\CyPrimitives.cylib\ZeroTerminal\ZeroTerminal.v'.
Linking 'C:\Program Files (x86)\Cypress\PSoC Creator\3.0\PSoC Creator\warp\lib\common\stdlogic\cy_psoc3pkg.vif'.
Linking 'C:\Program Files (x86)\Cypress\PSoC Creator\3.0\PSoC Creator\warp\lib\common\stdlogic\cy_psoc3.vif'.

tovif:  No errors.


======================================================================
Compiling:  PSoCPioneer+Arduino_Example.v
Program  :   topld
Options  :    -yv2 -v3 -ygs -q10 -o2 -.fftcfgtype=LE -ya -.fftprj=C:\Users\chuck.erhardt\Documents\PSoC Creator\E2ForLife\PSoCPioneer+Arduino_Example.cydsn\PSoCPioneer+Arduino_Example.cyprj -dcpsoc3 -verilog PSoCPioneer+Arduino_Example.v
======================================================================

topld V6.3 IR 41:  Synthesis and optimization
Fri Oct 04 12:21:11 2013

Linking 'C:\Program Files (x86)\Cypress\PSoC Creator\3.0\PSoC Creator\warp\lib\common\std.vhd'.
Linking 'C:\Program Files (x86)\Cypress\PSoC Creator\3.0\PSoC Creator\warp\lib\common\cypress.vhd'.
Linking 'C:\Program Files (x86)\Cypress\PSoC Creator\3.0\PSoC Creator\warp\lib\common\work\cypress.vif'.
Linking 'C:\Program Files (x86)\Cypress\PSoC Creator\3.0\PSoC Creator\warp\lib\ieee\work\stdlogic.vif'.
Linking 'C:\Program Files (x86)\Cypress\PSoC Creator\3.0\PSoC Creator\warp\lib\common\stdlogic\lpmpkg.vif'.
Linking 'C:\Program Files (x86)\Cypress\PSoC Creator\3.0\PSoC Creator\warp\lib\common\stdlogic\rtlpkg.vif'.
Linking 'C:\Program Files (x86)\Cypress\PSoC Creator\3.0\PSoC Creator\warp\lib\common\stdlogic\mod_cnst.vif'.
Linking 'C:\Program Files (x86)\Cypress\PSoC Creator\3.0\PSoC Creator\warp\lib\common\stdlogic\mod_mthv.vif'.
Linking 'C:\Program Files (x86)\Cypress\PSoC Creator\3.0\PSoC Creator\warp\lib\common\stdlogic\mod_genv.vif'.
Linking 'C:\Users\chuck.erhardt\Documents\PSoC Creator\E2ForLife\PSoCPioneer+Arduino_Example.cydsn\codegentemp\PSoCPioneer+Arduino_Example.ctl'.
Linking 'C:\Program Files (x86)\Cypress\PSoC Creator\3.0\PSoC Creator\psoc\content\cyprimitives\CyPrimitives.cylib\cy_virtualmux_v1_0\cy_virtualmux_v1_0.v'.
Linking 'C:\Users\chuck.erhardt\Documents\PSoC Creator\E2ForLife\PSoCPioneer+Arduino_Example.cydsn\codegentemp\PSoCPioneer+Arduino_Example.v'.
Linking 'C:\Program Files (x86)\Cypress\PSoC Creator\3.0\PSoC Creator\psoc\content\cycomponentlibrary\CyComponentLibrary.cylib\B_SPI_Master_v2_40\B_SPI_Master_v2_40.v'.
Linking 'C:\Program Files (x86)\Cypress\PSoC Creator\3.0\PSoC Creator\warp\lib\common\cypress.v'.
Linking 'C:\Program Files (x86)\Cypress\PSoC Creator\3.0\PSoC Creator\warp\lib\common\cy_psoc3_inc.v'.
Linking 'C:\Program Files (x86)\Cypress\PSoC Creator\3.0\PSoC Creator\psoc\content\cyprimitives\CyPrimitives.cylib\ZeroTerminal\ZeroTerminal.v'.
Linking 'C:\Program Files (x86)\Cypress\PSoC Creator\3.0\PSoC Creator\warp\lib\common\stdlogic\cy_psoc3pkg.vif'.
Linking 'C:\Program Files (x86)\Cypress\PSoC Creator\3.0\PSoC Creator\warp\lib\common\stdlogic\cy_psoc3.vif'.
Linking 'C:\Program Files (x86)\Cypress\PSoC Creator\3.0\PSoC Creator\warp\lib\lcpsoc3\stdlogic\cpsoc3.vif'.

----------------------------------------------------------
Detecting unused logic.
----------------------------------------------------------
    User names
	\SPI:BSPIM:mosi_after_ld\
	\SPI:BSPIM:mosi_cpha_0\
	\SPI:BSPIM:pre_mosi\
	\SPI:BSPIM:dpcounter_zero\
	\SPI:BSPIM:control_7\
	\SPI:BSPIM:control_6\
	\SPI:BSPIM:control_5\
	\SPI:BSPIM:control_4\
	\SPI:BSPIM:control_3\
	\SPI:BSPIM:control_2\
	\SPI:BSPIM:control_1\
	\SPI:BSPIM:control_0\
	\SPI:Net_253\


Deleted 13 User equations/components.
Deleted 0 Synthesized equations/components.

------------------------------------------------------
Alias Detection
------------------------------------------------------
Aliasing one to tmpOE__ENET_MISO_net_0
Aliasing tmpOE__ENET_MOSI_net_0 to tmpOE__ENET_MISO_net_0
Aliasing tmpOE__ENET_SCLK_net_0 to tmpOE__ENET_MISO_net_0
Aliasing \SPI:BSPIM:pol_supprt\ to tmpOE__ENET_MISO_net_0
Aliasing \SPI:BSPIM:tx_status_6\ to zero
Aliasing \SPI:BSPIM:tx_status_5\ to zero
Aliasing \SPI:BSPIM:rx_status_3\ to zero
Aliasing \SPI:BSPIM:rx_status_2\ to zero
Aliasing \SPI:BSPIM:rx_status_1\ to zero
Aliasing \SPI:BSPIM:rx_status_0\ to zero
Aliasing \SPI:Net_274\ to zero
Aliasing tmpOE__ENET_CSN_net_0 to tmpOE__ENET_MISO_net_0
Aliasing tmpOE__SDCS_net_0 to tmpOE__ENET_MISO_net_0
Aliasing \SPI:BSPIM:dpcounter_one_reg\\D\ to \SPI:BSPIM:tx_status_3\
Removing Lhs of wire one[6] = tmpOE__ENET_MISO_net_0[1]
Removing Lhs of wire tmpOE__ENET_MOSI_net_0[9] = tmpOE__ENET_MISO_net_0[1]
Removing Rhs of wire Net_23[10] = \SPI:BSPIM:mosi_fin\[35]
Removing Rhs of wire Net_23[10] = \SPI:BSPIM:mosi_cpha_1\[36]
Removing Lhs of wire tmpOE__ENET_SCLK_net_0[16] = tmpOE__ENET_MISO_net_0[1]
Removing Rhs of wire \SPI:Net_276\[22] = \SPI:Net_239\[23]
Removing Rhs of wire \SPI:BSPIM:load_rx_data\[27] = \SPI:BSPIM:dpcounter_one_reg\[28]
Removing Lhs of wire \SPI:BSPIM:pol_supprt\[29] = tmpOE__ENET_MISO_net_0[1]
Removing Lhs of wire \SPI:BSPIM:miso_to_dp\[30] = \SPI:Net_244\[31]
Removing Lhs of wire \SPI:Net_244\[31] = Net_19[3]
Removing Rhs of wire \SPI:BSPIM:tx_status_1\[57] = \SPI:BSPIM:dpMOSI_fifo_empty\[58]
Removing Rhs of wire \SPI:BSPIM:tx_status_2\[59] = \SPI:BSPIM:dpMOSI_fifo_not_full\[60]
Removing Lhs of wire \SPI:BSPIM:tx_status_3\[61] = \SPI:BSPIM:dpcounter_one\[53]
Removing Rhs of wire \SPI:BSPIM:rx_status_4\[63] = \SPI:BSPIM:dpMISO_fifo_full\[64]
Removing Rhs of wire \SPI:BSPIM:rx_status_5\[65] = \SPI:BSPIM:dpMISO_fifo_not_empty\[66]
Removing Lhs of wire \SPI:BSPIM:tx_status_6\[68] = zero[2]
Removing Lhs of wire \SPI:BSPIM:tx_status_5\[69] = zero[2]
Removing Lhs of wire \SPI:BSPIM:rx_status_3\[70] = zero[2]
Removing Lhs of wire \SPI:BSPIM:rx_status_2\[71] = zero[2]
Removing Lhs of wire \SPI:BSPIM:rx_status_1\[72] = zero[2]
Removing Lhs of wire \SPI:BSPIM:rx_status_0\[73] = zero[2]
Removing Lhs of wire \SPI:Net_273\[83] = zero[2]
Removing Lhs of wire \SPI:Net_274\[123] = zero[2]
Removing Lhs of wire tmpOE__ENET_CSN_net_0[125] = tmpOE__ENET_MISO_net_0[1]
Removing Lhs of wire tmpOE__SDCS_net_0[131] = tmpOE__ENET_MISO_net_0[1]
Removing Lhs of wire \SPI:BSPIM:dpcounter_one_reg\\D\[137] = \SPI:BSPIM:dpcounter_one\[53]
Removing Lhs of wire \SPI:BSPIM:so_send_reg\\D\[138] = \SPI:BSPIM:so_send\[33]
Removing Lhs of wire \SPI:BSPIM:mosi_reg\\D\[145] = \SPI:BSPIM:mosi_pre_reg\[50]
Removing Lhs of wire \SPI:BSPIM:mosi_from_dp_reg\\D\[147] = \SPI:BSPIM:mosi_from_dp\[40]

------------------------------------------------------
Aliased 0 equations, 29 wires.
------------------------------------------------------

----------------------------------------------------------
Circuit simplification
----------------------------------------------------------

Substituting virtuals - pass 1:

Note:  Expanding virtual equation for 'tmpOE__ENET_MISO_net_0' (cost = 0):
tmpOE__ENET_MISO_net_0 <=  ('1') ;

Note:  Expanding virtual equation for 'zero' (cost = 0):
zero <=  ('0') ;

Note:  Expanding virtual equation for '\SPI:BSPIM:dpcounter_one\' (cost = 1):
\SPI:BSPIM:dpcounter_one\ <= ((not \SPI:BSPIM:count_4\ and not \SPI:BSPIM:count_3\ and not \SPI:BSPIM:count_2\ and not \SPI:BSPIM:count_1\ and \SPI:BSPIM:count_0\));


Substituting virtuals - pass 2:


----------------------------------------------------------
Circuit simplification results:

	Expanded 3 signals.
	Turned 0 signals into soft nodes.
	Maximum default expansion cost was set at 3.
----------------------------------------------------------

------------------------------------------------------
Alias Detection
------------------------------------------------------

------------------------------------------------------
Aliased 0 equations, 0 wires.
------------------------------------------------------

Last attempt to remove unused logic - pass 1:


Last attempt to remove unused logic - pass 2:


topld:  No errors.

CYPRESS_DIR    : C:\Program Files (x86)\Cypress\PSoC Creator\3.0\PSoC Creator\warp
Warp Program   : C:\Program Files (x86)\Cypress\PSoC Creator\3.0\PSoC Creator\warp\bin/warp.exe
Warp Arguments : -yv2 -v3 -ygs -q10 -o2 -.fftcfgtype=LE -ya "-.fftprj=C:\Users\chuck.erhardt\Documents\PSoC Creator\E2ForLife\PSoCPioneer+Arduino_Example.cydsn\PSoCPioneer+Arduino_Example.cyprj" -dcpsoc3 PSoCPioneer+Arduino_Example.v -verilog
</CYPRESSTAG>
Warp synthesis phase: Elapsed time ==> 1s.708ms
<CYPRESSTAG name="Fitter results...">
<CYPRESSTAG name="Fitter startup details...">
cyp3fit: V3.0.0.1539, Family: PSoC3, Started at: Friday, 04 October 2013 12:21:12
Options: -yv2 -v3 -ygs -q10 -o2 -.fftcfgtype=LE -ya -.fftprj=C:\Users\chuck.erhardt\Documents\PSoC Creator\E2ForLife\PSoCPioneer+Arduino_Example.cydsn\PSoCPioneer+Arduino_Example.cyprj -d CY8C4245AXI-483 PSoCPioneer+Arduino_Example.v -verilog
</CYPRESSTAG>
<CYPRESSTAG name="Design parsing">
Design parsing phase: Elapsed time ==> 0s.035ms
</CYPRESSTAG>
<CYPRESSTAG name="Tech mapping">
<CYPRESSTAG name="Initial Mapping" icon="FILE_RPT_TECHM">

Removing unused cells resulting from optimization
    Removed unused cell/equation '\SPI:BSPIM:mosi_reg\:macrocell'
    Removed unused cell/equation '\SPI:BSPIM:so_send_reg\:macrocell'
    Removed unused cell/equation '\SPI:BSPIM:so_send\:macrocell'
Done removing unused cells.
<CYPRESSTAG name="Global Clock Selection" icon="FILE_RPT_TECHM">
    Digital Clock 0: Automatic-assigning  clock 'SPI_IntClock'. Fanout=1, Signal=\SPI:Net_276_digital\
<CYPRESSTAG name="UDB Clock/Enable Remapping Results">
    UDB Clk/Enable \SPI:BSPIM:ClkEn\: with output requested to be synchronous
        ClockIn: ClockGenBlock:m0s8clockgenblockcell.gen_clk_out_0 was determined to be a global clock that is synchronous to HFCLK
        EnableIn: Constant 1 was determined to be synchronous to ClockIn
        ClockOut: ClockGenBlock:m0s8clockgenblockcell.gen_clk_out_0, EnableOut: Constant 1
</CYPRESSTAG>
</CYPRESSTAG>

Removing unused cells resulting from optimization
    Removed unused cell/equation 'Net_25D:macrocell'
    Removed unused cell/equation 'Net_94D:macrocell'
    Removed unused cell/equation '\SPI:BSPIM:cnt_enable\\D\:macrocell'
    Removed unused cell/equation '\SPI:BSPIM:is_spi_done\\D\:macrocell'
    Removed unused cell/equation '\SPI:BSPIM:ld_ident\\D\:macrocell'
    Removed unused cell/equation '\SPI:BSPIM:load_cond\\D\:macrocell'
    Removed unused cell/equation '\SPI:BSPIM:mosi_hs_reg\\D\:macrocell'
    Removed unused cell/equation '\SPI:BSPIM:mosi_pre_reg\\D\:macrocell'
    Removed unused cell/equation '\SPI:BSPIM:state_0\\D\:macrocell'
    Removed unused cell/equation '\SPI:BSPIM:state_1\\D\:macrocell'
    Removed unused cell/equation '\SPI:BSPIM:state_2\\D\:macrocell'
    Removed unused cell/equation '__ZERO__:macrocell'
Done removing unused cells.
<CYPRESSTAG name="Duplicate Macrocell detection">
</CYPRESSTAG>
</CYPRESSTAG>
<CYPRESSTAG name="Duplicate Macrocell detection">
</CYPRESSTAG>
<CYPRESSTAG name="Design Equations" icon="FILE_RPT_EQUATION">

------------------------------------------------------------
Design Equations
------------------------------------------------------------
    <CYPRESSTAG name="Pin listing">

    ------------------------------------------------------------
    Pin listing
    ------------------------------------------------------------

    Pin : Name = ENET_CSN(0)
        Attributes:
            In Group/Port: True
            In Sync Option: AUTO
            Out Sync Option: NOSYNC
            Interrupt generated: False
            Interrupt mode: NONE
            Drive mode: CMOS_OUT
            VTrip: EITHER
            Slew: FAST
            Input Sync needed: False
            Output Sync needed: False
            SC shield enabled: False
            POR State: ANY
            LCD Mode: COMMON
            Register Mode: RegComb
            CaSense Mode: NEITHER
            Treat as pin: True
            Is OE Registered: False
            Uses Analog: False
            Can contain Digital: True
            Is SIO: False
            SIO Output Buf: NONREGULATED
            SIO Input Buf: SINGLE_ENDED
            SIO HiFreq: LOW
            SIO Hyst: DISABLED
            SIO Vtrip: MULTIPLIER_0_5
            SIO RefSel: VCC_IO
            Required Capabilitites: DIGITAL
            Initial Value: 0
            IO Voltage: 0
        PORT MAP (
            pa_out => ENET_CSN(0)__PA ,
            pad => ENET_CSN(0)_PAD );
        Properties:
        {
        }

    Pin : Name = ENET_MISO(0)
        Attributes:
            In Group/Port: True
            In Sync Option: NOSYNC
            Out Sync Option: AUTO
            Interrupt generated: False
            Interrupt mode: NONE
            Drive mode: HI_Z_DIGITAL
            VTrip: CMOS
            Slew: FAST
            Input Sync needed: False
            Output Sync needed: False
            SC shield enabled: False
            POR State: ANY
            LCD Mode: COMMON
            Register Mode: RegComb
            CaSense Mode: NEITHER
            Treat as pin: True
            Is OE Registered: False
            Uses Analog: False
            Can contain Digital: True
            Is SIO: False
            SIO Output Buf: NONREGULATED
            SIO Input Buf: SINGLE_ENDED
            SIO HiFreq: LOW
            SIO Hyst: DISABLED
            SIO Vtrip: MULTIPLIER_0_5
            SIO RefSel: VCC_IO
            Required Capabilitites: DIGITAL, ROUTABLE
            Initial Value: 0
            IO Voltage: 0
        PORT MAP (
            pa_out => ENET_MISO(0)__PA ,
            fb => Net_19 ,
            pad => ENET_MISO(0)_PAD );
        Properties:
        {
        }

    Pin : Name = ENET_MOSI(0)
        Attributes:
            In Group/Port: True
            In Sync Option: AUTO
            Out Sync Option: NOSYNC
            Interrupt generated: False
            Interrupt mode: NONE
            Drive mode: CMOS_OUT
            VTrip: EITHER
            Slew: FAST
            Input Sync needed: False
            Output Sync needed: False
            SC shield enabled: False
            POR State: ANY
            LCD Mode: COMMON
            Register Mode: RegComb
            CaSense Mode: NEITHER
            Treat as pin: True
            Is OE Registered: False
            Uses Analog: False
            Can contain Digital: True
            Is SIO: False
            SIO Output Buf: NONREGULATED
            SIO Input Buf: SINGLE_ENDED
            SIO HiFreq: LOW
            SIO Hyst: DISABLED
            SIO Vtrip: MULTIPLIER_0_5
            SIO RefSel: VCC_IO
            Required Capabilitites: DIGITAL, ROUTABLE
            Initial Value: 1
            IO Voltage: 0
        PORT MAP (
            pa_out => ENET_MOSI(0)__PA ,
            input => Net_23 ,
            pad => ENET_MOSI(0)_PAD );
        Properties:
        {
        }

    Pin : Name = ENET_SCLK(0)
        Attributes:
            In Group/Port: True
            In Sync Option: AUTO
            Out Sync Option: NOSYNC
            Interrupt generated: False
            Interrupt mode: NONE
            Drive mode: CMOS_OUT
            VTrip: EITHER
            Slew: FAST
            Input Sync needed: False
            Output Sync needed: False
            SC shield enabled: False
            POR State: ANY
            LCD Mode: COMMON
            Register Mode: RegComb
            CaSense Mode: NEITHER
            Treat as pin: True
            Is OE Registered: False
            Uses Analog: False
            Can contain Digital: True
            Is SIO: False
            SIO Output Buf: NONREGULATED
            SIO Input Buf: SINGLE_ENDED
            SIO HiFreq: LOW
            SIO Hyst: DISABLED
            SIO Vtrip: MULTIPLIER_0_5
            SIO RefSel: VCC_IO
            Required Capabilitites: DIGITAL, ROUTABLE
            Initial Value: 1
            IO Voltage: 0
        PORT MAP (
            pa_out => ENET_SCLK(0)__PA ,
            input => Net_25 ,
            pad => ENET_SCLK(0)_PAD );
        Properties:
        {
        }

    Pin : Name = SDCS(0)
        Attributes:
            In Group/Port: True
            In Sync Option: AUTO
            Out Sync Option: NOSYNC
            Interrupt generated: False
            Interrupt mode: NONE
            Drive mode: CMOS_OUT
            VTrip: EITHER
            Slew: FAST
            Input Sync needed: False
            Output Sync needed: False
            SC shield enabled: False
            POR State: ANY
            LCD Mode: COMMON
            Register Mode: RegComb
            CaSense Mode: NEITHER
            Treat as pin: True
            Is OE Registered: False
            Uses Analog: False
            Can contain Digital: True
            Is SIO: False
            SIO Output Buf: NONREGULATED
            SIO Input Buf: SINGLE_ENDED
            SIO HiFreq: LOW
            SIO Hyst: DISABLED
            SIO Vtrip: MULTIPLIER_0_5
            SIO RefSel: VCC_IO
            Required Capabilitites: DIGITAL
            Initial Value: 1
            IO Voltage: 0
        PORT MAP (
            pa_out => SDCS(0)__PA ,
            pad => SDCS(0)_PAD );
        Properties:
        {
        }
    </CYPRESSTAG>
    <CYPRESSTAG name="Macrocell listing" icon="FILE_RPT_EQUATION">

    ------------------------------------------------------------
    Macrocell listing
    ------------------------------------------------------------

    MacroCell: Name=Net_23, Mode=(Combinatorial)
        Total # of inputs        : 2
        Total # of product terms : 1
            Clock Enable: True
        Main Equation            : 1 pterm
        (
              !Net_94 * \SPI:BSPIM:mosi_hs_reg\
        );
        Output = Net_23 (fanout=1)

    MacroCell: Name=Net_25, Mode=(D-Register)
        Total # of inputs        : 4
        Total # of product terms : 3
        List of special equations: 
            Clock  = (\SPI:Net_276_digital\) => Global
            Clock Enable: True
        Main Equation            : 3 pterms
        !(
              !Net_25 * !\SPI:BSPIM:state_2\ * \SPI:BSPIM:state_0\
            + !\SPI:BSPIM:state_2\ * \SPI:BSPIM:state_1\ * 
              \SPI:BSPIM:state_0\
            + \SPI:BSPIM:state_2\ * \SPI:BSPIM:state_1\ * 
              !\SPI:BSPIM:state_0\
        );
        Output = Net_25 (fanout=2)

    MacroCell: Name=Net_94, Mode=(T-Register)
        Total # of inputs        : 4
        Total # of product terms : 3
        List of special equations: 
            Clock  = (\SPI:Net_276_digital\) => Global
            Clock Enable: True
        Main Equation            : 3 pterms
        (
              !\SPI:BSPIM:state_2\ * !\SPI:BSPIM:state_1\ * 
              !\SPI:BSPIM:state_0\ * !Net_94
            + !\SPI:BSPIM:state_2\ * !\SPI:BSPIM:state_1\ * 
              \SPI:BSPIM:state_0\ * Net_94
            + \SPI:BSPIM:state_2\ * \SPI:BSPIM:state_1\ * \SPI:BSPIM:state_0\ * 
              !Net_94
        );
        Output = Net_94 (fanout=2)

    MacroCell: Name=\SPI:BSPIM:cnt_enable\, Mode=(T-Register)
        Total # of inputs        : 10
        Total # of product terms : 4
        List of special equations: 
            Clock  = (\SPI:Net_276_digital\) => Global
            Clock Enable: True
        Main Equation            : 4 pterms
        (
              !\SPI:BSPIM:state_2\ * !\SPI:BSPIM:state_1\ * 
              !\SPI:BSPIM:state_0\ * \SPI:BSPIM:cnt_enable\
            + !\SPI:BSPIM:state_2\ * !\SPI:BSPIM:state_1\ * 
              \SPI:BSPIM:state_0\ * !\SPI:BSPIM:cnt_enable\
            + !\SPI:BSPIM:state_2\ * !\SPI:BSPIM:state_0\ * 
              !\SPI:BSPIM:count_4\ * !\SPI:BSPIM:count_3\ * 
              !\SPI:BSPIM:count_2\ * !\SPI:BSPIM:count_1\ * 
              \SPI:BSPIM:count_0\ * \SPI:BSPIM:is_spi_done\ * 
              \SPI:BSPIM:cnt_enable\
            + \SPI:BSPIM:state_2\ * \SPI:BSPIM:state_0\ * 
              \SPI:BSPIM:cnt_enable\
        );
        Output = \SPI:BSPIM:cnt_enable\ (fanout=2)

    MacroCell: Name=\SPI:BSPIM:dpcounter_one\, Mode=(Combinatorial)
        Total # of inputs        : 5
        Total # of product terms : 1
            Clock Enable: True
        Main Equation            : 1 pterm
        (
              !\SPI:BSPIM:count_4\ * !\SPI:BSPIM:count_3\ * 
              !\SPI:BSPIM:count_2\ * !\SPI:BSPIM:count_1\ * 
              \SPI:BSPIM:count_0\
        );
        Output = \SPI:BSPIM:dpcounter_one\ (fanout=1)

    MacroCell: Name=\SPI:BSPIM:is_spi_done\, Mode=(T-Register)
        Total # of inputs        : 10
        Total # of product terms : 2
        List of special equations: 
            Clock  = (\SPI:Net_276_digital\) => Global
            Clock Enable: True
        Main Equation            : 2 pterms
        (
              !\SPI:BSPIM:state_2\ * \SPI:BSPIM:state_1\ * 
              \SPI:BSPIM:state_0\ * !\SPI:BSPIM:count_4\ * 
              !\SPI:BSPIM:count_3\ * \SPI:BSPIM:count_2\ * 
              !\SPI:BSPIM:count_1\ * !\SPI:BSPIM:count_0\ * 
              \SPI:BSPIM:tx_status_1\ * !\SPI:BSPIM:is_spi_done\
            + \SPI:BSPIM:state_2\ * !\SPI:BSPIM:state_1\ * 
              \SPI:BSPIM:state_0\ * \SPI:BSPIM:is_spi_done\
        );
        Output = \SPI:BSPIM:is_spi_done\ (fanout=4)

    MacroCell: Name=\SPI:BSPIM:ld_ident\, Mode=(T-Register)
        Total # of inputs        : 4
        Total # of product terms : 2
        List of special equations: 
            Clock  = (\SPI:Net_276_digital\) => Global
            Clock Enable: True
        Main Equation            : 2 pterms
        (
              \SPI:BSPIM:state_2\ * !\SPI:BSPIM:state_1\ * 
              !\SPI:BSPIM:state_0\ * !\SPI:BSPIM:ld_ident\
            + \SPI:BSPIM:state_2\ * \SPI:BSPIM:state_1\ * \SPI:BSPIM:state_0\ * 
              \SPI:BSPIM:ld_ident\
        );
        Output = \SPI:BSPIM:ld_ident\ (fanout=2)

    MacroCell: Name=\SPI:BSPIM:load_cond\, Mode=(T-Register)
        Total # of inputs        : 9
        Total # of product terms : 4
        List of special equations: 
            Clock  = (\SPI:Net_276_digital\) => Global
            Clock Enable: True
        Main Equation            : 4 pterms
        (
              !\SPI:BSPIM:state_2\ * !\SPI:BSPIM:count_4\ * 
              !\SPI:BSPIM:count_3\ * !\SPI:BSPIM:count_2\ * 
              !\SPI:BSPIM:count_1\ * !\SPI:BSPIM:count_0\ * 
              \SPI:BSPIM:load_cond\
            + \SPI:BSPIM:state_2\ * !\SPI:BSPIM:state_1\ * 
              !\SPI:BSPIM:state_0\ * !\SPI:BSPIM:load_cond\
            + \SPI:BSPIM:state_1\ * !\SPI:BSPIM:count_4\ * 
              !\SPI:BSPIM:count_3\ * !\SPI:BSPIM:count_2\ * 
              !\SPI:BSPIM:count_1\ * !\SPI:BSPIM:count_0\ * 
              \SPI:BSPIM:load_cond\
            + \SPI:BSPIM:state_0\ * !\SPI:BSPIM:count_4\ * 
              !\SPI:BSPIM:count_3\ * !\SPI:BSPIM:count_2\ * 
              !\SPI:BSPIM:count_1\ * !\SPI:BSPIM:count_0\ * 
              \SPI:BSPIM:load_cond\
        );
        Output = \SPI:BSPIM:load_cond\ (fanout=1)

    MacroCell: Name=\SPI:BSPIM:load_rx_data\, Mode=(D-Register)
        Total # of inputs        : 5
        Total # of product terms : 1
        List of special equations: 
            Clock  = (\SPI:Net_276_digital\) => Global
            Clock Enable: True
        Main Equation            : 1 pterm
        (
              !\SPI:BSPIM:count_4\ * !\SPI:BSPIM:count_3\ * 
              !\SPI:BSPIM:count_2\ * !\SPI:BSPIM:count_1\ * 
              \SPI:BSPIM:count_0\
        );
        Output = \SPI:BSPIM:load_rx_data\ (fanout=1)

    MacroCell: Name=\SPI:BSPIM:mosi_from_dp_reg\, Mode=(D-Register)
        Total # of inputs        : 1
        Total # of product terms : 1
        List of special equations: 
            Clock  = (\SPI:Net_276_digital\) => Global
            Clock Enable: True
        Main Equation            : 1 pterm
        (
              \SPI:BSPIM:mosi_from_dp\
        );
        Output = \SPI:BSPIM:mosi_from_dp_reg\ (fanout=1)

    MacroCell: Name=\SPI:BSPIM:mosi_hs_reg\, Mode=(D-Register)
        Total # of inputs        : 6
        Total # of product terms : 6
        List of special equations: 
            Clock  = (\SPI:Net_276_digital\) => Global
            Clock Enable: True
        Main Equation            : 6 pterms
        (
              !\SPI:BSPIM:state_2\ * !\SPI:BSPIM:state_1\ * 
              \SPI:BSPIM:state_0\ * \SPI:BSPIM:mosi_from_dp\
            + !\SPI:BSPIM:state_2\ * \SPI:BSPIM:state_1\ * 
              \SPI:BSPIM:state_0\ * \SPI:BSPIM:mosi_from_dp_reg\
            + !\SPI:BSPIM:state_2\ * !\SPI:BSPIM:state_0\ * 
              \SPI:BSPIM:mosi_hs_reg\
            + \SPI:BSPIM:state_2\ * \SPI:BSPIM:state_1\ * 
              !\SPI:BSPIM:state_0\ * \SPI:BSPIM:mosi_from_dp\
            + \SPI:BSPIM:state_2\ * \SPI:BSPIM:state_0\ * 
              \SPI:BSPIM:mosi_hs_reg\
            + !\SPI:BSPIM:state_1\ * !\SPI:BSPIM:state_0\ * 
              \SPI:BSPIM:mosi_hs_reg\
        );
        Output = \SPI:BSPIM:mosi_hs_reg\ (fanout=2)

    MacroCell: Name=\SPI:BSPIM:mosi_pre_reg\, Mode=(T-Register)
        Total # of inputs        : 11
        Total # of product terms : 8
        List of special equations: 
            Clock  = (\SPI:Net_276_digital\) => Global
            Clock Enable: True
        Main Equation            : 8 pterms
        !(
              !\SPI:BSPIM:state_2\ * \SPI:BSPIM:state_1\ * 
              !\SPI:BSPIM:count_4\ * !\SPI:BSPIM:count_3\ * 
              !\SPI:BSPIM:count_2\ * !\SPI:BSPIM:count_1\ * 
              \SPI:BSPIM:count_0\ * \SPI:BSPIM:ld_ident\
            + !\SPI:BSPIM:state_2\ * \SPI:BSPIM:state_0\
            + !\SPI:BSPIM:state_2\ * !\SPI:BSPIM:count_4\ * 
              !\SPI:BSPIM:count_3\ * !\SPI:BSPIM:count_2\ * 
              !\SPI:BSPIM:count_1\ * \SPI:BSPIM:count_0\ * 
              !\SPI:BSPIM:mosi_pre_reg\ * \SPI:BSPIM:ld_ident\
            + \SPI:BSPIM:state_2\ * !\SPI:BSPIM:state_1\ * 
              !\SPI:BSPIM:state_0\
            + !\SPI:BSPIM:state_1\ * !\SPI:BSPIM:mosi_pre_reg\
            + \SPI:BSPIM:state_1\ * !\SPI:BSPIM:state_0\ * 
              \SPI:BSPIM:mosi_from_dp\ * \SPI:BSPIM:mosi_pre_reg\
            + \SPI:BSPIM:state_0\ * !\SPI:BSPIM:mosi_pre_reg\
            + !\SPI:BSPIM:mosi_from_dp\ * !\SPI:BSPIM:mosi_pre_reg\
        );
        Output = \SPI:BSPIM:mosi_pre_reg\ (fanout=1)

    MacroCell: Name=\SPI:BSPIM:rx_status_6\, Mode=(Combinatorial)
        Total # of inputs        : 6
        Total # of product terms : 1
            Clock Enable: True
        Main Equation            : 1 pterm
        (
              !\SPI:BSPIM:count_4\ * !\SPI:BSPIM:count_3\ * 
              !\SPI:BSPIM:count_2\ * !\SPI:BSPIM:count_1\ * 
              \SPI:BSPIM:count_0\ * \SPI:BSPIM:rx_status_4\
        );
        Output = \SPI:BSPIM:rx_status_6\ (fanout=1)

    MacroCell: Name=\SPI:BSPIM:state_0\, Mode=(T-Register)
        Total # of inputs        : 4
        Total # of product terms : 2
        List of special equations: 
            Clock  = (\SPI:Net_276_digital\) => Global
            Clock Enable: True
        Main Equation            : 2 pterms
        !(
              !\SPI:BSPIM:state_2\ * !\SPI:BSPIM:state_1\ * 
              !\SPI:BSPIM:state_0\ * \SPI:BSPIM:tx_status_1\
            + \SPI:BSPIM:state_2\ * \SPI:BSPIM:state_1\ * 
              !\SPI:BSPIM:state_0\
        );
        Output = \SPI:BSPIM:state_0\ (fanout=14)

    MacroCell: Name=\SPI:BSPIM:state_1\, Mode=(D-Register)
        Total # of inputs        : 10
        Total # of product terms : 4
        List of special equations: 
            Clock  = (\SPI:Net_276_digital\) => Global
            Clock Enable: True
        Main Equation            : 4 pterms
        !(
              !\SPI:BSPIM:state_2\ * !\SPI:BSPIM:state_1\ * 
              !\SPI:BSPIM:state_0\
            + !\SPI:BSPIM:state_2\ * !\SPI:BSPIM:state_0\ * 
              !\SPI:BSPIM:count_4\ * !\SPI:BSPIM:count_3\ * 
              !\SPI:BSPIM:count_2\ * !\SPI:BSPIM:count_1\ * 
              \SPI:BSPIM:count_0\ * \SPI:BSPIM:is_spi_done\
            + \SPI:BSPIM:state_2\ * \SPI:BSPIM:state_0\
            + \SPI:BSPIM:state_1\ * \SPI:BSPIM:state_0\ * 
              !\SPI:BSPIM:count_4\ * !\SPI:BSPIM:count_3\ * 
              \SPI:BSPIM:count_2\ * !\SPI:BSPIM:count_1\ * 
              !\SPI:BSPIM:count_0\ * !\SPI:BSPIM:tx_status_1\
        );
        Output = \SPI:BSPIM:state_1\ (fanout=14)

    MacroCell: Name=\SPI:BSPIM:state_2\, Mode=(D-Register)
        Total # of inputs        : 10
        Total # of product terms : 3
        List of special equations: 
            Clock  = (\SPI:Net_276_digital\) => Global
            Clock Enable: True
        Main Equation            : 3 pterms
        (
              !\SPI:BSPIM:state_2\ * !\SPI:BSPIM:state_1\ * 
              \SPI:BSPIM:state_0\
            + !\SPI:BSPIM:state_2\ * \SPI:BSPIM:state_1\ * 
              !\SPI:BSPIM:state_0\ * !\SPI:BSPIM:count_4\ * 
              !\SPI:BSPIM:count_3\ * !\SPI:BSPIM:count_2\ * 
              !\SPI:BSPIM:count_1\ * \SPI:BSPIM:count_0\ * 
              \SPI:BSPIM:is_spi_done\
            + !\SPI:BSPIM:state_2\ * \SPI:BSPIM:state_0\ * 
              !\SPI:BSPIM:count_4\ * !\SPI:BSPIM:count_3\ * 
              \SPI:BSPIM:count_2\ * !\SPI:BSPIM:count_1\ * 
              !\SPI:BSPIM:count_0\ * !\SPI:BSPIM:tx_status_1\
        );
        Output = \SPI:BSPIM:state_2\ (fanout=14)

    MacroCell: Name=\SPI:BSPIM:tx_status_0\, Mode=(Combinatorial)
        Total # of inputs        : 3
        Total # of product terms : 1
            Clock Enable: True
        Main Equation            : 1 pterm
        (
              \SPI:BSPIM:state_2\ * !\SPI:BSPIM:state_1\ * 
              \SPI:BSPIM:state_0\
        );
        Output = \SPI:BSPIM:tx_status_0\ (fanout=1)

    MacroCell: Name=\SPI:BSPIM:tx_status_4\, Mode=(Combinatorial)
        Total # of inputs        : 3
        Total # of product terms : 1
            Clock Enable: True
        Main Equation            : 1 pterm
        (
              !\SPI:BSPIM:state_2\ * !\SPI:BSPIM:state_1\ * 
              !\SPI:BSPIM:state_0\
        );
        Output = \SPI:BSPIM:tx_status_4\ (fanout=1)
    </CYPRESSTAG>
    <CYPRESSTAG name="Datapath listing">

    ------------------------------------------------------------
    Datapath listing
    ------------------------------------------------------------

    datapathcell: Name =\SPI:BSPIM:sR8:Dp:u0\
        PORT MAP (
            clock => \SPI:Net_276_digital\ ,
            cs_addr_2 => \SPI:BSPIM:state_2\ ,
            cs_addr_1 => \SPI:BSPIM:state_1\ ,
            cs_addr_0 => \SPI:BSPIM:state_0\ ,
            route_si => Net_19 ,
            f1_load => \SPI:BSPIM:load_rx_data\ ,
            so_comb => \SPI:BSPIM:mosi_from_dp\ ,
            f0_bus_stat_comb => \SPI:BSPIM:tx_status_2\ ,
            f0_blk_stat_comb => \SPI:BSPIM:tx_status_1\ ,
            f1_bus_stat_comb => \SPI:BSPIM:rx_status_5\ ,
            f1_blk_stat_comb => \SPI:BSPIM:rx_status_4\ );
        Properties:
        {
            a0_init = "00000000"
            a1_init = "00000000"
            ce0_sync = 1
            ce1_sync = 1
            cl0_sync = 1
            cl1_sync = 1
            cmsb_sync = 1
            co_msb_sync = 1
            cy_dpconfig = "0000000000000000000000001100000000000001010000000001000100010000000000011100000000010001000000000000000101000000000000010100000011111111000000001111111111111111000000000010001000001100111100000000000000000100"
            d0_init = "00000000"
            d1_init = "00000000"
            f0_blk_sync = 1
            f0_bus_sync = 1
            f1_blk_sync = 1
            f1_bus_sync = 1
            ff0_sync = 1
            ff1_sync = 1
            ov_msb_sync = 1
            so_sync = 1
            z0_sync = 1
            z1_sync = 1
        }
        Clock Polarity: Active High
        Clock Enable: True
    </CYPRESSTAG>
    <CYPRESSTAG name="Status register listing">
    </CYPRESSTAG>
    <CYPRESSTAG name="StatusI register listing">

    ------------------------------------------------------------
    StatusI register listing
    ------------------------------------------------------------

    statusicell: Name =\SPI:BSPIM:RxStsReg\
        PORT MAP (
            clock => \SPI:Net_276_digital\ ,
            status_6 => \SPI:BSPIM:rx_status_6\ ,
            status_5 => \SPI:BSPIM:rx_status_5\ ,
            status_4 => \SPI:BSPIM:rx_status_4\ );
        Properties:
        {
            cy_force_order = 1
            cy_int_mask = "0000000"
            cy_md_select = "1000000"
        }
        Clock Polarity: Active High
        Clock Enable: True

    statusicell: Name =\SPI:BSPIM:TxStsReg\
        PORT MAP (
            clock => \SPI:Net_276_digital\ ,
            status_4 => \SPI:BSPIM:tx_status_4\ ,
            status_3 => \SPI:BSPIM:dpcounter_one\ ,
            status_2 => \SPI:BSPIM:tx_status_2\ ,
            status_1 => \SPI:BSPIM:tx_status_1\ ,
            status_0 => \SPI:BSPIM:tx_status_0\ );
        Properties:
        {
            cy_force_order = 1
            cy_int_mask = "0000000"
            cy_md_select = "0001001"
        }
        Clock Polarity: Active High
        Clock Enable: True
    </CYPRESSTAG>
    <CYPRESSTAG name="Sync listing">
    </CYPRESSTAG>
    <CYPRESSTAG name="Control register listing">
    </CYPRESSTAG>
    <CYPRESSTAG name="Count7 listing">

    ------------------------------------------------------------
    Count7 listing
    ------------------------------------------------------------

    count7cell: Name =\SPI:BSPIM:BitCounter\
        PORT MAP (
            clock => \SPI:Net_276_digital\ ,
            enable => \SPI:BSPIM:cnt_enable\ ,
            count_6 => \SPI:BSPIM:count_6\ ,
            count_5 => \SPI:BSPIM:count_5\ ,
            count_4 => \SPI:BSPIM:count_4\ ,
            count_3 => \SPI:BSPIM:count_3\ ,
            count_2 => \SPI:BSPIM:count_2\ ,
            count_1 => \SPI:BSPIM:count_1\ ,
            count_0 => \SPI:BSPIM:count_0\ ,
            tc => \SPI:BSPIM:cnt_tc\ );
        Properties:
        {
            cy_alt_mode = 0
            cy_init_value = "0000000"
            cy_period = "0001111"
            cy_route_en = 1
            cy_route_ld = 0
        }
        Clock Polarity: Active High
        Clock Enable: True
    </CYPRESSTAG>
    <CYPRESSTAG name="DRQ listing">
    </CYPRESSTAG>
    <CYPRESSTAG name="Interrupt listing">
    </CYPRESSTAG>
</CYPRESSTAG>
<CYPRESSTAG name="Technology mapping summary" expanded>

------------------------------------------------------------
Technology mapping summary
------------------------------------------------------------

Resource Type                 : Used : Free :  Max :  % Used
============================================================
Digital clock dividers        :    1 :    3 :    4 :  25.00%
Pins                          :    7 :   29 :   36 :  19.44%
UDB Macrocells                :   18 :   14 :   32 :  56.25%
UDB Unique Pterms             :   45 :   19 :   64 :  70.31%
UDB Total Pterms              :   48 :      :      : 
UDB Datapath Cells            :    1 :    3 :    4 :  25.00%
UDB Status Cells              :    2 :    2 :    4 :  50.00%
            StatusI Registers :    2 
UDB Control Cells             :    1 :    3 :    4 :  25.00%
                 Count7 Cells :    1 
Interrupts                    :    0 :   32 :   32 :   0.00%
Comparator/Opamp Fixed Blocks :    0 :    2 :    2 :   0.00%
SAR Fixed Blocks              :    0 :    1 :    1 :   0.00%
CSD Fixed Blocks              :    0 :    1 :    1 :   0.00%
8-bit CapSense IDACs          :    0 :    1 :    1 :   0.00%
7-bit CapSense IDACs          :    0 :    1 :    1 :   0.00%
Temperature Sensor            :    0 :    1 :    1 :   0.00%
Low Power Comparator          :    0 :    2 :    2 :   0.00%
TCPWM Blocks                  :    0 :    4 :    4 :   0.00%
Serial Communication Blocks   :    0 :    2 :    2 :   0.00%
Segment LCD Blocks            :    0 :    1 :    1 :   0.00%
</CYPRESSTAG>
Technology Mapping: Elapsed time ==> 0s.092ms
Info: mpr.M0037: Unused pieces of the design have been optimized out. See the Tech mapping section of the report file for details. (App=cydsfit)
Tech mapping phase: Elapsed time ==> 0s.121ms
</CYPRESSTAG>
<CYPRESSTAG name="Analog Placement">
<CYPRESSTAG name="Analog Placement">
Elapsed time ==> 0.0064652s
</CYPRESSTAG>
Analog Placement phase: Elapsed time ==> 0s.036ms
</CYPRESSTAG>
<CYPRESSTAG name="Analog Routing">
<CYPRESSTAG name="Analog Routing">
Route success=True, Iterations=1 Elapsed=0.0003807 secs
</CYPRESSTAG>
Analog Routing phase: Elapsed time ==> 0s.002ms
</CYPRESSTAG>
<CYPRESSTAG name="Analog Code Generation">
============ Analog Final Answer Routes ============
Dump of CyAnalogRoutingResultsDB
Map of net to items {
}
Map of item to net {
}
Mux Info {
}
Analog Code Generation phase: Elapsed time ==> 0s.146ms
</CYPRESSTAG>
<CYPRESSTAG name="Digital Placement">
<CYPRESSTAG name="Detailed placement messages">
I2076: Total run-time: 0.6 sec.

</CYPRESSTAG>
<CYPRESSTAG name="PLD Packing">
<CYPRESSTAG name="PLD Packing Summary" expanded>

------------------------------------------------------------
PLD Packing Summary
------------------------------------------------------------
            Resource Type : Used : Free :  Max :  % Used
    ====================================================
                     PLDs :    8 :    0 :    8 : 100.00%

<CYPRESSTAG name="PLD Statistics">

        PLD Resource Type :     Average/LAB
    =======================================
                   Inputs :            7.38
                   Pterms :            5.75
               Macrocells :            2.25
</CYPRESSTAG>
<CYPRESSTAG name="Packed PLD Contents">
Packed PLD Contents not displayed at this verbose level.</CYPRESSTAG>
</CYPRESSTAG>
PLD Packing: Elapsed time ==> 0s.001ms
</CYPRESSTAG>
<CYPRESSTAG name="Partitioning">
<CYPRESSTAG name="Initial Partitioning Summary">
Initial Partitioning Summary not displayed at this verbose level.</CYPRESSTAG>
<CYPRESSTAG name="Final Partitioning Summary">
Final Partitioning Summary not displayed at this verbose level.</CYPRESSTAG>
Partitioning: Elapsed time ==> 0s.020ms
</CYPRESSTAG>
<CYPRESSTAG name="Simulated Annealing">
Annealing: Elapsed time ==> 0s.002ms
<CYPRESSTAG name="Simulated Annealing Results">
The seed used for moves was 114161200.
Inital cost was 95, final cost is 95 (0.00% improvement).</CYPRESSTAG>
</CYPRESSTAG>
<CYPRESSTAG name="Final Placement Summary">

------------------------------------------------------------
Final Placement Summary
------------------------------------------------------------

       Resource Type :      Count : Avg Inputs : Avg Outputs
    ========================================================
                 UDB :          4 :       9.25 :       4.50
<CYPRESSTAG name="Final Placement Details">
<CYPRESSTAG name="Component Details">

------------------------------------------------------------
Component Placement Details
------------------------------------------------------------
UDB [UDB=(0,0)] contents:
LAB@[UDB=(0,0)][LB=0] #macrocells=3, #inputs=11, #pterms=8
{
    [McSlotId=0]:     MacroCell: Name=\SPI:BSPIM:cnt_enable\, Mode=(T-Register) @ [UDB=(0,0)][LB=0][MC=0]
        Total # of inputs        : 10
        Total # of product terms : 4
        List of special equations: 
            Clock  = (\SPI:Net_276_digital\) => Global
            Clock Enable: True
        Main Equation            : 4 pterms
        (
              !\SPI:BSPIM:state_2\ * !\SPI:BSPIM:state_1\ * 
              !\SPI:BSPIM:state_0\ * \SPI:BSPIM:cnt_enable\
            + !\SPI:BSPIM:state_2\ * !\SPI:BSPIM:state_1\ * 
              \SPI:BSPIM:state_0\ * !\SPI:BSPIM:cnt_enable\
            + !\SPI:BSPIM:state_2\ * !\SPI:BSPIM:state_0\ * 
              !\SPI:BSPIM:count_4\ * !\SPI:BSPIM:count_3\ * 
              !\SPI:BSPIM:count_2\ * !\SPI:BSPIM:count_1\ * 
              \SPI:BSPIM:count_0\ * \SPI:BSPIM:is_spi_done\ * 
              \SPI:BSPIM:cnt_enable\
            + \SPI:BSPIM:state_2\ * \SPI:BSPIM:state_0\ * 
              \SPI:BSPIM:cnt_enable\
        );
        Output = \SPI:BSPIM:cnt_enable\ (fanout=3)
        Properties               : 
        {
        }

    [McSlotId=1]:     MacroCell: Name=\SPI:BSPIM:state_1\, Mode=(D-Register) @ [UDB=(0,0)][LB=0][MC=1]
        Total # of inputs        : 10
        Total # of product terms : 4
        List of special equations: 
            Clock  = (\SPI:Net_276_digital\) => Global
            Clock Enable: True
        Main Equation            : 4 pterms
        !(
              !\SPI:BSPIM:state_2\ * !\SPI:BSPIM:state_1\ * 
              !\SPI:BSPIM:state_0\
            + !\SPI:BSPIM:state_2\ * !\SPI:BSPIM:state_0\ * 
              !\SPI:BSPIM:count_4\ * !\SPI:BSPIM:count_3\ * 
              !\SPI:BSPIM:count_2\ * !\SPI:BSPIM:count_1\ * 
              \SPI:BSPIM:count_0\ * \SPI:BSPIM:is_spi_done\
            + \SPI:BSPIM:state_2\ * \SPI:BSPIM:state_0\
            + \SPI:BSPIM:state_1\ * \SPI:BSPIM:state_0\ * 
              !\SPI:BSPIM:count_4\ * !\SPI:BSPIM:count_3\ * 
              \SPI:BSPIM:count_2\ * !\SPI:BSPIM:count_1\ * 
              !\SPI:BSPIM:count_0\ * !\SPI:BSPIM:tx_status_1\
        );
        Output = \SPI:BSPIM:state_1\ (fanout=14)
        Properties               : 
        {
        }

    [McSlotId=2]:     MacroCell: Name=\SPI:BSPIM:tx_status_4\, Mode=(Combinatorial) @ [UDB=(0,0)][LB=0][MC=2]
        Total # of inputs        : 3
        Total # of product terms : 1
            Clock Enable: True
        Main Equation            : 1 pterm
        (
              !\SPI:BSPIM:state_2\ * !\SPI:BSPIM:state_1\ * 
              !\SPI:BSPIM:state_0\
        );
        Output = \SPI:BSPIM:tx_status_4\ (fanout=1)
        Properties               : 
        {
        }

    [McSlotId=3]: (empty)
}

LAB@[UDB=(0,0)][LB=1] #macrocells=4, #inputs=10, #pterms=8
{
    [McSlotId=0]:     MacroCell: Name=\SPI:BSPIM:is_spi_done\, Mode=(T-Register) @ [UDB=(0,0)][LB=1][MC=0]
        Total # of inputs        : 10
        Total # of product terms : 2
        List of special equations: 
            Clock  = (\SPI:Net_276_digital\) => Global
            Clock Enable: True
        Main Equation            : 2 pterms
        (
              !\SPI:BSPIM:state_2\ * \SPI:BSPIM:state_1\ * 
              \SPI:BSPIM:state_0\ * !\SPI:BSPIM:count_4\ * 
              !\SPI:BSPIM:count_3\ * \SPI:BSPIM:count_2\ * 
              !\SPI:BSPIM:count_1\ * !\SPI:BSPIM:count_0\ * 
              \SPI:BSPIM:tx_status_1\ * !\SPI:BSPIM:is_spi_done\
            + \SPI:BSPIM:state_2\ * !\SPI:BSPIM:state_1\ * 
              \SPI:BSPIM:state_0\ * \SPI:BSPIM:is_spi_done\
        );
        Output = \SPI:BSPIM:is_spi_done\ (fanout=4)
        Properties               : 
        {
        }

    [McSlotId=1]:     MacroCell: Name=\SPI:BSPIM:state_2\, Mode=(D-Register) @ [UDB=(0,0)][LB=1][MC=1]
        Total # of inputs        : 10
        Total # of product terms : 3
        List of special equations: 
            Clock  = (\SPI:Net_276_digital\) => Global
            Clock Enable: True
        Main Equation            : 3 pterms
        (
              !\SPI:BSPIM:state_2\ * !\SPI:BSPIM:state_1\ * 
              \SPI:BSPIM:state_0\
            + !\SPI:BSPIM:state_2\ * \SPI:BSPIM:state_1\ * 
              !\SPI:BSPIM:state_0\ * !\SPI:BSPIM:count_4\ * 
              !\SPI:BSPIM:count_3\ * !\SPI:BSPIM:count_2\ * 
              !\SPI:BSPIM:count_1\ * \SPI:BSPIM:count_0\ * 
              \SPI:BSPIM:is_spi_done\
            + !\SPI:BSPIM:state_2\ * \SPI:BSPIM:state_0\ * 
              !\SPI:BSPIM:count_4\ * !\SPI:BSPIM:count_3\ * 
              \SPI:BSPIM:count_2\ * !\SPI:BSPIM:count_1\ * 
              !\SPI:BSPIM:count_0\ * !\SPI:BSPIM:tx_status_1\
        );
        Output = \SPI:BSPIM:state_2\ (fanout=14)
        Properties               : 
        {
        }

    [McSlotId=2]:     MacroCell: Name=\SPI:BSPIM:state_0\, Mode=(T-Register) @ [UDB=(0,0)][LB=1][MC=2]
        Total # of inputs        : 4
        Total # of product terms : 2
        List of special equations: 
            Clock  = (\SPI:Net_276_digital\) => Global
            Clock Enable: True
        Main Equation            : 2 pterms
        !(
              !\SPI:BSPIM:state_2\ * !\SPI:BSPIM:state_1\ * 
              !\SPI:BSPIM:state_0\ * \SPI:BSPIM:tx_status_1\
            + \SPI:BSPIM:state_2\ * \SPI:BSPIM:state_1\ * 
              !\SPI:BSPIM:state_0\
        );
        Output = \SPI:BSPIM:state_0\ (fanout=14)
        Properties               : 
        {
        }

    [McSlotId=3]:     MacroCell: Name=\SPI:BSPIM:tx_status_0\, Mode=(Combinatorial) @ [UDB=(0,0)][LB=1][MC=3]
        Total # of inputs        : 3
        Total # of product terms : 1
            Clock Enable: True
        Main Equation            : 1 pterm
        (
              \SPI:BSPIM:state_2\ * !\SPI:BSPIM:state_1\ * 
              \SPI:BSPIM:state_0\
        );
        Output = \SPI:BSPIM:tx_status_0\ (fanout=1)
        Properties               : 
        {
        }
}

statusicell: Name =\SPI:BSPIM:TxStsReg\
    PORT MAP (
        clock => \SPI:Net_276_digital\ ,
        status_4 => \SPI:BSPIM:tx_status_4\ ,
        status_3 => \SPI:BSPIM:dpcounter_one\ ,
        status_2 => \SPI:BSPIM:tx_status_2\ ,
        status_1 => \SPI:BSPIM:tx_status_1\ ,
        status_0 => \SPI:BSPIM:tx_status_0\ );
    Properties:
    {
        cy_force_order = 1
        cy_int_mask = "0000000"
        cy_md_select = "0001001"
    }
    Clock Polarity: Active High
    Clock Enable: True

UDB [UDB=(0,1)] contents:
LAB@[UDB=(0,1)][LB=0] #macrocells=1, #inputs=11, #pterms=8
{
    [McSlotId=0]:     MacroCell: Name=\SPI:BSPIM:mosi_pre_reg\, Mode=(T-Register) @ [UDB=(0,1)][LB=0][MC=0]
        Total # of inputs        : 11
        Total # of product terms : 8
        List of special equations: 
            Clock  = (\SPI:Net_276_digital\) => Global
            Clock Enable: True
        Main Equation            : 8 pterms
        !(
              !\SPI:BSPIM:state_2\ * \SPI:BSPIM:state_1\ * 
              !\SPI:BSPIM:count_4\ * !\SPI:BSPIM:count_3\ * 
              !\SPI:BSPIM:count_2\ * !\SPI:BSPIM:count_1\ * 
              \SPI:BSPIM:count_0\ * \SPI:BSPIM:ld_ident\
            + !\SPI:BSPIM:state_2\ * \SPI:BSPIM:state_0\
            + !\SPI:BSPIM:state_2\ * !\SPI:BSPIM:count_4\ * 
              !\SPI:BSPIM:count_3\ * !\SPI:BSPIM:count_2\ * 
              !\SPI:BSPIM:count_1\ * \SPI:BSPIM:count_0\ * 
              !\SPI:BSPIM:mosi_pre_reg\ * \SPI:BSPIM:ld_ident\
            + \SPI:BSPIM:state_2\ * !\SPI:BSPIM:state_1\ * 
              !\SPI:BSPIM:state_0\
            + !\SPI:BSPIM:state_1\ * !\SPI:BSPIM:mosi_pre_reg\
            + \SPI:BSPIM:state_1\ * !\SPI:BSPIM:state_0\ * 
              \SPI:BSPIM:mosi_from_dp\ * \SPI:BSPIM:mosi_pre_reg\
            + \SPI:BSPIM:state_0\ * !\SPI:BSPIM:mosi_pre_reg\
            + !\SPI:BSPIM:mosi_from_dp\ * !\SPI:BSPIM:mosi_pre_reg\
        );
        Output = \SPI:BSPIM:mosi_pre_reg\ (fanout=1)
        Properties               : 
        {
        }

    [McSlotId=1]: (empty)
    [McSlotId=2]: (empty)
    [McSlotId=3]: (empty)
}

LAB@[UDB=(0,1)][LB=1] #macrocells=4, #inputs=10, #pterms=6
{
    [McSlotId=0]:     MacroCell: Name=\SPI:BSPIM:load_cond\, Mode=(T-Register) @ [UDB=(0,1)][LB=1][MC=0]
        Total # of inputs        : 9
        Total # of product terms : 4
        List of special equations: 
            Clock  = (\SPI:Net_276_digital\) => Global
            Clock Enable: True
        Main Equation            : 4 pterms
        (
              !\SPI:BSPIM:state_2\ * !\SPI:BSPIM:count_4\ * 
              !\SPI:BSPIM:count_3\ * !\SPI:BSPIM:count_2\ * 
              !\SPI:BSPIM:count_1\ * !\SPI:BSPIM:count_0\ * 
              \SPI:BSPIM:load_cond\
            + \SPI:BSPIM:state_2\ * !\SPI:BSPIM:state_1\ * 
              !\SPI:BSPIM:state_0\ * !\SPI:BSPIM:load_cond\
            + \SPI:BSPIM:state_1\ * !\SPI:BSPIM:count_4\ * 
              !\SPI:BSPIM:count_3\ * !\SPI:BSPIM:count_2\ * 
              !\SPI:BSPIM:count_1\ * !\SPI:BSPIM:count_0\ * 
              \SPI:BSPIM:load_cond\
            + \SPI:BSPIM:state_0\ * !\SPI:BSPIM:count_4\ * 
              !\SPI:BSPIM:count_3\ * !\SPI:BSPIM:count_2\ * 
              !\SPI:BSPIM:count_1\ * !\SPI:BSPIM:count_0\ * 
              \SPI:BSPIM:load_cond\
        );
        Output = \SPI:BSPIM:load_cond\ (fanout=1)
        Properties               : 
        {
        }

    [McSlotId=1]:     MacroCell: Name=\SPI:BSPIM:dpcounter_one\, Mode=(Combinatorial) @ [UDB=(0,1)][LB=1][MC=1]
        Total # of inputs        : 5
        Total # of product terms : 1
            Clock Enable: True
        Main Equation            : 1 pterm
        (
              !\SPI:BSPIM:count_4\ * !\SPI:BSPIM:count_3\ * 
              !\SPI:BSPIM:count_2\ * !\SPI:BSPIM:count_1\ * 
              \SPI:BSPIM:count_0\
        );
        Output = \SPI:BSPIM:dpcounter_one\ (fanout=1)
        Properties               : 
        {
        }

    [McSlotId=2]:     MacroCell: Name=\SPI:BSPIM:rx_status_6\, Mode=(Combinatorial) @ [UDB=(0,1)][LB=1][MC=2]
        Total # of inputs        : 6
        Total # of product terms : 1
            Clock Enable: True
        Main Equation            : 1 pterm
        (
              !\SPI:BSPIM:count_4\ * !\SPI:BSPIM:count_3\ * 
              !\SPI:BSPIM:count_2\ * !\SPI:BSPIM:count_1\ * 
              \SPI:BSPIM:count_0\ * \SPI:BSPIM:rx_status_4\
        );
        Output = \SPI:BSPIM:rx_status_6\ (fanout=1)
        Properties               : 
        {
        }

    [McSlotId=3]:     MacroCell: Name=\SPI:BSPIM:load_rx_data\, Mode=(D-Register) @ [UDB=(0,1)][LB=1][MC=3]
        Total # of inputs        : 5
        Total # of product terms : 1
        List of special equations: 
            Clock  = (\SPI:Net_276_digital\) => Global
            Clock Enable: True
        Main Equation            : 1 pterm
        (
              !\SPI:BSPIM:count_4\ * !\SPI:BSPIM:count_3\ * 
              !\SPI:BSPIM:count_2\ * !\SPI:BSPIM:count_1\ * 
              \SPI:BSPIM:count_0\
        );
        Output = \SPI:BSPIM:load_rx_data\ (fanout=1)
        Properties               : 
        {
        }
}

datapathcell: Name =\SPI:BSPIM:sR8:Dp:u0\
    PORT MAP (
        clock => \SPI:Net_276_digital\ ,
        cs_addr_2 => \SPI:BSPIM:state_2\ ,
        cs_addr_1 => \SPI:BSPIM:state_1\ ,
        cs_addr_0 => \SPI:BSPIM:state_0\ ,
        route_si => Net_19 ,
        f1_load => \SPI:BSPIM:load_rx_data\ ,
        so_comb => \SPI:BSPIM:mosi_from_dp\ ,
        f0_bus_stat_comb => \SPI:BSPIM:tx_status_2\ ,
        f0_blk_stat_comb => \SPI:BSPIM:tx_status_1\ ,
        f1_bus_stat_comb => \SPI:BSPIM:rx_status_5\ ,
        f1_blk_stat_comb => \SPI:BSPIM:rx_status_4\ );
    Properties:
    {
        a0_init = "00000000"
        a1_init = "00000000"
        ce0_sync = 1
        ce1_sync = 1
        cl0_sync = 1
        cl1_sync = 1
        cmsb_sync = 1
        co_msb_sync = 1
        cy_dpconfig = "0000000000000000000000001100000000000001010000000001000100010000000000011100000000010001000000000000000101000000000000010100000011111111000000001111111111111111000000000010001000001100111100000000000000000100"
        d0_init = "00000000"
        d1_init = "00000000"
        f0_blk_sync = 1
        f0_bus_sync = 1
        f1_blk_sync = 1
        f1_bus_sync = 1
        ff0_sync = 1
        ff1_sync = 1
        ov_msb_sync = 1
        so_sync = 1
        z0_sync = 1
        z1_sync = 1
    }
    Clock Polarity: Active High
    Clock Enable: True

count7cell: Name =\SPI:BSPIM:BitCounter\
    PORT MAP (
        clock => \SPI:Net_276_digital\ ,
        enable => \SPI:BSPIM:cnt_enable\ ,
        count_6 => \SPI:BSPIM:count_6\ ,
        count_5 => \SPI:BSPIM:count_5\ ,
        count_4 => \SPI:BSPIM:count_4\ ,
        count_3 => \SPI:BSPIM:count_3\ ,
        count_2 => \SPI:BSPIM:count_2\ ,
        count_1 => \SPI:BSPIM:count_1\ ,
        count_0 => \SPI:BSPIM:count_0\ ,
        tc => \SPI:BSPIM:cnt_tc\ );
    Properties:
    {
        cy_alt_mode = 0
        cy_init_value = "0000000"
        cy_period = "0001111"
        cy_route_en = 1
        cy_route_ld = 0
    }
    Clock Polarity: Active High
    Clock Enable: True

UDB [UDB=(1,0)] contents:
LAB@[UDB=(1,0)][LB=0] #macrocells=1, #inputs=6, #pterms=6
{
    [McSlotId=0]: (empty)
    [McSlotId=1]:     MacroCell: Name=\SPI:BSPIM:mosi_hs_reg\, Mode=(D-Register) @ [UDB=(1,0)][LB=0][MC=1]
        Total # of inputs        : 6
        Total # of product terms : 6
        List of special equations: 
            Clock  = (\SPI:Net_276_digital\) => Global
            Clock Enable: True
        Main Equation            : 6 pterms
        (
              !\SPI:BSPIM:state_2\ * !\SPI:BSPIM:state_1\ * 
              \SPI:BSPIM:state_0\ * \SPI:BSPIM:mosi_from_dp\
            + !\SPI:BSPIM:state_2\ * \SPI:BSPIM:state_1\ * 
              \SPI:BSPIM:state_0\ * \SPI:BSPIM:mosi_from_dp_reg\
            + !\SPI:BSPIM:state_2\ * !\SPI:BSPIM:state_0\ * 
              \SPI:BSPIM:mosi_hs_reg\
            + \SPI:BSPIM:state_2\ * \SPI:BSPIM:state_1\ * 
              !\SPI:BSPIM:state_0\ * \SPI:BSPIM:mosi_from_dp\
            + \SPI:BSPIM:state_2\ * \SPI:BSPIM:state_0\ * 
              \SPI:BSPIM:mosi_hs_reg\
            + !\SPI:BSPIM:state_1\ * !\SPI:BSPIM:state_0\ * 
              \SPI:BSPIM:mosi_hs_reg\
        );
        Output = \SPI:BSPIM:mosi_hs_reg\ (fanout=2)
        Properties               : 
        {
        }

    [McSlotId=2]: (empty)
    [McSlotId=3]: (empty)
}

LAB@[UDB=(1,0)][LB=1] #macrocells=3, #inputs=6, #pterms=7
{
    [McSlotId=0]:     MacroCell: Name=Net_25, Mode=(D-Register) @ [UDB=(1,0)][LB=1][MC=0]
        Total # of inputs        : 4
        Total # of product terms : 3
        List of special equations: 
            Clock  = (\SPI:Net_276_digital\) => Global
            Clock Enable: True
        Main Equation            : 3 pterms
        !(
              !Net_25 * !\SPI:BSPIM:state_2\ * \SPI:BSPIM:state_0\
            + !\SPI:BSPIM:state_2\ * \SPI:BSPIM:state_1\ * 
              \SPI:BSPIM:state_0\
            + \SPI:BSPIM:state_2\ * \SPI:BSPIM:state_1\ * 
              !\SPI:BSPIM:state_0\
        );
        Output = Net_25 (fanout=2)
        Properties               : 
        {
        }

    [McSlotId=1]:     MacroCell: Name=Net_94, Mode=(T-Register) @ [UDB=(1,0)][LB=1][MC=1]
        Total # of inputs        : 4
        Total # of product terms : 3
        List of special equations: 
            Clock  = (\SPI:Net_276_digital\) => Global
            Clock Enable: True
        Main Equation            : 3 pterms
        (
              !\SPI:BSPIM:state_2\ * !\SPI:BSPIM:state_1\ * 
              !\SPI:BSPIM:state_0\ * !Net_94
            + !\SPI:BSPIM:state_2\ * !\SPI:BSPIM:state_1\ * 
              \SPI:BSPIM:state_0\ * Net_94
            + \SPI:BSPIM:state_2\ * \SPI:BSPIM:state_1\ * \SPI:BSPIM:state_0\ * 
              !Net_94
        );
        Output = Net_94 (fanout=2)
        Properties               : 
        {
        }

    [McSlotId=2]:     MacroCell: Name=Net_23, Mode=(Combinatorial) @ [UDB=(1,0)][LB=1][MC=2]
        Total # of inputs        : 2
        Total # of product terms : 1
            Clock Enable: True
        Main Equation            : 1 pterm
        (
              !Net_94 * \SPI:BSPIM:mosi_hs_reg\
        );
        Output = Net_23 (fanout=1)
        Properties               : 
        {
        }

    [McSlotId=3]: (empty)
}

UDB [UDB=(1,1)] contents:
LAB@[UDB=(1,1)][LB=0] #macrocells=1, #inputs=1, #pterms=1
{
    [McSlotId=0]: (empty)
    [McSlotId=1]: (empty)
    [McSlotId=2]: (empty)
    [McSlotId=3]:     MacroCell: Name=\SPI:BSPIM:mosi_from_dp_reg\, Mode=(D-Register) @ [UDB=(1,1)][LB=0][MC=3]
        Total # of inputs        : 1
        Total # of product terms : 1
        List of special equations: 
            Clock  = (\SPI:Net_276_digital\) => Global
            Clock Enable: True
        Main Equation            : 1 pterm
        (
              \SPI:BSPIM:mosi_from_dp\
        );
        Output = \SPI:BSPIM:mosi_from_dp_reg\ (fanout=1)
        Properties               : 
        {
        }
}

LAB@[UDB=(1,1)][LB=1] #macrocells=1, #inputs=4, #pterms=2
{
    [McSlotId=0]: (empty)
    [McSlotId=1]: (empty)
    [McSlotId=2]:     MacroCell: Name=\SPI:BSPIM:ld_ident\, Mode=(T-Register) @ [UDB=(1,1)][LB=1][MC=2]
        Total # of inputs        : 4
        Total # of product terms : 2
        List of special equations: 
            Clock  = (\SPI:Net_276_digital\) => Global
            Clock Enable: True
        Main Equation            : 2 pterms
        (
              \SPI:BSPIM:state_2\ * !\SPI:BSPIM:state_1\ * 
              !\SPI:BSPIM:state_0\ * !\SPI:BSPIM:ld_ident\
            + \SPI:BSPIM:state_2\ * \SPI:BSPIM:state_1\ * \SPI:BSPIM:state_0\ * 
              \SPI:BSPIM:ld_ident\
        );
        Output = \SPI:BSPIM:ld_ident\ (fanout=2)
        Properties               : 
        {
        }

    [McSlotId=3]: (empty)
}

statusicell: Name =\SPI:BSPIM:RxStsReg\
    PORT MAP (
        clock => \SPI:Net_276_digital\ ,
        status_6 => \SPI:BSPIM:rx_status_6\ ,
        status_5 => \SPI:BSPIM:rx_status_5\ ,
        status_4 => \SPI:BSPIM:rx_status_4\ );
    Properties:
    {
        cy_force_order = 1
        cy_int_mask = "0000000"
        cy_md_select = "1000000"
    }
    Clock Polarity: Active High
    Clock Enable: True

Intr hod @ [IntrHod=(0)]: empty
Port 0 contains the following IO cells:
[IoId=0]: 
Pin : Name = SDCS(0)
    Attributes:
        In Group/Port: True
        In Sync Option: AUTO
        Out Sync Option: NOSYNC
        Interrupt generated: False
        Interrupt mode: NONE
        Drive mode: CMOS_OUT
        VTrip: EITHER
        Slew: FAST
        Input Sync needed: False
        Output Sync needed: False
        SC shield enabled: False
        POR State: ANY
        LCD Mode: COMMON
        Register Mode: RegComb
        CaSense Mode: NEITHER
        Treat as pin: True
        Is OE Registered: False
        Uses Analog: False
        Can contain Digital: True
        Is SIO: False
        SIO Output Buf: NONREGULATED
        SIO Input Buf: SINGLE_ENDED
        SIO HiFreq: LOW
        SIO Hyst: DISABLED
        SIO Vtrip: MULTIPLIER_0_5
        SIO RefSel: VCC_IO
        Required Capabilitites: DIGITAL
        Initial Value: 1
        IO Voltage: 0
    PORT MAP (
        pa_out => SDCS(0)__PA ,
        pad => SDCS(0)_PAD );
    Properties:
    {
    }

[IoId=6]: 
Pin : Name = ENET_SCLK(0)
    Attributes:
        In Group/Port: True
        In Sync Option: AUTO
        Out Sync Option: NOSYNC
        Interrupt generated: False
        Interrupt mode: NONE
        Drive mode: CMOS_OUT
        VTrip: EITHER
        Slew: FAST
        Input Sync needed: False
        Output Sync needed: False
        SC shield enabled: False
        POR State: ANY
        LCD Mode: COMMON
        Register Mode: RegComb
        CaSense Mode: NEITHER
        Treat as pin: True
        Is OE Registered: False
        Uses Analog: False
        Can contain Digital: True
        Is SIO: False
        SIO Output Buf: NONREGULATED
        SIO Input Buf: SINGLE_ENDED
        SIO HiFreq: LOW
        SIO Hyst: DISABLED
        SIO Vtrip: MULTIPLIER_0_5
        SIO RefSel: VCC_IO
        Required Capabilitites: DIGITAL, ROUTABLE
        Initial Value: 1
        IO Voltage: 0
    PORT MAP (
        pa_out => ENET_SCLK(0)__PA ,
        input => Net_25 ,
        pad => ENET_SCLK(0)_PAD );
    Properties:
    {
    }

Port 1 is empty
Port 2 is empty
Port 3 contains the following IO cells:
[IoId=0]: 
Pin : Name = ENET_MOSI(0)
    Attributes:
        In Group/Port: True
        In Sync Option: AUTO
        Out Sync Option: NOSYNC
        Interrupt generated: False
        Interrupt mode: NONE
        Drive mode: CMOS_OUT
        VTrip: EITHER
        Slew: FAST
        Input Sync needed: False
        Output Sync needed: False
        SC shield enabled: False
        POR State: ANY
        LCD Mode: COMMON
        Register Mode: RegComb
        CaSense Mode: NEITHER
        Treat as pin: True
        Is OE Registered: False
        Uses Analog: False
        Can contain Digital: True
        Is SIO: False
        SIO Output Buf: NONREGULATED
        SIO Input Buf: SINGLE_ENDED
        SIO HiFreq: LOW
        SIO Hyst: DISABLED
        SIO Vtrip: MULTIPLIER_0_5
        SIO RefSel: VCC_IO
        Required Capabilitites: DIGITAL, ROUTABLE
        Initial Value: 1
        IO Voltage: 0
    PORT MAP (
        pa_out => ENET_MOSI(0)__PA ,
        input => Net_23 ,
        pad => ENET_MOSI(0)_PAD );
    Properties:
    {
    }

[IoId=1]: 
Pin : Name = ENET_MISO(0)
    Attributes:
        In Group/Port: True
        In Sync Option: NOSYNC
        Out Sync Option: AUTO
        Interrupt generated: False
        Interrupt mode: NONE
        Drive mode: HI_Z_DIGITAL
        VTrip: CMOS
        Slew: FAST
        Input Sync needed: False
        Output Sync needed: False
        SC shield enabled: False
        POR State: ANY
        LCD Mode: COMMON
        Register Mode: RegComb
        CaSense Mode: NEITHER
        Treat as pin: True
        Is OE Registered: False
        Uses Analog: False
        Can contain Digital: True
        Is SIO: False
        SIO Output Buf: NONREGULATED
        SIO Input Buf: SINGLE_ENDED
        SIO HiFreq: LOW
        SIO Hyst: DISABLED
        SIO Vtrip: MULTIPLIER_0_5
        SIO RefSel: VCC_IO
        Required Capabilitites: DIGITAL, ROUTABLE
        Initial Value: 0
        IO Voltage: 0
    PORT MAP (
        pa_out => ENET_MISO(0)__PA ,
        fb => Net_19 ,
        pad => ENET_MISO(0)_PAD );
    Properties:
    {
    }

[IoId=4]: 
Pin : Name = ENET_CSN(0)
    Attributes:
        In Group/Port: True
        In Sync Option: AUTO
        Out Sync Option: NOSYNC
        Interrupt generated: False
        Interrupt mode: NONE
        Drive mode: CMOS_OUT
        VTrip: EITHER
        Slew: FAST
        Input Sync needed: False
        Output Sync needed: False
        SC shield enabled: False
        POR State: ANY
        LCD Mode: COMMON
        Register Mode: RegComb
        CaSense Mode: NEITHER
        Treat as pin: True
        Is OE Registered: False
        Uses Analog: False
        Can contain Digital: True
        Is SIO: False
        SIO Output Buf: NONREGULATED
        SIO Input Buf: SINGLE_ENDED
        SIO HiFreq: LOW
        SIO Hyst: DISABLED
        SIO Vtrip: MULTIPLIER_0_5
        SIO RefSel: VCC_IO
        Required Capabilitites: DIGITAL
        Initial Value: 0
        IO Voltage: 0
    PORT MAP (
        pa_out => ENET_CSN(0)__PA ,
        pad => ENET_CSN(0)_PAD );
    Properties:
    {
    }

Port 4 is empty
Fixed Function block hod @ [FFB(Clock,0)]: 
    M0S8 Clock Block @ [FFB(Clock,0)]: 
    m0s8clockblockcell: Name =ClockBlock
        PORT MAP (
            lfclk => ClockBlock_LFCLK ,
            ilo => ClockBlock_ILO ,
            sysclk => ClockBlock_SYSCLK ,
            ext => ClockBlock_EXTCLK ,
            imo => ClockBlock_IMO ,
            hfclk => ClockBlock_HFCLK ,
            udb_div_0 => dclk_to_genclk );
        Properties:
        {
        }
Fixed Function block hod @ [FFB(PM,0)]: empty
Fixed Function block hod @ [FFB(SPC,0)]: empty
Fixed Function block hod @ [FFB(WDT,0)]: empty
Fixed Function block hod @ [FFB(FSS,0)]: empty
Fixed Function block hod @ [FFB(LPCOMP,0)]: empty
Fixed Function block hod @ [FFB(SCB,0)]: empty
Fixed Function block hod @ [FFB(CSD,0)]: empty
Fixed Function block hod @ [FFB(CSIDAC8,0)]: empty
Fixed Function block hod @ [FFB(CSIDAC7,0)]: empty
Fixed Function block hod @ [FFB(TCPWM,0)]: empty
Fixed Function block hod @ [FFB(OA,0)]: empty
Fixed Function block hod @ [FFB(TEMP,0)]: empty
Fixed Function block hod @ [FFB(SARADC,0)]: empty
Fixed Function block hod @ [FFB(M0S8LCD,0)]: empty
Fixed Function block hod @ [FFB(CLK_GEN,0)]: 
    M0S8 Clock Gen Block @ [FFB(CLK_GEN,0)]: 
    m0s8clockgenblockcell: Name =ClockGenBlock
        PORT MAP (
            gen_clk_out_0 => \SPI:Net_276_digital\ ,
            gen_clk_in_0 => dclk_to_genclk );
        Properties:
        {
        }
Fixed Function block hod @ [FFB(LPCOMPBLOCK,0)]: empty
Fixed Function block hod @ [FFB(CTBMBLOCK,0)]: empty
Fixed Function block hod @ [FFB(ANAPUMP,0)]: empty
</CYPRESSTAG>
<CYPRESSTAG name="Port Configuration Details">

------------------------------------------------------------
Port Configuration report
------------------------------------------------------------
     |     |       | Interrupt |                  |              | 
Port | Pin | Fixed |      Type |       Drive Mode |         Name | Connections
-----+-----+-------+-----------+------------------+--------------+------------
   0 |   0 |     * |      NONE |         CMOS_OUT |      SDCS(0) | 
     |   6 |     * |      NONE |         CMOS_OUT | ENET_SCLK(0) | In(Net_25)
-----+-----+-------+-----------+------------------+--------------+------------
   3 |   0 |     * |      NONE |         CMOS_OUT | ENET_MOSI(0) | In(Net_23)
     |   1 |     * |      NONE |     HI_Z_DIGITAL | ENET_MISO(0) | FB(Net_19)
     |   4 |     * |      NONE |         CMOS_OUT |  ENET_CSN(0) | 
------------------------------------------------------------------------------
</CYPRESSTAG>
</CYPRESSTAG>
</CYPRESSTAG>
Digital component placer commit/Report: Elapsed time ==> 0s.003ms
Digital Placement phase: Elapsed time ==> 0s.931ms
</CYPRESSTAG>
<CYPRESSTAG name="Digital Routing">
Routing successful.
Digital Routing phase: Elapsed time ==> 1s.123ms
</CYPRESSTAG>
<CYPRESSTAG name="Bitstream and API generation">
Bitstream and API generation phase: Elapsed time ==> 0s.220ms
</CYPRESSTAG>
<CYPRESSTAG name="Bitstream verification">
Bitstream verification phase: Elapsed time ==> 0s.057ms
</CYPRESSTAG>
<CYPRESSTAG name="Static timing analysis">
Timing report is in PSoCPioneer+Arduino_Example_timing.html.
Static timing analysis phase: Elapsed time ==> 0s.444ms
</CYPRESSTAG>
<CYPRESSTAG name="Data reporting">
Data reporting phase: Elapsed time ==> 0s.000ms
</CYPRESSTAG>
<CYPRESSTAG name="Database update...">
Design database save phase: Elapsed time ==> 0s.208ms
</CYPRESSTAG>
cydsfit: Elapsed time ==> 3s.343ms
</CYPRESSTAG>
Fitter phase: Elapsed time ==> 3s.487ms
API generation phase: Elapsed time ==> 0s.910ms
Dependency generation phase: Elapsed time ==> 0s.015ms
Cleanup phase: Elapsed time ==> 0s.001ms
