ARM GAS  C:\Users\CHUCK~1.ERH\AppData\Local\Temp\ccOUPbkM.s 			page 1


   1              		.cpu cortex-m0
   2              		.fpu softvfp
   3              		.eabi_attribute 20, 1
   4              		.eabi_attribute 21, 1
   5              		.eabi_attribute 23, 3
   6              		.eabi_attribute 24, 1
   7              		.eabi_attribute 25, 1
   8              		.eabi_attribute 26, 1
   9              		.eabi_attribute 30, 6
  10              		.eabi_attribute 34, 0
  11              		.eabi_attribute 18, 4
  12              		.code	16
  13              		.file	"main.c"
  14              		.text
  15              	.Ltext0:
  16              		.cfi_sections	.debug_frame
  17              		.section	.rodata
  18              		.align	2
  19              	.LC0:
  20 0000 57656C63 		.ascii	"Welcome to the PSoC4 Pioneer Board!\015\012\000"
  20      6F6D6520 
  20      746F2074 
  20      68652050 
  20      536F4334 
  21 0026 0000     		.align	2
  22              	.LC2:
  23 0028 2D2D2D2D 		.ascii	"---------------------------------------------------"
  23      2D2D2D2D 
  23      2D2D2D2D 
  23      2D2D2D2D 
  23      2D2D2D2D 
  24 005b 2D2D2D2D 		.ascii	"-------------------------\015\012\015\012\000"
  24      2D2D2D2D 
  24      2D2D2D2D 
  24      2D2D2D2D 
  24      2D2D2D2D 
  25 0079 000000   		.align	2
  26              	.LC4:
  27 007c 506C6561 		.ascii	"Please Press a key: \000"
  27      73652050 
  27      72657373 
  27      2061206B 
  27      65793A20 
  28 0091 000000   		.align	2
  29              	.LC6:
  30 0094 5C200D00 		.ascii	"\\ \015\000"
  31              		.align	2
  32              	.LC8:
  33 0098 7C0D00   		.ascii	"|\015\000"
  34 009b 00       		.align	2
  35              	.LC10:
  36 009c 2F0D00   		.ascii	"/\015\000"
  37 009f 00       		.align	2
  38              	.LC12:
  39 00a0 2D0D00   		.ascii	"-\015\000"
  40 00a3 00       		.align	2
  41              	.LC14:
ARM GAS  C:\Users\CHUCK~1.ERH\AppData\Local\Temp\ccOUPbkM.s 			page 2


  42 00a4 0D0A5468 		.ascii	"\015\012Thank You! :-) \000"
  42      616E6B20 
  42      596F7521 
  42      203A2D29 
  42      2000
  43 00b6 0000     		.section	.text.main,"ax",%progbits
  44              		.align	2
  45              		.global	main
  46              		.code	16
  47              		.thumb_func
  48              		.type	main, %function
  49              	main:
  50              	.LFB33:
  51              		.file 1 ".\\main.c"
   1:.\main.c      **** /* ========================================
   2:.\main.c      ****  *
   3:.\main.c      ****  * Copyright YOUR COMPANY, THE YEAR
   4:.\main.c      ****  * All Rights Reserved
   5:.\main.c      ****  * UNPUBLISHED, LICENSED SOFTWARE.
   6:.\main.c      ****  *
   7:.\main.c      ****  * CONFIDENTIAL AND PROPRIETARY INFORMATION
   8:.\main.c      ****  * WHICH IS THE PROPERTY OF your company.
   9:.\main.c      ****  *
  10:.\main.c      ****  * ========================================
  11:.\main.c      **** */
  12:.\main.c      **** #include <project.h>
  13:.\main.c      **** 
  14:.\main.c      **** int main()
  15:.\main.c      **** {
  52              		.loc 1 15 0
  53              		.cfi_startproc
  54 0000 90B5     		push	{r4, r7, lr}
  55              	.LCFI0:
  56              		.cfi_def_cfa_offset 12
  57              		.cfi_offset 4, -12
  58              		.cfi_offset 7, -8
  59              		.cfi_offset 14, -4
  60 0002 A3B0     		sub	sp, sp, #140
  61              	.LCFI1:
  62              		.cfi_def_cfa_offset 152
  63 0004 00AF     		add	r7, sp, #0
  64              	.LCFI2:
  65              		.cfi_def_cfa_register 7
  16:.\main.c      **** 	char buffer[128];
  17:.\main.c      **** 	uint8 socket;
  18:.\main.c      **** 	uint16 length;
  19:.\main.c      **** 	int temp;
  20:.\main.c      **** 	
  21:.\main.c      ****     /* Place your initialization/startup code here (e.g. MyInst_Start()) */
  22:.\main.c      **** 	SPI0_Start();
  66              		.loc 1 22 0
  67 0006 FFF7FEFF 		bl	SPI0_Start
  23:.\main.c      **** 	ETH0_Start();
  68              		.loc 1 23 0
  69 000a FFF7FEFF 		bl	ETH0_Start
  70              	.L12:
  24:.\main.c      **** 	
ARM GAS  C:\Users\CHUCK~1.ERH\AppData\Local\Temp\ccOUPbkM.s 			page 3


  25:.\main.c      **** //    CyGlobalIntEnable; /* Uncomment this line to enable global interrupts. */
  26:.\main.c      **** 	
  27:.\main.c      **** 	
  28:.\main.c      ****     for(;;)
  29:.\main.c      ****     {
  30:.\main.c      ****         /* Place your application code here. */
  31:.\main.c      **** 		socket = ETH0_TcpOpen( 23 );
  71              		.loc 1 31 0
  72 000e 3C1C     		mov	r4, r7
  73 0010 8334     		add	r4, r4, #131
  74 0012 1720     		mov	r0, #23
  75 0014 FFF7FEFF 		bl	ETH0_TcpOpen
  76 0018 031C     		mov	r3, r0
  77 001a 2370     		strb	r3, [r4]
  32:.\main.c      **** 		ETH0_TcpStartServer( socket );
  78              		.loc 1 32 0
  79 001c 3B1C     		mov	r3, r7
  80 001e 8333     		add	r3, r3, #131
  81 0020 1B78     		ldrb	r3, [r3]
  82 0022 181C     		mov	r0, r3
  83 0024 FFF7FEFF 		bl	ETH0_TcpStartServer
  33:.\main.c      **** 		while ( !ETH0_TcpConnected( socket ) ) {
  84              		.loc 1 33 0
  85 0028 20E0     		b	.L2
  86              	.L3:
  87              	.LBB2:
  34:.\main.c      **** 			/*
  35:.\main.c      **** 			 * While we are waiting for the client to attach
  36:.\main.c      **** 			 * to the server, flash some random colors on the
  37:.\main.c      **** 			 * LED to provide entertainment.
  38:.\main.c      **** 			 */
  39:.\main.c      **** 			RED_Write( rand() & 0xFE);
  88              		.loc 1 39 0
  89 002a FFF7FEFF 		bl	rand
  90 002e 031C     		mov	r3, r0
  91 0030 DBB2     		uxtb	r3, r3
  92 0032 0122     		mov	r2, #1
  93 0034 9343     		bic	r3, r2
  94 0036 DBB2     		uxtb	r3, r3
  95 0038 181C     		mov	r0, r3
  96 003a FFF7FEFF 		bl	RED_Write
  40:.\main.c      **** 			GREEN_Write( rand() & 0xFE);
  97              		.loc 1 40 0
  98 003e FFF7FEFF 		bl	rand
  99 0042 031C     		mov	r3, r0
 100 0044 DBB2     		uxtb	r3, r3
 101 0046 0122     		mov	r2, #1
 102 0048 9343     		bic	r3, r2
 103 004a DBB2     		uxtb	r3, r3
 104 004c 181C     		mov	r0, r3
 105 004e FFF7FEFF 		bl	GREEN_Write
  41:.\main.c      **** 			BLUE_Write( rand() & 0xFE) ;
 106              		.loc 1 41 0
 107 0052 FFF7FEFF 		bl	rand
 108 0056 031C     		mov	r3, r0
 109 0058 DBB2     		uxtb	r3, r3
 110 005a 0122     		mov	r2, #1
ARM GAS  C:\Users\CHUCK~1.ERH\AppData\Local\Temp\ccOUPbkM.s 			page 4


 111 005c 9343     		bic	r3, r2
 112 005e DBB2     		uxtb	r3, r3
 113 0060 181C     		mov	r0, r3
 114 0062 FFF7FEFF 		bl	BLUE_Write
  42:.\main.c      **** 			/* wait for a connection, and delay the flashes */
  43:.\main.c      **** 			CyDelay(100);
 115              		.loc 1 43 0
 116 0066 6420     		mov	r0, #100
 117 0068 FFF7FEFF 		bl	CyDelay
 118              	.L2:
 119              	.LBE2:
  33:.\main.c      **** 		while ( !ETH0_TcpConnected( socket ) ) {
 120              		.loc 1 33 0 discriminator 1
 121 006c 3B1C     		mov	r3, r7
 122 006e 8333     		add	r3, r3, #131
 123 0070 1B78     		ldrb	r3, [r3]
 124 0072 181C     		mov	r0, r3
 125 0074 FFF7FEFF 		bl	ETH0_TcpConnected
 126 0078 031C     		mov	r3, r0
 127 007a 002B     		cmp	r3, #0
 128 007c D5D0     		beq	.L3
  44:.\main.c      **** 		}
  45:.\main.c      **** 		/*
  46:.\main.c      **** 		 * Send the Logon welcom message to the client.
  47:.\main.c      **** 		 */
  48:.\main.c      **** 		ETH0_TcpPrint(socket,"Welcome to the PSoC4 Pioneer Board!\r\n");
 129              		.loc 1 48 0
 130 007e 3B1C     		mov	r3, r7
 131 0080 8333     		add	r3, r3, #131
 132 0082 1A78     		ldrb	r2, [r3]
 133 0084 484B     		ldr	r3, .L13
 134 0086 101C     		mov	r0, r2
 135 0088 191C     		mov	r1, r3
 136 008a FFF7FEFF 		bl	ETH0_TcpPrint
  49:.\main.c      **** 		ETH0_TcpPrint(socket,"---------------------------------------------------------------------------
 137              		.loc 1 49 0
 138 008e 3B1C     		mov	r3, r7
 139 0090 8333     		add	r3, r3, #131
 140 0092 1A78     		ldrb	r2, [r3]
 141 0094 454B     		ldr	r3, .L13+4
 142 0096 101C     		mov	r0, r2
 143 0098 191C     		mov	r1, r3
 144 009a FFF7FEFF 		bl	ETH0_TcpPrint
  50:.\main.c      **** 		temp = 0;
 145              		.loc 1 50 0
 146 009e 0023     		mov	r3, #0
 147 00a0 8422     		mov	r2, #132
 148 00a2 D219     		add	r2, r2, r7
 149 00a4 1360     		str	r3, [r2]
  51:.\main.c      **** 		while( ETH0_SocketRxDataWaiting(socket) == 0) {
 150              		.loc 1 51 0
 151 00a6 45E0     		b	.L4
 152              	.L11:
  52:.\main.c      **** 			ETH0_TcpPrint(socket, "Please Press a key: ");
 153              		.loc 1 52 0
 154 00a8 3B1C     		mov	r3, r7
 155 00aa 8333     		add	r3, r3, #131
ARM GAS  C:\Users\CHUCK~1.ERH\AppData\Local\Temp\ccOUPbkM.s 			page 5


 156 00ac 1A78     		ldrb	r2, [r3]
 157 00ae 404B     		ldr	r3, .L13+8
 158 00b0 101C     		mov	r0, r2
 159 00b2 191C     		mov	r1, r3
 160 00b4 FFF7FEFF 		bl	ETH0_TcpPrint
  53:.\main.c      **** 			switch(temp) {
 161              		.loc 1 53 0
 162 00b8 8422     		mov	r2, #132
 163 00ba D219     		add	r2, r2, r7
 164 00bc 1368     		ldr	r3, [r2]
 165 00be 012B     		cmp	r3, #1
 166 00c0 11D0     		beq	.L7
 167 00c2 02DC     		bgt	.L10
 168 00c4 002B     		cmp	r3, #0
 169 00c6 05D0     		beq	.L6
 170 00c8 28E0     		b	.L5
 171              	.L10:
 172 00ca 022B     		cmp	r3, #2
 173 00cc 14D0     		beq	.L8
 174 00ce 032B     		cmp	r3, #3
 175 00d0 1BD0     		beq	.L9
 176 00d2 23E0     		b	.L5
 177              	.L6:
  54:.\main.c      **** 				case 0:
  55:.\main.c      **** 					ETH0_TcpPrint(socket, "\\ \r");
 178              		.loc 1 55 0
 179 00d4 3B1C     		mov	r3, r7
 180 00d6 8333     		add	r3, r3, #131
 181 00d8 1A78     		ldrb	r2, [r3]
 182 00da 364B     		ldr	r3, .L13+12
 183 00dc 101C     		mov	r0, r2
 184 00de 191C     		mov	r1, r3
 185 00e0 FFF7FEFF 		bl	ETH0_TcpPrint
  56:.\main.c      **** 					break;
 186              		.loc 1 56 0
 187 00e4 1AE0     		b	.L5
 188              	.L7:
  57:.\main.c      **** 				case 1:
  58:.\main.c      **** 					ETH0_TcpPrint(socket, "|\r");
 189              		.loc 1 58 0
 190 00e6 3B1C     		mov	r3, r7
 191 00e8 8333     		add	r3, r3, #131
 192 00ea 1A78     		ldrb	r2, [r3]
 193 00ec 324B     		ldr	r3, .L13+16
 194 00ee 101C     		mov	r0, r2
 195 00f0 191C     		mov	r1, r3
 196 00f2 FFF7FEFF 		bl	ETH0_TcpPrint
  59:.\main.c      **** 					break;
 197              		.loc 1 59 0
 198 00f6 11E0     		b	.L5
 199              	.L8:
  60:.\main.c      **** 				case 2:
  61:.\main.c      **** 					ETH0_TcpPrint(socket, "/\r");
 200              		.loc 1 61 0
 201 00f8 3B1C     		mov	r3, r7
 202 00fa 8333     		add	r3, r3, #131
 203 00fc 1A78     		ldrb	r2, [r3]
ARM GAS  C:\Users\CHUCK~1.ERH\AppData\Local\Temp\ccOUPbkM.s 			page 6


 204 00fe 2F4B     		ldr	r3, .L13+20
 205 0100 101C     		mov	r0, r2
 206 0102 191C     		mov	r1, r3
 207 0104 FFF7FEFF 		bl	ETH0_TcpPrint
  62:.\main.c      **** 					break;
 208              		.loc 1 62 0
 209 0108 08E0     		b	.L5
 210              	.L9:
  63:.\main.c      **** 				case 3:
  64:.\main.c      **** 					ETH0_TcpPrint(socket, "-\r");
 211              		.loc 1 64 0
 212 010a 3B1C     		mov	r3, r7
 213 010c 8333     		add	r3, r3, #131
 214 010e 1A78     		ldrb	r2, [r3]
 215 0110 2B4B     		ldr	r3, .L13+24
 216 0112 101C     		mov	r0, r2
 217 0114 191C     		mov	r1, r3
 218 0116 FFF7FEFF 		bl	ETH0_TcpPrint
  65:.\main.c      **** 					break;
 219              		.loc 1 65 0
 220 011a C046     		mov	r8, r8
 221              	.L5:
  66:.\main.c      **** 			}
  67:.\main.c      **** 			temp = (temp + 1) & 3;
 222              		.loc 1 67 0
 223 011c 8422     		mov	r2, #132
 224 011e D219     		add	r2, r2, r7
 225 0120 1368     		ldr	r3, [r2]
 226 0122 5A1C     		add	r2, r3, #1
 227 0124 0323     		mov	r3, #3
 228 0126 1340     		and	r3, r2
 229 0128 8422     		mov	r2, #132
 230 012a D219     		add	r2, r2, r7
 231 012c 1360     		str	r3, [r2]
  68:.\main.c      **** 			CyDelay(1);
 232              		.loc 1 68 0
 233 012e 0120     		mov	r0, #1
 234 0130 FFF7FEFF 		bl	CyDelay
 235              	.L4:
  51:.\main.c      **** 		while( ETH0_SocketRxDataWaiting(socket) == 0) {
 236              		.loc 1 51 0 discriminator 1
 237 0134 3B1C     		mov	r3, r7
 238 0136 8333     		add	r3, r3, #131
 239 0138 1B78     		ldrb	r3, [r3]
 240 013a 181C     		mov	r0, r3
 241 013c FFF7FEFF 		bl	ETH0_SocketRxDataWaiting
 242 0140 031C     		mov	r3, r0
 243 0142 002B     		cmp	r3, #0
 244 0144 B0D0     		beq	.L11
  69:.\main.c      **** 		}
  70:.\main.c      **** 		ETH0_TcpPrint(socket,"\r\nThank You! :-) ");
 245              		.loc 1 70 0
 246 0146 3B1C     		mov	r3, r7
 247 0148 8333     		add	r3, r3, #131
 248 014a 1A78     		ldrb	r2, [r3]
 249 014c 1D4B     		ldr	r3, .L13+28
 250 014e 101C     		mov	r0, r2
ARM GAS  C:\Users\CHUCK~1.ERH\AppData\Local\Temp\ccOUPbkM.s 			page 7


 251 0150 191C     		mov	r1, r3
 252 0152 FFF7FEFF 		bl	ETH0_TcpPrint
  71:.\main.c      **** 		length = ETH0_TcpReceive(socket,(uint8*)&buffer[0],128);
 253              		.loc 1 71 0
 254 0156 3C1C     		mov	r4, r7
 255 0158 8034     		add	r4, r4, #128
 256 015a 3B1C     		mov	r3, r7
 257 015c 8333     		add	r3, r3, #131
 258 015e 1A78     		ldrb	r2, [r3]
 259 0160 3B1C     		mov	r3, r7
 260 0162 101C     		mov	r0, r2
 261 0164 191C     		mov	r1, r3
 262 0166 8022     		mov	r2, #128
 263 0168 FFF7FEFF 		bl	ETH0_TcpReceive
 264 016c 031C     		mov	r3, r0
 265 016e 2380     		strh	r3, [r4]
  72:.\main.c      **** 		ETH0_TcpSend(socket,(uint8*)&buffer[0],length);
 266              		.loc 1 72 0
 267 0170 3B1C     		mov	r3, r7
 268 0172 8333     		add	r3, r3, #131
 269 0174 1978     		ldrb	r1, [r3]
 270 0176 3A1C     		mov	r2, r7
 271 0178 3B1C     		mov	r3, r7
 272 017a 8033     		add	r3, r3, #128
 273 017c 1B88     		ldrh	r3, [r3]
 274 017e 081C     		mov	r0, r1
 275 0180 111C     		mov	r1, r2
 276 0182 1A1C     		mov	r2, r3
 277 0184 FFF7FEFF 		bl	ETH0_TcpSend
  73:.\main.c      **** 		
  74:.\main.c      **** 		ETH0_TcpDisconnect( socket );
 278              		.loc 1 74 0
 279 0188 3B1C     		mov	r3, r7
 280 018a 8333     		add	r3, r3, #131
 281 018c 1B78     		ldrb	r3, [r3]
 282 018e 181C     		mov	r0, r3
 283 0190 FFF7FEFF 		bl	ETH0_TcpDisconnect
  75:.\main.c      **** 		ETH0_SocketClose( socket );
 284              		.loc 1 75 0
 285 0194 3B1C     		mov	r3, r7
 286 0196 8333     		add	r3, r3, #131
 287 0198 1B78     		ldrb	r3, [r3]
 288 019a 181C     		mov	r0, r3
 289 019c FFF7FEFF 		bl	ETH0_SocketClose
  76:.\main.c      **** 		CyDelay(10);
 290              		.loc 1 76 0
 291 01a0 0A20     		mov	r0, #10
 292 01a2 FFF7FEFF 		bl	CyDelay
  77:.\main.c      ****     }
 293              		.loc 1 77 0
 294 01a6 32E7     		b	.L12
 295              	.L14:
 296              		.align	2
 297              	.L13:
 298 01a8 00000000 		.word	.LC0
 299 01ac 28000000 		.word	.LC2
 300 01b0 7C000000 		.word	.LC4
ARM GAS  C:\Users\CHUCK~1.ERH\AppData\Local\Temp\ccOUPbkM.s 			page 8


 301 01b4 94000000 		.word	.LC6
 302 01b8 98000000 		.word	.LC8
 303 01bc 9C000000 		.word	.LC10
 304 01c0 A0000000 		.word	.LC12
 305 01c4 A4000000 		.word	.LC14
 306              		.cfi_endproc
 307              	.LFE33:
 308              		.size	main, .-main
 309              		.text
 310              	.Letext0:
 311              		.file 2 "./Generated_Source/PSoC4/cytypes.h"
 312              		.section	.debug_info,"",%progbits
 313              	.Ldebug_info0:
 314 0000 1A010000 		.4byte	0x11a
 315 0004 0200     		.2byte	0x2
 316 0006 00000000 		.4byte	.Ldebug_abbrev0
 317 000a 04       		.byte	0x4
 318 000b 01       		.uleb128 0x1
 319 000c C7000000 		.4byte	.LASF19
 320 0010 01       		.byte	0x1
 321 0011 67010000 		.4byte	.LASF20
 322 0015 33000000 		.4byte	.LASF21
 323 0019 00000000 		.4byte	.Ldebug_ranges0+0
 324 001d 00000000 		.4byte	0
 325 0021 00000000 		.4byte	0
 326 0025 00000000 		.4byte	.Ldebug_line0
 327 0029 02       		.uleb128 0x2
 328 002a 01       		.byte	0x1
 329 002b 06       		.byte	0x6
 330 002c 55010000 		.4byte	.LASF0
 331 0030 02       		.uleb128 0x2
 332 0031 01       		.byte	0x1
 333 0032 08       		.byte	0x8
 334 0033 10010000 		.4byte	.LASF1
 335 0037 02       		.uleb128 0x2
 336 0038 02       		.byte	0x2
 337 0039 05       		.byte	0x5
 338 003a 2C010000 		.4byte	.LASF2
 339 003e 02       		.uleb128 0x2
 340 003f 02       		.byte	0x2
 341 0040 07       		.byte	0x7
 342 0041 42010000 		.4byte	.LASF3
 343 0045 02       		.uleb128 0x2
 344 0046 04       		.byte	0x4
 345 0047 05       		.byte	0x5
 346 0048 23010000 		.4byte	.LASF4
 347 004c 02       		.uleb128 0x2
 348 004d 04       		.byte	0x4
 349 004e 07       		.byte	0x7
 350 004f 9E000000 		.4byte	.LASF5
 351 0053 02       		.uleb128 0x2
 352 0054 08       		.byte	0x8
 353 0055 05       		.byte	0x5
 354 0056 00000000 		.4byte	.LASF6
 355 005a 02       		.uleb128 0x2
 356 005b 08       		.byte	0x8
 357 005c 07       		.byte	0x7
ARM GAS  C:\Users\CHUCK~1.ERH\AppData\Local\Temp\ccOUPbkM.s 			page 9


 358 005d B0000000 		.4byte	.LASF7
 359 0061 03       		.uleb128 0x3
 360 0062 04       		.byte	0x4
 361 0063 05       		.byte	0x5
 362 0064 696E7400 		.ascii	"int\000"
 363 0068 02       		.uleb128 0x2
 364 0069 04       		.byte	0x4
 365 006a 07       		.byte	0x7
 366 006b 0E000000 		.4byte	.LASF8
 367 006f 04       		.uleb128 0x4
 368 0070 98000000 		.4byte	.LASF9
 369 0074 02       		.byte	0x2
 370 0075 5B       		.byte	0x5b
 371 0076 30000000 		.4byte	0x30
 372 007a 04       		.uleb128 0x4
 373 007b 70010000 		.4byte	.LASF10
 374 007f 02       		.byte	0x2
 375 0080 5C       		.byte	0x5c
 376 0081 3E000000 		.4byte	0x3e
 377 0085 02       		.uleb128 0x2
 378 0086 04       		.byte	0x4
 379 0087 04       		.byte	0x4
 380 0088 61010000 		.4byte	.LASF11
 381 008c 02       		.uleb128 0x2
 382 008d 08       		.byte	0x8
 383 008e 04       		.byte	0x4
 384 008f 3B010000 		.4byte	.LASF12
 385 0093 02       		.uleb128 0x2
 386 0094 01       		.byte	0x1
 387 0095 08       		.byte	0x8
 388 0096 1E010000 		.4byte	.LASF13
 389 009a 02       		.uleb128 0x2
 390 009b 04       		.byte	0x4
 391 009c 07       		.byte	0x7
 392 009d 7E010000 		.4byte	.LASF14
 393 00a1 05       		.uleb128 0x5
 394 00a2 01       		.byte	0x1
 395 00a3 20000000 		.4byte	.LASF22
 396 00a7 01       		.byte	0x1
 397 00a8 0E       		.byte	0xe
 398 00a9 61000000 		.4byte	0x61
 399 00ad 00000000 		.4byte	.LFB33
 400 00b1 C8010000 		.4byte	.LFE33
 401 00b5 00000000 		.4byte	.LLST0
 402 00b9 01       		.byte	0x1
 403 00ba 11010000 		.4byte	0x111
 404 00be 06       		.uleb128 0x6
 405 00bf 77010000 		.4byte	.LASF15
 406 00c3 01       		.byte	0x1
 407 00c4 10       		.byte	0x10
 408 00c5 11010000 		.4byte	0x111
 409 00c9 03       		.byte	0x3
 410 00ca 91       		.byte	0x91
 411 00cb E87E     		.sleb128 -152
 412 00cd 06       		.uleb128 0x6
 413 00ce 2C000000 		.4byte	.LASF16
 414 00d2 01       		.byte	0x1
ARM GAS  C:\Users\CHUCK~1.ERH\AppData\Local\Temp\ccOUPbkM.s 			page 10


 415 00d3 11       		.byte	0x11
 416 00d4 6F000000 		.4byte	0x6f
 417 00d8 02       		.byte	0x2
 418 00d9 91       		.byte	0x91
 419 00da 6B       		.sleb128 -21
 420 00db 06       		.uleb128 0x6
 421 00dc 25000000 		.4byte	.LASF17
 422 00e0 01       		.byte	0x1
 423 00e1 12       		.byte	0x12
 424 00e2 7A000000 		.4byte	0x7a
 425 00e6 02       		.byte	0x2
 426 00e7 91       		.byte	0x91
 427 00e8 68       		.sleb128 -24
 428 00e9 06       		.uleb128 0x6
 429 00ea 1B000000 		.4byte	.LASF18
 430 00ee 01       		.byte	0x1
 431 00ef 13       		.byte	0x13
 432 00f0 61000000 		.4byte	0x61
 433 00f4 02       		.byte	0x2
 434 00f5 91       		.byte	0x91
 435 00f6 6C       		.sleb128 -20
 436 00f7 07       		.uleb128 0x7
 437 00f8 2A000000 		.4byte	.LBB2
 438 00fc 6C000000 		.4byte	.LBE2
 439 0100 08       		.uleb128 0x8
 440 0101 01       		.byte	0x1
 441 0102 36010000 		.4byte	.LASF23
 442 0106 01       		.byte	0x1
 443 0107 27       		.byte	0x27
 444 0108 61000000 		.4byte	0x61
 445 010c 01       		.byte	0x1
 446 010d 09       		.uleb128 0x9
 447 010e 00       		.byte	0
 448 010f 00       		.byte	0
 449 0110 00       		.byte	0
 450 0111 0A       		.uleb128 0xa
 451 0112 93000000 		.4byte	0x93
 452 0116 0B       		.uleb128 0xb
 453 0117 9A000000 		.4byte	0x9a
 454 011b 7F       		.byte	0x7f
 455 011c 00       		.byte	0
 456 011d 00       		.byte	0
 457              		.section	.debug_abbrev,"",%progbits
 458              	.Ldebug_abbrev0:
 459 0000 01       		.uleb128 0x1
 460 0001 11       		.uleb128 0x11
 461 0002 01       		.byte	0x1
 462 0003 25       		.uleb128 0x25
 463 0004 0E       		.uleb128 0xe
 464 0005 13       		.uleb128 0x13
 465 0006 0B       		.uleb128 0xb
 466 0007 03       		.uleb128 0x3
 467 0008 0E       		.uleb128 0xe
 468 0009 1B       		.uleb128 0x1b
 469 000a 0E       		.uleb128 0xe
 470 000b 55       		.uleb128 0x55
 471 000c 06       		.uleb128 0x6
ARM GAS  C:\Users\CHUCK~1.ERH\AppData\Local\Temp\ccOUPbkM.s 			page 11


 472 000d 11       		.uleb128 0x11
 473 000e 01       		.uleb128 0x1
 474 000f 52       		.uleb128 0x52
 475 0010 01       		.uleb128 0x1
 476 0011 10       		.uleb128 0x10
 477 0012 06       		.uleb128 0x6
 478 0013 00       		.byte	0
 479 0014 00       		.byte	0
 480 0015 02       		.uleb128 0x2
 481 0016 24       		.uleb128 0x24
 482 0017 00       		.byte	0
 483 0018 0B       		.uleb128 0xb
 484 0019 0B       		.uleb128 0xb
 485 001a 3E       		.uleb128 0x3e
 486 001b 0B       		.uleb128 0xb
 487 001c 03       		.uleb128 0x3
 488 001d 0E       		.uleb128 0xe
 489 001e 00       		.byte	0
 490 001f 00       		.byte	0
 491 0020 03       		.uleb128 0x3
 492 0021 24       		.uleb128 0x24
 493 0022 00       		.byte	0
 494 0023 0B       		.uleb128 0xb
 495 0024 0B       		.uleb128 0xb
 496 0025 3E       		.uleb128 0x3e
 497 0026 0B       		.uleb128 0xb
 498 0027 03       		.uleb128 0x3
 499 0028 08       		.uleb128 0x8
 500 0029 00       		.byte	0
 501 002a 00       		.byte	0
 502 002b 04       		.uleb128 0x4
 503 002c 16       		.uleb128 0x16
 504 002d 00       		.byte	0
 505 002e 03       		.uleb128 0x3
 506 002f 0E       		.uleb128 0xe
 507 0030 3A       		.uleb128 0x3a
 508 0031 0B       		.uleb128 0xb
 509 0032 3B       		.uleb128 0x3b
 510 0033 0B       		.uleb128 0xb
 511 0034 49       		.uleb128 0x49
 512 0035 13       		.uleb128 0x13
 513 0036 00       		.byte	0
 514 0037 00       		.byte	0
 515 0038 05       		.uleb128 0x5
 516 0039 2E       		.uleb128 0x2e
 517 003a 01       		.byte	0x1
 518 003b 3F       		.uleb128 0x3f
 519 003c 0C       		.uleb128 0xc
 520 003d 03       		.uleb128 0x3
 521 003e 0E       		.uleb128 0xe
 522 003f 3A       		.uleb128 0x3a
 523 0040 0B       		.uleb128 0xb
 524 0041 3B       		.uleb128 0x3b
 525 0042 0B       		.uleb128 0xb
 526 0043 49       		.uleb128 0x49
 527 0044 13       		.uleb128 0x13
 528 0045 11       		.uleb128 0x11
ARM GAS  C:\Users\CHUCK~1.ERH\AppData\Local\Temp\ccOUPbkM.s 			page 12


 529 0046 01       		.uleb128 0x1
 530 0047 12       		.uleb128 0x12
 531 0048 01       		.uleb128 0x1
 532 0049 40       		.uleb128 0x40
 533 004a 06       		.uleb128 0x6
 534 004b 9642     		.uleb128 0x2116
 535 004d 0C       		.uleb128 0xc
 536 004e 01       		.uleb128 0x1
 537 004f 13       		.uleb128 0x13
 538 0050 00       		.byte	0
 539 0051 00       		.byte	0
 540 0052 06       		.uleb128 0x6
 541 0053 34       		.uleb128 0x34
 542 0054 00       		.byte	0
 543 0055 03       		.uleb128 0x3
 544 0056 0E       		.uleb128 0xe
 545 0057 3A       		.uleb128 0x3a
 546 0058 0B       		.uleb128 0xb
 547 0059 3B       		.uleb128 0x3b
 548 005a 0B       		.uleb128 0xb
 549 005b 49       		.uleb128 0x49
 550 005c 13       		.uleb128 0x13
 551 005d 02       		.uleb128 0x2
 552 005e 0A       		.uleb128 0xa
 553 005f 00       		.byte	0
 554 0060 00       		.byte	0
 555 0061 07       		.uleb128 0x7
 556 0062 0B       		.uleb128 0xb
 557 0063 01       		.byte	0x1
 558 0064 11       		.uleb128 0x11
 559 0065 01       		.uleb128 0x1
 560 0066 12       		.uleb128 0x12
 561 0067 01       		.uleb128 0x1
 562 0068 00       		.byte	0
 563 0069 00       		.byte	0
 564 006a 08       		.uleb128 0x8
 565 006b 2E       		.uleb128 0x2e
 566 006c 01       		.byte	0x1
 567 006d 3F       		.uleb128 0x3f
 568 006e 0C       		.uleb128 0xc
 569 006f 03       		.uleb128 0x3
 570 0070 0E       		.uleb128 0xe
 571 0071 3A       		.uleb128 0x3a
 572 0072 0B       		.uleb128 0xb
 573 0073 3B       		.uleb128 0x3b
 574 0074 0B       		.uleb128 0xb
 575 0075 49       		.uleb128 0x49
 576 0076 13       		.uleb128 0x13
 577 0077 3C       		.uleb128 0x3c
 578 0078 0C       		.uleb128 0xc
 579 0079 00       		.byte	0
 580 007a 00       		.byte	0
 581 007b 09       		.uleb128 0x9
 582 007c 18       		.uleb128 0x18
 583 007d 00       		.byte	0
 584 007e 00       		.byte	0
 585 007f 00       		.byte	0
ARM GAS  C:\Users\CHUCK~1.ERH\AppData\Local\Temp\ccOUPbkM.s 			page 13


 586 0080 0A       		.uleb128 0xa
 587 0081 01       		.uleb128 0x1
 588 0082 01       		.byte	0x1
 589 0083 49       		.uleb128 0x49
 590 0084 13       		.uleb128 0x13
 591 0085 00       		.byte	0
 592 0086 00       		.byte	0
 593 0087 0B       		.uleb128 0xb
 594 0088 21       		.uleb128 0x21
 595 0089 00       		.byte	0
 596 008a 49       		.uleb128 0x49
 597 008b 13       		.uleb128 0x13
 598 008c 2F       		.uleb128 0x2f
 599 008d 0B       		.uleb128 0xb
 600 008e 00       		.byte	0
 601 008f 00       		.byte	0
 602 0090 00       		.byte	0
 603              		.section	.debug_loc,"",%progbits
 604              	.Ldebug_loc0:
 605              	.LLST0:
 606 0000 00000000 		.4byte	.LFB33
 607 0004 02000000 		.4byte	.LCFI0
 608 0008 0200     		.2byte	0x2
 609 000a 7D       		.byte	0x7d
 610 000b 00       		.sleb128 0
 611 000c 02000000 		.4byte	.LCFI0
 612 0010 04000000 		.4byte	.LCFI1
 613 0014 0200     		.2byte	0x2
 614 0016 7D       		.byte	0x7d
 615 0017 0C       		.sleb128 12
 616 0018 04000000 		.4byte	.LCFI1
 617 001c 06000000 		.4byte	.LCFI2
 618 0020 0300     		.2byte	0x3
 619 0022 7D       		.byte	0x7d
 620 0023 9801     		.sleb128 152
 621 0025 06000000 		.4byte	.LCFI2
 622 0029 C8010000 		.4byte	.LFE33
 623 002d 0300     		.2byte	0x3
 624 002f 77       		.byte	0x77
 625 0030 9801     		.sleb128 152
 626 0032 00000000 		.4byte	0
 627 0036 00000000 		.4byte	0
 628              		.section	.debug_aranges,"",%progbits
 629 0000 1C000000 		.4byte	0x1c
 630 0004 0200     		.2byte	0x2
 631 0006 00000000 		.4byte	.Ldebug_info0
 632 000a 04       		.byte	0x4
 633 000b 00       		.byte	0
 634 000c 0000     		.2byte	0
 635 000e 0000     		.2byte	0
 636 0010 00000000 		.4byte	.LFB33
 637 0014 C8010000 		.4byte	.LFE33-.LFB33
 638 0018 00000000 		.4byte	0
 639 001c 00000000 		.4byte	0
 640              		.section	.debug_ranges,"",%progbits
 641              	.Ldebug_ranges0:
 642 0000 00000000 		.4byte	.LFB33
ARM GAS  C:\Users\CHUCK~1.ERH\AppData\Local\Temp\ccOUPbkM.s 			page 14


 643 0004 C8010000 		.4byte	.LFE33
 644 0008 00000000 		.4byte	0
 645 000c 00000000 		.4byte	0
 646              		.section	.debug_line,"",%progbits
 647              	.Ldebug_line0:
 648 0000 8B000000 		.section	.debug_str,"MS",%progbits,1
 648      02004500 
 648      00000201 
 648      FB0E0D00 
 648      01010101 
 649              	.LASF6:
 650 0000 6C6F6E67 		.ascii	"long long int\000"
 650      206C6F6E 
 650      6720696E 
 650      7400
 651              	.LASF8:
 652 000e 756E7369 		.ascii	"unsigned int\000"
 652      676E6564 
 652      20696E74 
 652      00
 653              	.LASF18:
 654 001b 74656D70 		.ascii	"temp\000"
 654      00
 655              	.LASF22:
 656 0020 6D61696E 		.ascii	"main\000"
 656      00
 657              	.LASF17:
 658 0025 6C656E67 		.ascii	"length\000"
 658      746800
 659              	.LASF16:
 660 002c 736F636B 		.ascii	"socket\000"
 660      657400
 661              	.LASF21:
 662 0033 433A5C55 		.ascii	"C:\\Users\\chuck.erhardt\\Documents\\PSoC Creator\\"
 662      73657273 
 662      5C636875 
 662      636B2E65 
 662      72686172 
 663 0061 4532466F 		.ascii	"E2ForLife\\PSoCPioneer+ArduinoShield_SPIM_Example.c"
 663      724C6966 
 663      655C5053 
 663      6F435069 
 663      6F6E6565 
 664 0093 7964736E 		.ascii	"ydsn\000"
 664      00
 665              	.LASF9:
 666 0098 75696E74 		.ascii	"uint8\000"
 666      3800
 667              	.LASF5:
 668 009e 6C6F6E67 		.ascii	"long unsigned int\000"
 668      20756E73 
 668      69676E65 
 668      6420696E 
 668      7400
 669              	.LASF7:
 670 00b0 6C6F6E67 		.ascii	"long long unsigned int\000"
 670      206C6F6E 
ARM GAS  C:\Users\CHUCK~1.ERH\AppData\Local\Temp\ccOUPbkM.s 			page 15


 670      6720756E 
 670      7369676E 
 670      65642069 
 671              	.LASF19:
 672 00c7 474E5520 		.ascii	"GNU C 4.7.3 20130312 (release) [ARM/embedded-4_7-br"
 672      4320342E 
 672      372E3320 
 672      32303133 
 672      30333132 
 673 00fa 616E6368 		.ascii	"anch revision 196615]\000"
 673      20726576 
 673      6973696F 
 673      6E203139 
 673      36363135 
 674              	.LASF1:
 675 0110 756E7369 		.ascii	"unsigned char\000"
 675      676E6564 
 675      20636861 
 675      7200
 676              	.LASF13:
 677 011e 63686172 		.ascii	"char\000"
 677      00
 678              	.LASF4:
 679 0123 6C6F6E67 		.ascii	"long int\000"
 679      20696E74 
 679      00
 680              	.LASF2:
 681 012c 73686F72 		.ascii	"short int\000"
 681      7420696E 
 681      7400
 682              	.LASF23:
 683 0136 72616E64 		.ascii	"rand\000"
 683      00
 684              	.LASF12:
 685 013b 646F7562 		.ascii	"double\000"
 685      6C6500
 686              	.LASF3:
 687 0142 73686F72 		.ascii	"short unsigned int\000"
 687      7420756E 
 687      7369676E 
 687      65642069 
 687      6E7400
 688              	.LASF0:
 689 0155 7369676E 		.ascii	"signed char\000"
 689      65642063 
 689      68617200 
 690              	.LASF11:
 691 0161 666C6F61 		.ascii	"float\000"
 691      7400
 692              	.LASF20:
 693 0167 2E5C6D61 		.ascii	".\\main.c\000"
 693      696E2E63 
 693      00
 694              	.LASF10:
 695 0170 75696E74 		.ascii	"uint16\000"
 695      313600
 696              	.LASF15:
ARM GAS  C:\Users\CHUCK~1.ERH\AppData\Local\Temp\ccOUPbkM.s 			page 16


 697 0177 62756666 		.ascii	"buffer\000"
 697      657200
 698              	.LASF14:
 699 017e 73697A65 		.ascii	"sizetype\000"
 699      74797065 
 699      00
 700              		.ident	"GCC: (GNU Tools for ARM Embedded Processors) 4.7.3 20130312 (release) [ARM/embedded-4_7-br
