--------------- Build Started: 01/15/2014 13:43:08 Project: PSoCPioneer+ArduinoShield_SPIM_Example, Configuration: ARM GCC 4.7.3 Debug ---------------
The code generation step is up to date.
arm-none-eabi-gcc.exe -I. -I./Generated_Source/PSoC4 -Wno-main -mcpu=cortex-m0 -mthumb -Wall -g -D DEBUG -Wa,-alh=.\CortexM0\ARM_GCC_473\Debug\ETH0.lst -ffunction-sections -c .\Generated_Source\PSoC4\ETH0.c -o .\CortexM0\ARM_GCC_473\Debug\ETH0.o
.\Generated_Source\PSoC4\ETH0.c:461:15: warning: 'ETH0_GetGatewayAddress' defined but not used [-Wunused-function]
.\Generated_Source\PSoC4\ETH0.c:473:15: warning: 'ETH0_GetSubnetMask' defined but not used [-Wunused-function]
.\Generated_Source\PSoC4\ETH0.c:497:14: warning: 'ETH0_GetMode' defined but not used [-Wunused-function]
.\Generated_Source\PSoC4\ETH0.c:509:14: warning: 'ETH0_GetIR' defined but not used [-Wunused-function]
.\Generated_Source\PSoC4\ETH0.c:515:13: warning: 'ETH0_SetIMR' defined but not used [-Wunused-function]
.\Generated_Source\PSoC4\ETH0.c:521:14: warning: 'ETH0_GetIMR' defined but not used [-Wunused-function]
.\Generated_Source\PSoC4\ETH0.c:527:13: warning: 'ETH0_SetRetryTime' defined but not used [-Wunused-function]
.\Generated_Source\PSoC4\ETH0.c:533:15: warning: 'ETH0_GetRetryTime' defined but not used [-Wunused-function]
.\Generated_Source\PSoC4\ETH0.c:539:13: warning: 'ETH0_SetRetryCount' defined but not used [-Wunused-function]
.\Generated_Source\PSoC4\ETH0.c:545:14: warning: 'ETH0_GetRetryCount' defined but not used [-Wunused-function]
.\Generated_Source\PSoC4\ETH0.c:557:14: warning: 'ETH0_GetRxMemSize' defined but not used [-Wunused-function]
.\Generated_Source\PSoC4\ETH0.c:569:14: warning: 'ETH0_GetTxMemSize' defined but not used [-Wunused-function]
.\Generated_Source\PSoC4\ETH0.c:575:13: warning: 'ETH0_SetUnreachableIP' defined but not used [-Wunused-function]
.\Generated_Source\PSoC4\ETH0.c:581:15: warning: 'ETH0_GetUnreachableIP' defined but not used [-Wunused-function]
.\Generated_Source\PSoC4\ETH0.c:587:13: warning: 'ETH0_SetUnreachablePort' defined but not used [-Wunused-function]
.\Generated_Source\PSoC4\ETH0.c:593:15: warning: 'ETH0_GetUnreachablePort' defined but not used [-Wunused-function]
.\Generated_Source\PSoC4\ETH0.c:619:14: warning: 'ETH0_GetSocketMode' defined but not used [-Wunused-function]
.\Generated_Source\PSoC4\ETH0.c:659:13: warning: 'ETH0_SetSocketStatus' defined but not used [-Wunused-function]
.\Generated_Source\PSoC4\ETH0.c:683:15: warning: 'ETH0_GetSocketSourcePort' defined but not used [-Wunused-function]
.\Generated_Source\PSoC4\ETH0.c:691:13: warning: 'ETH0_SetSocketDestMAC' defined but not used [-Wunused-function]
.\Generated_Source\PSoC4\ETH0.c:699:13: warning: 'ETH0_GetSocketDestMAC' defined but not used [-Wunused-function]
.\Generated_Source\PSoC4\ETH0.c:715:15: warning: 'ETH0_GetSocketDestIP' defined but not used [-Wunused-function]
.\Generated_Source\PSoC4\ETH0.c:731:15: warning: 'ETH0_GetSocketDestPort' defined but not used [-Wunused-function]
.\Generated_Source\PSoC4\ETH0.c:739:13: warning: 'ETH0_SetSocketMaxSegSize' defined but not used [-Wunused-function]
.\Generated_Source\PSoC4\ETH0.c:747:15: warning: 'ETH0_GetSocketMaxSegSize' defined but not used [-Wunused-function]
.\Generated_Source\PSoC4\ETH0.c:755:16: warning: 'ETH0_GetSocketProto' defined but not used [-Wunused-function]
.\Generated_Source\PSoC4\ETH0.c:763:13: warning: 'ETH0_SetSocketTOS' defined but not used [-Wunused-function]
.\Generated_Source\PSoC4\ETH0.c:771:14: warning: 'ETH0_GetSocketTOS' defined but not used [-Wunused-function]
.\Generated_Source\PSoC4\ETH0.c:779:13: warning: 'ETH0_SetSocketTTL' defined but not used [-Wunused-function]
.\Generated_Source\PSoC4\ETH0.c:787:14: warning: 'ETH0_GetSocketTTL' defined but not used [-Wunused-function]
.\Generated_Source\PSoC4\ETH0.c:795:13: warning: 'ETH0_SetSocketTxFree' defined but not used [-Wunused-function]
.\Generated_Source\PSoC4\ETH0.c:811:13: warning: 'ETH0_SetSocketTxReadPtr' defined but not used [-Wunused-function]
.\Generated_Source\PSoC4\ETH0.c:819:15: warning: 'ETH0_GetSocketTxReadPtr' defined but not used [-Wunused-function]
.\Generated_Source\PSoC4\ETH0.c:1307:1: warning: 'ETH0_SocketSendMac' defined but not used [-Wunused-function]
arm-none-eabi-ar.exe -rs .\CortexM0\ARM_GCC_473\Debug\PSoCPioneer+ArduinoShield_SPIM_Example.a .\CortexM0\ARM_GCC_473\Debug\cyfitter_cfg.o .\CortexM0\ARM_GCC_473\Debug\SPI0.o .\CortexM0\ARM_GCC_473\Debug\SPI0_PM.o .\CortexM0\ARM_GCC_473\Debug\SPI0_INT.o .\CortexM0\ARM_GCC_473\Debug\ETH0.o .\CortexM0\ARM_GCC_473\Debug\RED.o .\CortexM0\ARM_GCC_473\Debug\BLUE.o .\CortexM0\ARM_GCC_473\Debug\GREEN.o .\CortexM0\ARM_GCC_473\Debug\SDCS.o .\CortexM0\ARM_GCC_473\Debug\SPI0_IntClock.o .\CortexM0\ARM_GCC_473\Debug\CyBootAsmGnu.o .\CortexM0\ARM_GCC_473\Debug\CyFlash.o .\CortexM0\ARM_GCC_473\Debug\CyLib.o .\CortexM0\ARM_GCC_473\Debug\cyPm.o .\CortexM0\ARM_GCC_473\Debug\cyutils.o
arm-none-eabi-ar.exe: creating .\CortexM0\ARM_GCC_473\Debug\PSoCPioneer+ArduinoShield_SPIM_Example.a
arm-none-eabi-gcc.exe -mthumb -march=armv6-m -T .\Generated_Source\PSoC4\cm0gcc.ld -g -Wl,-Map,.\CortexM0\ARM_GCC_473\Debug\PSoCPioneer+ArduinoShield_SPIM_Example.map -specs=nano.specs -Wl,--gc-sections -Wl,--start-group -o .\CortexM0\ARM_GCC_473\Debug\PSoCPioneer+ArduinoShield_SPIM_Example.elf .\CortexM0\ARM_GCC_473\Debug\main.o .\CortexM0\ARM_GCC_473\Debug\cymetadata.o .\CortexM0\ARM_GCC_473\Debug\Cm0Start.o .\CortexM0\ARM_GCC_473\Debug\PSoCPioneer+ArduinoShield_SPIM_Example.a "C:\Program Files (x86)\Cypress\PSoC Creator\3.0\PSoC Creator\psoc\content\cycomponentlibrary\CyComponentLibrary.cylib\CortexM0\ARM_GCC_473\Debug\CyComponentLibrary.a" -Wl,--end-group
cyelftool.exe -C C:\Users\chuck.erhardt\Documents\GitHub\PSoC-W5100-Driver\PSoCPioneer+ArduinoShield_SPIM_Example.cydsn\CortexM0\ARM_GCC_473\Debug\PSoCPioneer+ArduinoShield_SPIM_Example.elf --flash_size 32768 --flash_row_size 128
cyelftool.exe -S C:\Users\chuck.erhardt\Documents\GitHub\PSoC-W5100-Driver\PSoCPioneer+ArduinoShield_SPIM_Example.cydsn\CortexM0\ARM_GCC_473\Debug\PSoCPioneer+ArduinoShield_SPIM_Example.elf
Flash used: 8672 of 32768 bytes (26.5 %).
SRAM used: 3684 of 4096 bytes (89.9 %).
--------------- Build Succeeded: 01/15/2014 13:43:11 ---------------
