--------------- Rebuild Started: 08/14/2014 09:39:49 Project: PSoCPioneer+ArduinoShield_SPIM_Example, Configuration: ARM GCC 4.7.3 Debug ---------------
Deleting file ".\CortexM0\ARM_GCC_473\Debug\main.o"
Deleting file ".\CortexM0\ARM_GCC_473\Debug\cyfitter_cfg.o"
Deleting file ".\CortexM0\ARM_GCC_473\Debug\cymetadata.o"
Deleting file ".\CortexM0\ARM_GCC_473\Debug\SPI0.o"
Deleting file ".\CortexM0\ARM_GCC_473\Debug\SPI0_PM.o"
Deleting file ".\CortexM0\ARM_GCC_473\Debug\SPI0_INT.o"
Deleting file ".\CortexM0\ARM_GCC_473\Debug\RED.o"
Deleting file ".\CortexM0\ARM_GCC_473\Debug\BLUE.o"
Deleting file ".\CortexM0\ARM_GCC_473\Debug\GREEN.o"
Deleting file ".\CortexM0\ARM_GCC_473\Debug\SDCS.o"
Deleting file ".\CortexM0\ARM_GCC_473\Debug\SPI0_IntClock.o"
Deleting file ".\CortexM0\ARM_GCC_473\Debug\Cm0Start.o"
Deleting file ".\CortexM0\ARM_GCC_473\Debug\CyBootAsmGnu.o"
Deleting file ".\CortexM0\ARM_GCC_473\Debug\CyFlash.o"
Deleting file ".\CortexM0\ARM_GCC_473\Debug\CyLib.o"
Deleting file ".\CortexM0\ARM_GCC_473\Debug\cyPm.o"
Deleting file ".\CortexM0\ARM_GCC_473\Debug\cyutils.o"
Deleting file ".\CortexM0\ARM_GCC_473\Debug\ETH.o"
Deleting file ".\CortexM0\ARM_GCC_473\Debug\SSCR.o"
Deleting file ".\CortexM0\ARM_GCC_473\Debug\PSoCPioneer+ArduinoShield_SPIM_Example.hex"
Deleting file ".\CortexM0\ARM_GCC_473\Debug\PSoCPioneer+ArduinoShield_SPIM_Example.elf"
Deleting file ".\CortexM0\ARM_GCC_473\Debug\PSoCPioneer+ArduinoShield_SPIM_Example.map"
Deleting file ".\PSoCPioneer+ArduinoShield_SPIM_Example.cycdx"
Deleting file ".\PSoCPioneer+ArduinoShield_SPIM_Example.svd"
Deleting file ".\PSoCPioneer+ArduinoShield_SPIM_Example.rpt"
Deleting file ".\PSoCPioneer+ArduinoShield_SPIM_Example_timing.html"
Deleting file ".\CortexM0\ARM_GCC_473\Debug\.deps\C_FILE.P"
Deleting file ".\CortexM0\ARM_GCC_473\Debug\.deps\ARM_C_FILE.P"
Deleting file ".\CortexM0\ARM_GCC_473\Debug\.deps\GNU_ARM_ASM_FILE.P"
cydsfit.exe "-.appdatapath" "C:\Users\chuck.erhardt\AppData\Local\Cypress Semiconductor\PSoC Creator\3.0" "-.fdsnotice" "-.fdswarpdepfile=warp_dependencies.txt" "-.fdselabdepfile=elab_dependencies.txt" "-.fdsbldfile=generated_files.txt" "-p" "C:\Users\chuck.erhardt\Documents\GitHub\PSoC-W5100-Driver\PSoCPioneer+ArduinoShield_SPIM_Example.cydsn\PSoCPioneer+ArduinoShield_SPIM_Example.cyprj" "-d" "CY8C4245AXI-483" "-s" "C:\Users\chuck.erhardt\Documents\GitHub\PSoC-W5100-Driver\PSoCPioneer+ArduinoShield_SPIM_Example.cydsn\Generated_Source\PSoC4" "--" "-yv2" "-v3" "-ygs" "-q10" "-o2" "-.fftcfgtype=LE"
Elaborating Design...
HDL Generation ...
Synthesis ...
Place and Route ...
Tech mapping ...
Info: mpr.M0037: Unused pieces of the design have been optimized out. See the Tech mapping section of the report file for details. (App=cydsfit)
Analog Placement ...
Analog Routing ...
Analog Code Generation ...
Digital Placement ...
Digital Routing ...
Bitstream Generation ...
Static timing analysis ...
API Generation ...
Dependency Generation ...
Clean Temporary Files ...
arm-none-eabi-gcc.exe -I. -I./Generated_Source/PSoC4 -Wno-main -mcpu=cortex-m0 -mthumb -Wall -g -D DEBUG -Wa,-alh=.\CortexM0\ARM_GCC_473\Debug\main.lst -ffunction-sections -c .\main.c -o .\CortexM0\ARM_GCC_473\Debug\main.o
.\main.c: In function 'main':
.\main.c:30:3: warning: implicit declaration of function 'rand' [-Wimplicit-function-declaration]
arm-none-eabi-gcc.exe -I. -I./Generated_Source/PSoC4 -Wno-main -mcpu=cortex-m0 -mthumb -Wall -g -D DEBUG -Wa,-alh=.\CortexM0\ARM_GCC_473\Debug\cyfitter_cfg.lst -ffunction-sections -c .\Generated_Source\PSoC4\cyfitter_cfg.c -o .\CortexM0\ARM_GCC_473\Debug\cyfitter_cfg.o
arm-none-eabi-gcc.exe -I. -I./Generated_Source/PSoC4 -Wno-main -mcpu=cortex-m0 -mthumb -Wall -g -D DEBUG -Wa,-alh=.\CortexM0\ARM_GCC_473\Debug\cymetadata.lst -ffunction-sections -c .\Generated_Source\PSoC4\cymetadata.c -o .\CortexM0\ARM_GCC_473\Debug\cymetadata.o
arm-none-eabi-gcc.exe -I. -I./Generated_Source/PSoC4 -Wno-main -mcpu=cortex-m0 -mthumb -Wall -g -D DEBUG -Wa,-alh=.\CortexM0\ARM_GCC_473\Debug\SPI0.lst -ffunction-sections -c .\Generated_Source\PSoC4\SPI0.c -o .\CortexM0\ARM_GCC_473\Debug\SPI0.o
arm-none-eabi-gcc.exe -I. -I./Generated_Source/PSoC4 -Wno-main -mcpu=cortex-m0 -mthumb -Wall -g -D DEBUG -Wa,-alh=.\CortexM0\ARM_GCC_473\Debug\SPI0_PM.lst -ffunction-sections -c .\Generated_Source\PSoC4\SPI0_PM.c -o .\CortexM0\ARM_GCC_473\Debug\SPI0_PM.o
arm-none-eabi-gcc.exe -I. -I./Generated_Source/PSoC4 -Wno-main -mcpu=cortex-m0 -mthumb -Wall -g -D DEBUG -Wa,-alh=.\CortexM0\ARM_GCC_473\Debug\SPI0_INT.lst -ffunction-sections -c .\Generated_Source\PSoC4\SPI0_INT.c -o .\CortexM0\ARM_GCC_473\Debug\SPI0_INT.o
arm-none-eabi-gcc.exe -I. -I./Generated_Source/PSoC4 -Wno-main -mcpu=cortex-m0 -mthumb -Wall -g -D DEBUG -Wa,-alh=.\CortexM0\ARM_GCC_473\Debug\RED.lst -ffunction-sections -c .\Generated_Source\PSoC4\RED.c -o .\CortexM0\ARM_GCC_473\Debug\RED.o
arm-none-eabi-gcc.exe -I. -I./Generated_Source/PSoC4 -Wno-main -mcpu=cortex-m0 -mthumb -Wall -g -D DEBUG -Wa,-alh=.\CortexM0\ARM_GCC_473\Debug\BLUE.lst -ffunction-sections -c .\Generated_Source\PSoC4\BLUE.c -o .\CortexM0\ARM_GCC_473\Debug\BLUE.o
arm-none-eabi-gcc.exe -I. -I./Generated_Source/PSoC4 -Wno-main -mcpu=cortex-m0 -mthumb -Wall -g -D DEBUG -Wa,-alh=.\CortexM0\ARM_GCC_473\Debug\GREEN.lst -ffunction-sections -c .\Generated_Source\PSoC4\GREEN.c -o .\CortexM0\ARM_GCC_473\Debug\GREEN.o
arm-none-eabi-gcc.exe -I. -I./Generated_Source/PSoC4 -Wno-main -mcpu=cortex-m0 -mthumb -Wall -g -D DEBUG -Wa,-alh=.\CortexM0\ARM_GCC_473\Debug\SDCS.lst -ffunction-sections -c .\Generated_Source\PSoC4\SDCS.c -o .\CortexM0\ARM_GCC_473\Debug\SDCS.o
arm-none-eabi-gcc.exe -I. -I./Generated_Source/PSoC4 -Wno-main -mcpu=cortex-m0 -mthumb -Wall -g -D DEBUG -Wa,-alh=.\CortexM0\ARM_GCC_473\Debug\SPI0_IntClock.lst -ffunction-sections -c .\Generated_Source\PSoC4\SPI0_IntClock.c -o .\CortexM0\ARM_GCC_473\Debug\SPI0_IntClock.o
arm-none-eabi-gcc.exe -I. -I./Generated_Source/PSoC4 -Wno-main -mcpu=cortex-m0 -mthumb -Wall -g -D DEBUG -Wa,-alh=.\CortexM0\ARM_GCC_473\Debug\Cm0Start.lst -ffunction-sections -c .\Generated_Source\PSoC4\Cm0Start.c -o .\CortexM0\ARM_GCC_473\Debug\Cm0Start.o
arm-none-eabi-as.exe -I. -I./Generated_Source/PSoC4 -mcpu=cortex-m0 -mthumb -g -alh=.\CortexM0\ARM_GCC_473\Debug/CyBootAsmGnu.lst -o .\CortexM0\ARM_GCC_473\Debug\CyBootAsmGnu.o .\Generated_Source\PSoC4\CyBootAsmGnu.s
arm-none-eabi-gcc.exe -I. -I./Generated_Source/PSoC4 -Wno-main -mcpu=cortex-m0 -mthumb -Wall -g -D DEBUG -Wa,-alh=.\CortexM0\ARM_GCC_473\Debug\CyFlash.lst -ffunction-sections -c .\Generated_Source\PSoC4\CyFlash.c -o .\CortexM0\ARM_GCC_473\Debug\CyFlash.o
arm-none-eabi-gcc.exe -I. -I./Generated_Source/PSoC4 -Wno-main -mcpu=cortex-m0 -mthumb -Wall -g -D DEBUG -Wa,-alh=.\CortexM0\ARM_GCC_473\Debug\CyLib.lst -ffunction-sections -c .\Generated_Source\PSoC4\CyLib.c -o .\CortexM0\ARM_GCC_473\Debug\CyLib.o
arm-none-eabi-gcc.exe -I. -I./Generated_Source/PSoC4 -Wno-main -mcpu=cortex-m0 -mthumb -Wall -g -D DEBUG -Wa,-alh=.\CortexM0\ARM_GCC_473\Debug\cyPm.lst -ffunction-sections -c .\Generated_Source\PSoC4\cyPm.c -o .\CortexM0\ARM_GCC_473\Debug\cyPm.o
arm-none-eabi-gcc.exe -I. -I./Generated_Source/PSoC4 -Wno-main -mcpu=cortex-m0 -mthumb -Wall -g -D DEBUG -Wa,-alh=.\CortexM0\ARM_GCC_473\Debug\cyutils.lst -ffunction-sections -c .\Generated_Source\PSoC4\cyutils.c -o .\CortexM0\ARM_GCC_473\Debug\cyutils.o
arm-none-eabi-gcc.exe -I. -I./Generated_Source/PSoC4 -Wno-main -mcpu=cortex-m0 -mthumb -Wall -g -D DEBUG -Wa,-alh=.\CortexM0\ARM_GCC_473\Debug\ETH.lst -ffunction-sections -c .\Generated_Source\PSoC4\ETH.c -o .\CortexM0\ARM_GCC_473\Debug\ETH.o
arm-none-eabi-gcc.exe -I. -I./Generated_Source/PSoC4 -Wno-main -mcpu=cortex-m0 -mthumb -Wall -g -D DEBUG -Wa,-alh=.\CortexM0\ARM_GCC_473\Debug\SSCR.lst -ffunction-sections -c .\Generated_Source\PSoC4\SSCR.c -o .\CortexM0\ARM_GCC_473\Debug\SSCR.o
arm-none-eabi-ar.exe -rs .\CortexM0\ARM_GCC_473\Debug\PSoCPioneer+ArduinoShield_SPIM_Example.a .\CortexM0\ARM_GCC_473\Debug\cyfitter_cfg.o .\CortexM0\ARM_GCC_473\Debug\SPI0.o .\CortexM0\ARM_GCC_473\Debug\SPI0_PM.o .\CortexM0\ARM_GCC_473\Debug\SPI0_INT.o .\CortexM0\ARM_GCC_473\Debug\RED.o .\CortexM0\ARM_GCC_473\Debug\BLUE.o .\CortexM0\ARM_GCC_473\Debug\GREEN.o .\CortexM0\ARM_GCC_473\Debug\SDCS.o .\CortexM0\ARM_GCC_473\Debug\SPI0_IntClock.o .\CortexM0\ARM_GCC_473\Debug\CyBootAsmGnu.o .\CortexM0\ARM_GCC_473\Debug\CyFlash.o .\CortexM0\ARM_GCC_473\Debug\CyLib.o .\CortexM0\ARM_GCC_473\Debug\cyPm.o .\CortexM0\ARM_GCC_473\Debug\cyutils.o .\CortexM0\ARM_GCC_473\Debug\ETH.o .\CortexM0\ARM_GCC_473\Debug\SSCR.o
arm-none-eabi-ar.exe: creating .\CortexM0\ARM_GCC_473\Debug\PSoCPioneer+ArduinoShield_SPIM_Example.a
arm-none-eabi-gcc.exe -mthumb -march=armv6-m -T .\Generated_Source\PSoC4\cm0gcc.ld -g -Wl,-Map,.\CortexM0\ARM_GCC_473\Debug\PSoCPioneer+ArduinoShield_SPIM_Example.map -specs=nano.specs -Wl,--gc-sections -Wl,--start-group -o .\CortexM0\ARM_GCC_473\Debug\PSoCPioneer+ArduinoShield_SPIM_Example.elf .\CortexM0\ARM_GCC_473\Debug\main.o .\CortexM0\ARM_GCC_473\Debug\cymetadata.o .\CortexM0\ARM_GCC_473\Debug\Cm0Start.o .\CortexM0\ARM_GCC_473\Debug\PSoCPioneer+ArduinoShield_SPIM_Example.a "C:\Program Files (x86)\Cypress\PSoC Creator\3.0\PSoC Creator\psoc\content\cycomponentlibrary\CyComponentLibrary.cylib\CortexM0\ARM_GCC_473\Debug\CyComponentLibrary.a" -Wl,--end-group
cyelftool.exe -C C:\Users\chuck.erhardt\Documents\GitHub\PSoC-W5100-Driver\PSoCPioneer+ArduinoShield_SPIM_Example.cydsn\CortexM0\ARM_GCC_473\Debug\PSoCPioneer+ArduinoShield_SPIM_Example.elf --flash_size 32768 --flash_row_size 128
cyelftool.exe -S C:\Users\chuck.erhardt\Documents\GitHub\PSoC-W5100-Driver\PSoCPioneer+ArduinoShield_SPIM_Example.cydsn\CortexM0\ARM_GCC_473\Debug\PSoCPioneer+ArduinoShield_SPIM_Example.elf
Flash used: 9992 of 32768 bytes (30.5 %).
SRAM used: 3692 of 4096 bytes (90.1 %).
--------------- Rebuild Succeeded: 08/14/2014 09:40:10 ---------------
