ARM GAS  C:\Users\CHUCK~1.ERH\AppData\Local\Temp\ccdPRUyK.s 			page 1


   1              		.syntax unified
   2              		.cpu cortex-m3
   3              		.fpu softvfp
   4              		.eabi_attribute 20, 1
   5              		.eabi_attribute 21, 1
   6              		.eabi_attribute 23, 3
   7              		.eabi_attribute 24, 1
   8              		.eabi_attribute 25, 1
   9              		.eabi_attribute 26, 1
  10              		.eabi_attribute 30, 6
  11              		.eabi_attribute 34, 1
  12              		.eabi_attribute 18, 4
  13              		.thumb
  14              		.file	"cymetadata.c"
  15              		.text
  16              	.Ltext0:
  17              		.cfi_sections	.debug_frame
  18              		.global	cy_meta_configecc
  19              		.section	.cyconfigecc,"a",%progbits
  20              		.align	2
  21              		.type	cy_meta_configecc, %object
  22              		.size	cy_meta_configecc, 812
  23              	cy_meta_configecc:
  24 0000 02       		.byte	2
  25 0001 52       		.byte	82
  26 0002 00       		.byte	0
  27 0003 40       		.byte	64
  28 0004 01       		.byte	1
  29 0005 64       		.byte	100
  30 0006 00       		.byte	0
  31 0007 40       		.byte	64
  32 0008 46       		.byte	70
  33 0009 06       		.byte	6
  34 000a 01       		.byte	1
  35 000b 40       		.byte	64
  36 000c 28       		.byte	40
  37 000d 07       		.byte	7
  38 000e 01       		.byte	1
  39 000f 40       		.byte	64
  40 0010 34       		.byte	52
  41 0011 14       		.byte	20
  42 0012 01       		.byte	1
  43 0013 40       		.byte	64
  44 0014 33       		.byte	51
  45 0015 15       		.byte	21
  46 0016 01       		.byte	1
  47 0017 40       		.byte	64
  48 0018 34       		.byte	52
  49 0019 17       		.byte	23
  50 001a 01       		.byte	1
  51 001b 40       		.byte	64
  52 001c 01       		.byte	1
  53 001d 1B       		.byte	27
  54 001e 01       		.byte	1
  55 001f 40       		.byte	64
  56 0020 02       		.byte	2
  57 0021 41       		.byte	65
ARM GAS  C:\Users\CHUCK~1.ERH\AppData\Local\Temp\ccdPRUyK.s 			page 2


  58 0022 01       		.byte	1
  59 0023 40       		.byte	64
  60 0024 01       		.byte	1
  61 0025 42       		.byte	66
  62 0026 01       		.byte	1
  63 0027 40       		.byte	64
  64 0028 01       		.byte	1
  65 0029 43       		.byte	67
  66 002a 01       		.byte	1
  67 002b 40       		.byte	64
  68 002c 03       		.byte	3
  69 002d 48       		.byte	72
  70 002e 01       		.byte	1
  71 002f 40       		.byte	64
  72 0030 09       		.byte	9
  73 0031 49       		.byte	73
  74 0032 01       		.byte	1
  75 0033 40       		.byte	64
  76 0034 04       		.byte	4
  77 0035 4D       		.byte	77
  78 0036 01       		.byte	1
  79 0037 40       		.byte	64
  80 0038 04       		.byte	4
  81 0039 50       		.byte	80
  82 003a 01       		.byte	1
  83 003b 40       		.byte	64
  84 003c 00       		.byte	0
  85 003d 40       		.byte	64
  86 003e 19       		.byte	25
  87 003f 01       		.byte	1
  88 0040 86       		.byte	-122
  89 0041 0F       		.byte	15
  90 0042 01       		.byte	1
  91 0043 5C       		.byte	92
  92 0044 05       		.byte	5
  93 0045 54       		.byte	84
  94 0046 07       		.byte	7
  95 0047 08       		.byte	8
  96 0048 09       		.byte	9
  97 0049 50       		.byte	80
  98 004a 0B       		.byte	11
  99 004b 0C       		.byte	12
 100 004c 0D       		.byte	13
 101 004d 08       		.byte	8
 102 004e 11       		.byte	17
 103 004f 24       		.byte	36
 104 0050 13       		.byte	19
 105 0051 10       		.byte	16
 106 0052 15       		.byte	21
 107 0053 30       		.byte	48
 108 0054 17       		.byte	23
 109 0055 0F       		.byte	15
 110 0056 19       		.byte	25
 111 0057 11       		.byte	17
 112 0058 1B       		.byte	27
 113 0059 22       		.byte	34
 114 005a 1D       		.byte	29
ARM GAS  C:\Users\CHUCK~1.ERH\AppData\Local\Temp\ccdPRUyK.s 			page 3


 115 005b 21       		.byte	33
 116 005c 1F       		.byte	31
 117 005d 1E       		.byte	30
 118 005e 21       		.byte	33
 119 005f 5C       		.byte	92
 120 0060 2D       		.byte	45
 121 0061 0C       		.byte	12
 122 0062 2F       		.byte	47
 123 0063 50       		.byte	80
 124 0064 31       		.byte	49
 125 0065 40       		.byte	64
 126 0066 33       		.byte	51
 127 0067 0F       		.byte	15
 128 0068 35       		.byte	53
 129 0069 30       		.byte	48
 130 006a 37       		.byte	55
 131 006b 30       		.byte	48
 132 006c 3B       		.byte	59
 133 006d A0       		.byte	-96
 134 006e 3F       		.byte	63
 135 006f 01       		.byte	1
 136 0070 56       		.byte	86
 137 0071 02       		.byte	2
 138 0072 57       		.byte	87
 139 0073 24       		.byte	36
 140 0074 59       		.byte	89
 141 0075 04       		.byte	4
 142 0076 5B       		.byte	91
 143 0077 04       		.byte	4
 144 0078 5F       		.byte	95
 145 0079 01       		.byte	1
 146 007a 80       		.byte	-128
 147 007b 01       		.byte	1
 148 007c 84       		.byte	-124
 149 007d 10       		.byte	16
 150 007e 85       		.byte	-123
 151 007f C0       		.byte	-64
 152 0080 87       		.byte	-121
 153 0081 08       		.byte	8
 154 0082 88       		.byte	-120
 155 0083 22       		.byte	34
 156 0084 89       		.byte	-119
 157 0085 C0       		.byte	-64
 158 0086 8A       		.byte	-118
 159 0087 08       		.byte	8
 160 0088 8B       		.byte	-117
 161 0089 04       		.byte	4
 162 008a 8C       		.byte	-116
 163 008b 40       		.byte	64
 164 008c 8D       		.byte	-115
 165 008d C0       		.byte	-64
 166 008e 8F       		.byte	-113
 167 008f 02       		.byte	2
 168 0090 90       		.byte	-112
 169 0091 01       		.byte	1
 170 0092 91       		.byte	-111
 171 0093 90       		.byte	-112
ARM GAS  C:\Users\CHUCK~1.ERH\AppData\Local\Temp\ccdPRUyK.s 			page 4


 172 0094 93       		.byte	-109
 173 0095 40       		.byte	64
 174 0096 94       		.byte	-108
 175 0097 01       		.byte	1
 176 0098 95       		.byte	-107
 177 0099 1F       		.byte	31
 178 009a 97       		.byte	-105
 179 009b 20       		.byte	32
 180 009c 98       		.byte	-104
 181 009d 04       		.byte	4
 182 009e 9B       		.byte	-101
 183 009f 60       		.byte	96
 184 00a0 9C       		.byte	-100
 185 00a1 40       		.byte	64
 186 00a2 9D       		.byte	-99
 187 00a3 80       		.byte	-128
 188 00a4 A0       		.byte	-96
 189 00a5 01       		.byte	1
 190 00a6 A1       		.byte	-95
 191 00a7 C0       		.byte	-64
 192 00a8 A3       		.byte	-93
 193 00a9 01       		.byte	1
 194 00aa A4       		.byte	-92
 195 00ab 08       		.byte	8
 196 00ac A5       		.byte	-91
 197 00ad 7F       		.byte	127
 198 00ae A6       		.byte	-90
 199 00af 21       		.byte	33
 200 00b0 A7       		.byte	-89
 201 00b1 80       		.byte	-128
 202 00b2 A8       		.byte	-88
 203 00b3 07       		.byte	7
 204 00b4 AA       		.byte	-86
 205 00b5 18       		.byte	24
 206 00b6 AB       		.byte	-85
 207 00b7 9F       		.byte	-97
 208 00b8 AC       		.byte	-84
 209 00b9 01       		.byte	1
 210 00ba AF       		.byte	-81
 211 00bb FF       		.byte	-1
 212 00bc B0       		.byte	-80
 213 00bd 3F       		.byte	63
 214 00be B4       		.byte	-76
 215 00bf 40       		.byte	64
 216 00c0 B7       		.byte	-73
 217 00c1 FF       		.byte	-1
 218 00c2 B8       		.byte	-72
 219 00c3 22       		.byte	34
 220 00c4 BE       		.byte	-66
 221 00c5 01       		.byte	1
 222 00c6 BF       		.byte	-65
 223 00c7 40       		.byte	64
 224 00c8 D8       		.byte	-40
 225 00c9 04       		.byte	4
 226 00ca D9       		.byte	-39
 227 00cb 04       		.byte	4
 228 00cc DF       		.byte	-33
ARM GAS  C:\Users\CHUCK~1.ERH\AppData\Local\Temp\ccdPRUyK.s 			page 5


 229 00cd 01       		.byte	1
 230 00ce 00       		.byte	0
 231 00cf 60       		.byte	96
 232 00d0 02       		.byte	2
 233 00d1 90       		.byte	-112
 234 00d2 09       		.byte	9
 235 00d3 84       		.byte	-124
 236 00d4 0A       		.byte	10
 237 00d5 44       		.byte	68
 238 00d6 10       		.byte	16
 239 00d7 A0       		.byte	-96
 240 00d8 12       		.byte	18
 241 00d9 09       		.byte	9
 242 00da 18       		.byte	24
 243 00db 40       		.byte	64
 244 00dc 19       		.byte	25
 245 00dd 10       		.byte	16
 246 00de 1A       		.byte	26
 247 00df 04       		.byte	4
 248 00e0 21       		.byte	33
 249 00e1 80       		.byte	-128
 250 00e2 25       		.byte	37
 251 00e3 08       		.byte	8
 252 00e4 26       		.byte	38
 253 00e5 8B       		.byte	-117
 254 00e6 27       		.byte	39
 255 00e7 15       		.byte	21
 256 00e8 29       		.byte	41
 257 00e9 44       		.byte	68
 258 00ea 2A       		.byte	42
 259 00eb 01       		.byte	1
 260 00ec 2B       		.byte	43
 261 00ed 04       		.byte	4
 262 00ee 2C       		.byte	44
 263 00ef 80       		.byte	-128
 264 00f0 2E       		.byte	46
 265 00f1 40       		.byte	64
 266 00f2 30       		.byte	48
 267 00f3 02       		.byte	2
 268 00f4 31       		.byte	49
 269 00f5 18       		.byte	24
 270 00f6 32       		.byte	50
 271 00f7 80       		.byte	-128
 272 00f8 35       		.byte	53
 273 00f9 44       		.byte	68
 274 00fa 37       		.byte	55
 275 00fb 11       		.byte	17
 276 00fc 38       		.byte	56
 277 00fd A8       		.byte	-88
 278 00fe 3D       		.byte	61
 279 00ff 28       		.byte	40
 280 0100 3E       		.byte	62
 281 0101 02       		.byte	2
 282 0102 3F       		.byte	63
 283 0103 80       		.byte	-128
 284 0104 64       		.byte	100
 285 0105 08       		.byte	8
ARM GAS  C:\Users\CHUCK~1.ERH\AppData\Local\Temp\ccdPRUyK.s 			page 6


 286 0106 6C       		.byte	108
 287 0107 D6       		.byte	-42
 288 0108 6D       		.byte	109
 289 0109 78       		.byte	120
 290 010a 6E       		.byte	110
 291 010b 40       		.byte	64
 292 010c 6F       		.byte	111
 293 010d 40       		.byte	64
 294 010e 76       		.byte	118
 295 010f 03       		.byte	3
 296 0110 C0       		.byte	-64
 297 0111 0F       		.byte	15
 298 0112 C2       		.byte	-62
 299 0113 0F       		.byte	15
 300 0114 C4       		.byte	-60
 301 0115 0F       		.byte	15
 302 0116 CA       		.byte	-54
 303 0117 9F       		.byte	-97
 304 0118 CC       		.byte	-52
 305 0119 FF       		.byte	-1
 306 011a CE       		.byte	-50
 307 011b FE       		.byte	-2
 308 011c D8       		.byte	-40
 309 011d 20       		.byte	32
 310 011e 01       		.byte	1
 311 011f 04       		.byte	4
 312 0120 02       		.byte	2
 313 0121 02       		.byte	2
 314 0122 03       		.byte	3
 315 0123 03       		.byte	3
 316 0124 04       		.byte	4
 317 0125 01       		.byte	1
 318 0126 07       		.byte	7
 319 0127 0C       		.byte	12
 320 0128 08       		.byte	8
 321 0129 04       		.byte	4
 322 012a 0B       		.byte	11
 323 012b 12       		.byte	18
 324 012c 17       		.byte	23
 325 012d 01       		.byte	1
 326 012e 19       		.byte	25
 327 012f 01       		.byte	1
 328 0130 1B       		.byte	27
 329 0131 02       		.byte	2
 330 0132 25       		.byte	37
 331 0133 08       		.byte	8
 332 0134 26       		.byte	38
 333 0135 07       		.byte	7
 334 0136 27       		.byte	39
 335 0137 03       		.byte	3
 336 0138 2C       		.byte	44
 337 0139 07       		.byte	7
 338 013a 30       		.byte	48
 339 013b 07       		.byte	7
 340 013c 33       		.byte	51
 341 013d 10       		.byte	16
 342 013e 35       		.byte	53
ARM GAS  C:\Users\CHUCK~1.ERH\AppData\Local\Temp\ccdPRUyK.s 			page 7


 343 013f 0F       		.byte	15
 344 0140 3E       		.byte	62
 345 0141 01       		.byte	1
 346 0142 58       		.byte	88
 347 0143 04       		.byte	4
 348 0144 59       		.byte	89
 349 0145 04       		.byte	4
 350 0146 5F       		.byte	95
 351 0147 01       		.byte	1
 352 0148 80       		.byte	-128
 353 0149 12       		.byte	18
 354 014a 81       		.byte	-127
 355 014b 01       		.byte	1
 356 014c 82       		.byte	-126
 357 014d 04       		.byte	4
 358 014e 83       		.byte	-125
 359 014f 04       		.byte	4
 360 0150 84       		.byte	-124
 361 0151 0D       		.byte	13
 362 0152 88       		.byte	-120
 363 0153 0D       		.byte	13
 364 0154 89       		.byte	-119
 365 0155 02       		.byte	2
 366 0156 8B       		.byte	-117
 367 0157 01       		.byte	1
 368 0158 8C       		.byte	-116
 369 0159 0D       		.byte	13
 370 015a 94       		.byte	-108
 371 015b 12       		.byte	18
 372 015c 96       		.byte	-106
 373 015d 08       		.byte	8
 374 015e 98       		.byte	-104
 375 015f 02       		.byte	2
 376 0160 99       		.byte	-103
 377 0161 01       		.byte	1
 378 0162 9A       		.byte	-102
 379 0163 0D       		.byte	13
 380 0164 9B       		.byte	-101
 381 0165 02       		.byte	2
 382 0166 9C       		.byte	-100
 383 0167 0D       		.byte	13
 384 0168 9D       		.byte	-99
 385 0169 06       		.byte	6
 386 016a A8       		.byte	-88
 387 016b 11       		.byte	17
 388 016c AA       		.byte	-86
 389 016d 02       		.byte	2
 390 016e AC       		.byte	-84
 391 016f 0D       		.byte	13
 392 0170 B1       		.byte	-79
 393 0171 07       		.byte	7
 394 0172 B4       		.byte	-76
 395 0173 0F       		.byte	15
 396 0174 B6       		.byte	-74
 397 0175 10       		.byte	16
 398 0176 B9       		.byte	-71
 399 0177 02       		.byte	2
ARM GAS  C:\Users\CHUCK~1.ERH\AppData\Local\Temp\ccdPRUyK.s 			page 8


 400 0178 BA       		.byte	-70
 401 0179 20       		.byte	32
 402 017a BE       		.byte	-66
 403 017b 40       		.byte	64
 404 017c D4       		.byte	-44
 405 017d 09       		.byte	9
 406 017e D8       		.byte	-40
 407 017f 04       		.byte	4
 408 0180 D9       		.byte	-39
 409 0181 04       		.byte	4
 410 0182 DB       		.byte	-37
 411 0183 04       		.byte	4
 412 0184 DF       		.byte	-33
 413 0185 01       		.byte	1
 414 0186 00       		.byte	0
 415 0187 21       		.byte	33
 416 0188 03       		.byte	3
 417 0189 10       		.byte	16
 418 018a 04       		.byte	4
 419 018b 29       		.byte	41
 420 018c 06       		.byte	6
 421 018d 02       		.byte	2
 422 018e 0C       		.byte	12
 423 018f 80       		.byte	-128
 424 0190 0E       		.byte	14
 425 0191 28       		.byte	40
 426 0192 12       		.byte	18
 427 0193 22       		.byte	34
 428 0194 15       		.byte	21
 429 0195 40       		.byte	64
 430 0196 17       		.byte	23
 431 0197 10       		.byte	16
 432 0198 1A       		.byte	26
 433 0199 80       		.byte	-128
 434 019a 1D       		.byte	29
 435 019b 40       		.byte	64
 436 019c 1E       		.byte	30
 437 019d 08       		.byte	8
 438 019e 20       		.byte	32
 439 019f 04       		.byte	4
 440 01a0 21       		.byte	33
 441 01a1 08       		.byte	8
 442 01a2 22       		.byte	34
 443 01a3 20       		.byte	32
 444 01a4 26       		.byte	38
 445 01a5 02       		.byte	2
 446 01a6 27       		.byte	39
 447 01a7 40       		.byte	64
 448 01a8 29       		.byte	41
 449 01a9 04       		.byte	4
 450 01aa 31       		.byte	49
 451 01ab 08       		.byte	8
 452 01ac 33       		.byte	51
 453 01ad 10       		.byte	16
 454 01ae 37       		.byte	55
 455 01af 50       		.byte	80
 456 01b0 38       		.byte	56
ARM GAS  C:\Users\CHUCK~1.ERH\AppData\Local\Temp\ccdPRUyK.s 			page 9


 457 01b1 05       		.byte	5
 458 01b2 3A       		.byte	58
 459 01b3 10       		.byte	16
 460 01b4 3C       		.byte	60
 461 01b5 21       		.byte	33
 462 01b6 5D       		.byte	93
 463 01b7 04       		.byte	4
 464 01b8 5E       		.byte	94
 465 01b9 42       		.byte	66
 466 01ba 5F       		.byte	95
 467 01bb 10       		.byte	16
 468 01bc 65       		.byte	101
 469 01bd 40       		.byte	64
 470 01be 82       		.byte	-126
 471 01bf 40       		.byte	64
 472 01c0 8F       		.byte	-113
 473 01c1 40       		.byte	64
 474 01c2 90       		.byte	-112
 475 01c3 29       		.byte	41
 476 01c4 91       		.byte	-111
 477 01c5 44       		.byte	68
 478 01c6 92       		.byte	-110
 479 01c7 40       		.byte	64
 480 01c8 93       		.byte	-109
 481 01c9 10       		.byte	16
 482 01ca 99       		.byte	-103
 483 01cb 04       		.byte	4
 484 01cc 9A       		.byte	-102
 485 01cd 12       		.byte	18
 486 01ce 9B       		.byte	-101
 487 01cf 10       		.byte	16
 488 01d0 A0       		.byte	-96
 489 01d1 90       		.byte	-112
 490 01d2 A2       		.byte	-94
 491 01d3 11       		.byte	17
 492 01d4 AA       		.byte	-86
 493 01d5 21       		.byte	33
 494 01d6 AD       		.byte	-83
 495 01d7 02       		.byte	2
 496 01d8 B2       		.byte	-78
 497 01d9 40       		.byte	64
 498 01da B3       		.byte	-77
 499 01db 10       		.byte	16
 500 01dc C0       		.byte	-64
 501 01dd FE       		.byte	-2
 502 01de C2       		.byte	-62
 503 01df E0       		.byte	-32
 504 01e0 C4       		.byte	-60
 505 01e1 C5       		.byte	-59
 506 01e2 CA       		.byte	-54
 507 01e3 02       		.byte	2
 508 01e4 CC       		.byte	-52
 509 01e5 36       		.byte	54
 510 01e6 CE       		.byte	-50
 511 01e7 A7       		.byte	-89
 512 01e8 D6       		.byte	-42
 513 01e9 F0       		.byte	-16
ARM GAS  C:\Users\CHUCK~1.ERH\AppData\Local\Temp\ccdPRUyK.s 			page 10


 514 01ea D8       		.byte	-40
 515 01eb 10       		.byte	16
 516 01ec 04       		.byte	4
 517 01ed 20       		.byte	32
 518 01ee 05       		.byte	5
 519 01ef 04       		.byte	4
 520 01f0 06       		.byte	6
 521 01f1 02       		.byte	2
 522 01f2 07       		.byte	7
 523 01f3 60       		.byte	96
 524 01f4 0D       		.byte	13
 525 01f5 08       		.byte	8
 526 01f6 0E       		.byte	14
 527 01f7 01       		.byte	1
 528 01f8 0F       		.byte	15
 529 01f9 80       		.byte	-128
 530 01fa 15       		.byte	21
 531 01fb 51       		.byte	81
 532 01fc 17       		.byte	23
 533 01fd 04       		.byte	4
 534 01fe 1C       		.byte	28
 535 01ff 21       		.byte	33
 536 0200 1D       		.byte	29
 537 0201 C4       		.byte	-60
 538 0202 1E       		.byte	30
 539 0203 61       		.byte	97
 540 0204 1F       		.byte	31
 541 0205 10       		.byte	16
 542 0206 25       		.byte	37
 543 0207 60       		.byte	96
 544 0208 34       		.byte	52
 545 0209 08       		.byte	8
 546 020a 37       		.byte	55
 547 020b 10       		.byte	16
 548 020c 3C       		.byte	60
 549 020d 20       		.byte	32
 550 020e 3D       		.byte	61
 551 020f 80       		.byte	-128
 552 0210 3E       		.byte	62
 553 0211 01       		.byte	1
 554 0212 45       		.byte	69
 555 0213 8A       		.byte	-118
 556 0214 47       		.byte	71
 557 0215 20       		.byte	32
 558 0216 4D       		.byte	77
 559 0217 05       		.byte	5
 560 0218 4E       		.byte	78
 561 0219 02       		.byte	2
 562 021a 4F       		.byte	79
 563 021b 01       		.byte	1
 564 021c 56       		.byte	86
 565 021d 51       		.byte	81
 566 021e 57       		.byte	87
 567 021f 44       		.byte	68
 568 0220 60       		.byte	96
 569 0221 08       		.byte	8
 570 0222 61       		.byte	97
ARM GAS  C:\Users\CHUCK~1.ERH\AppData\Local\Temp\ccdPRUyK.s 			page 11


 571 0223 20       		.byte	32
 572 0224 66       		.byte	102
 573 0225 20       		.byte	32
 574 0226 67       		.byte	103
 575 0227 21       		.byte	33
 576 0228 80       		.byte	-128
 577 0229 21       		.byte	33
 578 022a 85       		.byte	-123
 579 022b 40       		.byte	64
 580 022c 90       		.byte	-112
 581 022d 28       		.byte	40
 582 022e 91       		.byte	-111
 583 022f 50       		.byte	80
 584 0230 9A       		.byte	-102
 585 0231 02       		.byte	2
 586 0232 9B       		.byte	-101
 587 0233 54       		.byte	84
 588 0234 9C       		.byte	-100
 589 0235 08       		.byte	8
 590 0236 9D       		.byte	-99
 591 0237 44       		.byte	68
 592 0238 9E       		.byte	-98
 593 0239 10       		.byte	16
 594 023a A0       		.byte	-96
 595 023b 80       		.byte	-128
 596 023c A1       		.byte	-95
 597 023d 08       		.byte	8
 598 023e A2       		.byte	-94
 599 023f 03       		.byte	3
 600 0240 A4       		.byte	-92
 601 0241 30       		.byte	48
 602 0242 A7       		.byte	-89
 603 0243 44       		.byte	68
 604 0244 C0       		.byte	-64
 605 0245 F0       		.byte	-16
 606 0246 C2       		.byte	-62
 607 0247 B0       		.byte	-80
 608 0248 C4       		.byte	-60
 609 0249 F0       		.byte	-16
 610 024a CC       		.byte	-52
 611 024b 60       		.byte	96
 612 024c CE       		.byte	-50
 613 024d B0       		.byte	-80
 614 024e D0       		.byte	-48
 615 024f F0       		.byte	-16
 616 0250 D2       		.byte	-46
 617 0251 10       		.byte	16
 618 0252 D8       		.byte	-40
 619 0253 70       		.byte	112
 620 0254 E0       		.byte	-32
 621 0255 10       		.byte	16
 622 0256 66       		.byte	102
 623 0257 80       		.byte	-128
 624 0258 D6       		.byte	-42
 625 0259 80       		.byte	-128
 626 025a 9E       		.byte	-98
 627 025b 80       		.byte	-128
ARM GAS  C:\Users\CHUCK~1.ERH\AppData\Local\Temp\ccdPRUyK.s 			page 12


 628 025c 9E       		.byte	-98
 629 025d 80       		.byte	-128
 630 025e 86       		.byte	-122
 631 025f 80       		.byte	-128
 632 0260 9E       		.byte	-98
 633 0261 80       		.byte	-128
 634 0262 E2       		.byte	-30
 635 0263 40       		.byte	64
 636 0264 06       		.byte	6
 637 0265 10       		.byte	16
 638 0266 5B       		.byte	91
 639 0267 40       		.byte	64
 640 0268 83       		.byte	-125
 641 0269 40       		.byte	64
 642 026a 9E       		.byte	-98
 643 026b 10       		.byte	16
 644 026c AE       		.byte	-82
 645 026d 10       		.byte	16
 646 026e C0       		.byte	-64
 647 026f 20       		.byte	32
 648 0270 D4       		.byte	-44
 649 0271 80       		.byte	-128
 650 0272 E6       		.byte	-26
 651 0273 80       		.byte	-128
 652 0274 E8       		.byte	-24
 653 0275 40       		.byte	64
 654 0276 52       		.byte	82
 655 0277 20       		.byte	32
 656 0278 8E       		.byte	-114
 657 0279 20       		.byte	32
 658 027a D4       		.byte	-44
 659 027b 04       		.byte	4
 660 027c E0       		.byte	-32
 661 027d 08       		.byte	8
 662 027e 00       		.byte	0
 663 027f 01       		.byte	1
 664 0280 0A       		.byte	10
 665 0281 01       		.byte	1
 666 0282 10       		.byte	16
 667 0283 01       		.byte	1
 668 0284 1A       		.byte	26
 669 0285 01       		.byte	1
 670 0286 00       		.byte	0
 671 0287 00       		.byte	0
 672 0288 C6       		.byte	-58
 673 0289 03       		.byte	3
 674 028a 00       		.byte	0
 675 028b 2C       		.byte	44
 676 028c 01       		.byte	1
 677 028d 00       		.byte	0
 678 028e 5E       		.byte	94
 679 028f 00       		.byte	0
 680 0290 C2       		.byte	-62
 681 0291 35       		.byte	53
 682 0292 04       		.byte	4
 683 0293 02       		.byte	2
 684 0294 C6       		.byte	-58
ARM GAS  C:\Users\CHUCK~1.ERH\AppData\Local\Temp\ccdPRUyK.s 			page 13


 685 0295 00       		.byte	0
 686 0296 00       		.byte	0
 687 0297 08       		.byte	8
 688 0298 04       		.byte	4
 689 0299 00       		.byte	0
 690 029a 20       		.byte	32
 691 029b 00       		.byte	0
 692 029c 77       		.byte	119
 693 029d 04       		.byte	4
 694 029e 08       		.byte	8
 695 029f 03       		.byte	3
 696 02a0 00       		.byte	0
 697 02a1 01       		.byte	1
 698 02a2 00       		.byte	0
 699 02a3 1E       		.byte	30
 700 02a4 39       		.byte	57
 701 02a5 00       		.byte	0
 702 02a6 06       		.byte	6
 703 02a7 00       		.byte	0
 704 02a8 00       		.byte	0
 705 02a9 00       		.byte	0
 706 02aa 80       		.byte	-128
 707 02ab 00       		.byte	0
 708 02ac 42       		.byte	66
 709 02ad 00       		.byte	0
 710 02ae 00       		.byte	0
 711 02af 00       		.byte	0
 712 02b0 80       		.byte	-128
 713 02b1 00       		.byte	0
 714 02b2 46       		.byte	70
 715 02b3 00       		.byte	0
 716 02b4 46       		.byte	70
 717 02b5 00       		.byte	0
 718 02b6 80       		.byte	-128
 719 02b7 00       		.byte	0
 720 02b8 08       		.byte	8
 721 02b9 00       		.byte	0
 722 02ba 70       		.byte	112
 723 02bb 00       		.byte	0
 724 02bc 80       		.byte	-128
 725 02bd 07       		.byte	7
 726 02be 0F       		.byte	15
 727 02bf 38       		.byte	56
 728 02c0 80       		.byte	-128
 729 02c1 00       		.byte	0
 730 02c2 0C       		.byte	12
 731 02c3 20       		.byte	32
 732 02c4 00       		.byte	0
 733 02c5 00       		.byte	0
 734 02c6 11       		.byte	17
 735 02c7 00       		.byte	0
 736 02c8 12       		.byte	18
 737 02c9 03       		.byte	3
 738 02ca 50       		.byte	80
 739 02cb 00       		.byte	0
 740 02cc 04       		.byte	4
 741 02cd DE       		.byte	-34
ARM GAS  C:\Users\CHUCK~1.ERH\AppData\Local\Temp\ccdPRUyK.s 			page 14


 742 02ce BC       		.byte	-68
 743 02cf FB       		.byte	-5
 744 02d0 3F       		.byte	63
 745 02d1 FF       		.byte	-1
 746 02d2 FF       		.byte	-1
 747 02d3 FF       		.byte	-1
 748 02d4 22       		.byte	34
 749 02d5 00       		.byte	0
 750 02d6 F0       		.byte	-16
 751 02d7 08       		.byte	8
 752 02d8 04       		.byte	4
 753 02d9 00       		.byte	0
 754 02da 00       		.byte	0
 755 02db 00       		.byte	0
 756 02dc 40       		.byte	64
 757 02dd 00       		.byte	0
 758 02de 00       		.byte	0
 759 02df 00       		.byte	0
 760 02e0 04       		.byte	4
 761 02e1 04       		.byte	4
 762 02e2 04       		.byte	4
 763 02e3 04       		.byte	4
 764 02e4 00       		.byte	0
 765 02e5 00       		.byte	0
 766 02e6 00       		.byte	0
 767 02e7 01       		.byte	1
 768 02e8 00       		.byte	0
 769 02e9 00       		.byte	0
 770 02ea C0       		.byte	-64
 771 02eb 00       		.byte	0
 772 02ec 40       		.byte	64
 773 02ed 01       		.byte	1
 774 02ee 10       		.byte	16
 775 02ef 11       		.byte	17
 776 02f0 C0       		.byte	-64
 777 02f1 01       		.byte	1
 778 02f2 00       		.byte	0
 779 02f3 11       		.byte	17
 780 02f4 40       		.byte	64
 781 02f5 01       		.byte	1
 782 02f6 40       		.byte	64
 783 02f7 01       		.byte	1
 784 02f8 00       		.byte	0
 785 02f9 00       		.byte	0
 786 02fa 00       		.byte	0
 787 02fb 00       		.byte	0
 788 02fc 00       		.byte	0
 789 02fd 00       		.byte	0
 790 02fe 00       		.byte	0
 791 02ff 00       		.byte	0
 792 0300 00       		.byte	0
 793 0301 00       		.byte	0
 794 0302 00       		.byte	0
 795 0303 00       		.byte	0
 796 0304 00       		.byte	0
 797 0305 00       		.byte	0
 798 0306 00       		.byte	0
ARM GAS  C:\Users\CHUCK~1.ERH\AppData\Local\Temp\ccdPRUyK.s 			page 15


 799 0307 00       		.byte	0
 800 0308 00       		.byte	0
 801 0309 40       		.byte	64
 802 030a 40       		.byte	64
 803 030b 00       		.byte	0
 804 030c 40       		.byte	64
 805 030d 00       		.byte	0
 806 030e 00       		.byte	0
 807 030f 00       		.byte	0
 808 0310 10       		.byte	16
 809 0311 00       		.byte	0
 810 0312 00       		.byte	0
 811 0313 10       		.byte	16
 812 0314 10       		.byte	16
 813 0315 00       		.byte	0
 814 0316 00       		.byte	0
 815 0317 00       		.byte	0
 816 0318 00       		.byte	0
 817 0319 00       		.byte	0
 818 031a 00       		.byte	0
 819 031b 00       		.byte	0
 820 031c 02       		.byte	2
 821 031d 01       		.byte	1
 822 031e 01       		.byte	1
 823 031f 00       		.byte	0
 824 0320 01       		.byte	1
 825 0321 00       		.byte	0
 826 0322 00       		.byte	0
 827 0323 00       		.byte	0
 828 0324 00       		.byte	0
 829 0325 04       		.byte	4
 830 0326 04       		.byte	4
 831 0327 00       		.byte	0
 832 0328 04       		.byte	4
 833 0329 00       		.byte	0
 834 032a 00       		.byte	0
 835 032b 00       		.byte	0
 836              		.global	cy_meta_custnvl
 837              		.section	.cycustnvl,"a",%progbits
 838              		.align	2
 839              		.type	cy_meta_custnvl, %object
 840              		.size	cy_meta_custnvl, 4
 841              	cy_meta_custnvl:
 842 0000 00       		.byte	0
 843 0001 00       		.byte	0
 844 0002 40       		.byte	64
 845 0003 05       		.byte	5
 846              		.global	cy_meta_wonvl
 847              		.section	.cywolatch,"a",%progbits
 848              		.align	2
 849              		.type	cy_meta_wonvl, %object
 850              		.size	cy_meta_wonvl, 4
 851              	cy_meta_wonvl:
 852 0000 BC       		.byte	-68
 853 0001 90       		.byte	-112
 854 0002 AC       		.byte	-84
 855 0003 AF       		.byte	-81
ARM GAS  C:\Users\CHUCK~1.ERH\AppData\Local\Temp\ccdPRUyK.s 			page 16


 856              		.global	cy_meta_flashprotect
 857              		.section	.cyflashprotect,"a",%progbits
 858              		.align	2
 859              		.type	cy_meta_flashprotect, %object
 860              		.size	cy_meta_flashprotect, 256
 861              	cy_meta_flashprotect:
 862 0000 00000000 		.space	256
 862      00000000 
 862      00000000 
 862      00000000 
 862      00000000 
 863              		.global	cy_metadata
 864              		.section	.cymeta,"a",%progbits
 865              		.align	2
 866              		.type	cy_metadata, %object
 867              		.size	cy_metadata, 12
 868              	cy_metadata:
 869 0000 00       		.byte	0
 870 0001 01       		.byte	1
 871 0002 2E       		.byte	46
 872 0003 12       		.byte	18
 873 0004 30       		.byte	48
 874 0005 69       		.byte	105
 875 0006 00       		.byte	0
 876 0007 01       		.byte	1
 877 0008 00       		.byte	0
 878 0009 00       		.byte	0
 879 000a 00       		.byte	0
 880 000b 00       		.byte	0
 881              		.text
 882              	.Letext0:
 883              		.file 1 ".\\Generated_Source\\PSoC5\\cymetadata.c"
 884              		.file 2 ".\\Generated_Source\\PSoC5\\cytypes.h"
 885              		.section	.debug_info,"",%progbits
 886              	.Ldebug_info0:
 887 0000 3B010000 		.4byte	0x13b
 888 0004 0200     		.2byte	0x2
 889 0006 00000000 		.4byte	.Ldebug_abbrev0
 890 000a 04       		.byte	0x4
 891 000b 01       		.uleb128 0x1
 892 000c 6C010000 		.4byte	.LASF18
 893 0010 01       		.byte	0x1
 894 0011 00000000 		.4byte	.LASF19
 895 0015 26000000 		.4byte	.LASF20
 896 0019 00000000 		.4byte	.Ldebug_line0
 897 001d 02       		.uleb128 0x2
 898 001e 01       		.byte	0x1
 899 001f 06       		.byte	0x6
 900 0020 BE010000 		.4byte	.LASF0
 901 0024 02       		.uleb128 0x2
 902 0025 01       		.byte	0x1
 903 0026 08       		.byte	0x8
 904 0027 9D000000 		.4byte	.LASF1
 905 002b 02       		.uleb128 0x2
 906 002c 02       		.byte	0x2
 907 002d 05       		.byte	0x5
 908 002e 5C010000 		.4byte	.LASF2
ARM GAS  C:\Users\CHUCK~1.ERH\AppData\Local\Temp\ccdPRUyK.s 			page 17


 909 0032 02       		.uleb128 0x2
 910 0033 02       		.byte	0x2
 911 0034 07       		.byte	0x7
 912 0035 BD000000 		.4byte	.LASF3
 913 0039 02       		.uleb128 0x2
 914 003a 04       		.byte	0x4
 915 003b 05       		.byte	0x5
 916 003c B5010000 		.4byte	.LASF4
 917 0040 02       		.uleb128 0x2
 918 0041 04       		.byte	0x4
 919 0042 07       		.byte	0x7
 920 0043 AB000000 		.4byte	.LASF5
 921 0047 02       		.uleb128 0x2
 922 0048 08       		.byte	0x8
 923 0049 05       		.byte	0x5
 924 004a 49010000 		.4byte	.LASF6
 925 004e 02       		.uleb128 0x2
 926 004f 08       		.byte	0x8
 927 0050 07       		.byte	0x7
 928 0051 06010000 		.4byte	.LASF7
 929 0055 03       		.uleb128 0x3
 930 0056 04       		.byte	0x4
 931 0057 05       		.byte	0x5
 932 0058 696E7400 		.ascii	"int\000"
 933 005c 02       		.uleb128 0x2
 934 005d 04       		.byte	0x4
 935 005e 07       		.byte	0x7
 936 005f F9000000 		.4byte	.LASF8
 937 0063 04       		.uleb128 0x4
 938 0064 66010000 		.4byte	.LASF21
 939 0068 02       		.byte	0x2
 940 0069 5B       		.byte	0x5b
 941 006a 24000000 		.4byte	0x24
 942 006e 02       		.uleb128 0x2
 943 006f 04       		.byte	0x4
 944 0070 04       		.byte	0x4
 945 0071 97000000 		.4byte	.LASF9
 946 0075 02       		.uleb128 0x2
 947 0076 08       		.byte	0x8
 948 0077 04       		.byte	0x4
 949 0078 D0000000 		.4byte	.LASF10
 950 007c 02       		.uleb128 0x2
 951 007d 01       		.byte	0x1
 952 007e 08       		.byte	0x8
 953 007f 57010000 		.4byte	.LASF11
 954 0083 05       		.uleb128 0x5
 955 0084 63000000 		.4byte	0x63
 956 0088 94000000 		.4byte	0x94
 957 008c 06       		.uleb128 0x6
 958 008d 94000000 		.4byte	0x94
 959 0091 2B03     		.2byte	0x32b
 960 0093 00       		.byte	0
 961 0094 02       		.uleb128 0x2
 962 0095 04       		.byte	0x4
 963 0096 07       		.byte	0x7
 964 0097 40010000 		.4byte	.LASF12
 965 009b 07       		.uleb128 0x7
ARM GAS  C:\Users\CHUCK~1.ERH\AppData\Local\Temp\ccdPRUyK.s 			page 18


 966 009c E7000000 		.4byte	.LASF13
 967 00a0 01       		.byte	0x1
 968 00a1 1C       		.byte	0x1c
 969 00a2 AD000000 		.4byte	0xad
 970 00a6 01       		.byte	0x1
 971 00a7 05       		.byte	0x5
 972 00a8 03       		.byte	0x3
 973 00a9 00000000 		.4byte	cy_meta_configecc
 974 00ad 08       		.uleb128 0x8
 975 00ae 83000000 		.4byte	0x83
 976 00b2 05       		.uleb128 0x5
 977 00b3 63000000 		.4byte	0x63
 978 00b7 C2000000 		.4byte	0xc2
 979 00bb 09       		.uleb128 0x9
 980 00bc 94000000 		.4byte	0x94
 981 00c0 03       		.byte	0x3
 982 00c1 00       		.byte	0
 983 00c2 07       		.uleb128 0x7
 984 00c3 D7000000 		.4byte	.LASF14
 985 00c7 01       		.byte	0x1
 986 00c8 8C       		.byte	0x8c
 987 00c9 D4000000 		.4byte	0xd4
 988 00cd 01       		.byte	0x1
 989 00ce 05       		.byte	0x5
 990 00cf 03       		.byte	0x3
 991 00d0 00000000 		.4byte	cy_meta_custnvl
 992 00d4 08       		.uleb128 0x8
 993 00d5 B2000000 		.4byte	0xb2
 994 00d9 07       		.uleb128 0x7
 995 00da 32010000 		.4byte	.LASF15
 996 00de 01       		.byte	0x1
 997 00df 97       		.byte	0x97
 998 00e0 EB000000 		.4byte	0xeb
 999 00e4 01       		.byte	0x1
 1000 00e5 05       		.byte	0x5
 1001 00e6 03       		.byte	0x3
 1002 00e7 00000000 		.4byte	cy_meta_wonvl
 1003 00eb 08       		.uleb128 0x8
 1004 00ec B2000000 		.4byte	0xb2
 1005 00f0 05       		.uleb128 0x5
 1006 00f1 63000000 		.4byte	0x63
 1007 00f5 00010000 		.4byte	0x100
 1008 00f9 09       		.uleb128 0x9
 1009 00fa 94000000 		.4byte	0x94
 1010 00fe FF       		.byte	0xff
 1011 00ff 00       		.byte	0
 1012 0100 07       		.uleb128 0x7
 1013 0101 1D010000 		.4byte	.LASF16
 1014 0105 01       		.byte	0x1
 1015 0106 A2       		.byte	0xa2
 1016 0107 12010000 		.4byte	0x112
 1017 010b 01       		.byte	0x1
 1018 010c 05       		.byte	0x5
 1019 010d 03       		.byte	0x3
 1020 010e 00000000 		.4byte	cy_meta_flashprotect
 1021 0112 08       		.uleb128 0x8
 1022 0113 F0000000 		.4byte	0xf0
ARM GAS  C:\Users\CHUCK~1.ERH\AppData\Local\Temp\ccdPRUyK.s 			page 19


 1023 0117 05       		.uleb128 0x5
 1024 0118 63000000 		.4byte	0x63
 1025 011c 27010000 		.4byte	0x127
 1026 0120 09       		.uleb128 0x9
 1027 0121 94000000 		.4byte	0x94
 1028 0125 0B       		.byte	0xb
 1029 0126 00       		.byte	0
 1030 0127 07       		.uleb128 0x7
 1031 0128 8B000000 		.4byte	.LASF17
 1032 012c 01       		.byte	0x1
 1033 012d CC       		.byte	0xcc
 1034 012e 39010000 		.4byte	0x139
 1035 0132 01       		.byte	0x1
 1036 0133 05       		.byte	0x5
 1037 0134 03       		.byte	0x3
 1038 0135 00000000 		.4byte	cy_metadata
 1039 0139 08       		.uleb128 0x8
 1040 013a 17010000 		.4byte	0x117
 1041 013e 00       		.byte	0
 1042              		.section	.debug_abbrev,"",%progbits
 1043              	.Ldebug_abbrev0:
 1044 0000 01       		.uleb128 0x1
 1045 0001 11       		.uleb128 0x11
 1046 0002 01       		.byte	0x1
 1047 0003 25       		.uleb128 0x25
 1048 0004 0E       		.uleb128 0xe
 1049 0005 13       		.uleb128 0x13
 1050 0006 0B       		.uleb128 0xb
 1051 0007 03       		.uleb128 0x3
 1052 0008 0E       		.uleb128 0xe
 1053 0009 1B       		.uleb128 0x1b
 1054 000a 0E       		.uleb128 0xe
 1055 000b 10       		.uleb128 0x10
 1056 000c 06       		.uleb128 0x6
 1057 000d 00       		.byte	0
 1058 000e 00       		.byte	0
 1059 000f 02       		.uleb128 0x2
 1060 0010 24       		.uleb128 0x24
 1061 0011 00       		.byte	0
 1062 0012 0B       		.uleb128 0xb
 1063 0013 0B       		.uleb128 0xb
 1064 0014 3E       		.uleb128 0x3e
 1065 0015 0B       		.uleb128 0xb
 1066 0016 03       		.uleb128 0x3
 1067 0017 0E       		.uleb128 0xe
 1068 0018 00       		.byte	0
 1069 0019 00       		.byte	0
 1070 001a 03       		.uleb128 0x3
 1071 001b 24       		.uleb128 0x24
 1072 001c 00       		.byte	0
 1073 001d 0B       		.uleb128 0xb
 1074 001e 0B       		.uleb128 0xb
 1075 001f 3E       		.uleb128 0x3e
 1076 0020 0B       		.uleb128 0xb
 1077 0021 03       		.uleb128 0x3
 1078 0022 08       		.uleb128 0x8
 1079 0023 00       		.byte	0
ARM GAS  C:\Users\CHUCK~1.ERH\AppData\Local\Temp\ccdPRUyK.s 			page 20


 1080 0024 00       		.byte	0
 1081 0025 04       		.uleb128 0x4
 1082 0026 16       		.uleb128 0x16
 1083 0027 00       		.byte	0
 1084 0028 03       		.uleb128 0x3
 1085 0029 0E       		.uleb128 0xe
 1086 002a 3A       		.uleb128 0x3a
 1087 002b 0B       		.uleb128 0xb
 1088 002c 3B       		.uleb128 0x3b
 1089 002d 0B       		.uleb128 0xb
 1090 002e 49       		.uleb128 0x49
 1091 002f 13       		.uleb128 0x13
 1092 0030 00       		.byte	0
 1093 0031 00       		.byte	0
 1094 0032 05       		.uleb128 0x5
 1095 0033 01       		.uleb128 0x1
 1096 0034 01       		.byte	0x1
 1097 0035 49       		.uleb128 0x49
 1098 0036 13       		.uleb128 0x13
 1099 0037 01       		.uleb128 0x1
 1100 0038 13       		.uleb128 0x13
 1101 0039 00       		.byte	0
 1102 003a 00       		.byte	0
 1103 003b 06       		.uleb128 0x6
 1104 003c 21       		.uleb128 0x21
 1105 003d 00       		.byte	0
 1106 003e 49       		.uleb128 0x49
 1107 003f 13       		.uleb128 0x13
 1108 0040 2F       		.uleb128 0x2f
 1109 0041 05       		.uleb128 0x5
 1110 0042 00       		.byte	0
 1111 0043 00       		.byte	0
 1112 0044 07       		.uleb128 0x7
 1113 0045 34       		.uleb128 0x34
 1114 0046 00       		.byte	0
 1115 0047 03       		.uleb128 0x3
 1116 0048 0E       		.uleb128 0xe
 1117 0049 3A       		.uleb128 0x3a
 1118 004a 0B       		.uleb128 0xb
 1119 004b 3B       		.uleb128 0x3b
 1120 004c 0B       		.uleb128 0xb
 1121 004d 49       		.uleb128 0x49
 1122 004e 13       		.uleb128 0x13
 1123 004f 3F       		.uleb128 0x3f
 1124 0050 0C       		.uleb128 0xc
 1125 0051 02       		.uleb128 0x2
 1126 0052 0A       		.uleb128 0xa
 1127 0053 00       		.byte	0
 1128 0054 00       		.byte	0
 1129 0055 08       		.uleb128 0x8
 1130 0056 26       		.uleb128 0x26
 1131 0057 00       		.byte	0
 1132 0058 49       		.uleb128 0x49
 1133 0059 13       		.uleb128 0x13
 1134 005a 00       		.byte	0
 1135 005b 00       		.byte	0
 1136 005c 09       		.uleb128 0x9
ARM GAS  C:\Users\CHUCK~1.ERH\AppData\Local\Temp\ccdPRUyK.s 			page 21


 1137 005d 21       		.uleb128 0x21
 1138 005e 00       		.byte	0
 1139 005f 49       		.uleb128 0x49
 1140 0060 13       		.uleb128 0x13
 1141 0061 2F       		.uleb128 0x2f
 1142 0062 0B       		.uleb128 0xb
 1143 0063 00       		.byte	0
 1144 0064 00       		.byte	0
 1145 0065 00       		.byte	0
 1146              		.section	.debug_aranges,"",%progbits
 1147 0000 14000000 		.4byte	0x14
 1148 0004 0200     		.2byte	0x2
 1149 0006 00000000 		.4byte	.Ldebug_info0
 1150 000a 04       		.byte	0x4
 1151 000b 00       		.byte	0
 1152 000c 0000     		.2byte	0
 1153 000e 0000     		.2byte	0
 1154 0010 00000000 		.4byte	0
 1155 0014 00000000 		.4byte	0
 1156              		.section	.debug_line,"",%progbits
 1157              	.Ldebug_line0:
 1158 0000 4F000000 		.section	.debug_str,"MS",%progbits,1
 1158      02004900 
 1158      00000201 
 1158      FB0E0D00 
 1158      01010101 
 1159              	.LASF19:
 1160 0000 2E5C4765 		.ascii	".\\Generated_Source\\PSoC5\\cymetadata.c\000"
 1160      6E657261 
 1160      7465645F 
 1160      536F7572 
 1160      63655C50 
 1161              	.LASF20:
 1162 0026 433A5C55 		.ascii	"C:\\Users\\chuck.erhardt\\Documents\\GitHub\\PSoC-W"
 1162      73657273 
 1162      5C636875 
 1162      636B2E65 
 1162      72686172 
 1163 0054 35313030 		.ascii	"5100-Driver\\freeSoCExplorer+ArduinoSheld_Example.c"
 1163      2D447269 
 1163      7665725C 
 1163      66726565 
 1163      536F4345 
 1164 0086 7964736E 		.ascii	"ydsn\000"
 1164      00
 1165              	.LASF17:
 1166 008b 63795F6D 		.ascii	"cy_metadata\000"
 1166      65746164 
 1166      61746100 
 1167              	.LASF9:
 1168 0097 666C6F61 		.ascii	"float\000"
 1168      7400
 1169              	.LASF1:
 1170 009d 756E7369 		.ascii	"unsigned char\000"
 1170      676E6564 
 1170      20636861 
 1170      7200
ARM GAS  C:\Users\CHUCK~1.ERH\AppData\Local\Temp\ccdPRUyK.s 			page 22


 1171              	.LASF5:
 1172 00ab 6C6F6E67 		.ascii	"long unsigned int\000"
 1172      20756E73 
 1172      69676E65 
 1172      6420696E 
 1172      7400
 1173              	.LASF3:
 1174 00bd 73686F72 		.ascii	"short unsigned int\000"
 1174      7420756E 
 1174      7369676E 
 1174      65642069 
 1174      6E7400
 1175              	.LASF10:
 1176 00d0 646F7562 		.ascii	"double\000"
 1176      6C6500
 1177              	.LASF14:
 1178 00d7 63795F6D 		.ascii	"cy_meta_custnvl\000"
 1178      6574615F 
 1178      63757374 
 1178      6E766C00 
 1179              	.LASF13:
 1180 00e7 63795F6D 		.ascii	"cy_meta_configecc\000"
 1180      6574615F 
 1180      636F6E66 
 1180      69676563 
 1180      6300
 1181              	.LASF8:
 1182 00f9 756E7369 		.ascii	"unsigned int\000"
 1182      676E6564 
 1182      20696E74 
 1182      00
 1183              	.LASF7:
 1184 0106 6C6F6E67 		.ascii	"long long unsigned int\000"
 1184      206C6F6E 
 1184      6720756E 
 1184      7369676E 
 1184      65642069 
 1185              	.LASF16:
 1186 011d 63795F6D 		.ascii	"cy_meta_flashprotect\000"
 1186      6574615F 
 1186      666C6173 
 1186      6870726F 
 1186      74656374 
 1187              	.LASF15:
 1188 0132 63795F6D 		.ascii	"cy_meta_wonvl\000"
 1188      6574615F 
 1188      776F6E76 
 1188      6C00
 1189              	.LASF12:
 1190 0140 73697A65 		.ascii	"sizetype\000"
 1190      74797065 
 1190      00
 1191              	.LASF6:
 1192 0149 6C6F6E67 		.ascii	"long long int\000"
 1192      206C6F6E 
 1192      6720696E 
 1192      7400
ARM GAS  C:\Users\CHUCK~1.ERH\AppData\Local\Temp\ccdPRUyK.s 			page 23


 1193              	.LASF11:
 1194 0157 63686172 		.ascii	"char\000"
 1194      00
 1195              	.LASF2:
 1196 015c 73686F72 		.ascii	"short int\000"
 1196      7420696E 
 1196      7400
 1197              	.LASF21:
 1198 0166 75696E74 		.ascii	"uint8\000"
 1198      3800
 1199              	.LASF18:
 1200 016c 474E5520 		.ascii	"GNU C 4.7.3 20130312 (release) [ARM/embedded-4_7-br"
 1200      4320342E 
 1200      372E3320 
 1200      32303133 
 1200      30333132 
 1201 019f 616E6368 		.ascii	"anch revision 196615]\000"
 1201      20726576 
 1201      6973696F 
 1201      6E203139 
 1201      36363135 
 1202              	.LASF4:
 1203 01b5 6C6F6E67 		.ascii	"long int\000"
 1203      20696E74 
 1203      00
 1204              	.LASF0:
 1205 01be 7369676E 		.ascii	"signed char\000"
 1205      65642063 
 1205      68617200 
 1206              		.ident	"GCC: (GNU Tools for ARM Embedded Processors) 4.7.3 20130312 (release) [ARM/embedded-4_7-br
