--------------- Build Started: 01/06/2014 13:14:52 Project: freeSoCExplorer+ArduinoSheld_Example, Configuration: ARM GCC 4.7.3 Debug ---------------
cydsfit.exe "-.appdatapath" "C:\Users\chuck.erhardt\AppData\Local\Cypress Semiconductor\PSoC Creator\3.0" "-.fdsnotice" "-.fdswarpdepfile=warp_dependencies.txt" "-.fdselabdepfile=elab_dependencies.txt" "-.fdsbldfile=generated_files.txt" "-p" "C:\Users\chuck.erhardt\Documents\GitHub\PSoC-W5100-Driver\freeSoCExplorer+ArduinoSheld_Example.cydsn\freeSoCExplorer+ArduinoSheld_Example.cyprj" "-d" "CY8C5868AXI-LP035" "-s" "C:\Users\chuck.erhardt\Documents\GitHub\PSoC-W5100-Driver\freeSoCExplorer+ArduinoSheld_Example.cydsn\Generated_Source\PSoC5" "--" "-yv2" "-v3" "-ygs" "-q10" "-o2" "-.fftcfgtype=LE"
Elaborating Design...
HDL Generation ...
Synthesis ...
Place and Route ...
Tech mapping ...
Info: mpr.M0037: Unused pieces of the design have been optimized out. See the Tech mapping section of the report file for details. (App=cydsfit)
Analog Placement ...
Analog Routing ...
Analog Code Generation ...
Digital Placement ...
Digital Routing ...
Bitstream Generation ...
Static timing analysis ...
API Generation ...
Dependency Generation ...
Clean Temporary Files ...
arm-none-eabi-gcc.exe -I. -I./Generated_Source/PSoC5 -Wno-main -mcpu=cortex-m3 -mthumb -Wall -g -D DEBUG -Wa,-alh=.\CortexM3\ARM_GCC_473\Debug\ETH0.lst -ffunction-sections -c .\Generated_Source\PSoC5\ETH0.c -o .\CortexM3\ARM_GCC_473\Debug\ETH0.o
.\Generated_Source\PSoC5\ETH0.c:390:15: warning: 'ETH0_GetGatewayAddress' defined but not used [-Wunused-function]
.\Generated_Source\PSoC5\ETH0.c:402:15: warning: 'ETH0_GetSubnetMask' defined but not used [-Wunused-function]
.\Generated_Source\PSoC5\ETH0.c:426:14: warning: 'ETH0_GetMode' defined but not used [-Wunused-function]
.\Generated_Source\PSoC5\ETH0.c:438:14: warning: 'ETH0_GetIR' defined but not used [-Wunused-function]
.\Generated_Source\PSoC5\ETH0.c:444:13: warning: 'ETH0_SetIMR' defined but not used [-Wunused-function]
.\Generated_Source\PSoC5\ETH0.c:450:14: warning: 'ETH0_GetIMR' defined but not used [-Wunused-function]
.\Generated_Source\PSoC5\ETH0.c:456:13: warning: 'ETH0_SetRetryTime' defined but not used [-Wunused-function]
.\Generated_Source\PSoC5\ETH0.c:462:15: warning: 'ETH0_GetRetryTime' defined but not used [-Wunused-function]
.\Generated_Source\PSoC5\ETH0.c:468:13: warning: 'ETH0_SetRetryCount' defined but not used [-Wunused-function]
.\Generated_Source\PSoC5\ETH0.c:474:14: warning: 'ETH0_GetRetryCount' defined but not used [-Wunused-function]
.\Generated_Source\PSoC5\ETH0.c:486:14: warning: 'ETH0_GetRxMemSize' defined but not used [-Wunused-function]
.\Generated_Source\PSoC5\ETH0.c:498:14: warning: 'ETH0_GetTxMemSize' defined but not used [-Wunused-function]
.\Generated_Source\PSoC5\ETH0.c:504:13: warning: 'ETH0_SetUnreachableIP' defined but not used [-Wunused-function]
.\Generated_Source\PSoC5\ETH0.c:510:15: warning: 'ETH0_GetUnreachableIP' defined but not used [-Wunused-function]
.\Generated_Source\PSoC5\ETH0.c:516:13: warning: 'ETH0_SetUnreachablePort' defined but not used [-Wunused-function]
.\Generated_Source\PSoC5\ETH0.c:522:15: warning: 'ETH0_GetUnreachablePort' defined but not used [-Wunused-function]
.\Generated_Source\PSoC5\ETH0.c:548:14: warning: 'ETH0_GetSocketMode' defined but not used [-Wunused-function]
.\Generated_Source\PSoC5\ETH0.c:588:13: warning: 'ETH0_SetSocketStatus' defined but not used [-Wunused-function]
.\Generated_Source\PSoC5\ETH0.c:612:15: warning: 'ETH0_GetSocketSourcePort' defined but not used [-Wunused-function]
.\Generated_Source\PSoC5\ETH0.c:620:13: warning: 'ETH0_SetSocketDestMAC' defined but not used [-Wunused-function]
.\Generated_Source\PSoC5\ETH0.c:628:13: warning: 'ETH0_GetSocketDestMAC' defined but not used [-Wunused-function]
.\Generated_Source\PSoC5\ETH0.c:644:15: warning: 'ETH0_GetSocketDestIP' defined but not used [-Wunused-function]
.\Generated_Source\PSoC5\ETH0.c:660:15: warning: 'ETH0_GetSocketDestPort' defined but not used [-Wunused-function]
.\Generated_Source\PSoC5\ETH0.c:668:13: warning: 'ETH0_SetSocketMaxSegSize' defined but not used [-Wunused-function]
.\Generated_Source\PSoC5\ETH0.c:676:15: warning: 'ETH0_GetSocketMaxSegSize' defined but not used [-Wunused-function]
.\Generated_Source\PSoC5\ETH0.c:684:16: warning: 'ETH0_GetSocketProto' defined but not used [-Wunused-function]
.\Generated_Source\PSoC5\ETH0.c:692:13: warning: 'ETH0_SetSocketTOS' defined but not used [-Wunused-function]
.\Generated_Source\PSoC5\ETH0.c:700:14: warning: 'ETH0_GetSocketTOS' defined but not used [-Wunused-function]
.\Generated_Source\PSoC5\ETH0.c:708:13: warning: 'ETH0_SetSocketTTL' defined but not used [-Wunused-function]
.\Generated_Source\PSoC5\ETH0.c:716:14: warning: 'ETH0_GetSocketTTL' defined but not used [-Wunused-function]
.\Generated_Source\PSoC5\ETH0.c:724:13: warning: 'ETH0_SetSocketTxFree' defined but not used [-Wunused-function]
.\Generated_Source\PSoC5\ETH0.c:740:13: warning: 'ETH0_SetSocketTxReadPtr' defined but not used [-Wunused-function]
.\Generated_Source\PSoC5\ETH0.c:748:15: warning: 'ETH0_GetSocketTxReadPtr' defined but not used [-Wunused-function]
.\Generated_Source\PSoC5\ETH0.c:1236:1: warning: 'ETH0_SocketSendMac' defined but not used [-Wunused-function]
arm-none-eabi-ar.exe -rs .\CortexM3\ARM_GCC_473\Debug\freeSoCExplorer+ArduinoSheld_Example.a .\CortexM3\ARM_GCC_473\Debug\cyfitter_cfg.o .\CortexM3\ARM_GCC_473\Debug\SPI0.o .\CortexM3\ARM_GCC_473\Debug\SPI0_PM.o .\CortexM3\ARM_GCC_473\Debug\SPI0_INT.o .\CortexM3\ARM_GCC_473\Debug\ETH0.o .\CortexM3\ARM_GCC_473\Debug\SPI0_IntClock.o .\CortexM3\ARM_GCC_473\Debug\CyBootAsmGnu.o .\CortexM3\ARM_GCC_473\Debug\CyDmac.o .\CortexM3\ARM_GCC_473\Debug\CyFlash.o .\CortexM3\ARM_GCC_473\Debug\CyLib.o .\CortexM3\ARM_GCC_473\Debug\cyPm.o .\CortexM3\ARM_GCC_473\Debug\CySpc.o .\CortexM3\ARM_GCC_473\Debug\cyutils.o .\CortexM3\ARM_GCC_473\Debug\SDCS.o
arm-none-eabi-ar.exe: creating .\CortexM3\ARM_GCC_473\Debug\freeSoCExplorer+ArduinoSheld_Example.a
arm-none-eabi-gcc.exe -mthumb -march=armv7-m -mfix-cortex-m3-ldrd -T .\Generated_Source\PSoC5\cm3gcc.ld -g -Wl,-Map,.\CortexM3\ARM_GCC_473\Debug\freeSoCExplorer+ArduinoSheld_Example.map -specs=nano.specs -Wl,--gc-sections -Wl,--start-group -o .\CortexM3\ARM_GCC_473\Debug\freeSoCExplorer+ArduinoSheld_Example.elf .\CortexM3\ARM_GCC_473\Debug\main.o .\CortexM3\ARM_GCC_473\Debug\cymetadata.o .\CortexM3\ARM_GCC_473\Debug\Cm3Start.o .\CortexM3\ARM_GCC_473\Debug\freeSoCExplorer+ArduinoSheld_Example.a "C:\Program Files (x86)\Cypress\PSoC Creator\3.0\PSoC Creator\psoc\content\cycomponentlibrary\CyComponentLibrary.cylib\CortexM3\ARM_GCC_473\Debug\CyComponentLibrary.a" -Wl,--end-group
cyelftool.exe -C C:\Users\chuck.erhardt\Documents\GitHub\PSoC-W5100-Driver\freeSoCExplorer+ArduinoSheld_Example.cydsn\CortexM3\ARM_GCC_473\Debug\freeSoCExplorer+ArduinoSheld_Example.elf --flash_size 262144 --flash_row_size 256
cyelftool.exe -S C:\Users\chuck.erhardt\Documents\GitHub\PSoC-W5100-Driver\freeSoCExplorer+ArduinoSheld_Example.cydsn\CortexM3\ARM_GCC_473\Debug\freeSoCExplorer+ArduinoSheld_Example.elf
Flash used: 7744 of 262144 bytes (3.0 %).
SRAM used: 22949 of 65536 bytes (35.0 %).
--------------- Build Succeeded: 01/06/2014 13:15:13 ---------------
