ARM GAS  C:\Users\CHUCK~1.ERH\AppData\Local\Temp\cc0yBz2d.s 			page 1


   1              		.syntax unified
   2              		.cpu cortex-m3
   3              		.fpu softvfp
   4              		.eabi_attribute 20, 1
   5              		.eabi_attribute 21, 1
   6              		.eabi_attribute 23, 3
   7              		.eabi_attribute 24, 1
   8              		.eabi_attribute 25, 1
   9              		.eabi_attribute 26, 1
  10              		.eabi_attribute 30, 6
  11              		.eabi_attribute 34, 1
  12              		.eabi_attribute 18, 4
  13              		.thumb
  14              		.file	"main.c"
  15              		.text
  16              	.Ltext0:
  17              		.cfi_sections	.debug_frame
  18              		.comm	randomData,2000,4
  19              		.section	.rodata
  20              		.align	2
  21              	.LC0:
  22 0000 57656C63 		.ascii	"Welcome to the freeSoC Explorer Board!\015\012\000"
  22      6F6D6520 
  22      746F2074 
  22      68652066 
  22      72656553 
  23 0029 000000   		.align	2
  24              	.LC1:
  25 002c 2D2D2D2D 		.ascii	"---------------------------------------------------"
  25      2D2D2D2D 
  25      2D2D2D2D 
  25      2D2D2D2D 
  25      2D2D2D2D 
  26 005f 2D2D2D2D 		.ascii	"-------------------------\015\012\015\012\000"
  26      2D2D2D2D 
  26      2D2D2D2D 
  26      2D2D2D2D 
  26      2D2D2D2D 
  27 007d 000000   		.align	2
  28              	.LC2:
  29 0080 506C6561 		.ascii	"Please Press a key: \000"
  29      73652050 
  29      72657373 
  29      2061206B 
  29      65793A20 
  30 0095 000000   		.align	2
  31              	.LC3:
  32 0098 5C200D00 		.ascii	"\\ \015\000"
  33              		.align	2
  34              	.LC4:
  35 009c 7C0D00   		.ascii	"|\015\000"
  36 009f 00       		.align	2
  37              	.LC5:
  38 00a0 2F0D00   		.ascii	"/\015\000"
  39 00a3 00       		.align	2
  40              	.LC6:
  41 00a4 2D0D00   		.ascii	"-\015\000"
ARM GAS  C:\Users\CHUCK~1.ERH\AppData\Local\Temp\cc0yBz2d.s 			page 2


  42 00a7 00       		.align	2
  43              	.LC7:
  44 00a8 0D0A5468 		.ascii	"\015\012Thank You! :-) \000"
  44      616E6B20 
  44      596F7521 
  44      203A2D29 
  44      2000
  45 00ba 0000     		.section	.text.main,"ax",%progbits
  46              		.align	2
  47              		.global	main
  48              		.thumb
  49              		.thumb_func
  50              		.type	main, %function
  51              	main:
  52              	.LFB56:
  53              		.file 1 ".\\main.c"
   1:.\main.c      **** /* ========================================
   2:.\main.c      ****  *
   3:.\main.c      ****  * Copyright YOUR COMPANY, THE YEAR
   4:.\main.c      ****  * All Rights Reserved
   5:.\main.c      ****  * UNPUBLISHED, LICENSED SOFTWARE.
   6:.\main.c      ****  *
   7:.\main.c      ****  * CONFIDENTIAL AND PROPRIETARY INFORMATION
   8:.\main.c      ****  * WHICH IS THE PROPERTY OF your company.
   9:.\main.c      ****  *
  10:.\main.c      ****  * ========================================
  11:.\main.c      **** */
  12:.\main.c      **** /**
  13:.\main.c      ****  * Notes:
  14:.\main.c      ****  * 1) Test executed using a FreeSoC Eplorer board wired to use the Arduino Ethernet shield
  15:.\main.c      ****  * 2) Modified design clock from 48 MHz PLL out to 64 PLL and added a 2000 byte speed test
  16:.\main.c      ****  *    to end of the code to further compare data rates and issues as reported on the PSoC
  17:.\main.c      ****  *    community forum by Pavloven.
  18:.\main.c      ****  */
  19:.\main.c      ****  
  20:.\main.c      **** #include <project.h>
  21:.\main.c      **** 
  22:.\main.c      **** char randomData[2000];
  23:.\main.c      **** 
  24:.\main.c      **** int main()
  25:.\main.c      **** {
  54              		.loc 1 25 0
  55              		.cfi_startproc
  56              		@ args = 0, pretend = 0, frame = 136
  57              		@ frame_needed = 1, uses_anonymous_args = 0
  58 0000 80B5     		push	{r7, lr}
  59              	.LCFI0:
  60              		.cfi_def_cfa_offset 8
  61              		.cfi_offset 7, -8
  62              		.cfi_offset 14, -4
  63 0002 A2B0     		sub	sp, sp, #136
  64              	.LCFI1:
  65              		.cfi_def_cfa_offset 144
  66 0004 00AF     		add	r7, sp, #0
  67              	.LCFI2:
  68              		.cfi_def_cfa_register 7
  26:.\main.c      **** 	char buffer[128];
ARM GAS  C:\Users\CHUCK~1.ERH\AppData\Local\Temp\cc0yBz2d.s 			page 3


  27:.\main.c      **** 	uint8 socket;
  28:.\main.c      **** 	uint16 length;
  29:.\main.c      **** 	int temp;
  30:.\main.c      **** 	
  31:.\main.c      ****     /* Place your initialization/startup code here (e.g. MyInst_Start()) */
  32:.\main.c      **** 	SPI0_Start();
  69              		.loc 1 32 0
  70 0006 FFF7FEFF 		bl	SPI0_Start
  33:.\main.c      **** 	ETH0_Start();
  71              		.loc 1 33 0
  72 000a FFF7FEFF 		bl	ETH0_Start
  34:.\main.c      **** 	
  35:.\main.c      **** 	/* Generate some random bytes to transmit to the Ethernet client */
  36:.\main.c      **** 	for (temp = 0; temp < 2000; ++temp)
  73              		.loc 1 36 0
  74 000e 4FF00003 		mov	r3, #0
  75 0012 C7F88430 		str	r3, [r7, #132]
  76 0016 17E0     		b	.L2
  77              	.L3:
  78              	.LBB2:
  37:.\main.c      **** 	{
  38:.\main.c      **** 		randomData[temp] = (rand()&0x17) + 'A';
  79              		.loc 1 38 0 discriminator 2
  80 0018 FFF7FEFF 		bl	rand
  81 001c 0346     		mov	r3, r0
  82 001e DBB2     		uxtb	r3, r3
  83 0020 03F01703 		and	r3, r3, #23
  84 0024 DBB2     		uxtb	r3, r3
  85 0026 03F14103 		add	r3, r3, #65
  86 002a DAB2     		uxtb	r2, r3
  87 002c 40F20003 		movw	r3, #:lower16:randomData
  88 0030 C0F20003 		movt	r3, #:upper16:randomData
  89 0034 D7F88410 		ldr	r1, [r7, #132]
  90 0038 5B18     		adds	r3, r3, r1
  91 003a 1A70     		strb	r2, [r3, #0]
  92              	.LBE2:
  36:.\main.c      **** 	for (temp = 0; temp < 2000; ++temp)
  93              		.loc 1 36 0 discriminator 2
  94 003c D7F88430 		ldr	r3, [r7, #132]
  95 0040 03F10103 		add	r3, r3, #1
  96 0044 C7F88430 		str	r3, [r7, #132]
  97              	.L2:
  36:.\main.c      **** 	for (temp = 0; temp < 2000; ++temp)
  98              		.loc 1 36 0 is_stmt 0 discriminator 1
  99 0048 D7F88420 		ldr	r2, [r7, #132]
 100 004c 40F2CF73 		movw	r3, #1999
 101 0050 9A42     		cmp	r2, r3
 102 0052 E1DD     		ble	.L3
 103              	.L14:
  39:.\main.c      **** 	}
  40:.\main.c      **** 
  41:.\main.c      **** //    CyGlobalIntEnable; /* Uncomment this line to enable global interrupts. */
  42:.\main.c      **** 	
  43:.\main.c      **** 	
  44:.\main.c      ****     for(;;)
  45:.\main.c      ****     {
  46:.\main.c      ****         /* Place your application code here. */
ARM GAS  C:\Users\CHUCK~1.ERH\AppData\Local\Temp\cc0yBz2d.s 			page 4


  47:.\main.c      **** 		socket = ETH0_TcpOpen( 23 );
 104              		.loc 1 47 0 is_stmt 1
 105 0054 4FF01700 		mov	r0, #23
 106 0058 FFF7FEFF 		bl	ETH0_TcpOpen
 107 005c 0346     		mov	r3, r0
 108 005e 87F88330 		strb	r3, [r7, #131]
  48:.\main.c      **** 		ETH0_TcpStartServer( socket );
 109              		.loc 1 48 0
 110 0062 97F88330 		ldrb	r3, [r7, #131]	@ zero_extendqisi2
 111 0066 1846     		mov	r0, r3
 112 0068 FFF7FEFF 		bl	ETH0_TcpStartServer
  49:.\main.c      **** 		while ( !ETH0_TcpConnected( socket ) ) {
 113              		.loc 1 49 0
 114 006c 03E0     		b	.L4
 115              	.L5:
  50:.\main.c      **** 			/*
  51:.\main.c      **** 			 * While we are waiting for the client to attach
  52:.\main.c      **** 			 * to the server, flash some random colors on the
  53:.\main.c      **** 			 * LED to provide entertainment.
  54:.\main.c      **** 			 */
  55:.\main.c      **** 			/* wait for a connection, and delay the flashes */
  56:.\main.c      **** 			CyDelay(100);
 116              		.loc 1 56 0
 117 006e 4FF06400 		mov	r0, #100
 118 0072 FFF7FEFF 		bl	CyDelay
 119              	.L4:
  49:.\main.c      **** 		while ( !ETH0_TcpConnected( socket ) ) {
 120              		.loc 1 49 0 discriminator 1
 121 0076 97F88330 		ldrb	r3, [r7, #131]	@ zero_extendqisi2
 122 007a 1846     		mov	r0, r3
 123 007c FFF7FEFF 		bl	ETH0_TcpConnected
 124 0080 0346     		mov	r3, r0
 125 0082 002B     		cmp	r3, #0
 126 0084 F3D0     		beq	.L5
  57:.\main.c      **** 		}
  58:.\main.c      **** 		/*
  59:.\main.c      **** 		 * Send the Logon welcom message to the client.
  60:.\main.c      **** 		 */
  61:.\main.c      **** 		ETH0_TcpPrint(socket,"Welcome to the freeSoC Explorer Board!\r\n");
 127              		.loc 1 61 0
 128 0086 97F88330 		ldrb	r3, [r7, #131]	@ zero_extendqisi2
 129 008a 1846     		mov	r0, r3
 130 008c 40F20001 		movw	r1, #:lower16:.LC0
 131 0090 C0F20001 		movt	r1, #:upper16:.LC0
 132 0094 FFF7FEFF 		bl	ETH0_TcpPrint
  62:.\main.c      **** 		ETH0_TcpPrint(socket,"---------------------------------------------------------------------------
 133              		.loc 1 62 0
 134 0098 97F88330 		ldrb	r3, [r7, #131]	@ zero_extendqisi2
 135 009c 1846     		mov	r0, r3
 136 009e 40F20001 		movw	r1, #:lower16:.LC1
 137 00a2 C0F20001 		movt	r1, #:upper16:.LC1
 138 00a6 FFF7FEFF 		bl	ETH0_TcpPrint
  63:.\main.c      **** 		temp = 0;
 139              		.loc 1 63 0
 140 00aa 4FF00003 		mov	r3, #0
 141 00ae C7F88430 		str	r3, [r7, #132]
  64:.\main.c      **** 		while( ETH0_SocketRxDataWaiting(socket) == 0) {
ARM GAS  C:\Users\CHUCK~1.ERH\AppData\Local\Temp\cc0yBz2d.s 			page 5


 142              		.loc 1 64 0
 143 00b2 4BE0     		b	.L6
 144              	.L13:
  65:.\main.c      **** 			ETH0_TcpPrint(socket, "Please Press a key: ");
 145              		.loc 1 65 0
 146 00b4 97F88330 		ldrb	r3, [r7, #131]	@ zero_extendqisi2
 147 00b8 1846     		mov	r0, r3
 148 00ba 40F20001 		movw	r1, #:lower16:.LC2
 149 00be C0F20001 		movt	r1, #:upper16:.LC2
 150 00c2 FFF7FEFF 		bl	ETH0_TcpPrint
  66:.\main.c      **** 			switch(temp) {
 151              		.loc 1 66 0
 152 00c6 D7F88430 		ldr	r3, [r7, #132]
 153 00ca 032B     		cmp	r3, #3
 154 00cc 32D8     		bhi	.L7
 155 00ce 01A2     		adr	r2, .L12
 156 00d0 52F823F0 		ldr	pc, [r2, r3, lsl #2]
 157              		.align	2
 158              	.L12:
 159 00d4 E5000000 		.word	.L8+1
 160 00d8 F9000000 		.word	.L9+1
 161 00dc 0D010000 		.word	.L10+1
 162 00e0 21010000 		.word	.L11+1
 163              	.L8:
  67:.\main.c      **** 				case 0:
  68:.\main.c      **** 					ETH0_TcpPrint(socket, "\\ \r");
 164              		.loc 1 68 0
 165 00e4 97F88330 		ldrb	r3, [r7, #131]	@ zero_extendqisi2
 166 00e8 1846     		mov	r0, r3
 167 00ea 40F20001 		movw	r1, #:lower16:.LC3
 168 00ee C0F20001 		movt	r1, #:upper16:.LC3
 169 00f2 FFF7FEFF 		bl	ETH0_TcpPrint
  69:.\main.c      **** 					break;
 170              		.loc 1 69 0
 171 00f6 1DE0     		b	.L7
 172              	.L9:
  70:.\main.c      **** 				case 1:
  71:.\main.c      **** 					ETH0_TcpPrint(socket, "|\r");
 173              		.loc 1 71 0
 174 00f8 97F88330 		ldrb	r3, [r7, #131]	@ zero_extendqisi2
 175 00fc 1846     		mov	r0, r3
 176 00fe 40F20001 		movw	r1, #:lower16:.LC4
 177 0102 C0F20001 		movt	r1, #:upper16:.LC4
 178 0106 FFF7FEFF 		bl	ETH0_TcpPrint
  72:.\main.c      **** 					break;
 179              		.loc 1 72 0
 180 010a 13E0     		b	.L7
 181              	.L10:
  73:.\main.c      **** 				case 2:
  74:.\main.c      **** 					ETH0_TcpPrint(socket, "/\r");
 182              		.loc 1 74 0
 183 010c 97F88330 		ldrb	r3, [r7, #131]	@ zero_extendqisi2
 184 0110 1846     		mov	r0, r3
 185 0112 40F20001 		movw	r1, #:lower16:.LC5
 186 0116 C0F20001 		movt	r1, #:upper16:.LC5
 187 011a FFF7FEFF 		bl	ETH0_TcpPrint
  75:.\main.c      **** 					break;
ARM GAS  C:\Users\CHUCK~1.ERH\AppData\Local\Temp\cc0yBz2d.s 			page 6


 188              		.loc 1 75 0
 189 011e 09E0     		b	.L7
 190              	.L11:
  76:.\main.c      **** 				case 3:
  77:.\main.c      **** 					ETH0_TcpPrint(socket, "-\r");
 191              		.loc 1 77 0
 192 0120 97F88330 		ldrb	r3, [r7, #131]	@ zero_extendqisi2
 193 0124 1846     		mov	r0, r3
 194 0126 40F20001 		movw	r1, #:lower16:.LC6
 195 012a C0F20001 		movt	r1, #:upper16:.LC6
 196 012e FFF7FEFF 		bl	ETH0_TcpPrint
  78:.\main.c      **** 					break;
 197              		.loc 1 78 0
 198 0132 00BF     		nop
 199              	.L7:
  79:.\main.c      **** 			}
  80:.\main.c      **** 			temp = (temp + 1) & 3;
 200              		.loc 1 80 0
 201 0134 D7F88430 		ldr	r3, [r7, #132]
 202 0138 03F10103 		add	r3, r3, #1
 203 013c 03F00303 		and	r3, r3, #3
 204 0140 C7F88430 		str	r3, [r7, #132]
  81:.\main.c      **** 			CyDelay(1);
 205              		.loc 1 81 0
 206 0144 4FF00100 		mov	r0, #1
 207 0148 FFF7FEFF 		bl	CyDelay
 208              	.L6:
  64:.\main.c      **** 		while( ETH0_SocketRxDataWaiting(socket) == 0) {
 209              		.loc 1 64 0 discriminator 1
 210 014c 97F88330 		ldrb	r3, [r7, #131]	@ zero_extendqisi2
 211 0150 1846     		mov	r0, r3
 212 0152 FFF7FEFF 		bl	ETH0_SocketRxDataWaiting
 213 0156 0346     		mov	r3, r0
 214 0158 002B     		cmp	r3, #0
 215 015a ABD0     		beq	.L13
  82:.\main.c      **** 		}
  83:.\main.c      **** 		ETH0_TcpPrint(socket,"\r\nThank You! :-) ");
 216              		.loc 1 83 0
 217 015c 97F88330 		ldrb	r3, [r7, #131]	@ zero_extendqisi2
 218 0160 1846     		mov	r0, r3
 219 0162 40F20001 		movw	r1, #:lower16:.LC7
 220 0166 C0F20001 		movt	r1, #:upper16:.LC7
 221 016a FFF7FEFF 		bl	ETH0_TcpPrint
  84:.\main.c      **** 		length = ETH0_TcpReceive(socket,(uint8*)&buffer[0],128);
 222              		.loc 1 84 0
 223 016e 97F88320 		ldrb	r2, [r7, #131]	@ zero_extendqisi2
 224 0172 3B46     		mov	r3, r7
 225 0174 1046     		mov	r0, r2
 226 0176 1946     		mov	r1, r3
 227 0178 4FF08002 		mov	r2, #128
 228 017c FFF7FEFF 		bl	ETH0_TcpReceive
 229 0180 0346     		mov	r3, r0
 230 0182 A7F88030 		strh	r3, [r7, #128]	@ movhi
  85:.\main.c      **** 		ETH0_TcpSend(socket,(uint8*)&buffer[0],length);
 231              		.loc 1 85 0
 232 0186 97F88310 		ldrb	r1, [r7, #131]	@ zero_extendqisi2
 233 018a 3A46     		mov	r2, r7
ARM GAS  C:\Users\CHUCK~1.ERH\AppData\Local\Temp\cc0yBz2d.s 			page 7


 234 018c B7F88030 		ldrh	r3, [r7, #128]
 235 0190 0846     		mov	r0, r1
 236 0192 1146     		mov	r1, r2
 237 0194 1A46     		mov	r2, r3
 238 0196 FFF7FEFF 		bl	ETH0_TcpSend
  86:.\main.c      **** 		
  87:.\main.c      **** 		/* pavloven test: TcpSend() of 2000 bytes */
  88:.\main.c      **** 		/* set I/O pin low for timing */
  89:.\main.c      **** 		SDCS_Write(0);
 239              		.loc 1 89 0
 240 019a 4FF00000 		mov	r0, #0
 241 019e FFF7FEFF 		bl	SDCS_Write
  90:.\main.c      **** 		/* Transmit 2000 bytes through the driver to the host */
  91:.\main.c      **** 		ETH0_TcpSend(socket,(uint8*)&randomData[0], 2000);
 242              		.loc 1 91 0
 243 01a2 97F88330 		ldrb	r3, [r7, #131]	@ zero_extendqisi2
 244 01a6 1846     		mov	r0, r3
 245 01a8 40F20001 		movw	r1, #:lower16:randomData
 246 01ac C0F20001 		movt	r1, #:upper16:randomData
 247 01b0 4FF4FA62 		mov	r2, #2000
 248 01b4 FFF7FEFF 		bl	ETH0_TcpSend
  92:.\main.c      **** 		/* Set I/O pin high for measuring time */
  93:.\main.c      **** 		SDCS_Write(1);
 249              		.loc 1 93 0
 250 01b8 4FF00100 		mov	r0, #1
 251 01bc FFF7FEFF 		bl	SDCS_Write
  94:.\main.c      **** 		/* end test : measured time TBD ms (Effective Data Rate: TBD bps) */
  95:.\main.c      **** 		
  96:.\main.c      **** 		ETH0_TcpDisconnect( socket );
 252              		.loc 1 96 0
 253 01c0 97F88330 		ldrb	r3, [r7, #131]	@ zero_extendqisi2
 254 01c4 1846     		mov	r0, r3
 255 01c6 FFF7FEFF 		bl	ETH0_TcpDisconnect
  97:.\main.c      **** 		ETH0_SocketClose( socket );
 256              		.loc 1 97 0
 257 01ca 97F88330 		ldrb	r3, [r7, #131]	@ zero_extendqisi2
 258 01ce 1846     		mov	r0, r3
 259 01d0 FFF7FEFF 		bl	ETH0_SocketClose
  98:.\main.c      **** 		CyDelay(10);
 260              		.loc 1 98 0
 261 01d4 4FF00A00 		mov	r0, #10
 262 01d8 FFF7FEFF 		bl	CyDelay
  99:.\main.c      ****     }
 263              		.loc 1 99 0
 264 01dc 3AE7     		b	.L14
 265              		.cfi_endproc
 266              	.LFE56:
 267              		.size	main, .-main
 268 01de 00BF     		.text
 269              	.Letext0:
 270              		.file 2 "c:\\program files (x86)\\cypress\\psoc creator\\3.0\\psoc creator\\import\\gnu_cs\\arm\\4
 271              		.file 3 "./Generated_Source/PSoC5/cytypes.h"
 272              		.file 4 "./Generated_Source/PSoC5/core_cm3.h"
 273              		.section	.debug_info,"",%progbits
 274              	.Ldebug_info0:
 275 0000 5F010000 		.4byte	0x15f
 276 0004 0200     		.2byte	0x2
ARM GAS  C:\Users\CHUCK~1.ERH\AppData\Local\Temp\cc0yBz2d.s 			page 8


 277 0006 00000000 		.4byte	.Ldebug_abbrev0
 278 000a 04       		.byte	0x4
 279 000b 01       		.uleb128 0x1
 280 000c 46000000 		.4byte	.LASF22
 281 0010 01       		.byte	0x1
 282 0011 DA000000 		.4byte	.LASF23
 283 0015 19010000 		.4byte	.LASF24
 284 0019 00000000 		.4byte	.Ldebug_ranges0+0
 285 001d 00000000 		.4byte	0
 286 0021 00000000 		.4byte	0
 287 0025 00000000 		.4byte	.Ldebug_line0
 288 0029 02       		.uleb128 0x2
 289 002a 01       		.byte	0x1
 290 002b 06       		.byte	0x6
 291 002c 07010000 		.4byte	.LASF0
 292 0030 02       		.uleb128 0x2
 293 0031 01       		.byte	0x1
 294 0032 08       		.byte	0x8
 295 0033 BE000000 		.4byte	.LASF1
 296 0037 02       		.uleb128 0x2
 297 0038 02       		.byte	0x2
 298 0039 05       		.byte	0x5
 299 003a 7E010000 		.4byte	.LASF2
 300 003e 02       		.uleb128 0x2
 301 003f 02       		.byte	0x2
 302 0040 07       		.byte	0x7
 303 0041 0E000000 		.4byte	.LASF3
 304 0045 03       		.uleb128 0x3
 305 0046 8F010000 		.4byte	.LASF9
 306 004a 02       		.byte	0x2
 307 004b 4F       		.byte	0x4f
 308 004c 50000000 		.4byte	0x50
 309 0050 02       		.uleb128 0x2
 310 0051 04       		.byte	0x4
 311 0052 05       		.byte	0x5
 312 0053 D1000000 		.4byte	.LASF4
 313 0057 02       		.uleb128 0x2
 314 0058 04       		.byte	0x4
 315 0059 07       		.byte	0x7
 316 005a 95000000 		.4byte	.LASF5
 317 005e 02       		.uleb128 0x2
 318 005f 08       		.byte	0x8
 319 0060 05       		.byte	0x5
 320 0061 00000000 		.4byte	.LASF6
 321 0065 02       		.uleb128 0x2
 322 0066 08       		.byte	0x8
 323 0067 07       		.byte	0x7
 324 0068 A7000000 		.4byte	.LASF7
 325 006c 04       		.uleb128 0x4
 326 006d 04       		.byte	0x4
 327 006e 05       		.byte	0x5
 328 006f 696E7400 		.ascii	"int\000"
 329 0073 02       		.uleb128 0x2
 330 0074 04       		.byte	0x4
 331 0075 07       		.byte	0x7
 332 0076 21000000 		.4byte	.LASF8
 333 007a 03       		.uleb128 0x3
ARM GAS  C:\Users\CHUCK~1.ERH\AppData\Local\Temp\cc0yBz2d.s 			page 9


 334 007b 8F000000 		.4byte	.LASF10
 335 007f 03       		.byte	0x3
 336 0080 5B       		.byte	0x5b
 337 0081 30000000 		.4byte	0x30
 338 0085 03       		.uleb128 0x3
 339 0086 88010000 		.4byte	.LASF11
 340 008a 03       		.byte	0x3
 341 008b 5C       		.byte	0x5c
 342 008c 3E000000 		.4byte	0x3e
 343 0090 02       		.uleb128 0x2
 344 0091 04       		.byte	0x4
 345 0092 04       		.byte	0x4
 346 0093 13010000 		.4byte	.LASF12
 347 0097 02       		.uleb128 0x2
 348 0098 08       		.byte	0x8
 349 0099 04       		.byte	0x4
 350 009a E8000000 		.4byte	.LASF13
 351 009e 02       		.uleb128 0x2
 352 009f 01       		.byte	0x1
 353 00a0 08       		.byte	0x8
 354 00a1 CC000000 		.4byte	.LASF14
 355 00a5 02       		.uleb128 0x2
 356 00a6 04       		.byte	0x4
 357 00a7 07       		.byte	0x7
 358 00a8 9E010000 		.4byte	.LASF15
 359 00ac 05       		.uleb128 0x5
 360 00ad 01       		.byte	0x1
 361 00ae 33000000 		.4byte	.LASF25
 362 00b2 01       		.byte	0x1
 363 00b3 18       		.byte	0x18
 364 00b4 6C000000 		.4byte	0x6c
 365 00b8 00000000 		.4byte	.LFB56
 366 00bc DE010000 		.4byte	.LFE56
 367 00c0 00000000 		.4byte	.LLST0
 368 00c4 01       		.byte	0x1
 369 00c5 1C010000 		.4byte	0x11c
 370 00c9 06       		.uleb128 0x6
 371 00ca 97010000 		.4byte	.LASF16
 372 00ce 01       		.byte	0x1
 373 00cf 1A       		.byte	0x1a
 374 00d0 1C010000 		.4byte	0x11c
 375 00d4 03       		.byte	0x3
 376 00d5 91       		.byte	0x91
 377 00d6 F07E     		.sleb128 -144
 378 00d8 06       		.uleb128 0x6
 379 00d9 3F000000 		.4byte	.LASF17
 380 00dd 01       		.byte	0x1
 381 00de 1B       		.byte	0x1b
 382 00df 7A000000 		.4byte	0x7a
 383 00e3 02       		.byte	0x2
 384 00e4 91       		.byte	0x91
 385 00e5 73       		.sleb128 -13
 386 00e6 06       		.uleb128 0x6
 387 00e7 38000000 		.4byte	.LASF18
 388 00eb 01       		.byte	0x1
 389 00ec 1C       		.byte	0x1c
 390 00ed 85000000 		.4byte	0x85
ARM GAS  C:\Users\CHUCK~1.ERH\AppData\Local\Temp\cc0yBz2d.s 			page 10


 391 00f1 02       		.byte	0x2
 392 00f2 91       		.byte	0x91
 393 00f3 70       		.sleb128 -16
 394 00f4 06       		.uleb128 0x6
 395 00f5 2E000000 		.4byte	.LASF19
 396 00f9 01       		.byte	0x1
 397 00fa 1D       		.byte	0x1d
 398 00fb 6C000000 		.4byte	0x6c
 399 00ff 02       		.byte	0x2
 400 0100 91       		.byte	0x91
 401 0101 74       		.sleb128 -12
 402 0102 07       		.uleb128 0x7
 403 0103 18000000 		.4byte	.LBB2
 404 0107 3C000000 		.4byte	.LBE2
 405 010b 08       		.uleb128 0x8
 406 010c 01       		.byte	0x1
 407 010d E3000000 		.4byte	.LASF26
 408 0111 01       		.byte	0x1
 409 0112 26       		.byte	0x26
 410 0113 6C000000 		.4byte	0x6c
 411 0117 01       		.byte	0x1
 412 0118 09       		.uleb128 0x9
 413 0119 00       		.byte	0
 414 011a 00       		.byte	0
 415 011b 00       		.byte	0
 416 011c 0A       		.uleb128 0xa
 417 011d 9E000000 		.4byte	0x9e
 418 0121 2C010000 		.4byte	0x12c
 419 0125 0B       		.uleb128 0xb
 420 0126 A5000000 		.4byte	0xa5
 421 012a 7F       		.byte	0x7f
 422 012b 00       		.byte	0
 423 012c 0C       		.uleb128 0xc
 424 012d FA000000 		.4byte	.LASF20
 425 0131 04       		.byte	0x4
 426 0132 1606     		.2byte	0x616
 427 0134 3A010000 		.4byte	0x13a
 428 0138 01       		.byte	0x1
 429 0139 01       		.byte	0x1
 430 013a 0D       		.uleb128 0xd
 431 013b 45000000 		.4byte	0x45
 432 013f 0A       		.uleb128 0xa
 433 0140 9E000000 		.4byte	0x9e
 434 0144 50010000 		.4byte	0x150
 435 0148 0E       		.uleb128 0xe
 436 0149 A5000000 		.4byte	0xa5
 437 014d CF07     		.2byte	0x7cf
 438 014f 00       		.byte	0
 439 0150 0F       		.uleb128 0xf
 440 0151 EF000000 		.4byte	.LASF21
 441 0155 01       		.byte	0x1
 442 0156 16       		.byte	0x16
 443 0157 3F010000 		.4byte	0x13f
 444 015b 01       		.byte	0x1
 445 015c 05       		.byte	0x5
 446 015d 03       		.byte	0x3
 447 015e 00000000 		.4byte	randomData
ARM GAS  C:\Users\CHUCK~1.ERH\AppData\Local\Temp\cc0yBz2d.s 			page 11


 448 0162 00       		.byte	0
 449              		.section	.debug_abbrev,"",%progbits
 450              	.Ldebug_abbrev0:
 451 0000 01       		.uleb128 0x1
 452 0001 11       		.uleb128 0x11
 453 0002 01       		.byte	0x1
 454 0003 25       		.uleb128 0x25
 455 0004 0E       		.uleb128 0xe
 456 0005 13       		.uleb128 0x13
 457 0006 0B       		.uleb128 0xb
 458 0007 03       		.uleb128 0x3
 459 0008 0E       		.uleb128 0xe
 460 0009 1B       		.uleb128 0x1b
 461 000a 0E       		.uleb128 0xe
 462 000b 55       		.uleb128 0x55
 463 000c 06       		.uleb128 0x6
 464 000d 11       		.uleb128 0x11
 465 000e 01       		.uleb128 0x1
 466 000f 52       		.uleb128 0x52
 467 0010 01       		.uleb128 0x1
 468 0011 10       		.uleb128 0x10
 469 0012 06       		.uleb128 0x6
 470 0013 00       		.byte	0
 471 0014 00       		.byte	0
 472 0015 02       		.uleb128 0x2
 473 0016 24       		.uleb128 0x24
 474 0017 00       		.byte	0
 475 0018 0B       		.uleb128 0xb
 476 0019 0B       		.uleb128 0xb
 477 001a 3E       		.uleb128 0x3e
 478 001b 0B       		.uleb128 0xb
 479 001c 03       		.uleb128 0x3
 480 001d 0E       		.uleb128 0xe
 481 001e 00       		.byte	0
 482 001f 00       		.byte	0
 483 0020 03       		.uleb128 0x3
 484 0021 16       		.uleb128 0x16
 485 0022 00       		.byte	0
 486 0023 03       		.uleb128 0x3
 487 0024 0E       		.uleb128 0xe
 488 0025 3A       		.uleb128 0x3a
 489 0026 0B       		.uleb128 0xb
 490 0027 3B       		.uleb128 0x3b
 491 0028 0B       		.uleb128 0xb
 492 0029 49       		.uleb128 0x49
 493 002a 13       		.uleb128 0x13
 494 002b 00       		.byte	0
 495 002c 00       		.byte	0
 496 002d 04       		.uleb128 0x4
 497 002e 24       		.uleb128 0x24
 498 002f 00       		.byte	0
 499 0030 0B       		.uleb128 0xb
 500 0031 0B       		.uleb128 0xb
 501 0032 3E       		.uleb128 0x3e
 502 0033 0B       		.uleb128 0xb
 503 0034 03       		.uleb128 0x3
 504 0035 08       		.uleb128 0x8
ARM GAS  C:\Users\CHUCK~1.ERH\AppData\Local\Temp\cc0yBz2d.s 			page 12


 505 0036 00       		.byte	0
 506 0037 00       		.byte	0
 507 0038 05       		.uleb128 0x5
 508 0039 2E       		.uleb128 0x2e
 509 003a 01       		.byte	0x1
 510 003b 3F       		.uleb128 0x3f
 511 003c 0C       		.uleb128 0xc
 512 003d 03       		.uleb128 0x3
 513 003e 0E       		.uleb128 0xe
 514 003f 3A       		.uleb128 0x3a
 515 0040 0B       		.uleb128 0xb
 516 0041 3B       		.uleb128 0x3b
 517 0042 0B       		.uleb128 0xb
 518 0043 49       		.uleb128 0x49
 519 0044 13       		.uleb128 0x13
 520 0045 11       		.uleb128 0x11
 521 0046 01       		.uleb128 0x1
 522 0047 12       		.uleb128 0x12
 523 0048 01       		.uleb128 0x1
 524 0049 40       		.uleb128 0x40
 525 004a 06       		.uleb128 0x6
 526 004b 9642     		.uleb128 0x2116
 527 004d 0C       		.uleb128 0xc
 528 004e 01       		.uleb128 0x1
 529 004f 13       		.uleb128 0x13
 530 0050 00       		.byte	0
 531 0051 00       		.byte	0
 532 0052 06       		.uleb128 0x6
 533 0053 34       		.uleb128 0x34
 534 0054 00       		.byte	0
 535 0055 03       		.uleb128 0x3
 536 0056 0E       		.uleb128 0xe
 537 0057 3A       		.uleb128 0x3a
 538 0058 0B       		.uleb128 0xb
 539 0059 3B       		.uleb128 0x3b
 540 005a 0B       		.uleb128 0xb
 541 005b 49       		.uleb128 0x49
 542 005c 13       		.uleb128 0x13
 543 005d 02       		.uleb128 0x2
 544 005e 0A       		.uleb128 0xa
 545 005f 00       		.byte	0
 546 0060 00       		.byte	0
 547 0061 07       		.uleb128 0x7
 548 0062 0B       		.uleb128 0xb
 549 0063 01       		.byte	0x1
 550 0064 11       		.uleb128 0x11
 551 0065 01       		.uleb128 0x1
 552 0066 12       		.uleb128 0x12
 553 0067 01       		.uleb128 0x1
 554 0068 00       		.byte	0
 555 0069 00       		.byte	0
 556 006a 08       		.uleb128 0x8
 557 006b 2E       		.uleb128 0x2e
 558 006c 01       		.byte	0x1
 559 006d 3F       		.uleb128 0x3f
 560 006e 0C       		.uleb128 0xc
 561 006f 03       		.uleb128 0x3
ARM GAS  C:\Users\CHUCK~1.ERH\AppData\Local\Temp\cc0yBz2d.s 			page 13


 562 0070 0E       		.uleb128 0xe
 563 0071 3A       		.uleb128 0x3a
 564 0072 0B       		.uleb128 0xb
 565 0073 3B       		.uleb128 0x3b
 566 0074 0B       		.uleb128 0xb
 567 0075 49       		.uleb128 0x49
 568 0076 13       		.uleb128 0x13
 569 0077 3C       		.uleb128 0x3c
 570 0078 0C       		.uleb128 0xc
 571 0079 00       		.byte	0
 572 007a 00       		.byte	0
 573 007b 09       		.uleb128 0x9
 574 007c 18       		.uleb128 0x18
 575 007d 00       		.byte	0
 576 007e 00       		.byte	0
 577 007f 00       		.byte	0
 578 0080 0A       		.uleb128 0xa
 579 0081 01       		.uleb128 0x1
 580 0082 01       		.byte	0x1
 581 0083 49       		.uleb128 0x49
 582 0084 13       		.uleb128 0x13
 583 0085 01       		.uleb128 0x1
 584 0086 13       		.uleb128 0x13
 585 0087 00       		.byte	0
 586 0088 00       		.byte	0
 587 0089 0B       		.uleb128 0xb
 588 008a 21       		.uleb128 0x21
 589 008b 00       		.byte	0
 590 008c 49       		.uleb128 0x49
 591 008d 13       		.uleb128 0x13
 592 008e 2F       		.uleb128 0x2f
 593 008f 0B       		.uleb128 0xb
 594 0090 00       		.byte	0
 595 0091 00       		.byte	0
 596 0092 0C       		.uleb128 0xc
 597 0093 34       		.uleb128 0x34
 598 0094 00       		.byte	0
 599 0095 03       		.uleb128 0x3
 600 0096 0E       		.uleb128 0xe
 601 0097 3A       		.uleb128 0x3a
 602 0098 0B       		.uleb128 0xb
 603 0099 3B       		.uleb128 0x3b
 604 009a 05       		.uleb128 0x5
 605 009b 49       		.uleb128 0x49
 606 009c 13       		.uleb128 0x13
 607 009d 3F       		.uleb128 0x3f
 608 009e 0C       		.uleb128 0xc
 609 009f 3C       		.uleb128 0x3c
 610 00a0 0C       		.uleb128 0xc
 611 00a1 00       		.byte	0
 612 00a2 00       		.byte	0
 613 00a3 0D       		.uleb128 0xd
 614 00a4 35       		.uleb128 0x35
 615 00a5 00       		.byte	0
 616 00a6 49       		.uleb128 0x49
 617 00a7 13       		.uleb128 0x13
 618 00a8 00       		.byte	0
ARM GAS  C:\Users\CHUCK~1.ERH\AppData\Local\Temp\cc0yBz2d.s 			page 14


 619 00a9 00       		.byte	0
 620 00aa 0E       		.uleb128 0xe
 621 00ab 21       		.uleb128 0x21
 622 00ac 00       		.byte	0
 623 00ad 49       		.uleb128 0x49
 624 00ae 13       		.uleb128 0x13
 625 00af 2F       		.uleb128 0x2f
 626 00b0 05       		.uleb128 0x5
 627 00b1 00       		.byte	0
 628 00b2 00       		.byte	0
 629 00b3 0F       		.uleb128 0xf
 630 00b4 34       		.uleb128 0x34
 631 00b5 00       		.byte	0
 632 00b6 03       		.uleb128 0x3
 633 00b7 0E       		.uleb128 0xe
 634 00b8 3A       		.uleb128 0x3a
 635 00b9 0B       		.uleb128 0xb
 636 00ba 3B       		.uleb128 0x3b
 637 00bb 0B       		.uleb128 0xb
 638 00bc 49       		.uleb128 0x49
 639 00bd 13       		.uleb128 0x13
 640 00be 3F       		.uleb128 0x3f
 641 00bf 0C       		.uleb128 0xc
 642 00c0 02       		.uleb128 0x2
 643 00c1 0A       		.uleb128 0xa
 644 00c2 00       		.byte	0
 645 00c3 00       		.byte	0
 646 00c4 00       		.byte	0
 647              		.section	.debug_loc,"",%progbits
 648              	.Ldebug_loc0:
 649              	.LLST0:
 650 0000 00000000 		.4byte	.LFB56
 651 0004 02000000 		.4byte	.LCFI0
 652 0008 0200     		.2byte	0x2
 653 000a 7D       		.byte	0x7d
 654 000b 00       		.sleb128 0
 655 000c 02000000 		.4byte	.LCFI0
 656 0010 04000000 		.4byte	.LCFI1
 657 0014 0200     		.2byte	0x2
 658 0016 7D       		.byte	0x7d
 659 0017 08       		.sleb128 8
 660 0018 04000000 		.4byte	.LCFI1
 661 001c 06000000 		.4byte	.LCFI2
 662 0020 0300     		.2byte	0x3
 663 0022 7D       		.byte	0x7d
 664 0023 9001     		.sleb128 144
 665 0025 06000000 		.4byte	.LCFI2
 666 0029 DE010000 		.4byte	.LFE56
 667 002d 0300     		.2byte	0x3
 668 002f 77       		.byte	0x77
 669 0030 9001     		.sleb128 144
 670 0032 00000000 		.4byte	0
 671 0036 00000000 		.4byte	0
 672              		.section	.debug_aranges,"",%progbits
 673 0000 1C000000 		.4byte	0x1c
 674 0004 0200     		.2byte	0x2
 675 0006 00000000 		.4byte	.Ldebug_info0
ARM GAS  C:\Users\CHUCK~1.ERH\AppData\Local\Temp\cc0yBz2d.s 			page 15


 676 000a 04       		.byte	0x4
 677 000b 00       		.byte	0
 678 000c 0000     		.2byte	0
 679 000e 0000     		.2byte	0
 680 0010 00000000 		.4byte	.LFB56
 681 0014 DE010000 		.4byte	.LFE56-.LFB56
 682 0018 00000000 		.4byte	0
 683 001c 00000000 		.4byte	0
 684              		.section	.debug_ranges,"",%progbits
 685              	.Ldebug_ranges0:
 686 0000 00000000 		.4byte	.LFB56
 687 0004 DE010000 		.4byte	.LFE56
 688 0008 00000000 		.4byte	0
 689 000c 00000000 		.4byte	0
 690              		.section	.debug_line,"",%progbits
 691              	.Ldebug_line0:
 692 0000 55010000 		.section	.debug_str,"MS",%progbits,1
 692      0200F900 
 692      00000201 
 692      FB0E0D00 
 692      01010101 
 693              	.LASF6:
 694 0000 6C6F6E67 		.ascii	"long long int\000"
 694      206C6F6E 
 694      6720696E 
 694      7400
 695              	.LASF3:
 696 000e 73686F72 		.ascii	"short unsigned int\000"
 696      7420756E 
 696      7369676E 
 696      65642069 
 696      6E7400
 697              	.LASF8:
 698 0021 756E7369 		.ascii	"unsigned int\000"
 698      676E6564 
 698      20696E74 
 698      00
 699              	.LASF19:
 700 002e 74656D70 		.ascii	"temp\000"
 700      00
 701              	.LASF25:
 702 0033 6D61696E 		.ascii	"main\000"
 702      00
 703              	.LASF18:
 704 0038 6C656E67 		.ascii	"length\000"
 704      746800
 705              	.LASF17:
 706 003f 736F636B 		.ascii	"socket\000"
 706      657400
 707              	.LASF22:
 708 0046 474E5520 		.ascii	"GNU C 4.7.3 20130312 (release) [ARM/embedded-4_7-br"
 708      4320342E 
 708      372E3320 
 708      32303133 
 708      30333132 
 709 0079 616E6368 		.ascii	"anch revision 196615]\000"
 709      20726576 
ARM GAS  C:\Users\CHUCK~1.ERH\AppData\Local\Temp\cc0yBz2d.s 			page 16


 709      6973696F 
 709      6E203139 
 709      36363135 
 710              	.LASF10:
 711 008f 75696E74 		.ascii	"uint8\000"
 711      3800
 712              	.LASF5:
 713 0095 6C6F6E67 		.ascii	"long unsigned int\000"
 713      20756E73 
 713      69676E65 
 713      6420696E 
 713      7400
 714              	.LASF7:
 715 00a7 6C6F6E67 		.ascii	"long long unsigned int\000"
 715      206C6F6E 
 715      6720756E 
 715      7369676E 
 715      65642069 
 716              	.LASF1:
 717 00be 756E7369 		.ascii	"unsigned char\000"
 717      676E6564 
 717      20636861 
 717      7200
 718              	.LASF14:
 719 00cc 63686172 		.ascii	"char\000"
 719      00
 720              	.LASF4:
 721 00d1 6C6F6E67 		.ascii	"long int\000"
 721      20696E74 
 721      00
 722              	.LASF23:
 723 00da 2E5C6D61 		.ascii	".\\main.c\000"
 723      696E2E63 
 723      00
 724              	.LASF26:
 725 00e3 72616E64 		.ascii	"rand\000"
 725      00
 726              	.LASF13:
 727 00e8 646F7562 		.ascii	"double\000"
 727      6C6500
 728              	.LASF21:
 729 00ef 72616E64 		.ascii	"randomData\000"
 729      6F6D4461 
 729      746100
 730              	.LASF20:
 731 00fa 49544D5F 		.ascii	"ITM_RxBuffer\000"
 731      52784275 
 731      66666572 
 731      00
 732              	.LASF0:
 733 0107 7369676E 		.ascii	"signed char\000"
 733      65642063 
 733      68617200 
 734              	.LASF12:
 735 0113 666C6F61 		.ascii	"float\000"
 735      7400
 736              	.LASF24:
ARM GAS  C:\Users\CHUCK~1.ERH\AppData\Local\Temp\cc0yBz2d.s 			page 17


 737 0119 433A5C55 		.ascii	"C:\\Users\\chuck.erhardt\\Documents\\GitHub\\PSoC-W"
 737      73657273 
 737      5C636875 
 737      636B2E65 
 737      72686172 
 738 0147 35313030 		.ascii	"5100-Driver\\freeSoCExplorer+ArduinoSheld_Example.c"
 738      2D447269 
 738      7665725C 
 738      66726565 
 738      536F4345 
 739 0179 7964736E 		.ascii	"ydsn\000"
 739      00
 740              	.LASF2:
 741 017e 73686F72 		.ascii	"short int\000"
 741      7420696E 
 741      7400
 742              	.LASF11:
 743 0188 75696E74 		.ascii	"uint16\000"
 743      313600
 744              	.LASF9:
 745 018f 696E7433 		.ascii	"int32_t\000"
 745      325F7400 
 746              	.LASF16:
 747 0197 62756666 		.ascii	"buffer\000"
 747      657200
 748              	.LASF15:
 749 019e 73697A65 		.ascii	"sizetype\000"
 749      74797065 
 749      00
 750              		.ident	"GCC: (GNU Tools for ARM Embedded Processors) 4.7.3 20130312 (release) [ARM/embedded-4_7-br
