ARM GAS  C:\Users\CHUCK~1.ERH\AppData\Local\Temp\cc1O5sZa.s 			page 1


   1              		.cpu cortex-m0
   2              		.fpu softvfp
   3              		.eabi_attribute 20, 1
   4              		.eabi_attribute 21, 1
   5              		.eabi_attribute 23, 3
   6              		.eabi_attribute 24, 1
   7              		.eabi_attribute 25, 1
   8              		.eabi_attribute 26, 1
   9              		.eabi_attribute 30, 6
  10              		.eabi_attribute 34, 0
  11              		.eabi_attribute 18, 4
  12              		.code	16
  13              		.file	"main.c"
  14              		.text
  15              	.Ltext0:
  16              		.cfi_sections	.debug_frame
  17              		.global	__aeabi_idivmod
  18              		.section	.rodata
  19              		.align	2
  20              	.LC0:
  21 0000 57656C63 		.ascii	"Welcome to the PSoC4 Pioneer Board!\015\012\000"
  21      6F6D6520 
  21      746F2074 
  21      68652050 
  21      536F4334 
  22 0026 0000     		.align	2
  23              	.LC2:
  24 0028 2D2D2D2D 		.ascii	"---------------------------------------------------"
  24      2D2D2D2D 
  24      2D2D2D2D 
  24      2D2D2D2D 
  24      2D2D2D2D 
  25 005b 2D2D2D2D 		.ascii	"-------------------------\015\012\015\012\000"
  25      2D2D2D2D 
  25      2D2D2D2D 
  25      2D2D2D2D 
  25      2D2D2D2D 
  26 0079 000000   		.align	2
  27              	.LC4:
  28 007c 506C6561 		.ascii	"Please Press a key: \000"
  28      73652050 
  28      72657373 
  28      2061206B 
  28      65793A20 
  29 0091 000000   		.align	2
  30              	.LC6:
  31 0094 5C200D00 		.ascii	"\\ \015\000"
  32              		.align	2
  33              	.LC8:
  34 0098 7C0D00   		.ascii	"|\015\000"
  35 009b 00       		.align	2
  36              	.LC10:
  37 009c 2F0D00   		.ascii	"/\015\000"
  38 009f 00       		.align	2
  39              	.LC12:
  40 00a0 2D0D00   		.ascii	"-\015\000"
  41 00a3 00       		.align	2
ARM GAS  C:\Users\CHUCK~1.ERH\AppData\Local\Temp\cc1O5sZa.s 			page 2


  42              	.LC14:
  43 00a4 0D0A5468 		.ascii	"\015\012Thank You! :-) \000"
  43      616E6B20 
  43      596F7521 
  43      203A2D29 
  43      2000
  44 00b6 0000     		.section	.text.main,"ax",%progbits
  45              		.align	2
  46              		.global	main
  47              		.code	16
  48              		.thumb_func
  49              		.type	main, %function
  50              	main:
  51              	.LFB33:
  52              		.file 1 ".\\main.c"
   1:.\main.c      **** /**
   2:.\main.c      ****  * \file Arduino Ethernet shield Example
   3:.\main.c      ****  * \author Chuck Erhardt (chuck@e2forlife.com)
   4:.\main.c      ****  * 
   5:.\main.c      ****  * This is a real simple example project to connect the
   6:.\main.c      ****  * PSoC4 Pioneer board to the Arduino Ethernet shield board.
   7:.\main.c      ****  *
   8:.\main.c      ****  * Copyright notice:
   9:.\main.c      ****  *
  10:.\main.c      ****  *
  11:.\main.c      ****  * Dscaimer: 
  12:.\main.c      ****  * This software is provided as-is for demonstration and
  13:.\main.c      ****  * educational purposes only.  No warranty is expressed or
  14:.\main.c      ****  * implied; The sole responsibility of the verification
  15:.\main.c      ****  * on your platform is your own.
  16:.\main.c      ****  */
  17:.\main.c      **** #include <project.h>
  18:.\main.c      **** #include <stdio.h>   /* sprintf() */
  19:.\main.c      **** #include <string.h>  /* for STRLEN() */
  20:.\main.c      **** #include <stdlib.h>  /* for RAND() */
  21:.\main.c      **** 
  22:.\main.c      **** int main()
  23:.\main.c      **** {
  53              		.loc 1 23 0
  54              		.cfi_startproc
  55 0000 90B5     		push	{r4, r7, lr}
  56              	.LCFI0:
  57              		.cfi_def_cfa_offset 12
  58              		.cfi_offset 4, -12
  59              		.cfi_offset 7, -8
  60              		.cfi_offset 14, -4
  61 0002 A5B0     		sub	sp, sp, #148
  62              	.LCFI1:
  63              		.cfi_def_cfa_offset 160
  64 0004 00AF     		add	r7, sp, #0
  65              	.LCFI2:
  66              		.cfi_def_cfa_register 7
  24:.\main.c      **** 	char buffer[128];
  25:.\main.c      **** 	uint8 socket;
  26:.\main.c      **** 	uint16 length;
  27:.\main.c      **** 	int temp;
  28:.\main.c      **** 	uint8 red;
ARM GAS  C:\Users\CHUCK~1.ERH\AppData\Local\Temp\cc1O5sZa.s 			page 3


  29:.\main.c      **** 	uint8 green;
  30:.\main.c      **** 	uint8 blue;
  31:.\main.c      **** 	
  32:.\main.c      ****     /* Place your initialization/startup code here (e.g. MyInst_Start()) */
  33:.\main.c      **** 	SPI0_Start();
  67              		.loc 1 33 0
  68 0006 FFF7FEFF 		bl	SPI0_Start
  34:.\main.c      **** 	ETH0_Start();
  69              		.loc 1 34 0
  70 000a FFF7FEFF 		bl	ETH0_Start
  35:.\main.c      **** 	LED0_Start();
  71              		.loc 1 35 0
  72 000e FFF7FEFF 		bl	LED0_Start
  36:.\main.c      **** 	LED1_Start();
  73              		.loc 1 36 0
  74 0012 FFF7FEFF 		bl	LED1_Start
  37:.\main.c      **** 	
  38:.\main.c      **** //    CyGlobalIntEnable; /* Uncomment this line to enable global interrupts. */
  39:.\main.c      **** 	
  40:.\main.c      **** 	/*
  41:.\main.c      **** 	 * initialize the local variables to produce a
  42:.\main.c      **** 	 * (somewhat) random default color for the LED
  43:.\main.c      **** 	 */
  44:.\main.c      **** 	red = rand()&0xFF;
  75              		.loc 1 44 0
  76 0016 FFF7FEFF 		bl	rand
  77 001a 021C     		mov	r2, r0
  78 001c 3B1C     		mov	r3, r7
  79 001e 8B33     		add	r3, r3, #139
  80 0020 1A70     		strb	r2, [r3]
  45:.\main.c      **** 	green = rand() % 0xFF;
  81              		.loc 1 45 0
  82 0022 FFF7FEFF 		bl	rand
  83 0026 031C     		mov	r3, r0
  84 0028 181C     		mov	r0, r3
  85 002a FF21     		mov	r1, #255
  86 002c FFF7FEFF 		bl	__aeabi_idivmod
  87 0030 0B1C     		mov	r3, r1
  88 0032 1A1C     		mov	r2, r3
  89 0034 3B1C     		mov	r3, r7
  90 0036 8A33     		add	r3, r3, #138
  91 0038 1A70     		strb	r2, [r3]
  46:.\main.c      **** 	blue = rand() % 0xFF;
  92              		.loc 1 46 0
  93 003a FFF7FEFF 		bl	rand
  94 003e 031C     		mov	r3, r0
  95 0040 181C     		mov	r0, r3
  96 0042 FF21     		mov	r1, #255
  97 0044 FFF7FEFF 		bl	__aeabi_idivmod
  98 0048 0B1C     		mov	r3, r1
  99 004a 1A1C     		mov	r2, r3
 100 004c 3B1C     		mov	r3, r7
 101 004e 8933     		add	r3, r3, #137
 102 0050 1A70     		strb	r2, [r3]
  47:.\main.c      **** 	
  48:.\main.c      **** 	/*
  49:.\main.c      **** 	 * Set the RGB LED color by writing the 2 PRiSM
ARM GAS  C:\Users\CHUCK~1.ERH\AppData\Local\Temp\cc1O5sZa.s 			page 4


  50:.\main.c      **** 	 * components to set the LED brightness
  51:.\main.c      **** 	 */
  52:.\main.c      **** 	LED0_WritePulse0( red );
 103              		.loc 1 52 0
 104 0052 3B1C     		mov	r3, r7
 105 0054 8B33     		add	r3, r3, #139
 106 0056 1B78     		ldrb	r3, [r3]
 107 0058 181C     		mov	r0, r3
 108 005a FFF7FEFF 		bl	LED0_WritePulse0
  53:.\main.c      **** 	LED0_WritePulse1( green );
 109              		.loc 1 53 0
 110 005e 3B1C     		mov	r3, r7
 111 0060 8A33     		add	r3, r3, #138
 112 0062 1B78     		ldrb	r3, [r3]
 113 0064 181C     		mov	r0, r3
 114 0066 FFF7FEFF 		bl	LED0_WritePulse1
  54:.\main.c      **** 	LED1_WritePulse0( blue );
 115              		.loc 1 54 0
 116 006a 3B1C     		mov	r3, r7
 117 006c 8933     		add	r3, r3, #137
 118 006e 1B78     		ldrb	r3, [r3]
 119 0070 181C     		mov	r0, r3
 120 0072 FFF7FEFF 		bl	LED1_WritePulse0
 121              	.L12:
  55:.\main.c      **** 	
  56:.\main.c      ****     for(;;)
  57:.\main.c      ****     {
  58:.\main.c      ****         /* Place your application code here. */
  59:.\main.c      **** 		socket = ETH0_TcpOpen( 23 );
 122              		.loc 1 59 0
 123 0076 3C1C     		mov	r4, r7
 124 0078 8834     		add	r4, r4, #136
 125 007a 1720     		mov	r0, #23
 126 007c FFF7FEFF 		bl	ETH0_TcpOpen
 127 0080 031C     		mov	r3, r0
 128 0082 2370     		strb	r3, [r4]
  60:.\main.c      **** 		ETH0_TcpStartServer( socket );
 129              		.loc 1 60 0
 130 0084 3B1C     		mov	r3, r7
 131 0086 8833     		add	r3, r3, #136
 132 0088 1B78     		ldrb	r3, [r3]
 133 008a 181C     		mov	r0, r3
 134 008c FFF7FEFF 		bl	ETH0_TcpStartServer
  61:.\main.c      **** 		while ( !ETH0_TcpConnected( socket ) ) {
 135              		.loc 1 61 0
 136 0090 38E0     		b	.L2
 137              	.L3:
  62:.\main.c      **** 			/*
  63:.\main.c      **** 			 * While we are waiting for the client to attach
  64:.\main.c      **** 			 * to the server, flash some random colors on the
  65:.\main.c      **** 			 * LED to provide entertainment.
  66:.\main.c      **** 			 */
  67:.\main.c      **** 			red = rand() % 0xFF;
 138              		.loc 1 67 0
 139 0092 FFF7FEFF 		bl	rand
 140 0096 031C     		mov	r3, r0
 141 0098 181C     		mov	r0, r3
ARM GAS  C:\Users\CHUCK~1.ERH\AppData\Local\Temp\cc1O5sZa.s 			page 5


 142 009a FF21     		mov	r1, #255
 143 009c FFF7FEFF 		bl	__aeabi_idivmod
 144 00a0 0B1C     		mov	r3, r1
 145 00a2 1A1C     		mov	r2, r3
 146 00a4 3B1C     		mov	r3, r7
 147 00a6 8B33     		add	r3, r3, #139
 148 00a8 1A70     		strb	r2, [r3]
  68:.\main.c      **** 			green = rand() % 0xFF;
 149              		.loc 1 68 0
 150 00aa FFF7FEFF 		bl	rand
 151 00ae 031C     		mov	r3, r0
 152 00b0 181C     		mov	r0, r3
 153 00b2 FF21     		mov	r1, #255
 154 00b4 FFF7FEFF 		bl	__aeabi_idivmod
 155 00b8 0B1C     		mov	r3, r1
 156 00ba 1A1C     		mov	r2, r3
 157 00bc 3B1C     		mov	r3, r7
 158 00be 8A33     		add	r3, r3, #138
 159 00c0 1A70     		strb	r2, [r3]
  69:.\main.c      **** 			blue = rand() % 0xFF;
 160              		.loc 1 69 0
 161 00c2 FFF7FEFF 		bl	rand
 162 00c6 031C     		mov	r3, r0
 163 00c8 181C     		mov	r0, r3
 164 00ca FF21     		mov	r1, #255
 165 00cc FFF7FEFF 		bl	__aeabi_idivmod
 166 00d0 0B1C     		mov	r3, r1
 167 00d2 1A1C     		mov	r2, r3
 168 00d4 3B1C     		mov	r3, r7
 169 00d6 8933     		add	r3, r3, #137
 170 00d8 1A70     		strb	r2, [r3]
  70:.\main.c      **** 			LED0_WritePulse0( red );
 171              		.loc 1 70 0
 172 00da 3B1C     		mov	r3, r7
 173 00dc 8B33     		add	r3, r3, #139
 174 00de 1B78     		ldrb	r3, [r3]
 175 00e0 181C     		mov	r0, r3
 176 00e2 FFF7FEFF 		bl	LED0_WritePulse0
  71:.\main.c      **** 			LED0_WritePulse1( green );
 177              		.loc 1 71 0
 178 00e6 3B1C     		mov	r3, r7
 179 00e8 8A33     		add	r3, r3, #138
 180 00ea 1B78     		ldrb	r3, [r3]
 181 00ec 181C     		mov	r0, r3
 182 00ee FFF7FEFF 		bl	LED0_WritePulse1
  72:.\main.c      **** 			LED1_WritePulse0( blue );
 183              		.loc 1 72 0
 184 00f2 3B1C     		mov	r3, r7
 185 00f4 8933     		add	r3, r3, #137
 186 00f6 1B78     		ldrb	r3, [r3]
 187 00f8 181C     		mov	r0, r3
 188 00fa FFF7FEFF 		bl	LED1_WritePulse0
  73:.\main.c      **** 			/* wait for a connection, and delay the flashes */
  74:.\main.c      **** 			CyDelay(100);
 189              		.loc 1 74 0
 190 00fe 6420     		mov	r0, #100
 191 0100 FFF7FEFF 		bl	CyDelay
ARM GAS  C:\Users\CHUCK~1.ERH\AppData\Local\Temp\cc1O5sZa.s 			page 6


 192              	.L2:
  61:.\main.c      **** 		while ( !ETH0_TcpConnected( socket ) ) {
 193              		.loc 1 61 0 discriminator 1
 194 0104 3B1C     		mov	r3, r7
 195 0106 8833     		add	r3, r3, #136
 196 0108 1B78     		ldrb	r3, [r3]
 197 010a 181C     		mov	r0, r3
 198 010c FFF7FEFF 		bl	ETH0_TcpConnected
 199 0110 031C     		mov	r3, r0
 200 0112 002B     		cmp	r3, #0
 201 0114 BDD0     		beq	.L3
  75:.\main.c      **** 		}
  76:.\main.c      **** 		/*
  77:.\main.c      **** 		 * Send the Logon welcom message to the client.
  78:.\main.c      **** 		 */
  79:.\main.c      **** 		ETH0_TcpPrint(socket,"Welcome to the PSoC4 Pioneer Board!\r\n");
 202              		.loc 1 79 0
 203 0116 3B1C     		mov	r3, r7
 204 0118 8833     		add	r3, r3, #136
 205 011a 1A78     		ldrb	r2, [r3]
 206 011c 484B     		ldr	r3, .L13
 207 011e 101C     		mov	r0, r2
 208 0120 191C     		mov	r1, r3
 209 0122 FFF7FEFF 		bl	ETH0_TcpPrint
  80:.\main.c      **** 		ETH0_TcpPrint(socket,"---------------------------------------------------------------------------
 210              		.loc 1 80 0
 211 0126 3B1C     		mov	r3, r7
 212 0128 8833     		add	r3, r3, #136
 213 012a 1A78     		ldrb	r2, [r3]
 214 012c 454B     		ldr	r3, .L13+4
 215 012e 101C     		mov	r0, r2
 216 0130 191C     		mov	r1, r3
 217 0132 FFF7FEFF 		bl	ETH0_TcpPrint
  81:.\main.c      **** 		temp = 0;
 218              		.loc 1 81 0
 219 0136 0023     		mov	r3, #0
 220 0138 8C22     		mov	r2, #140
 221 013a D219     		add	r2, r2, r7
 222 013c 1360     		str	r3, [r2]
  82:.\main.c      **** 		while( ETH0_SocketRxDataWaiting(socket) == 0) {
 223              		.loc 1 82 0
 224 013e 45E0     		b	.L4
 225              	.L11:
  83:.\main.c      **** 			ETH0_TcpPrint(socket, "Please Press a key: ");
 226              		.loc 1 83 0
 227 0140 3B1C     		mov	r3, r7
 228 0142 8833     		add	r3, r3, #136
 229 0144 1A78     		ldrb	r2, [r3]
 230 0146 404B     		ldr	r3, .L13+8
 231 0148 101C     		mov	r0, r2
 232 014a 191C     		mov	r1, r3
 233 014c FFF7FEFF 		bl	ETH0_TcpPrint
  84:.\main.c      **** 			switch(temp) {
 234              		.loc 1 84 0
 235 0150 8C22     		mov	r2, #140
 236 0152 D219     		add	r2, r2, r7
 237 0154 1368     		ldr	r3, [r2]
ARM GAS  C:\Users\CHUCK~1.ERH\AppData\Local\Temp\cc1O5sZa.s 			page 7


 238 0156 012B     		cmp	r3, #1
 239 0158 11D0     		beq	.L7
 240 015a 02DC     		bgt	.L10
 241 015c 002B     		cmp	r3, #0
 242 015e 05D0     		beq	.L6
 243 0160 28E0     		b	.L5
 244              	.L10:
 245 0162 022B     		cmp	r3, #2
 246 0164 14D0     		beq	.L8
 247 0166 032B     		cmp	r3, #3
 248 0168 1BD0     		beq	.L9
 249 016a 23E0     		b	.L5
 250              	.L6:
  85:.\main.c      **** 				case 0:
  86:.\main.c      **** 					ETH0_TcpPrint(socket, "\\ \r");
 251              		.loc 1 86 0
 252 016c 3B1C     		mov	r3, r7
 253 016e 8833     		add	r3, r3, #136
 254 0170 1A78     		ldrb	r2, [r3]
 255 0172 364B     		ldr	r3, .L13+12
 256 0174 101C     		mov	r0, r2
 257 0176 191C     		mov	r1, r3
 258 0178 FFF7FEFF 		bl	ETH0_TcpPrint
  87:.\main.c      **** 					break;
 259              		.loc 1 87 0
 260 017c 1AE0     		b	.L5
 261              	.L7:
  88:.\main.c      **** 				case 1:
  89:.\main.c      **** 					ETH0_TcpPrint(socket, "|\r");
 262              		.loc 1 89 0
 263 017e 3B1C     		mov	r3, r7
 264 0180 8833     		add	r3, r3, #136
 265 0182 1A78     		ldrb	r2, [r3]
 266 0184 324B     		ldr	r3, .L13+16
 267 0186 101C     		mov	r0, r2
 268 0188 191C     		mov	r1, r3
 269 018a FFF7FEFF 		bl	ETH0_TcpPrint
  90:.\main.c      **** 					break;
 270              		.loc 1 90 0
 271 018e 11E0     		b	.L5
 272              	.L8:
  91:.\main.c      **** 				case 2:
  92:.\main.c      **** 					ETH0_TcpPrint(socket, "/\r");
 273              		.loc 1 92 0
 274 0190 3B1C     		mov	r3, r7
 275 0192 8833     		add	r3, r3, #136
 276 0194 1A78     		ldrb	r2, [r3]
 277 0196 2F4B     		ldr	r3, .L13+20
 278 0198 101C     		mov	r0, r2
 279 019a 191C     		mov	r1, r3
 280 019c FFF7FEFF 		bl	ETH0_TcpPrint
  93:.\main.c      **** 					break;
 281              		.loc 1 93 0
 282 01a0 08E0     		b	.L5
 283              	.L9:
  94:.\main.c      **** 				case 3:
  95:.\main.c      **** 					ETH0_TcpPrint(socket, "-\r");
ARM GAS  C:\Users\CHUCK~1.ERH\AppData\Local\Temp\cc1O5sZa.s 			page 8


 284              		.loc 1 95 0
 285 01a2 3B1C     		mov	r3, r7
 286 01a4 8833     		add	r3, r3, #136
 287 01a6 1A78     		ldrb	r2, [r3]
 288 01a8 2B4B     		ldr	r3, .L13+24
 289 01aa 101C     		mov	r0, r2
 290 01ac 191C     		mov	r1, r3
 291 01ae FFF7FEFF 		bl	ETH0_TcpPrint
  96:.\main.c      **** 					break;
 292              		.loc 1 96 0
 293 01b2 C046     		mov	r8, r8
 294              	.L5:
  97:.\main.c      **** 			}
  98:.\main.c      **** 			temp = (temp + 1) & 3;
 295              		.loc 1 98 0
 296 01b4 8C22     		mov	r2, #140
 297 01b6 D219     		add	r2, r2, r7
 298 01b8 1368     		ldr	r3, [r2]
 299 01ba 5A1C     		add	r2, r3, #1
 300 01bc 0323     		mov	r3, #3
 301 01be 1340     		and	r3, r2
 302 01c0 8C22     		mov	r2, #140
 303 01c2 D219     		add	r2, r2, r7
 304 01c4 1360     		str	r3, [r2]
  99:.\main.c      **** 			CyDelay(1);
 305              		.loc 1 99 0
 306 01c6 0120     		mov	r0, #1
 307 01c8 FFF7FEFF 		bl	CyDelay
 308              	.L4:
  82:.\main.c      **** 		while( ETH0_SocketRxDataWaiting(socket) == 0) {
 309              		.loc 1 82 0 discriminator 1
 310 01cc 3B1C     		mov	r3, r7
 311 01ce 8833     		add	r3, r3, #136
 312 01d0 1B78     		ldrb	r3, [r3]
 313 01d2 181C     		mov	r0, r3
 314 01d4 FFF7FEFF 		bl	ETH0_SocketRxDataWaiting
 315 01d8 031C     		mov	r3, r0
 316 01da 002B     		cmp	r3, #0
 317 01dc B0D0     		beq	.L11
 100:.\main.c      **** 		}
 101:.\main.c      **** 		ETH0_TcpPrint(socket,"\r\nThank You! :-) ");
 318              		.loc 1 101 0
 319 01de 3B1C     		mov	r3, r7
 320 01e0 8833     		add	r3, r3, #136
 321 01e2 1A78     		ldrb	r2, [r3]
 322 01e4 1D4B     		ldr	r3, .L13+28
 323 01e6 101C     		mov	r0, r2
 324 01e8 191C     		mov	r1, r3
 325 01ea FFF7FEFF 		bl	ETH0_TcpPrint
 102:.\main.c      **** 		length = ETH0_TcpReceive(socket,(uint8*)&buffer[0],128);
 326              		.loc 1 102 0
 327 01ee 3C1C     		mov	r4, r7
 328 01f0 8634     		add	r4, r4, #134
 329 01f2 3B1C     		mov	r3, r7
 330 01f4 8833     		add	r3, r3, #136
 331 01f6 1A78     		ldrb	r2, [r3]
 332 01f8 3B1D     		add	r3, r7, #4
ARM GAS  C:\Users\CHUCK~1.ERH\AppData\Local\Temp\cc1O5sZa.s 			page 9


 333 01fa 101C     		mov	r0, r2
 334 01fc 191C     		mov	r1, r3
 335 01fe 8022     		mov	r2, #128
 336 0200 FFF7FEFF 		bl	ETH0_TcpReceive
 337 0204 031C     		mov	r3, r0
 338 0206 2380     		strh	r3, [r4]
 103:.\main.c      **** 		ETH0_TcpSend(socket,(uint8*)&buffer[0],length);
 339              		.loc 1 103 0
 340 0208 3B1C     		mov	r3, r7
 341 020a 8833     		add	r3, r3, #136
 342 020c 1978     		ldrb	r1, [r3]
 343 020e 3A1D     		add	r2, r7, #4
 344 0210 3B1C     		mov	r3, r7
 345 0212 8633     		add	r3, r3, #134
 346 0214 1B88     		ldrh	r3, [r3]
 347 0216 081C     		mov	r0, r1
 348 0218 111C     		mov	r1, r2
 349 021a 1A1C     		mov	r2, r3
 350 021c FFF7FEFF 		bl	ETH0_TcpSend
 104:.\main.c      **** 		
 105:.\main.c      **** 		ETH0_TcpDisconnect( socket );
 351              		.loc 1 105 0
 352 0220 3B1C     		mov	r3, r7
 353 0222 8833     		add	r3, r3, #136
 354 0224 1B78     		ldrb	r3, [r3]
 355 0226 181C     		mov	r0, r3
 356 0228 FFF7FEFF 		bl	ETH0_TcpDisconnect
 106:.\main.c      **** 		ETH0_SocketClose( socket );
 357              		.loc 1 106 0
 358 022c 3B1C     		mov	r3, r7
 359 022e 8833     		add	r3, r3, #136
 360 0230 1B78     		ldrb	r3, [r3]
 361 0232 181C     		mov	r0, r3
 362 0234 FFF7FEFF 		bl	ETH0_SocketClose
 107:.\main.c      **** 		CyDelay(10);
 363              		.loc 1 107 0
 364 0238 0A20     		mov	r0, #10
 365 023a FFF7FEFF 		bl	CyDelay
 108:.\main.c      ****     }
 366              		.loc 1 108 0
 367 023e 1AE7     		b	.L12
 368              	.L14:
 369              		.align	2
 370              	.L13:
 371 0240 00000000 		.word	.LC0
 372 0244 28000000 		.word	.LC2
 373 0248 7C000000 		.word	.LC4
 374 024c 94000000 		.word	.LC6
 375 0250 98000000 		.word	.LC8
 376 0254 9C000000 		.word	.LC10
 377 0258 A0000000 		.word	.LC12
 378 025c A4000000 		.word	.LC14
 379              		.cfi_endproc
 380              	.LFE33:
 381              		.size	main, .-main
 382              		.text
 383              	.Letext0:
ARM GAS  C:\Users\CHUCK~1.ERH\AppData\Local\Temp\cc1O5sZa.s 			page 10


 384              		.file 2 "./Generated_Source/PSoC4/cytypes.h"
 385              		.section	.debug_info,"",%progbits
 386              	.Ldebug_info0:
 387 0000 2B010000 		.4byte	0x12b
 388 0004 0200     		.2byte	0x2
 389 0006 00000000 		.4byte	.Ldebug_abbrev0
 390 000a 04       		.byte	0x4
 391 000b 01       		.uleb128 0x1
 392 000c 38000000 		.4byte	.LASF21
 393 0010 01       		.byte	0x1
 394 0011 68010000 		.4byte	.LASF22
 395 0015 B6000000 		.4byte	.LASF23
 396 0019 00000000 		.4byte	.Ldebug_ranges0+0
 397 001d 00000000 		.4byte	0
 398 0021 00000000 		.4byte	0
 399 0025 00000000 		.4byte	.Ldebug_line0
 400 0029 02       		.uleb128 0x2
 401 002a 01       		.byte	0x1
 402 002b 06       		.byte	0x6
 403 002c 56010000 		.4byte	.LASF0
 404 0030 02       		.uleb128 0x2
 405 0031 01       		.byte	0x1
 406 0032 08       		.byte	0x8
 407 0033 16010000 		.4byte	.LASF1
 408 0037 02       		.uleb128 0x2
 409 0038 02       		.byte	0x2
 410 0039 05       		.byte	0x5
 411 003a 32010000 		.4byte	.LASF2
 412 003e 02       		.uleb128 0x2
 413 003f 02       		.byte	0x2
 414 0040 07       		.byte	0x7
 415 0041 43010000 		.4byte	.LASF3
 416 0045 02       		.uleb128 0x2
 417 0046 04       		.byte	0x4
 418 0047 05       		.byte	0x5
 419 0048 29010000 		.4byte	.LASF4
 420 004c 02       		.uleb128 0x2
 421 004d 04       		.byte	0x4
 422 004e 07       		.byte	0x7
 423 004f 87000000 		.4byte	.LASF5
 424 0053 02       		.uleb128 0x2
 425 0054 08       		.byte	0x8
 426 0055 05       		.byte	0x5
 427 0056 00000000 		.4byte	.LASF6
 428 005a 02       		.uleb128 0x2
 429 005b 08       		.byte	0x8
 430 005c 07       		.byte	0x7
 431 005d 99000000 		.4byte	.LASF7
 432 0061 03       		.uleb128 0x3
 433 0062 04       		.byte	0x4
 434 0063 05       		.byte	0x5
 435 0064 696E7400 		.ascii	"int\000"
 436 0068 02       		.uleb128 0x2
 437 0069 04       		.byte	0x4
 438 006a 07       		.byte	0x7
 439 006b 0E000000 		.4byte	.LASF8
 440 006f 04       		.uleb128 0x4
ARM GAS  C:\Users\CHUCK~1.ERH\AppData\Local\Temp\cc1O5sZa.s 			page 11


 441 0070 81000000 		.4byte	.LASF9
 442 0074 02       		.byte	0x2
 443 0075 5B       		.byte	0x5b
 444 0076 30000000 		.4byte	0x30
 445 007a 04       		.uleb128 0x4
 446 007b 71010000 		.4byte	.LASF10
 447 007f 02       		.byte	0x2
 448 0080 5C       		.byte	0x5c
 449 0081 3E000000 		.4byte	0x3e
 450 0085 02       		.uleb128 0x2
 451 0086 04       		.byte	0x4
 452 0087 04       		.byte	0x4
 453 0088 62010000 		.4byte	.LASF11
 454 008c 02       		.uleb128 0x2
 455 008d 08       		.byte	0x8
 456 008e 04       		.byte	0x4
 457 008f 3C010000 		.4byte	.LASF12
 458 0093 02       		.uleb128 0x2
 459 0094 01       		.byte	0x1
 460 0095 08       		.byte	0x8
 461 0096 24010000 		.4byte	.LASF13
 462 009a 02       		.uleb128 0x2
 463 009b 04       		.byte	0x4
 464 009c 07       		.byte	0x7
 465 009d 7F010000 		.4byte	.LASF14
 466 00a1 05       		.uleb128 0x5
 467 00a2 01       		.byte	0x1
 468 00a3 25000000 		.4byte	.LASF24
 469 00a7 01       		.byte	0x1
 470 00a8 16       		.byte	0x16
 471 00a9 61000000 		.4byte	0x61
 472 00ad 00000000 		.4byte	.LFB33
 473 00b1 60020000 		.4byte	.LFE33
 474 00b5 00000000 		.4byte	.LLST0
 475 00b9 01       		.byte	0x1
 476 00ba 22010000 		.4byte	0x122
 477 00be 06       		.uleb128 0x6
 478 00bf 78010000 		.4byte	.LASF15
 479 00c3 01       		.byte	0x1
 480 00c4 18       		.byte	0x18
 481 00c5 22010000 		.4byte	0x122
 482 00c9 03       		.byte	0x3
 483 00ca 91       		.byte	0x91
 484 00cb E47E     		.sleb128 -156
 485 00cd 06       		.uleb128 0x6
 486 00ce 31000000 		.4byte	.LASF16
 487 00d2 01       		.byte	0x1
 488 00d3 19       		.byte	0x19
 489 00d4 6F000000 		.4byte	0x6f
 490 00d8 02       		.byte	0x2
 491 00d9 91       		.byte	0x91
 492 00da 68       		.sleb128 -24
 493 00db 06       		.uleb128 0x6
 494 00dc 2A000000 		.4byte	.LASF17
 495 00e0 01       		.byte	0x1
 496 00e1 1A       		.byte	0x1a
 497 00e2 7A000000 		.4byte	0x7a
ARM GAS  C:\Users\CHUCK~1.ERH\AppData\Local\Temp\cc1O5sZa.s 			page 12


 498 00e6 02       		.byte	0x2
 499 00e7 91       		.byte	0x91
 500 00e8 66       		.sleb128 -26
 501 00e9 06       		.uleb128 0x6
 502 00ea 20000000 		.4byte	.LASF18
 503 00ee 01       		.byte	0x1
 504 00ef 1B       		.byte	0x1b
 505 00f0 61000000 		.4byte	0x61
 506 00f4 02       		.byte	0x2
 507 00f5 91       		.byte	0x91
 508 00f6 6C       		.sleb128 -20
 509 00f7 07       		.uleb128 0x7
 510 00f8 72656400 		.ascii	"red\000"
 511 00fc 01       		.byte	0x1
 512 00fd 1C       		.byte	0x1c
 513 00fe 6F000000 		.4byte	0x6f
 514 0102 02       		.byte	0x2
 515 0103 91       		.byte	0x91
 516 0104 6B       		.sleb128 -21
 517 0105 06       		.uleb128 0x6
 518 0106 B0000000 		.4byte	.LASF19
 519 010a 01       		.byte	0x1
 520 010b 1D       		.byte	0x1d
 521 010c 6F000000 		.4byte	0x6f
 522 0110 02       		.byte	0x2
 523 0111 91       		.byte	0x91
 524 0112 6A       		.sleb128 -22
 525 0113 06       		.uleb128 0x6
 526 0114 1B000000 		.4byte	.LASF20
 527 0118 01       		.byte	0x1
 528 0119 1E       		.byte	0x1e
 529 011a 6F000000 		.4byte	0x6f
 530 011e 02       		.byte	0x2
 531 011f 91       		.byte	0x91
 532 0120 69       		.sleb128 -23
 533 0121 00       		.byte	0
 534 0122 08       		.uleb128 0x8
 535 0123 93000000 		.4byte	0x93
 536 0127 09       		.uleb128 0x9
 537 0128 9A000000 		.4byte	0x9a
 538 012c 7F       		.byte	0x7f
 539 012d 00       		.byte	0
 540 012e 00       		.byte	0
 541              		.section	.debug_abbrev,"",%progbits
 542              	.Ldebug_abbrev0:
 543 0000 01       		.uleb128 0x1
 544 0001 11       		.uleb128 0x11
 545 0002 01       		.byte	0x1
 546 0003 25       		.uleb128 0x25
 547 0004 0E       		.uleb128 0xe
 548 0005 13       		.uleb128 0x13
 549 0006 0B       		.uleb128 0xb
 550 0007 03       		.uleb128 0x3
 551 0008 0E       		.uleb128 0xe
 552 0009 1B       		.uleb128 0x1b
 553 000a 0E       		.uleb128 0xe
 554 000b 55       		.uleb128 0x55
ARM GAS  C:\Users\CHUCK~1.ERH\AppData\Local\Temp\cc1O5sZa.s 			page 13


 555 000c 06       		.uleb128 0x6
 556 000d 11       		.uleb128 0x11
 557 000e 01       		.uleb128 0x1
 558 000f 52       		.uleb128 0x52
 559 0010 01       		.uleb128 0x1
 560 0011 10       		.uleb128 0x10
 561 0012 06       		.uleb128 0x6
 562 0013 00       		.byte	0
 563 0014 00       		.byte	0
 564 0015 02       		.uleb128 0x2
 565 0016 24       		.uleb128 0x24
 566 0017 00       		.byte	0
 567 0018 0B       		.uleb128 0xb
 568 0019 0B       		.uleb128 0xb
 569 001a 3E       		.uleb128 0x3e
 570 001b 0B       		.uleb128 0xb
 571 001c 03       		.uleb128 0x3
 572 001d 0E       		.uleb128 0xe
 573 001e 00       		.byte	0
 574 001f 00       		.byte	0
 575 0020 03       		.uleb128 0x3
 576 0021 24       		.uleb128 0x24
 577 0022 00       		.byte	0
 578 0023 0B       		.uleb128 0xb
 579 0024 0B       		.uleb128 0xb
 580 0025 3E       		.uleb128 0x3e
 581 0026 0B       		.uleb128 0xb
 582 0027 03       		.uleb128 0x3
 583 0028 08       		.uleb128 0x8
 584 0029 00       		.byte	0
 585 002a 00       		.byte	0
 586 002b 04       		.uleb128 0x4
 587 002c 16       		.uleb128 0x16
 588 002d 00       		.byte	0
 589 002e 03       		.uleb128 0x3
 590 002f 0E       		.uleb128 0xe
 591 0030 3A       		.uleb128 0x3a
 592 0031 0B       		.uleb128 0xb
 593 0032 3B       		.uleb128 0x3b
 594 0033 0B       		.uleb128 0xb
 595 0034 49       		.uleb128 0x49
 596 0035 13       		.uleb128 0x13
 597 0036 00       		.byte	0
 598 0037 00       		.byte	0
 599 0038 05       		.uleb128 0x5
 600 0039 2E       		.uleb128 0x2e
 601 003a 01       		.byte	0x1
 602 003b 3F       		.uleb128 0x3f
 603 003c 0C       		.uleb128 0xc
 604 003d 03       		.uleb128 0x3
 605 003e 0E       		.uleb128 0xe
 606 003f 3A       		.uleb128 0x3a
 607 0040 0B       		.uleb128 0xb
 608 0041 3B       		.uleb128 0x3b
 609 0042 0B       		.uleb128 0xb
 610 0043 49       		.uleb128 0x49
 611 0044 13       		.uleb128 0x13
ARM GAS  C:\Users\CHUCK~1.ERH\AppData\Local\Temp\cc1O5sZa.s 			page 14


 612 0045 11       		.uleb128 0x11
 613 0046 01       		.uleb128 0x1
 614 0047 12       		.uleb128 0x12
 615 0048 01       		.uleb128 0x1
 616 0049 40       		.uleb128 0x40
 617 004a 06       		.uleb128 0x6
 618 004b 9642     		.uleb128 0x2116
 619 004d 0C       		.uleb128 0xc
 620 004e 01       		.uleb128 0x1
 621 004f 13       		.uleb128 0x13
 622 0050 00       		.byte	0
 623 0051 00       		.byte	0
 624 0052 06       		.uleb128 0x6
 625 0053 34       		.uleb128 0x34
 626 0054 00       		.byte	0
 627 0055 03       		.uleb128 0x3
 628 0056 0E       		.uleb128 0xe
 629 0057 3A       		.uleb128 0x3a
 630 0058 0B       		.uleb128 0xb
 631 0059 3B       		.uleb128 0x3b
 632 005a 0B       		.uleb128 0xb
 633 005b 49       		.uleb128 0x49
 634 005c 13       		.uleb128 0x13
 635 005d 02       		.uleb128 0x2
 636 005e 0A       		.uleb128 0xa
 637 005f 00       		.byte	0
 638 0060 00       		.byte	0
 639 0061 07       		.uleb128 0x7
 640 0062 34       		.uleb128 0x34
 641 0063 00       		.byte	0
 642 0064 03       		.uleb128 0x3
 643 0065 08       		.uleb128 0x8
 644 0066 3A       		.uleb128 0x3a
 645 0067 0B       		.uleb128 0xb
 646 0068 3B       		.uleb128 0x3b
 647 0069 0B       		.uleb128 0xb
 648 006a 49       		.uleb128 0x49
 649 006b 13       		.uleb128 0x13
 650 006c 02       		.uleb128 0x2
 651 006d 0A       		.uleb128 0xa
 652 006e 00       		.byte	0
 653 006f 00       		.byte	0
 654 0070 08       		.uleb128 0x8
 655 0071 01       		.uleb128 0x1
 656 0072 01       		.byte	0x1
 657 0073 49       		.uleb128 0x49
 658 0074 13       		.uleb128 0x13
 659 0075 00       		.byte	0
 660 0076 00       		.byte	0
 661 0077 09       		.uleb128 0x9
 662 0078 21       		.uleb128 0x21
 663 0079 00       		.byte	0
 664 007a 49       		.uleb128 0x49
 665 007b 13       		.uleb128 0x13
 666 007c 2F       		.uleb128 0x2f
 667 007d 0B       		.uleb128 0xb
 668 007e 00       		.byte	0
ARM GAS  C:\Users\CHUCK~1.ERH\AppData\Local\Temp\cc1O5sZa.s 			page 15


 669 007f 00       		.byte	0
 670 0080 00       		.byte	0
 671              		.section	.debug_loc,"",%progbits
 672              	.Ldebug_loc0:
 673              	.LLST0:
 674 0000 00000000 		.4byte	.LFB33
 675 0004 02000000 		.4byte	.LCFI0
 676 0008 0200     		.2byte	0x2
 677 000a 7D       		.byte	0x7d
 678 000b 00       		.sleb128 0
 679 000c 02000000 		.4byte	.LCFI0
 680 0010 04000000 		.4byte	.LCFI1
 681 0014 0200     		.2byte	0x2
 682 0016 7D       		.byte	0x7d
 683 0017 0C       		.sleb128 12
 684 0018 04000000 		.4byte	.LCFI1
 685 001c 06000000 		.4byte	.LCFI2
 686 0020 0300     		.2byte	0x3
 687 0022 7D       		.byte	0x7d
 688 0023 A001     		.sleb128 160
 689 0025 06000000 		.4byte	.LCFI2
 690 0029 60020000 		.4byte	.LFE33
 691 002d 0300     		.2byte	0x3
 692 002f 77       		.byte	0x77
 693 0030 A001     		.sleb128 160
 694 0032 00000000 		.4byte	0
 695 0036 00000000 		.4byte	0
 696              		.section	.debug_aranges,"",%progbits
 697 0000 1C000000 		.4byte	0x1c
 698 0004 0200     		.2byte	0x2
 699 0006 00000000 		.4byte	.Ldebug_info0
 700 000a 04       		.byte	0x4
 701 000b 00       		.byte	0
 702 000c 0000     		.2byte	0
 703 000e 0000     		.2byte	0
 704 0010 00000000 		.4byte	.LFB33
 705 0014 60020000 		.4byte	.LFE33-.LFB33
 706 0018 00000000 		.4byte	0
 707 001c 00000000 		.4byte	0
 708              		.section	.debug_ranges,"",%progbits
 709              	.Ldebug_ranges0:
 710 0000 00000000 		.4byte	.LFB33
 711 0004 60020000 		.4byte	.LFE33
 712 0008 00000000 		.4byte	0
 713 000c 00000000 		.4byte	0
 714              		.section	.debug_line,"",%progbits
 715              	.Ldebug_line0:
 716 0000 98000000 		.section	.debug_str,"MS",%progbits,1
 716      02004500 
 716      00000201 
 716      FB0E0D00 
 716      01010101 
 717              	.LASF6:
 718 0000 6C6F6E67 		.ascii	"long long int\000"
 718      206C6F6E 
 718      6720696E 
 718      7400
ARM GAS  C:\Users\CHUCK~1.ERH\AppData\Local\Temp\cc1O5sZa.s 			page 16


 719              	.LASF8:
 720 000e 756E7369 		.ascii	"unsigned int\000"
 720      676E6564 
 720      20696E74 
 720      00
 721              	.LASF20:
 722 001b 626C7565 		.ascii	"blue\000"
 722      00
 723              	.LASF18:
 724 0020 74656D70 		.ascii	"temp\000"
 724      00
 725              	.LASF24:
 726 0025 6D61696E 		.ascii	"main\000"
 726      00
 727              	.LASF17:
 728 002a 6C656E67 		.ascii	"length\000"
 728      746800
 729              	.LASF16:
 730 0031 736F636B 		.ascii	"socket\000"
 730      657400
 731              	.LASF21:
 732 0038 474E5520 		.ascii	"GNU C 4.7.3 20130312 (release) [ARM/embedded-4_7-br"
 732      4320342E 
 732      372E3320 
 732      32303133 
 732      30333132 
 733 006b 616E6368 		.ascii	"anch revision 196615]\000"
 733      20726576 
 733      6973696F 
 733      6E203139 
 733      36363135 
 734              	.LASF9:
 735 0081 75696E74 		.ascii	"uint8\000"
 735      3800
 736              	.LASF5:
 737 0087 6C6F6E67 		.ascii	"long unsigned int\000"
 737      20756E73 
 737      69676E65 
 737      6420696E 
 737      7400
 738              	.LASF7:
 739 0099 6C6F6E67 		.ascii	"long long unsigned int\000"
 739      206C6F6E 
 739      6720756E 
 739      7369676E 
 739      65642069 
 740              	.LASF19:
 741 00b0 67726565 		.ascii	"green\000"
 741      6E00
 742              	.LASF23:
 743 00b6 433A5C55 		.ascii	"C:\\Users\\chuck.erhardt\\Documents\\PSoC Creator\\"
 743      73657273 
 743      5C636875 
 743      636B2E65 
 743      72686172 
 744 00e4 4532466F 		.ascii	"E2ForLife\\PSoCPioneer+ArduinoShield_Example.cydsn\000"
 744      724C6966 
ARM GAS  C:\Users\CHUCK~1.ERH\AppData\Local\Temp\cc1O5sZa.s 			page 17


 744      655C5053 
 744      6F435069 
 744      6F6E6565 
 745              	.LASF1:
 746 0116 756E7369 		.ascii	"unsigned char\000"
 746      676E6564 
 746      20636861 
 746      7200
 747              	.LASF13:
 748 0124 63686172 		.ascii	"char\000"
 748      00
 749              	.LASF4:
 750 0129 6C6F6E67 		.ascii	"long int\000"
 750      20696E74 
 750      00
 751              	.LASF2:
 752 0132 73686F72 		.ascii	"short int\000"
 752      7420696E 
 752      7400
 753              	.LASF12:
 754 013c 646F7562 		.ascii	"double\000"
 754      6C6500
 755              	.LASF3:
 756 0143 73686F72 		.ascii	"short unsigned int\000"
 756      7420756E 
 756      7369676E 
 756      65642069 
 756      6E7400
 757              	.LASF0:
 758 0156 7369676E 		.ascii	"signed char\000"
 758      65642063 
 758      68617200 
 759              	.LASF11:
 760 0162 666C6F61 		.ascii	"float\000"
 760      7400
 761              	.LASF22:
 762 0168 2E5C6D61 		.ascii	".\\main.c\000"
 762      696E2E63 
 762      00
 763              	.LASF10:
 764 0171 75696E74 		.ascii	"uint16\000"
 764      313600
 765              	.LASF15:
 766 0178 62756666 		.ascii	"buffer\000"
 766      657200
 767              	.LASF14:
 768 017f 73697A65 		.ascii	"sizetype\000"
 768      74797065 
 768      00
 769              		.ident	"GCC: (GNU Tools for ARM Embedded Processors) 4.7.3 20130312 (release) [ARM/embedded-4_7-br
