--------------- Build Started: 03/14/2014 13:34:14 Project: PSoCPioneer+ArduinoShield_Example, Configuration: ARM GCC 4.7.3 Debug ---------------
cydsfit.exe "-.appdatapath" "C:\Documents and Settings\Administrator\Local Settings\Application Data\Cypress Semiconductor\PSoC Creator\3.0" "-.fdsnotice" "-.fdswarpdepfile=warp_dependencies.txt" "-.fdselabdepfile=elab_dependencies.txt" "-.fdsbldfile=generated_files.txt" "-p" "Z:\PSoC-W5100-Driver\PSoCPioneer+ArduinoShield_Example.cydsn\PSoCPioneer+ArduinoShield_Example.cyprj" "-d" "CY8C4245AXI-483" "-s" "Z:\PSoC-W5100-Driver\PSoCPioneer+ArduinoShield_Example.cydsn\Generated_Source\PSoC4" "--" "-yv2" "-v3" "-ygs" "-q10" "-o2" "-.fftcfgtype=LE"
Elaborating Design...
HDL Generation ...
Synthesis ...
Place and Route ...
Tech mapping ...
Info: mpr.M0037: Unused pieces of the design have been optimized out. See the Tech mapping section of the report file for details. (App=cydsfit)
Analog Placement ...
Analog Routing ...
Analog Code Generation ...
Digital Placement ...
Digital Routing ...
Bitstream Generation ...
Static timing analysis ...
API Generation ...
Dependency Generation ...
Clean Temporary Files ...
arm-none-eabi-gcc.exe -I. -I./Generated_Source/PSoC4 -Wno-main -mcpu=cortex-m0 -mthumb -Wall -g -D DEBUG -Wa,-alh=.\CortexM0\ARM_GCC_473\Debug\ETH0.lst -ffunction-sections -c .\Generated_Source\PSoC4\ETH0.c -o .\CortexM0\ARM_GCC_473\Debug\ETH0.o
.\Generated_Source\PSoC4\ETH0.c:485:15: warning: 'ETH0_GetGatewayAddress' defined but not used [-Wunused-function]
.\Generated_Source\PSoC4\ETH0.c:497:15: warning: 'ETH0_GetSubnetMask' defined but not used [-Wunused-function]
.\Generated_Source\PSoC4\ETH0.c:521:14: warning: 'ETH0_GetMode' defined but not used [-Wunused-function]
.\Generated_Source\PSoC4\ETH0.c:533:14: warning: 'ETH0_GetIR' defined but not used [-Wunused-function]
.\Generated_Source\PSoC4\ETH0.c:539:13: warning: 'ETH0_SetIMR' defined but not used [-Wunused-function]
.\Generated_Source\PSoC4\ETH0.c:545:14: warning: 'ETH0_GetIMR' defined but not used [-Wunused-function]
.\Generated_Source\PSoC4\ETH0.c:551:13: warning: 'ETH0_SetRetryTime' defined but not used [-Wunused-function]
.\Generated_Source\PSoC4\ETH0.c:557:15: warning: 'ETH0_GetRetryTime' defined but not used [-Wunused-function]
.\Generated_Source\PSoC4\ETH0.c:563:13: warning: 'ETH0_SetRetryCount' defined but not used [-Wunused-function]
.\Generated_Source\PSoC4\ETH0.c:569:14: warning: 'ETH0_GetRetryCount' defined but not used [-Wunused-function]
.\Generated_Source\PSoC4\ETH0.c:581:14: warning: 'ETH0_GetRxMemSize' defined but not used [-Wunused-function]
.\Generated_Source\PSoC4\ETH0.c:593:14: warning: 'ETH0_GetTxMemSize' defined but not used [-Wunused-function]
.\Generated_Source\PSoC4\ETH0.c:599:13: warning: 'ETH0_SetUnreachableIP' defined but not used [-Wunused-function]
.\Generated_Source\PSoC4\ETH0.c:605:15: warning: 'ETH0_GetUnreachableIP' defined but not used [-Wunused-function]
.\Generated_Source\PSoC4\ETH0.c:611:13: warning: 'ETH0_SetUnreachablePort' defined but not used [-Wunused-function]
.\Generated_Source\PSoC4\ETH0.c:617:15: warning: 'ETH0_GetUnreachablePort' defined but not used [-Wunused-function]
.\Generated_Source\PSoC4\ETH0.c:643:14: warning: 'ETH0_GetSocketMode' defined but not used [-Wunused-function]
.\Generated_Source\PSoC4\ETH0.c:683:13: warning: 'ETH0_SetSocketStatus' defined but not used [-Wunused-function]
.\Generated_Source\PSoC4\ETH0.c:707:15: warning: 'ETH0_GetSocketSourcePort' defined but not used [-Wunused-function]
.\Generated_Source\PSoC4\ETH0.c:715:13: warning: 'ETH0_SetSocketDestMAC' defined but not used [-Wunused-function]
.\Generated_Source\PSoC4\ETH0.c:723:13: warning: 'ETH0_GetSocketDestMAC' defined but not used [-Wunused-function]
.\Generated_Source\PSoC4\ETH0.c:739:15: warning: 'ETH0_GetSocketDestIP' defined but not used [-Wunused-function]
.\Generated_Source\PSoC4\ETH0.c:755:15: warning: 'ETH0_GetSocketDestPort' defined but not used [-Wunused-function]
.\Generated_Source\PSoC4\ETH0.c:763:13: warning: 'ETH0_SetSocketMaxSegSize' defined but not used [-Wunused-function]
.\Generated_Source\PSoC4\ETH0.c:771:15: warning: 'ETH0_GetSocketMaxSegSize' defined but not used [-Wunused-function]
.\Generated_Source\PSoC4\ETH0.c:779:16: warning: 'ETH0_GetSocketProto' defined but not used [-Wunused-function]
.\Generated_Source\PSoC4\ETH0.c:787:13: warning: 'ETH0_SetSocketTOS' defined but not used [-Wunused-function]
.\Generated_Source\PSoC4\ETH0.c:795:14: warning: 'ETH0_GetSocketTOS' defined but not used [-Wunused-function]
.\Generated_Source\PSoC4\ETH0.c:803:13: warning: 'ETH0_SetSocketTTL' defined but not used [-Wunused-function]
.\Generated_Source\PSoC4\ETH0.c:811:14: warning: 'ETH0_GetSocketTTL' defined but not used [-Wunused-function]
.\Generated_Source\PSoC4\ETH0.c:819:13: warning: 'ETH0_SetSocketTxFree' defined but not used [-Wunused-function]
.\Generated_Source\PSoC4\ETH0.c:835:13: warning: 'ETH0_SetSocketTxReadPtr' defined but not used [-Wunused-function]
.\Generated_Source\PSoC4\ETH0.c:843:15: warning: 'ETH0_GetSocketTxReadPtr' defined but not used [-Wunused-function]
.\Generated_Source\PSoC4\ETH0.c:1449:1: warning: 'ETH0_SocketSendMac' defined but not used [-Wunused-function]
arm-none-eabi-ar.exe -rs .\CortexM0\ARM_GCC_473\Debug\PSoCPioneer+ArduinoShield_Example.a .\CortexM0\ARM_GCC_473\Debug\cyfitter_cfg.o .\CortexM0\ARM_GCC_473\Debug\ETH0.o .\CortexM0\ARM_GCC_473\Debug\SDCS.o .\CortexM0\ARM_GCC_473\Debug\CyBootAsmGnu.o .\CortexM0\ARM_GCC_473\Debug\CyFlash.o .\CortexM0\ARM_GCC_473\Debug\CyLib.o .\CortexM0\ARM_GCC_473\Debug\cyPm.o .\CortexM0\ARM_GCC_473\Debug\cyutils.o .\CortexM0\ARM_GCC_473\Debug\SPI0.o .\CortexM0\ARM_GCC_473\Debug\SPI0_SPI_UART.o .\CortexM0\ARM_GCC_473\Debug\SPI0_PM.o .\CortexM0\ARM_GCC_473\Debug\SPI0_SPI.o .\CortexM0\ARM_GCC_473\Debug\SPI0_BOOT.o .\CortexM0\ARM_GCC_473\Debug\SPI0_SPI_BOOT.o .\CortexM0\ARM_GCC_473\Debug\SPI0_ss0_m.o .\CortexM0\ARM_GCC_473\Debug\SPI0_mosi_m.o .\CortexM0\ARM_GCC_473\Debug\SPI0_miso_m.o .\CortexM0\ARM_GCC_473\Debug\SPI0_sclk_m.o .\CortexM0\ARM_GCC_473\Debug\SPI0_ss1_m.o .\CortexM0\ARM_GCC_473\Debug\SPI0_SCBCLK.o .\CortexM0\ARM_GCC_473\Debug\LED1.o .\CortexM0\ARM_GCC_473\Debug\LED1_PM.o .\CortexM0\ARM_GCC_473\Debug\LED0.o .\CortexM0\ARM_GCC_473\Debug\LED0_PM.o
arm-none-eabi-ar.exe: creating .\CortexM0\ARM_GCC_473\Debug\PSoCPioneer+ArduinoShield_Example.a
arm-none-eabi-gcc.exe -mthumb -march=armv6-m -T .\Generated_Source\PSoC4\cm0gcc.ld -g -Wl,-Map,.\CortexM0\ARM_GCC_473\Debug\PSoCPioneer+ArduinoShield_Example.map -specs=nano.specs -Wl,--gc-sections -Wl,--start-group -o .\CortexM0\ARM_GCC_473\Debug\PSoCPioneer+ArduinoShield_Example.elf .\CortexM0\ARM_GCC_473\Debug\main.o .\CortexM0\ARM_GCC_473\Debug\cymetadata.o .\CortexM0\ARM_GCC_473\Debug\Cm0Start.o .\CortexM0\ARM_GCC_473\Debug\PSoCPioneer+ArduinoShield_Example.a "C:\Program Files\Cypress\PSoC Creator\3.0\PSoC Creator\psoc\content\cycomponentlibrary\CyComponentLibrary.cylib\CortexM0\ARM_GCC_473\Debug\CyComponentLibrary.a" -Wl,--end-group
cyelftool.exe -C Z:\PSoC-W5100-Driver\PSoCPioneer+ArduinoShield_Example.cydsn\CortexM0\ARM_GCC_473\Debug\PSoCPioneer+ArduinoShield_Example.elf --flash_size 32768 --flash_row_size 128
cyelftool.exe -S Z:\PSoC-W5100-Driver\PSoCPioneer+ArduinoShield_Example.cydsn\CortexM0\ARM_GCC_473\Debug\PSoCPioneer+ArduinoShield_Example.elf
Flash used: 12104 of 32768 bytes (36.9 %).
SRAM used: 3948 of 4096 bytes (96.4 %).
--------------- Build Succeeded: 03/14/2014 13:34:59 ---------------
