ARM GAS  C:\Users\CHUCK~1.ERH\AppData\Local\Temp\cc6pK6Sc.s 			page 1


   1              		.cpu cortex-m0
   2              		.fpu softvfp
   3              		.eabi_attribute 20, 1
   4              		.eabi_attribute 21, 1
   5              		.eabi_attribute 23, 3
   6              		.eabi_attribute 24, 1
   7              		.eabi_attribute 25, 1
   8              		.eabi_attribute 26, 1
   9              		.eabi_attribute 30, 6
  10              		.eabi_attribute 34, 0
  11              		.eabi_attribute 18, 4
  12              		.code	16
  13              		.file	"SPI0_miso_m.c"
  14              		.text
  15              	.Ltext0:
  16              		.cfi_sections	.debug_frame
  17              		.section	.text.SPI0_miso_m_Write,"ax",%progbits
  18              		.align	2
  19              		.global	SPI0_miso_m_Write
  20              		.code	16
  21              		.thumb_func
  22              		.type	SPI0_miso_m_Write, %function
  23              	SPI0_miso_m_Write:
  24              	.LFB0:
  25              		.file 1 ".\\Generated_Source\\PSoC4\\SPI0_miso_m.c"
   1:.\Generated_Source\PSoC4/SPI0_miso_m.c **** /*******************************************************************************
   2:.\Generated_Source\PSoC4/SPI0_miso_m.c **** * File Name: SPI0_miso_m.c  
   3:.\Generated_Source\PSoC4/SPI0_miso_m.c **** * Version 1.90
   4:.\Generated_Source\PSoC4/SPI0_miso_m.c **** *
   5:.\Generated_Source\PSoC4/SPI0_miso_m.c **** * Description:
   6:.\Generated_Source\PSoC4/SPI0_miso_m.c **** *  This file contains API to enable firmware control of a Pins component.
   7:.\Generated_Source\PSoC4/SPI0_miso_m.c **** *
   8:.\Generated_Source\PSoC4/SPI0_miso_m.c **** * Note:
   9:.\Generated_Source\PSoC4/SPI0_miso_m.c **** *
  10:.\Generated_Source\PSoC4/SPI0_miso_m.c **** ********************************************************************************
  11:.\Generated_Source\PSoC4/SPI0_miso_m.c **** * Copyright 2008-2012, Cypress Semiconductor Corporation.  All rights reserved.
  12:.\Generated_Source\PSoC4/SPI0_miso_m.c **** * You may use this file only in accordance with the license, terms, conditions, 
  13:.\Generated_Source\PSoC4/SPI0_miso_m.c **** * disclaimers, and limitations in the end user license agreement accompanying 
  14:.\Generated_Source\PSoC4/SPI0_miso_m.c **** * the software package with which this file was provided.
  15:.\Generated_Source\PSoC4/SPI0_miso_m.c **** *******************************************************************************/
  16:.\Generated_Source\PSoC4/SPI0_miso_m.c **** 
  17:.\Generated_Source\PSoC4/SPI0_miso_m.c **** #include "cytypes.h"
  18:.\Generated_Source\PSoC4/SPI0_miso_m.c **** #include "SPI0_miso_m.h"
  19:.\Generated_Source\PSoC4/SPI0_miso_m.c **** 
  20:.\Generated_Source\PSoC4/SPI0_miso_m.c **** #define SetP4PinDriveMode(shift, mode)  \
  21:.\Generated_Source\PSoC4/SPI0_miso_m.c ****     do { \
  22:.\Generated_Source\PSoC4/SPI0_miso_m.c ****         SPI0_miso_m_PC =   (SPI0_miso_m_PC & \
  23:.\Generated_Source\PSoC4/SPI0_miso_m.c ****                                 (uint32)(~(uint32)(SPI0_miso_m_DRIVE_MODE_IND_MASK << (SPI0_miso_m_
  24:.\Generated_Source\PSoC4/SPI0_miso_m.c ****                                 (uint32)((uint32)(mode) << (SPI0_miso_m_DRIVE_MODE_BITS * (shift)))
  25:.\Generated_Source\PSoC4/SPI0_miso_m.c ****     } while (0)
  26:.\Generated_Source\PSoC4/SPI0_miso_m.c **** 
  27:.\Generated_Source\PSoC4/SPI0_miso_m.c **** 
  28:.\Generated_Source\PSoC4/SPI0_miso_m.c **** /*******************************************************************************
  29:.\Generated_Source\PSoC4/SPI0_miso_m.c **** * Function Name: SPI0_miso_m_Write
  30:.\Generated_Source\PSoC4/SPI0_miso_m.c **** ********************************************************************************
  31:.\Generated_Source\PSoC4/SPI0_miso_m.c **** *
  32:.\Generated_Source\PSoC4/SPI0_miso_m.c **** * Summary:
ARM GAS  C:\Users\CHUCK~1.ERH\AppData\Local\Temp\cc6pK6Sc.s 			page 2


  33:.\Generated_Source\PSoC4/SPI0_miso_m.c **** *  Assign a new value to the digital port's data output register.  
  34:.\Generated_Source\PSoC4/SPI0_miso_m.c **** *
  35:.\Generated_Source\PSoC4/SPI0_miso_m.c **** * Parameters:  
  36:.\Generated_Source\PSoC4/SPI0_miso_m.c **** *  prtValue:  The value to be assigned to the Digital Port. 
  37:.\Generated_Source\PSoC4/SPI0_miso_m.c **** *
  38:.\Generated_Source\PSoC4/SPI0_miso_m.c **** * Return: 
  39:.\Generated_Source\PSoC4/SPI0_miso_m.c **** *  None 
  40:.\Generated_Source\PSoC4/SPI0_miso_m.c **** *  
  41:.\Generated_Source\PSoC4/SPI0_miso_m.c **** *******************************************************************************/
  42:.\Generated_Source\PSoC4/SPI0_miso_m.c **** void SPI0_miso_m_Write(uint8 value) 
  43:.\Generated_Source\PSoC4/SPI0_miso_m.c **** {
  26              		.loc 1 43 0
  27              		.cfi_startproc
  28 0000 80B5     		push	{r7, lr}
  29              	.LCFI0:
  30              		.cfi_def_cfa_offset 8
  31              		.cfi_offset 7, -8
  32              		.cfi_offset 14, -4
  33 0002 84B0     		sub	sp, sp, #16
  34              	.LCFI1:
  35              		.cfi_def_cfa_offset 24
  36 0004 00AF     		add	r7, sp, #0
  37              	.LCFI2:
  38              		.cfi_def_cfa_register 7
  39 0006 021C     		mov	r2, r0
  40 0008 FB1D     		add	r3, r7, #7
  41 000a 1A70     		strb	r2, [r3]
  44:.\Generated_Source\PSoC4/SPI0_miso_m.c ****     uint8 drVal = (uint8)(SPI0_miso_m_DR & (uint8)(~SPI0_miso_m_MASK));
  42              		.loc 1 44 0
  43 000c 0E4B     		ldr	r3, .L2
  44 000e 1B68     		ldr	r3, [r3]
  45 0010 DAB2     		uxtb	r2, r3
  46 0012 3B1C     		mov	r3, r7
  47 0014 0F33     		add	r3, r3, #15
  48 0016 0221     		mov	r1, #2
  49 0018 8A43     		bic	r2, r1
  50 001a 1A70     		strb	r2, [r3]
  45:.\Generated_Source\PSoC4/SPI0_miso_m.c ****     drVal = (drVal | ((uint8)(value << SPI0_miso_m_SHIFT) & SPI0_miso_m_MASK));
  51              		.loc 1 45 0
  52 001c FB1D     		add	r3, r7, #7
  53 001e 1B78     		ldrb	r3, [r3]
  54 0020 5B00     		lsl	r3, r3, #1
  55 0022 DAB2     		uxtb	r2, r3
  56 0024 0223     		mov	r3, #2
  57 0026 1340     		and	r3, r2
  58 0028 D9B2     		uxtb	r1, r3
  59 002a 3B1C     		mov	r3, r7
  60 002c 0F33     		add	r3, r3, #15
  61 002e 3A1C     		mov	r2, r7
  62 0030 0F32     		add	r2, r2, #15
  63 0032 1278     		ldrb	r2, [r2]
  64 0034 0A43     		orr	r2, r1
  65 0036 1A70     		strb	r2, [r3]
  46:.\Generated_Source\PSoC4/SPI0_miso_m.c ****     SPI0_miso_m_DR = (uint32)drVal;
  66              		.loc 1 46 0
  67 0038 034B     		ldr	r3, .L2
  68 003a 3A1C     		mov	r2, r7
ARM GAS  C:\Users\CHUCK~1.ERH\AppData\Local\Temp\cc6pK6Sc.s 			page 3


  69 003c 0F32     		add	r2, r2, #15
  70 003e 1278     		ldrb	r2, [r2]
  71 0040 1A60     		str	r2, [r3]
  47:.\Generated_Source\PSoC4/SPI0_miso_m.c **** }
  72              		.loc 1 47 0
  73 0042 BD46     		mov	sp, r7
  74 0044 04B0     		add	sp, sp, #16
  75              		@ sp needed for prologue
  76 0046 80BD     		pop	{r7, pc}
  77              	.L3:
  78              		.align	2
  79              	.L2:
  80 0048 00030440 		.word	1074004736
  81              		.cfi_endproc
  82              	.LFE0:
  83              		.size	SPI0_miso_m_Write, .-SPI0_miso_m_Write
  84              		.section	.text.SPI0_miso_m_SetDriveMode,"ax",%progbits
  85              		.align	2
  86              		.global	SPI0_miso_m_SetDriveMode
  87              		.code	16
  88              		.thumb_func
  89              		.type	SPI0_miso_m_SetDriveMode, %function
  90              	SPI0_miso_m_SetDriveMode:
  91              	.LFB1:
  48:.\Generated_Source\PSoC4/SPI0_miso_m.c **** 
  49:.\Generated_Source\PSoC4/SPI0_miso_m.c **** 
  50:.\Generated_Source\PSoC4/SPI0_miso_m.c **** /*******************************************************************************
  51:.\Generated_Source\PSoC4/SPI0_miso_m.c **** * Function Name: SPI0_miso_m_SetDriveMode
  52:.\Generated_Source\PSoC4/SPI0_miso_m.c **** ********************************************************************************
  53:.\Generated_Source\PSoC4/SPI0_miso_m.c **** *
  54:.\Generated_Source\PSoC4/SPI0_miso_m.c **** * Summary:
  55:.\Generated_Source\PSoC4/SPI0_miso_m.c **** *  Change the drive mode on the pins of the port.
  56:.\Generated_Source\PSoC4/SPI0_miso_m.c **** * 
  57:.\Generated_Source\PSoC4/SPI0_miso_m.c **** * Parameters:  
  58:.\Generated_Source\PSoC4/SPI0_miso_m.c **** *  mode:  Change the pins to this drive mode.
  59:.\Generated_Source\PSoC4/SPI0_miso_m.c **** *
  60:.\Generated_Source\PSoC4/SPI0_miso_m.c **** * Return: 
  61:.\Generated_Source\PSoC4/SPI0_miso_m.c **** *  None
  62:.\Generated_Source\PSoC4/SPI0_miso_m.c **** *
  63:.\Generated_Source\PSoC4/SPI0_miso_m.c **** *******************************************************************************/
  64:.\Generated_Source\PSoC4/SPI0_miso_m.c **** void SPI0_miso_m_SetDriveMode(uint8 mode) 
  65:.\Generated_Source\PSoC4/SPI0_miso_m.c **** {
  92              		.loc 1 65 0
  93              		.cfi_startproc
  94 0000 80B5     		push	{r7, lr}
  95              	.LCFI3:
  96              		.cfi_def_cfa_offset 8
  97              		.cfi_offset 7, -8
  98              		.cfi_offset 14, -4
  99 0002 82B0     		sub	sp, sp, #8
 100              	.LCFI4:
 101              		.cfi_def_cfa_offset 16
 102 0004 00AF     		add	r7, sp, #0
 103              	.LCFI5:
 104              		.cfi_def_cfa_register 7
 105 0006 021C     		mov	r2, r0
 106 0008 FB1D     		add	r3, r7, #7
ARM GAS  C:\Users\CHUCK~1.ERH\AppData\Local\Temp\cc6pK6Sc.s 			page 4


 107 000a 1A70     		strb	r2, [r3]
  66:.\Generated_Source\PSoC4/SPI0_miso_m.c **** 	SetP4PinDriveMode(SPI0_miso_m__0__SHIFT, mode);
 108              		.loc 1 66 0
 109 000c 074B     		ldr	r3, .L5
 110 000e 074A     		ldr	r2, .L5
 111 0010 1268     		ldr	r2, [r2]
 112 0012 3821     		mov	r1, #56
 113 0014 101C     		mov	r0, r2
 114 0016 8843     		bic	r0, r1
 115 0018 011C     		mov	r1, r0
 116 001a FA1D     		add	r2, r7, #7
 117 001c 1278     		ldrb	r2, [r2]
 118 001e D200     		lsl	r2, r2, #3
 119 0020 0A43     		orr	r2, r1
 120 0022 1A60     		str	r2, [r3]
  67:.\Generated_Source\PSoC4/SPI0_miso_m.c **** }
 121              		.loc 1 67 0
 122 0024 BD46     		mov	sp, r7
 123 0026 02B0     		add	sp, sp, #8
 124              		@ sp needed for prologue
 125 0028 80BD     		pop	{r7, pc}
 126              	.L6:
 127 002a C046     		.align	2
 128              	.L5:
 129 002c 08030440 		.word	1074004744
 130              		.cfi_endproc
 131              	.LFE1:
 132              		.size	SPI0_miso_m_SetDriveMode, .-SPI0_miso_m_SetDriveMode
 133              		.section	.text.SPI0_miso_m_Read,"ax",%progbits
 134              		.align	2
 135              		.global	SPI0_miso_m_Read
 136              		.code	16
 137              		.thumb_func
 138              		.type	SPI0_miso_m_Read, %function
 139              	SPI0_miso_m_Read:
 140              	.LFB2:
  68:.\Generated_Source\PSoC4/SPI0_miso_m.c **** 
  69:.\Generated_Source\PSoC4/SPI0_miso_m.c **** 
  70:.\Generated_Source\PSoC4/SPI0_miso_m.c **** /*******************************************************************************
  71:.\Generated_Source\PSoC4/SPI0_miso_m.c **** * Function Name: SPI0_miso_m_Read
  72:.\Generated_Source\PSoC4/SPI0_miso_m.c **** ********************************************************************************
  73:.\Generated_Source\PSoC4/SPI0_miso_m.c **** *
  74:.\Generated_Source\PSoC4/SPI0_miso_m.c **** * Summary:
  75:.\Generated_Source\PSoC4/SPI0_miso_m.c **** *  Read the current value on the pins of the Digital Port in right justified 
  76:.\Generated_Source\PSoC4/SPI0_miso_m.c **** *  form.
  77:.\Generated_Source\PSoC4/SPI0_miso_m.c **** *
  78:.\Generated_Source\PSoC4/SPI0_miso_m.c **** * Parameters:  
  79:.\Generated_Source\PSoC4/SPI0_miso_m.c **** *  None 
  80:.\Generated_Source\PSoC4/SPI0_miso_m.c **** *
  81:.\Generated_Source\PSoC4/SPI0_miso_m.c **** * Return: 
  82:.\Generated_Source\PSoC4/SPI0_miso_m.c **** *  Returns the current value of the Digital Port as a right justified number
  83:.\Generated_Source\PSoC4/SPI0_miso_m.c **** *  
  84:.\Generated_Source\PSoC4/SPI0_miso_m.c **** * Note:
  85:.\Generated_Source\PSoC4/SPI0_miso_m.c **** *  Macro SPI0_miso_m_ReadPS calls this function. 
  86:.\Generated_Source\PSoC4/SPI0_miso_m.c **** *  
  87:.\Generated_Source\PSoC4/SPI0_miso_m.c **** *******************************************************************************/
  88:.\Generated_Source\PSoC4/SPI0_miso_m.c **** uint8 SPI0_miso_m_Read(void) 
ARM GAS  C:\Users\CHUCK~1.ERH\AppData\Local\Temp\cc6pK6Sc.s 			page 5


  89:.\Generated_Source\PSoC4/SPI0_miso_m.c **** {
 141              		.loc 1 89 0
 142              		.cfi_startproc
 143 0000 80B5     		push	{r7, lr}
 144              	.LCFI6:
 145              		.cfi_def_cfa_offset 8
 146              		.cfi_offset 7, -8
 147              		.cfi_offset 14, -4
 148 0002 00AF     		add	r7, sp, #0
 149              	.LCFI7:
 150              		.cfi_def_cfa_register 7
  90:.\Generated_Source\PSoC4/SPI0_miso_m.c ****     return (uint8)((SPI0_miso_m_PS & SPI0_miso_m_MASK) >> SPI0_miso_m_SHIFT);
 151              		.loc 1 90 0
 152 0004 044B     		ldr	r3, .L9
 153 0006 1A68     		ldr	r2, [r3]
 154 0008 0223     		mov	r3, #2
 155 000a 1340     		and	r3, r2
 156 000c 5B08     		lsr	r3, r3, #1
 157 000e DBB2     		uxtb	r3, r3
  91:.\Generated_Source\PSoC4/SPI0_miso_m.c **** }
 158              		.loc 1 91 0
 159 0010 181C     		mov	r0, r3
 160 0012 BD46     		mov	sp, r7
 161              		@ sp needed for prologue
 162 0014 80BD     		pop	{r7, pc}
 163              	.L10:
 164 0016 C046     		.align	2
 165              	.L9:
 166 0018 04030440 		.word	1074004740
 167              		.cfi_endproc
 168              	.LFE2:
 169              		.size	SPI0_miso_m_Read, .-SPI0_miso_m_Read
 170              		.section	.text.SPI0_miso_m_ReadDataReg,"ax",%progbits
 171              		.align	2
 172              		.global	SPI0_miso_m_ReadDataReg
 173              		.code	16
 174              		.thumb_func
 175              		.type	SPI0_miso_m_ReadDataReg, %function
 176              	SPI0_miso_m_ReadDataReg:
 177              	.LFB3:
  92:.\Generated_Source\PSoC4/SPI0_miso_m.c **** 
  93:.\Generated_Source\PSoC4/SPI0_miso_m.c **** 
  94:.\Generated_Source\PSoC4/SPI0_miso_m.c **** /*******************************************************************************
  95:.\Generated_Source\PSoC4/SPI0_miso_m.c **** * Function Name: SPI0_miso_m_ReadDataReg
  96:.\Generated_Source\PSoC4/SPI0_miso_m.c **** ********************************************************************************
  97:.\Generated_Source\PSoC4/SPI0_miso_m.c **** *
  98:.\Generated_Source\PSoC4/SPI0_miso_m.c **** * Summary:
  99:.\Generated_Source\PSoC4/SPI0_miso_m.c **** *  Read the current value assigned to a Digital Port's data output register
 100:.\Generated_Source\PSoC4/SPI0_miso_m.c **** *
 101:.\Generated_Source\PSoC4/SPI0_miso_m.c **** * Parameters:  
 102:.\Generated_Source\PSoC4/SPI0_miso_m.c **** *  None 
 103:.\Generated_Source\PSoC4/SPI0_miso_m.c **** *
 104:.\Generated_Source\PSoC4/SPI0_miso_m.c **** * Return: 
 105:.\Generated_Source\PSoC4/SPI0_miso_m.c **** *  Returns the current value assigned to the Digital Port's data output register
 106:.\Generated_Source\PSoC4/SPI0_miso_m.c **** *  
 107:.\Generated_Source\PSoC4/SPI0_miso_m.c **** *******************************************************************************/
 108:.\Generated_Source\PSoC4/SPI0_miso_m.c **** uint8 SPI0_miso_m_ReadDataReg(void) 
ARM GAS  C:\Users\CHUCK~1.ERH\AppData\Local\Temp\cc6pK6Sc.s 			page 6


 109:.\Generated_Source\PSoC4/SPI0_miso_m.c **** {
 178              		.loc 1 109 0
 179              		.cfi_startproc
 180 0000 80B5     		push	{r7, lr}
 181              	.LCFI8:
 182              		.cfi_def_cfa_offset 8
 183              		.cfi_offset 7, -8
 184              		.cfi_offset 14, -4
 185 0002 00AF     		add	r7, sp, #0
 186              	.LCFI9:
 187              		.cfi_def_cfa_register 7
 110:.\Generated_Source\PSoC4/SPI0_miso_m.c ****     return (uint8)((SPI0_miso_m_DR & SPI0_miso_m_MASK) >> SPI0_miso_m_SHIFT);
 188              		.loc 1 110 0
 189 0004 044B     		ldr	r3, .L13
 190 0006 1A68     		ldr	r2, [r3]
 191 0008 0223     		mov	r3, #2
 192 000a 1340     		and	r3, r2
 193 000c 5B08     		lsr	r3, r3, #1
 194 000e DBB2     		uxtb	r3, r3
 111:.\Generated_Source\PSoC4/SPI0_miso_m.c **** }
 195              		.loc 1 111 0
 196 0010 181C     		mov	r0, r3
 197 0012 BD46     		mov	sp, r7
 198              		@ sp needed for prologue
 199 0014 80BD     		pop	{r7, pc}
 200              	.L14:
 201 0016 C046     		.align	2
 202              	.L13:
 203 0018 00030440 		.word	1074004736
 204              		.cfi_endproc
 205              	.LFE3:
 206              		.size	SPI0_miso_m_ReadDataReg, .-SPI0_miso_m_ReadDataReg
 207              		.section	.text.SPI0_miso_m_ClearInterrupt,"ax",%progbits
 208              		.align	2
 209              		.global	SPI0_miso_m_ClearInterrupt
 210              		.code	16
 211              		.thumb_func
 212              		.type	SPI0_miso_m_ClearInterrupt, %function
 213              	SPI0_miso_m_ClearInterrupt:
 214              	.LFB4:
 112:.\Generated_Source\PSoC4/SPI0_miso_m.c **** 
 113:.\Generated_Source\PSoC4/SPI0_miso_m.c **** 
 114:.\Generated_Source\PSoC4/SPI0_miso_m.c **** /* If Interrupts Are Enabled for this Pins component */ 
 115:.\Generated_Source\PSoC4/SPI0_miso_m.c **** #if defined(SPI0_miso_m_INTSTAT) 
 116:.\Generated_Source\PSoC4/SPI0_miso_m.c **** 
 117:.\Generated_Source\PSoC4/SPI0_miso_m.c ****     /*******************************************************************************
 118:.\Generated_Source\PSoC4/SPI0_miso_m.c ****     * Function Name: SPI0_miso_m_ClearInterrupt
 119:.\Generated_Source\PSoC4/SPI0_miso_m.c ****     ********************************************************************************
 120:.\Generated_Source\PSoC4/SPI0_miso_m.c ****     *
 121:.\Generated_Source\PSoC4/SPI0_miso_m.c ****     * Summary:
 122:.\Generated_Source\PSoC4/SPI0_miso_m.c ****     *  Clears any active interrupts attached to port and returns the value of the 
 123:.\Generated_Source\PSoC4/SPI0_miso_m.c ****     *  interrupt status register.
 124:.\Generated_Source\PSoC4/SPI0_miso_m.c ****     *
 125:.\Generated_Source\PSoC4/SPI0_miso_m.c ****     * Parameters:  
 126:.\Generated_Source\PSoC4/SPI0_miso_m.c ****     *  None 
 127:.\Generated_Source\PSoC4/SPI0_miso_m.c ****     *
 128:.\Generated_Source\PSoC4/SPI0_miso_m.c ****     * Return: 
ARM GAS  C:\Users\CHUCK~1.ERH\AppData\Local\Temp\cc6pK6Sc.s 			page 7


 129:.\Generated_Source\PSoC4/SPI0_miso_m.c ****     *  Returns the value of the interrupt status register
 130:.\Generated_Source\PSoC4/SPI0_miso_m.c ****     *  
 131:.\Generated_Source\PSoC4/SPI0_miso_m.c ****     *******************************************************************************/
 132:.\Generated_Source\PSoC4/SPI0_miso_m.c ****     uint8 SPI0_miso_m_ClearInterrupt(void) 
 133:.\Generated_Source\PSoC4/SPI0_miso_m.c ****     {
 215              		.loc 1 133 0
 216              		.cfi_startproc
 217 0000 80B5     		push	{r7, lr}
 218              	.LCFI10:
 219              		.cfi_def_cfa_offset 8
 220              		.cfi_offset 7, -8
 221              		.cfi_offset 14, -4
 222 0002 82B0     		sub	sp, sp, #8
 223              	.LCFI11:
 224              		.cfi_def_cfa_offset 16
 225 0004 00AF     		add	r7, sp, #0
 226              	.LCFI12:
 227              		.cfi_def_cfa_register 7
 134:.\Generated_Source\PSoC4/SPI0_miso_m.c **** 		uint8 maskedStatus = (uint8)(SPI0_miso_m_INTSTAT & SPI0_miso_m_MASK);
 228              		.loc 1 134 0
 229 0006 094B     		ldr	r3, .L17
 230 0008 1B68     		ldr	r3, [r3]
 231 000a D9B2     		uxtb	r1, r3
 232 000c FB1D     		add	r3, r7, #7
 233 000e 0222     		mov	r2, #2
 234 0010 0A40     		and	r2, r1
 235 0012 1A70     		strb	r2, [r3]
 135:.\Generated_Source\PSoC4/SPI0_miso_m.c **** 		SPI0_miso_m_INTSTAT = maskedStatus;
 236              		.loc 1 135 0
 237 0014 054B     		ldr	r3, .L17
 238 0016 FA1D     		add	r2, r7, #7
 239 0018 1278     		ldrb	r2, [r2]
 240 001a 1A60     		str	r2, [r3]
 136:.\Generated_Source\PSoC4/SPI0_miso_m.c ****         return maskedStatus >> SPI0_miso_m_SHIFT;
 241              		.loc 1 136 0
 242 001c FB1D     		add	r3, r7, #7
 243 001e 1B78     		ldrb	r3, [r3]
 244 0020 5B08     		lsr	r3, r3, #1
 245 0022 DBB2     		uxtb	r3, r3
 137:.\Generated_Source\PSoC4/SPI0_miso_m.c ****     }
 246              		.loc 1 137 0
 247 0024 181C     		mov	r0, r3
 248 0026 BD46     		mov	sp, r7
 249 0028 02B0     		add	sp, sp, #8
 250              		@ sp needed for prologue
 251 002a 80BD     		pop	{r7, pc}
 252              	.L18:
 253              		.align	2
 254              	.L17:
 255 002c 10030440 		.word	1074004752
 256              		.cfi_endproc
 257              	.LFE4:
 258              		.size	SPI0_miso_m_ClearInterrupt, .-SPI0_miso_m_ClearInterrupt
 259              		.text
 260              	.Letext0:
 261              		.file 2 ".\\Generated_Source\\PSoC4\\cytypes.h"
 262              		.section	.debug_info,"",%progbits
ARM GAS  C:\Users\CHUCK~1.ERH\AppData\Local\Temp\cc6pK6Sc.s 			page 8


 263              	.Ldebug_info0:
 264 0000 64010000 		.4byte	0x164
 265 0004 0200     		.2byte	0x2
 266 0006 00000000 		.4byte	.Ldebug_abbrev0
 267 000a 04       		.byte	0x4
 268 000b 01       		.uleb128 0x1
 269 000c AA010000 		.4byte	.LASF24
 270 0010 01       		.byte	0x1
 271 0011 3F000000 		.4byte	.LASF25
 272 0015 B6000000 		.4byte	.LASF26
 273 0019 00000000 		.4byte	.Ldebug_ranges0+0
 274 001d 00000000 		.4byte	0
 275 0021 00000000 		.4byte	0
 276 0025 00000000 		.4byte	.Ldebug_line0
 277 0029 02       		.uleb128 0x2
 278 002a 01       		.byte	0x1
 279 002b 06       		.byte	0x6
 280 002c FC010000 		.4byte	.LASF0
 281 0030 02       		.uleb128 0x2
 282 0031 01       		.byte	0x1
 283 0032 08       		.byte	0x8
 284 0033 7D000000 		.4byte	.LASF1
 285 0037 02       		.uleb128 0x2
 286 0038 02       		.byte	0x2
 287 0039 05       		.byte	0x5
 288 003a 88010000 		.4byte	.LASF2
 289 003e 02       		.uleb128 0x2
 290 003f 02       		.byte	0x2
 291 0040 07       		.byte	0x7
 292 0041 A3000000 		.4byte	.LASF3
 293 0045 02       		.uleb128 0x2
 294 0046 04       		.byte	0x4
 295 0047 05       		.byte	0x5
 296 0048 F3010000 		.4byte	.LASF4
 297 004c 02       		.uleb128 0x2
 298 004d 04       		.byte	0x4
 299 004e 07       		.byte	0x7
 300 004f 91000000 		.4byte	.LASF5
 301 0053 02       		.uleb128 0x2
 302 0054 08       		.byte	0x8
 303 0055 05       		.byte	0x5
 304 0056 68010000 		.4byte	.LASF6
 305 005a 02       		.uleb128 0x2
 306 005b 08       		.byte	0x8
 307 005c 07       		.byte	0x7
 308 005d 4C010000 		.4byte	.LASF7
 309 0061 03       		.uleb128 0x3
 310 0062 04       		.byte	0x4
 311 0063 05       		.byte	0x5
 312 0064 696E7400 		.ascii	"int\000"
 313 0068 02       		.uleb128 0x2
 314 0069 04       		.byte	0x4
 315 006a 07       		.byte	0x7
 316 006b 3F010000 		.4byte	.LASF8
 317 006f 04       		.uleb128 0x4
 318 0070 A4010000 		.4byte	.LASF9
 319 0074 02       		.byte	0x2
ARM GAS  C:\Users\CHUCK~1.ERH\AppData\Local\Temp\cc6pK6Sc.s 			page 9


 320 0075 5B       		.byte	0x5b
 321 0076 30000000 		.4byte	0x30
 322 007a 04       		.uleb128 0x4
 323 007b 38010000 		.4byte	.LASF10
 324 007f 02       		.byte	0x2
 325 0080 5D       		.byte	0x5d
 326 0081 4C000000 		.4byte	0x4c
 327 0085 02       		.uleb128 0x2
 328 0086 04       		.byte	0x4
 329 0087 04       		.byte	0x4
 330 0088 77000000 		.4byte	.LASF11
 331 008c 02       		.uleb128 0x2
 332 008d 08       		.byte	0x8
 333 008e 04       		.byte	0x4
 334 008f 18010000 		.4byte	.LASF12
 335 0093 02       		.uleb128 0x2
 336 0094 01       		.byte	0x1
 337 0095 08       		.byte	0x8
 338 0096 83010000 		.4byte	.LASF13
 339 009a 04       		.uleb128 0x4
 340 009b 18000000 		.4byte	.LASF14
 341 009f 02       		.byte	0x2
 342 00a0 F2       		.byte	0xf2
 343 00a1 A5000000 		.4byte	0xa5
 344 00a5 05       		.uleb128 0x5
 345 00a6 7A000000 		.4byte	0x7a
 346 00aa 06       		.uleb128 0x6
 347 00ab 01       		.byte	0x1
 348 00ac 92010000 		.4byte	.LASF15
 349 00b0 01       		.byte	0x1
 350 00b1 2A       		.byte	0x2a
 351 00b2 01       		.byte	0x1
 352 00b3 00000000 		.4byte	.LFB0
 353 00b7 4C000000 		.4byte	.LFE0
 354 00bb 00000000 		.4byte	.LLST0
 355 00bf 01       		.byte	0x1
 356 00c0 E1000000 		.4byte	0xe1
 357 00c4 07       		.uleb128 0x7
 358 00c5 1E000000 		.4byte	.LASF17
 359 00c9 01       		.byte	0x1
 360 00ca 2A       		.byte	0x2a
 361 00cb 6F000000 		.4byte	0x6f
 362 00cf 02       		.byte	0x2
 363 00d0 91       		.byte	0x91
 364 00d1 6F       		.sleb128 -17
 365 00d2 08       		.uleb128 0x8
 366 00d3 8B000000 		.4byte	.LASF22
 367 00d7 01       		.byte	0x1
 368 00d8 2C       		.byte	0x2c
 369 00d9 6F000000 		.4byte	0x6f
 370 00dd 02       		.byte	0x2
 371 00de 91       		.byte	0x91
 372 00df 77       		.sleb128 -9
 373 00e0 00       		.byte	0
 374 00e1 06       		.uleb128 0x6
 375 00e2 01       		.byte	0x1
 376 00e3 1F010000 		.4byte	.LASF16
ARM GAS  C:\Users\CHUCK~1.ERH\AppData\Local\Temp\cc6pK6Sc.s 			page 10


 377 00e7 01       		.byte	0x1
 378 00e8 40       		.byte	0x40
 379 00e9 01       		.byte	0x1
 380 00ea 00000000 		.4byte	.LFB1
 381 00ee 30000000 		.4byte	.LFE1
 382 00f2 38000000 		.4byte	.LLST1
 383 00f6 01       		.byte	0x1
 384 00f7 0A010000 		.4byte	0x10a
 385 00fb 07       		.uleb128 0x7
 386 00fc 63010000 		.4byte	.LASF18
 387 0100 01       		.byte	0x1
 388 0101 40       		.byte	0x40
 389 0102 6F000000 		.4byte	0x6f
 390 0106 02       		.byte	0x2
 391 0107 91       		.byte	0x91
 392 0108 77       		.sleb128 -9
 393 0109 00       		.byte	0
 394 010a 09       		.uleb128 0x9
 395 010b 01       		.byte	0x1
 396 010c 66000000 		.4byte	.LASF19
 397 0110 01       		.byte	0x1
 398 0111 58       		.byte	0x58
 399 0112 01       		.byte	0x1
 400 0113 6F000000 		.4byte	0x6f
 401 0117 00000000 		.4byte	.LFB2
 402 011b 1C000000 		.4byte	.LFE2
 403 011f 70000000 		.4byte	.LLST2
 404 0123 01       		.byte	0x1
 405 0124 09       		.uleb128 0x9
 406 0125 01       		.byte	0x1
 407 0126 00000000 		.4byte	.LASF20
 408 012a 01       		.byte	0x1
 409 012b 6C       		.byte	0x6c
 410 012c 01       		.byte	0x1
 411 012d 6F000000 		.4byte	0x6f
 412 0131 00000000 		.4byte	.LFB3
 413 0135 1C000000 		.4byte	.LFE3
 414 0139 9C000000 		.4byte	.LLST3
 415 013d 01       		.byte	0x1
 416 013e 0A       		.uleb128 0xa
 417 013f 01       		.byte	0x1
 418 0140 24000000 		.4byte	.LASF21
 419 0144 01       		.byte	0x1
 420 0145 84       		.byte	0x84
 421 0146 01       		.byte	0x1
 422 0147 6F000000 		.4byte	0x6f
 423 014b 00000000 		.4byte	.LFB4
 424 014f 30000000 		.4byte	.LFE4
 425 0153 C8000000 		.4byte	.LLST4
 426 0157 01       		.byte	0x1
 427 0158 08       		.uleb128 0x8
 428 0159 76010000 		.4byte	.LASF23
 429 015d 01       		.byte	0x1
 430 015e 86       		.byte	0x86
 431 015f 6F000000 		.4byte	0x6f
 432 0163 02       		.byte	0x2
 433 0164 91       		.byte	0x91
ARM GAS  C:\Users\CHUCK~1.ERH\AppData\Local\Temp\cc6pK6Sc.s 			page 11


 434 0165 77       		.sleb128 -9
 435 0166 00       		.byte	0
 436 0167 00       		.byte	0
 437              		.section	.debug_abbrev,"",%progbits
 438              	.Ldebug_abbrev0:
 439 0000 01       		.uleb128 0x1
 440 0001 11       		.uleb128 0x11
 441 0002 01       		.byte	0x1
 442 0003 25       		.uleb128 0x25
 443 0004 0E       		.uleb128 0xe
 444 0005 13       		.uleb128 0x13
 445 0006 0B       		.uleb128 0xb
 446 0007 03       		.uleb128 0x3
 447 0008 0E       		.uleb128 0xe
 448 0009 1B       		.uleb128 0x1b
 449 000a 0E       		.uleb128 0xe
 450 000b 55       		.uleb128 0x55
 451 000c 06       		.uleb128 0x6
 452 000d 11       		.uleb128 0x11
 453 000e 01       		.uleb128 0x1
 454 000f 52       		.uleb128 0x52
 455 0010 01       		.uleb128 0x1
 456 0011 10       		.uleb128 0x10
 457 0012 06       		.uleb128 0x6
 458 0013 00       		.byte	0
 459 0014 00       		.byte	0
 460 0015 02       		.uleb128 0x2
 461 0016 24       		.uleb128 0x24
 462 0017 00       		.byte	0
 463 0018 0B       		.uleb128 0xb
 464 0019 0B       		.uleb128 0xb
 465 001a 3E       		.uleb128 0x3e
 466 001b 0B       		.uleb128 0xb
 467 001c 03       		.uleb128 0x3
 468 001d 0E       		.uleb128 0xe
 469 001e 00       		.byte	0
 470 001f 00       		.byte	0
 471 0020 03       		.uleb128 0x3
 472 0021 24       		.uleb128 0x24
 473 0022 00       		.byte	0
 474 0023 0B       		.uleb128 0xb
 475 0024 0B       		.uleb128 0xb
 476 0025 3E       		.uleb128 0x3e
 477 0026 0B       		.uleb128 0xb
 478 0027 03       		.uleb128 0x3
 479 0028 08       		.uleb128 0x8
 480 0029 00       		.byte	0
 481 002a 00       		.byte	0
 482 002b 04       		.uleb128 0x4
 483 002c 16       		.uleb128 0x16
 484 002d 00       		.byte	0
 485 002e 03       		.uleb128 0x3
 486 002f 0E       		.uleb128 0xe
 487 0030 3A       		.uleb128 0x3a
 488 0031 0B       		.uleb128 0xb
 489 0032 3B       		.uleb128 0x3b
 490 0033 0B       		.uleb128 0xb
ARM GAS  C:\Users\CHUCK~1.ERH\AppData\Local\Temp\cc6pK6Sc.s 			page 12


 491 0034 49       		.uleb128 0x49
 492 0035 13       		.uleb128 0x13
 493 0036 00       		.byte	0
 494 0037 00       		.byte	0
 495 0038 05       		.uleb128 0x5
 496 0039 35       		.uleb128 0x35
 497 003a 00       		.byte	0
 498 003b 49       		.uleb128 0x49
 499 003c 13       		.uleb128 0x13
 500 003d 00       		.byte	0
 501 003e 00       		.byte	0
 502 003f 06       		.uleb128 0x6
 503 0040 2E       		.uleb128 0x2e
 504 0041 01       		.byte	0x1
 505 0042 3F       		.uleb128 0x3f
 506 0043 0C       		.uleb128 0xc
 507 0044 03       		.uleb128 0x3
 508 0045 0E       		.uleb128 0xe
 509 0046 3A       		.uleb128 0x3a
 510 0047 0B       		.uleb128 0xb
 511 0048 3B       		.uleb128 0x3b
 512 0049 0B       		.uleb128 0xb
 513 004a 27       		.uleb128 0x27
 514 004b 0C       		.uleb128 0xc
 515 004c 11       		.uleb128 0x11
 516 004d 01       		.uleb128 0x1
 517 004e 12       		.uleb128 0x12
 518 004f 01       		.uleb128 0x1
 519 0050 40       		.uleb128 0x40
 520 0051 06       		.uleb128 0x6
 521 0052 9742     		.uleb128 0x2117
 522 0054 0C       		.uleb128 0xc
 523 0055 01       		.uleb128 0x1
 524 0056 13       		.uleb128 0x13
 525 0057 00       		.byte	0
 526 0058 00       		.byte	0
 527 0059 07       		.uleb128 0x7
 528 005a 05       		.uleb128 0x5
 529 005b 00       		.byte	0
 530 005c 03       		.uleb128 0x3
 531 005d 0E       		.uleb128 0xe
 532 005e 3A       		.uleb128 0x3a
 533 005f 0B       		.uleb128 0xb
 534 0060 3B       		.uleb128 0x3b
 535 0061 0B       		.uleb128 0xb
 536 0062 49       		.uleb128 0x49
 537 0063 13       		.uleb128 0x13
 538 0064 02       		.uleb128 0x2
 539 0065 0A       		.uleb128 0xa
 540 0066 00       		.byte	0
 541 0067 00       		.byte	0
 542 0068 08       		.uleb128 0x8
 543 0069 34       		.uleb128 0x34
 544 006a 00       		.byte	0
 545 006b 03       		.uleb128 0x3
 546 006c 0E       		.uleb128 0xe
 547 006d 3A       		.uleb128 0x3a
ARM GAS  C:\Users\CHUCK~1.ERH\AppData\Local\Temp\cc6pK6Sc.s 			page 13


 548 006e 0B       		.uleb128 0xb
 549 006f 3B       		.uleb128 0x3b
 550 0070 0B       		.uleb128 0xb
 551 0071 49       		.uleb128 0x49
 552 0072 13       		.uleb128 0x13
 553 0073 02       		.uleb128 0x2
 554 0074 0A       		.uleb128 0xa
 555 0075 00       		.byte	0
 556 0076 00       		.byte	0
 557 0077 09       		.uleb128 0x9
 558 0078 2E       		.uleb128 0x2e
 559 0079 00       		.byte	0
 560 007a 3F       		.uleb128 0x3f
 561 007b 0C       		.uleb128 0xc
 562 007c 03       		.uleb128 0x3
 563 007d 0E       		.uleb128 0xe
 564 007e 3A       		.uleb128 0x3a
 565 007f 0B       		.uleb128 0xb
 566 0080 3B       		.uleb128 0x3b
 567 0081 0B       		.uleb128 0xb
 568 0082 27       		.uleb128 0x27
 569 0083 0C       		.uleb128 0xc
 570 0084 49       		.uleb128 0x49
 571 0085 13       		.uleb128 0x13
 572 0086 11       		.uleb128 0x11
 573 0087 01       		.uleb128 0x1
 574 0088 12       		.uleb128 0x12
 575 0089 01       		.uleb128 0x1
 576 008a 40       		.uleb128 0x40
 577 008b 06       		.uleb128 0x6
 578 008c 9742     		.uleb128 0x2117
 579 008e 0C       		.uleb128 0xc
 580 008f 00       		.byte	0
 581 0090 00       		.byte	0
 582 0091 0A       		.uleb128 0xa
 583 0092 2E       		.uleb128 0x2e
 584 0093 01       		.byte	0x1
 585 0094 3F       		.uleb128 0x3f
 586 0095 0C       		.uleb128 0xc
 587 0096 03       		.uleb128 0x3
 588 0097 0E       		.uleb128 0xe
 589 0098 3A       		.uleb128 0x3a
 590 0099 0B       		.uleb128 0xb
 591 009a 3B       		.uleb128 0x3b
 592 009b 0B       		.uleb128 0xb
 593 009c 27       		.uleb128 0x27
 594 009d 0C       		.uleb128 0xc
 595 009e 49       		.uleb128 0x49
 596 009f 13       		.uleb128 0x13
 597 00a0 11       		.uleb128 0x11
 598 00a1 01       		.uleb128 0x1
 599 00a2 12       		.uleb128 0x12
 600 00a3 01       		.uleb128 0x1
 601 00a4 40       		.uleb128 0x40
 602 00a5 06       		.uleb128 0x6
 603 00a6 9742     		.uleb128 0x2117
 604 00a8 0C       		.uleb128 0xc
ARM GAS  C:\Users\CHUCK~1.ERH\AppData\Local\Temp\cc6pK6Sc.s 			page 14


 605 00a9 00       		.byte	0
 606 00aa 00       		.byte	0
 607 00ab 00       		.byte	0
 608              		.section	.debug_loc,"",%progbits
 609              	.Ldebug_loc0:
 610              	.LLST0:
 611 0000 00000000 		.4byte	.LFB0
 612 0004 02000000 		.4byte	.LCFI0
 613 0008 0200     		.2byte	0x2
 614 000a 7D       		.byte	0x7d
 615 000b 00       		.sleb128 0
 616 000c 02000000 		.4byte	.LCFI0
 617 0010 04000000 		.4byte	.LCFI1
 618 0014 0200     		.2byte	0x2
 619 0016 7D       		.byte	0x7d
 620 0017 08       		.sleb128 8
 621 0018 04000000 		.4byte	.LCFI1
 622 001c 06000000 		.4byte	.LCFI2
 623 0020 0200     		.2byte	0x2
 624 0022 7D       		.byte	0x7d
 625 0023 18       		.sleb128 24
 626 0024 06000000 		.4byte	.LCFI2
 627 0028 4C000000 		.4byte	.LFE0
 628 002c 0200     		.2byte	0x2
 629 002e 77       		.byte	0x77
 630 002f 18       		.sleb128 24
 631 0030 00000000 		.4byte	0
 632 0034 00000000 		.4byte	0
 633              	.LLST1:
 634 0038 00000000 		.4byte	.LFB1
 635 003c 02000000 		.4byte	.LCFI3
 636 0040 0200     		.2byte	0x2
 637 0042 7D       		.byte	0x7d
 638 0043 00       		.sleb128 0
 639 0044 02000000 		.4byte	.LCFI3
 640 0048 04000000 		.4byte	.LCFI4
 641 004c 0200     		.2byte	0x2
 642 004e 7D       		.byte	0x7d
 643 004f 08       		.sleb128 8
 644 0050 04000000 		.4byte	.LCFI4
 645 0054 06000000 		.4byte	.LCFI5
 646 0058 0200     		.2byte	0x2
 647 005a 7D       		.byte	0x7d
 648 005b 10       		.sleb128 16
 649 005c 06000000 		.4byte	.LCFI5
 650 0060 30000000 		.4byte	.LFE1
 651 0064 0200     		.2byte	0x2
 652 0066 77       		.byte	0x77
 653 0067 10       		.sleb128 16
 654 0068 00000000 		.4byte	0
 655 006c 00000000 		.4byte	0
 656              	.LLST2:
 657 0070 00000000 		.4byte	.LFB2
 658 0074 02000000 		.4byte	.LCFI6
 659 0078 0200     		.2byte	0x2
 660 007a 7D       		.byte	0x7d
 661 007b 00       		.sleb128 0
ARM GAS  C:\Users\CHUCK~1.ERH\AppData\Local\Temp\cc6pK6Sc.s 			page 15


 662 007c 02000000 		.4byte	.LCFI6
 663 0080 04000000 		.4byte	.LCFI7
 664 0084 0200     		.2byte	0x2
 665 0086 7D       		.byte	0x7d
 666 0087 08       		.sleb128 8
 667 0088 04000000 		.4byte	.LCFI7
 668 008c 1C000000 		.4byte	.LFE2
 669 0090 0200     		.2byte	0x2
 670 0092 77       		.byte	0x77
 671 0093 08       		.sleb128 8
 672 0094 00000000 		.4byte	0
 673 0098 00000000 		.4byte	0
 674              	.LLST3:
 675 009c 00000000 		.4byte	.LFB3
 676 00a0 02000000 		.4byte	.LCFI8
 677 00a4 0200     		.2byte	0x2
 678 00a6 7D       		.byte	0x7d
 679 00a7 00       		.sleb128 0
 680 00a8 02000000 		.4byte	.LCFI8
 681 00ac 04000000 		.4byte	.LCFI9
 682 00b0 0200     		.2byte	0x2
 683 00b2 7D       		.byte	0x7d
 684 00b3 08       		.sleb128 8
 685 00b4 04000000 		.4byte	.LCFI9
 686 00b8 1C000000 		.4byte	.LFE3
 687 00bc 0200     		.2byte	0x2
 688 00be 77       		.byte	0x77
 689 00bf 08       		.sleb128 8
 690 00c0 00000000 		.4byte	0
 691 00c4 00000000 		.4byte	0
 692              	.LLST4:
 693 00c8 00000000 		.4byte	.LFB4
 694 00cc 02000000 		.4byte	.LCFI10
 695 00d0 0200     		.2byte	0x2
 696 00d2 7D       		.byte	0x7d
 697 00d3 00       		.sleb128 0
 698 00d4 02000000 		.4byte	.LCFI10
 699 00d8 04000000 		.4byte	.LCFI11
 700 00dc 0200     		.2byte	0x2
 701 00de 7D       		.byte	0x7d
 702 00df 08       		.sleb128 8
 703 00e0 04000000 		.4byte	.LCFI11
 704 00e4 06000000 		.4byte	.LCFI12
 705 00e8 0200     		.2byte	0x2
 706 00ea 7D       		.byte	0x7d
 707 00eb 10       		.sleb128 16
 708 00ec 06000000 		.4byte	.LCFI12
 709 00f0 30000000 		.4byte	.LFE4
 710 00f4 0200     		.2byte	0x2
 711 00f6 77       		.byte	0x77
 712 00f7 10       		.sleb128 16
 713 00f8 00000000 		.4byte	0
 714 00fc 00000000 		.4byte	0
 715              		.section	.debug_aranges,"",%progbits
 716 0000 3C000000 		.4byte	0x3c
 717 0004 0200     		.2byte	0x2
 718 0006 00000000 		.4byte	.Ldebug_info0
ARM GAS  C:\Users\CHUCK~1.ERH\AppData\Local\Temp\cc6pK6Sc.s 			page 16


 719 000a 04       		.byte	0x4
 720 000b 00       		.byte	0
 721 000c 0000     		.2byte	0
 722 000e 0000     		.2byte	0
 723 0010 00000000 		.4byte	.LFB0
 724 0014 4C000000 		.4byte	.LFE0-.LFB0
 725 0018 00000000 		.4byte	.LFB1
 726 001c 30000000 		.4byte	.LFE1-.LFB1
 727 0020 00000000 		.4byte	.LFB2
 728 0024 1C000000 		.4byte	.LFE2-.LFB2
 729 0028 00000000 		.4byte	.LFB3
 730 002c 1C000000 		.4byte	.LFE3-.LFB3
 731 0030 00000000 		.4byte	.LFB4
 732 0034 30000000 		.4byte	.LFE4-.LFB4
 733 0038 00000000 		.4byte	0
 734 003c 00000000 		.4byte	0
 735              		.section	.debug_ranges,"",%progbits
 736              	.Ldebug_ranges0:
 737 0000 00000000 		.4byte	.LFB0
 738 0004 4C000000 		.4byte	.LFE0
 739 0008 00000000 		.4byte	.LFB1
 740 000c 30000000 		.4byte	.LFE1
 741 0010 00000000 		.4byte	.LFB2
 742 0014 1C000000 		.4byte	.LFE2
 743 0018 00000000 		.4byte	.LFB3
 744 001c 1C000000 		.4byte	.LFE3
 745 0020 00000000 		.4byte	.LFB4
 746 0024 30000000 		.4byte	.LFE4
 747 0028 00000000 		.4byte	0
 748 002c 00000000 		.4byte	0
 749              		.section	.debug_line,"",%progbits
 750              	.Ldebug_line0:
 751 0000 AD000000 		.section	.debug_str,"MS",%progbits,1
 751      02004A00 
 751      00000201 
 751      FB0E0D00 
 751      01010101 
 752              	.LASF20:
 753 0000 53504930 		.ascii	"SPI0_miso_m_ReadDataReg\000"
 753      5F6D6973 
 753      6F5F6D5F 
 753      52656164 
 753      44617461 
 754              	.LASF14:
 755 0018 72656733 		.ascii	"reg32\000"
 755      3200
 756              	.LASF17:
 757 001e 76616C75 		.ascii	"value\000"
 757      6500
 758              	.LASF21:
 759 0024 53504930 		.ascii	"SPI0_miso_m_ClearInterrupt\000"
 759      5F6D6973 
 759      6F5F6D5F 
 759      436C6561 
 759      72496E74 
 760              	.LASF25:
 761 003f 2E5C4765 		.ascii	".\\Generated_Source\\PSoC4\\SPI0_miso_m.c\000"
ARM GAS  C:\Users\CHUCK~1.ERH\AppData\Local\Temp\cc6pK6Sc.s 			page 17


 761      6E657261 
 761      7465645F 
 761      536F7572 
 761      63655C50 
 762              	.LASF19:
 763 0066 53504930 		.ascii	"SPI0_miso_m_Read\000"
 763      5F6D6973 
 763      6F5F6D5F 
 763      52656164 
 763      00
 764              	.LASF11:
 765 0077 666C6F61 		.ascii	"float\000"
 765      7400
 766              	.LASF1:
 767 007d 756E7369 		.ascii	"unsigned char\000"
 767      676E6564 
 767      20636861 
 767      7200
 768              	.LASF22:
 769 008b 64725661 		.ascii	"drVal\000"
 769      6C00
 770              	.LASF5:
 771 0091 6C6F6E67 		.ascii	"long unsigned int\000"
 771      20756E73 
 771      69676E65 
 771      6420696E 
 771      7400
 772              	.LASF3:
 773 00a3 73686F72 		.ascii	"short unsigned int\000"
 773      7420756E 
 773      7369676E 
 773      65642069 
 773      6E7400
 774              	.LASF26:
 775 00b6 433A5C55 		.ascii	"C:\\Users\\chuck.erhardt\\Documents\\GitHub\\PSoC-W"
 775      73657273 
 775      5C636875 
 775      636B2E65 
 775      72686172 
 776 00e4 35313030 		.ascii	"5100-Driver\\PSoCPioneer+ArduinoShield_Example.cyds"
 776      2D447269 
 776      7665725C 
 776      50536F43 
 776      50696F6E 
 777 0116 6E00     		.ascii	"n\000"
 778              	.LASF12:
 779 0118 646F7562 		.ascii	"double\000"
 779      6C6500
 780              	.LASF16:
 781 011f 53504930 		.ascii	"SPI0_miso_m_SetDriveMode\000"
 781      5F6D6973 
 781      6F5F6D5F 
 781      53657444 
 781      72697665 
 782              	.LASF10:
 783 0138 75696E74 		.ascii	"uint32\000"
 783      333200
ARM GAS  C:\Users\CHUCK~1.ERH\AppData\Local\Temp\cc6pK6Sc.s 			page 18


 784              	.LASF8:
 785 013f 756E7369 		.ascii	"unsigned int\000"
 785      676E6564 
 785      20696E74 
 785      00
 786              	.LASF7:
 787 014c 6C6F6E67 		.ascii	"long long unsigned int\000"
 787      206C6F6E 
 787      6720756E 
 787      7369676E 
 787      65642069 
 788              	.LASF18:
 789 0163 6D6F6465 		.ascii	"mode\000"
 789      00
 790              	.LASF6:
 791 0168 6C6F6E67 		.ascii	"long long int\000"
 791      206C6F6E 
 791      6720696E 
 791      7400
 792              	.LASF23:
 793 0176 6D61736B 		.ascii	"maskedStatus\000"
 793      65645374 
 793      61747573 
 793      00
 794              	.LASF13:
 795 0183 63686172 		.ascii	"char\000"
 795      00
 796              	.LASF2:
 797 0188 73686F72 		.ascii	"short int\000"
 797      7420696E 
 797      7400
 798              	.LASF15:
 799 0192 53504930 		.ascii	"SPI0_miso_m_Write\000"
 799      5F6D6973 
 799      6F5F6D5F 
 799      57726974 
 799      6500
 800              	.LASF9:
 801 01a4 75696E74 		.ascii	"uint8\000"
 801      3800
 802              	.LASF24:
 803 01aa 474E5520 		.ascii	"GNU C 4.7.3 20130312 (release) [ARM/embedded-4_7-br"
 803      4320342E 
 803      372E3320 
 803      32303133 
 803      30333132 
 804 01dd 616E6368 		.ascii	"anch revision 196615]\000"
 804      20726576 
 804      6973696F 
 804      6E203139 
 804      36363135 
 805              	.LASF4:
 806 01f3 6C6F6E67 		.ascii	"long int\000"
 806      20696E74 
 806      00
 807              	.LASF0:
 808 01fc 7369676E 		.ascii	"signed char\000"
ARM GAS  C:\Users\CHUCK~1.ERH\AppData\Local\Temp\cc6pK6Sc.s 			page 19


 808      65642063 
 808      68617200 
 809              		.ident	"GCC: (GNU Tools for ARM Embedded Processors) 4.7.3 20130312 (release) [ARM/embedded-4_7-br
