#***************************************************************************

#sjplacer

#Version:            1.1

#Build Date:         Mar 26 2013 14:54:34

#File Generated:     Nov 13 2013 11:50:32

#Purpose:            

#Copyright (C) 2010-2011 by Softjin Technologies Pvt Ltd. All rights reserved.

#***************************************************************************

Executing : C:\Program Files (x86)\Cypress\PSoC Creator\3.0\PSoC Creator\bin/sjplacer.exe --proj-name freeSoCExplorer+ArduinoSheld_Example --netlist-vh2 freeSoCExplorer+ArduinoSheld_Example_p.vh2 --arch-file C:\Program Files (x86)\Cypress\PSoC Creator\3.0\PSoC Creator\dev/psoc3/placer.ark --rrg-file C:\Program Files (x86)\Cypress\PSoC Creator\3.0\PSoC Creator\dev/psoc5/psoc5lp/route_arch-rrg.cydata --irq-file C:\Program Files (x86)\Cypress\PSoC Creator\3.0\PSoC Creator\dev/psoc5/psoc5lp/irqconn.cydata --drq-file C:\Program Files (x86)\Cypress\PSoC Creator\3.0\PSoC Creator\dev/psoc5/psoc5lp/dmaconn.cydata --dsi-conn-file C:\Program Files (x86)\Cypress\PSoC Creator\3.0\PSoC Creator\dev/psoc5/psoc5lp/dsiconn.cydata --pins-file PSoC5_PSoC5LP_100-TQFP.xml --lib-file freeSoCExplorer+ArduinoSheld_Example_p.lib --sdc-file freeSoCExplorer+ArduinoSheld_Example.sdc --io-pcf freeSoCExplorer+ArduinoSheld_Example.pci --outdir .

		Softjin Techologies Placer, Version 1.1

Build Date : Jul 22 2013	11:20:09

D2004: Option and Settings Summary
=============================================================
Netlist vh2 file          - freeSoCExplorer+ArduinoSheld_Example_p.vh2
Architecture file         - C:\Program Files (x86)\Cypress\PSoC Creator\3.0\PSoC Creator\dev/psoc3/placer.ark
Package                   - 
Defparam file             - 
SDC file                  - freeSoCExplorer+ArduinoSheld_Example.sdc
Output directory          - .
Timing library            - freeSoCExplorer+ArduinoSheld_Example_p.lib
IO Placement file         - freeSoCExplorer+ArduinoSheld_Example.pci

D2050: Starting reading inputs for placer
=============================================================
D2065: Reading netlist file : "freeSoCExplorer+ArduinoSheld_Example_p.vh2"
D2065: Reading arch file : "C:\Program Files (x86)\Cypress\PSoC Creator\3.0\PSoC Creator\dev/psoc3/placer.ark"
D2051: Reading of inputs for placer completed successfully

D2053: Starting placement of the design
=============================================================

Phase 2
Phase 3

Design Statistics after Packing
    Number of Combinational MCs 	:	4
    Number of Sequential MCs    	:	9
    Number of DPs               	:	1
    Number of Controls          	:	1
    Number of Status            	:	2
    Number of SyncCells         	:	0
    Number of count7cells       	:	1

Device Utilization Summary after Packing
    Macrocells                  :	13/192
    UDBS                        :	3/24
    IOs                         :	4/72


D2088: Phase 3, elapsed time : 0.0 (sec)

Phase 4
D2088: Phase 4, elapsed time : 0.0 (sec)

Phase 5
D2088: Phase 5, elapsed time : 0.0 (sec)

Phase 6

######################################################################
Placement Timing Summary

The timing summary is based on estimated routing delays after
placement. For final timing report, please carry out the timing
analysis after routing.
======================================================================

######################################################################
                     Clock Summary 
======================================================================
Number of clocks: 6
Clock: CyBUS_CLK            | Frequency: N/A       | Target:  48.0 MHz
Clock: CyILO                | Frequency: N/A       | Target:   0.0 MHz
Clock: CyIMO                | Frequency: N/A       | Target:  24.0 MHz
Clock: CyMASTER_CLK         | Frequency: N/A       | Target:  48.0 MHz
Clock: CyPLL_OUT            | Frequency: N/A       | Target:  48.0 MHz
Clock: SPI0_IntClock        | Frequency:  63.3 MHz | Target:  16.0 MHz

======================================================================
                     End of Clock Summary
######################################################################

D2088: Phase 6, elapsed time : 0.0 (sec)

Phase 7
######################################################################
                     Clock Summary 
======================================================================
Number of clocks: 6
Clock: CyBUS_CLK            | Frequency: N/A       | Target:  48.0 MHz
Clock: CyILO                | Frequency: N/A       | Target:   0.0 MHz
Clock: CyIMO                | Frequency: N/A       | Target:  24.0 MHz
Clock: CyMASTER_CLK         | Frequency: N/A       | Target:  48.0 MHz
Clock: CyPLL_OUT            | Frequency: N/A       | Target:  48.0 MHz
Clock: SPI0_IntClock        | Frequency:  61.0 MHz | Target:  16.0 MHz

======================================================================
                     End of Clock Summary
######################################################################
D2088: Phase 7, elapsed time : 0.1 (sec)

Final Design Statistics
    Number of Combinational MCs 	:	4
    Number of Sequential MCs    	:	9
    Number of DPs               	:	1
    Number of Controls          	:	1
    Number of Status            	:	2
    Number of SyncCells         	:	0
    Number of count7cells       	:	1
    Number of IOs       	:	4

Device Utilization Summary
    Macrocells                  :	13/192
    IOs                         :	4/72



######################################################################
Placement Timing Summary

The timing summary is based on estimated routing delays after
placement. For final timing report, please carry out the timing
analysis after routing.
======================================================================


######################################################################
                     Clock Summary 
======================================================================
Number of clocks: 6
Clock: CyBUS_CLK            | Frequency: N/A       | Target:  48.0 MHz
Clock: CyILO                | Frequency: N/A       | Target:   0.0 MHz
Clock: CyIMO                | Frequency: N/A       | Target:  24.0 MHz
Clock: CyMASTER_CLK         | Frequency: N/A       | Target:  48.0 MHz
Clock: CyPLL_OUT            | Frequency: N/A       | Target:  48.0 MHz
Clock: SPI0_IntClock        | Frequency:  61.0 MHz | Target:  17.5 MHz

======================================================================
                     End of Clock Summary
######################################################################

Phase 8
D2088: Phase 8, elapsed time : 0.0 (sec)

D2054: Placement of the design completed successfully

I2076: Total run-time: 1.1 sec.

