ARM GAS  C:\Users\CHUCK~1.ERH\AppData\Local\Temp\cchwQwmA.s 			page 1


   1              		.cpu cortex-m0
   2              		.fpu softvfp
   3              		.eabi_attribute 20, 1
   4              		.eabi_attribute 21, 1
   5              		.eabi_attribute 23, 3
   6              		.eabi_attribute 24, 1
   7              		.eabi_attribute 25, 1
   8              		.eabi_attribute 26, 1
   9              		.eabi_attribute 30, 4
  10              		.eabi_attribute 34, 0
  11              		.eabi_attribute 18, 4
  12              		.code	16
  13              		.file	"cyutils.c"
  14              		.text
  15              	.Ltext0:
  16              		.cfi_sections	.debug_frame
  17              		.section	.text.CySetReg24,"ax",%progbits
  18              		.align	1
  19              		.global	CySetReg24
  20              		.code	16
  21              		.thumb_func
  22              		.type	CySetReg24, %function
  23              	CySetReg24:
  24              	.LFB0:
  25              		.file 1 ".\\Generated_Source\\PSoC4\\cyutils.c"
   1:.\Generated_Source\PSoC4/cyutils.c **** /*******************************************************************************
   2:.\Generated_Source\PSoC4/cyutils.c **** * FILENAME: cyutils.c
   3:.\Generated_Source\PSoC4/cyutils.c **** * Version 4.0
   4:.\Generated_Source\PSoC4/cyutils.c **** *
   5:.\Generated_Source\PSoC4/cyutils.c **** *  Description:
   6:.\Generated_Source\PSoC4/cyutils.c **** *   CyUtils provides function to handle 24-bit value writes.
   7:.\Generated_Source\PSoC4/cyutils.c **** *
   8:.\Generated_Source\PSoC4/cyutils.c **** ********************************************************************************
   9:.\Generated_Source\PSoC4/cyutils.c **** * Copyright 2008-2013, Cypress Semiconductor Corporation.  All rights reserved.
  10:.\Generated_Source\PSoC4/cyutils.c **** * You may use this file only in accordance with the license, terms, conditions,
  11:.\Generated_Source\PSoC4/cyutils.c **** * disclaimers, and limitations in the end user license agreement accompanying
  12:.\Generated_Source\PSoC4/cyutils.c **** * the software package with which this file was provided.
  13:.\Generated_Source\PSoC4/cyutils.c **** *******************************************************************************/
  14:.\Generated_Source\PSoC4/cyutils.c **** 
  15:.\Generated_Source\PSoC4/cyutils.c **** #include "cytypes.h"
  16:.\Generated_Source\PSoC4/cyutils.c **** 
  17:.\Generated_Source\PSoC4/cyutils.c **** #if (!CY_PSOC3)
  18:.\Generated_Source\PSoC4/cyutils.c **** 
  19:.\Generated_Source\PSoC4/cyutils.c ****     /***************************************************************************
  20:.\Generated_Source\PSoC4/cyutils.c ****     * Function Name: CySetReg24
  21:.\Generated_Source\PSoC4/cyutils.c ****     ****************************************************************************
  22:.\Generated_Source\PSoC4/cyutils.c ****     *
  23:.\Generated_Source\PSoC4/cyutils.c ****     * Summary:
  24:.\Generated_Source\PSoC4/cyutils.c ****     *  Writes the 24-bit value to the specified register.
  25:.\Generated_Source\PSoC4/cyutils.c ****     *
  26:.\Generated_Source\PSoC4/cyutils.c ****     * Parameters:
  27:.\Generated_Source\PSoC4/cyutils.c ****     *  addr : adress where data must be written
  28:.\Generated_Source\PSoC4/cyutils.c ****     *  value: data that must be written
  29:.\Generated_Source\PSoC4/cyutils.c ****     *
  30:.\Generated_Source\PSoC4/cyutils.c ****     * Return:
  31:.\Generated_Source\PSoC4/cyutils.c ****     *  None
  32:.\Generated_Source\PSoC4/cyutils.c ****     *
ARM GAS  C:\Users\CHUCK~1.ERH\AppData\Local\Temp\cchwQwmA.s 			page 2


  33:.\Generated_Source\PSoC4/cyutils.c ****     * Reentrant:
  34:.\Generated_Source\PSoC4/cyutils.c ****     *  No
  35:.\Generated_Source\PSoC4/cyutils.c ****     *
  36:.\Generated_Source\PSoC4/cyutils.c ****     ***************************************************************************/
  37:.\Generated_Source\PSoC4/cyutils.c ****     void CySetReg24(uint32 volatile * addr, uint32 value)
  38:.\Generated_Source\PSoC4/cyutils.c ****     {
  26              		.loc 1 38 0
  27              		.cfi_startproc
  28              	.LVL0:
  39:.\Generated_Source\PSoC4/cyutils.c ****         uint8 volatile *tmpAddr;
  40:.\Generated_Source\PSoC4/cyutils.c **** 
  41:.\Generated_Source\PSoC4/cyutils.c ****         tmpAddr = (uint8 volatile *) addr;
  42:.\Generated_Source\PSoC4/cyutils.c **** 
  43:.\Generated_Source\PSoC4/cyutils.c ****         tmpAddr[0u] = (uint8) value;
  29              		.loc 1 43 0
  30 0000 CBB2     		uxtb	r3, r1
  44:.\Generated_Source\PSoC4/cyutils.c ****         tmpAddr[1u] = (uint8) (value >> 8u);
  31              		.loc 1 44 0
  32 0002 0A0A     		lsr	r2, r1, #8
  45:.\Generated_Source\PSoC4/cyutils.c ****         tmpAddr[2u] = (uint8) (value >> 16u);
  33              		.loc 1 45 0
  34 0004 090C     		lsr	r1, r1, #16
  35              	.LVL1:
  43:.\Generated_Source\PSoC4/cyutils.c ****         tmpAddr[0u] = (uint8) value;
  36              		.loc 1 43 0
  37 0006 0370     		strb	r3, [r0]
  44:.\Generated_Source\PSoC4/cyutils.c ****         tmpAddr[1u] = (uint8) (value >> 8u);
  38              		.loc 1 44 0
  39 0008 D3B2     		uxtb	r3, r2
  40              		.loc 1 45 0
  41 000a CAB2     		uxtb	r2, r1
  44:.\Generated_Source\PSoC4/cyutils.c ****         tmpAddr[1u] = (uint8) (value >> 8u);
  42              		.loc 1 44 0
  43 000c 4370     		strb	r3, [r0, #1]
  46:.\Generated_Source\PSoC4/cyutils.c ****     }
  44              		.loc 1 46 0
  45              		@ sp needed for prologue
  45:.\Generated_Source\PSoC4/cyutils.c ****         tmpAddr[2u] = (uint8) (value >> 16u);
  46              		.loc 1 45 0
  47 000e 8270     		strb	r2, [r0, #2]
  48              		.loc 1 46 0
  49 0010 7047     		bx	lr
  50              		.cfi_endproc
  51              	.LFE0:
  52              		.size	CySetReg24, .-CySetReg24
  53              		.section	.text.CyGetReg24,"ax",%progbits
  54              		.align	1
  55              		.global	CyGetReg24
  56              		.code	16
  57              		.thumb_func
  58              		.type	CyGetReg24, %function
  59              	CyGetReg24:
  60              	.LFB1:
  47:.\Generated_Source\PSoC4/cyutils.c **** 
  48:.\Generated_Source\PSoC4/cyutils.c **** 
  49:.\Generated_Source\PSoC4/cyutils.c ****     #if(CY_PSOC4)
  50:.\Generated_Source\PSoC4/cyutils.c **** 
ARM GAS  C:\Users\CHUCK~1.ERH\AppData\Local\Temp\cchwQwmA.s 			page 3


  51:.\Generated_Source\PSoC4/cyutils.c ****         /***************************************************************************
  52:.\Generated_Source\PSoC4/cyutils.c ****         * Function Name: CyGetReg24
  53:.\Generated_Source\PSoC4/cyutils.c ****         ****************************************************************************
  54:.\Generated_Source\PSoC4/cyutils.c ****         *
  55:.\Generated_Source\PSoC4/cyutils.c ****         * Summary:
  56:.\Generated_Source\PSoC4/cyutils.c ****         *  Reads the 24-bit value from the specified register.
  57:.\Generated_Source\PSoC4/cyutils.c ****         *
  58:.\Generated_Source\PSoC4/cyutils.c ****         * Parameters:
  59:.\Generated_Source\PSoC4/cyutils.c ****         *  addr : adress where data must be read
  60:.\Generated_Source\PSoC4/cyutils.c ****         *
  61:.\Generated_Source\PSoC4/cyutils.c ****         * Return:
  62:.\Generated_Source\PSoC4/cyutils.c ****         *  None
  63:.\Generated_Source\PSoC4/cyutils.c ****         *
  64:.\Generated_Source\PSoC4/cyutils.c ****         * Reentrant:
  65:.\Generated_Source\PSoC4/cyutils.c ****         *  No
  66:.\Generated_Source\PSoC4/cyutils.c ****         *
  67:.\Generated_Source\PSoC4/cyutils.c ****         ***************************************************************************/
  68:.\Generated_Source\PSoC4/cyutils.c ****         uint32 CyGetReg24(uint32 const volatile * addr)
  69:.\Generated_Source\PSoC4/cyutils.c ****         {
  61              		.loc 1 69 0
  62              		.cfi_startproc
  63              	.LVL2:
  70:.\Generated_Source\PSoC4/cyutils.c ****             uint8 const volatile *tmpAddr;
  71:.\Generated_Source\PSoC4/cyutils.c ****             uint32 value;
  72:.\Generated_Source\PSoC4/cyutils.c **** 
  73:.\Generated_Source\PSoC4/cyutils.c ****             tmpAddr = (uint8 const volatile *) addr;
  74:.\Generated_Source\PSoC4/cyutils.c **** 
  75:.\Generated_Source\PSoC4/cyutils.c ****             value  =  (uint32) tmpAddr[0u];
  64              		.loc 1 75 0
  65 0000 0378     		ldrb	r3, [r0]
  66              	.LVL3:
  76:.\Generated_Source\PSoC4/cyutils.c ****             value |= ((uint32) tmpAddr[1u] << 8u );
  67              		.loc 1 76 0
  68 0002 4178     		ldrb	r1, [r0, #1]
  69              	.LVL4:
  77:.\Generated_Source\PSoC4/cyutils.c ****             value |= ((uint32) tmpAddr[2u] << 16u);
  70              		.loc 1 77 0
  71 0004 8278     		ldrb	r2, [r0, #2]
  76:.\Generated_Source\PSoC4/cyutils.c ****             value |= ((uint32) tmpAddr[1u] << 8u );
  72              		.loc 1 76 0
  73 0006 0802     		lsl	r0, r1, #8
  74              	.LVL5:
  75              		.loc 1 77 0
  76 0008 1104     		lsl	r1, r2, #16
  77              	.LVL6:
  76:.\Generated_Source\PSoC4/cyutils.c ****             value |= ((uint32) tmpAddr[1u] << 8u );
  78              		.loc 1 76 0
  79 000a 0843     		orr	r0, r1
  80              	.LVL7:
  81              		.loc 1 77 0
  82 000c 1843     		orr	r0, r3
  83              	.LVL8:
  78:.\Generated_Source\PSoC4/cyutils.c **** 
  79:.\Generated_Source\PSoC4/cyutils.c ****             return(value);
  80:.\Generated_Source\PSoC4/cyutils.c ****         }
  84              		.loc 1 80 0
  85              		@ sp needed for prologue
ARM GAS  C:\Users\CHUCK~1.ERH\AppData\Local\Temp\cchwQwmA.s 			page 4


  86 000e 7047     		bx	lr
  87              		.cfi_endproc
  88              	.LFE1:
  89              		.size	CyGetReg24, .-CyGetReg24
  90              		.text
  91              	.Letext0:
  92              		.file 2 ".\\Generated_Source\\PSoC4\\cytypes.h"
  93              		.section	.debug_info,"",%progbits
  94              	.Ldebug_info0:
  95 0000 51010000 		.4byte	0x151
  96 0004 0200     		.2byte	0x2
  97 0006 00000000 		.4byte	.Ldebug_abbrev0
  98 000a 04       		.byte	0x4
  99 000b 01       		.uleb128 0x1
 100 000c 3C010000 		.4byte	.LASF17
 101 0010 01       		.byte	0x1
 102 0011 62000000 		.4byte	.LASF18
 103 0015 85000000 		.4byte	.LASF19
 104 0019 00000000 		.4byte	.Ldebug_ranges0+0
 105 001d 00000000 		.4byte	0
 106 0021 00000000 		.4byte	0
 107 0025 00000000 		.4byte	.Ldebug_line0
 108 0029 02       		.uleb128 0x2
 109 002a 01       		.byte	0x1
 110 002b 06       		.byte	0x6
 111 002c 8E010000 		.4byte	.LASF0
 112 0030 02       		.uleb128 0x2
 113 0031 01       		.byte	0x1
 114 0032 08       		.byte	0x8
 115 0033 27000000 		.4byte	.LASF1
 116 0037 02       		.uleb128 0x2
 117 0038 02       		.byte	0x2
 118 0039 05       		.byte	0x5
 119 003a 2C010000 		.4byte	.LASF2
 120 003e 02       		.uleb128 0x2
 121 003f 02       		.byte	0x2
 122 0040 07       		.byte	0x7
 123 0041 4F000000 		.4byte	.LASF3
 124 0045 02       		.uleb128 0x2
 125 0046 04       		.byte	0x4
 126 0047 05       		.byte	0x5
 127 0048 85010000 		.4byte	.LASF4
 128 004c 02       		.uleb128 0x2
 129 004d 04       		.byte	0x4
 130 004e 07       		.byte	0x7
 131 004f 3D000000 		.4byte	.LASF5
 132 0053 02       		.uleb128 0x2
 133 0054 08       		.byte	0x8
 134 0055 05       		.byte	0x5
 135 0056 19010000 		.4byte	.LASF6
 136 005a 02       		.uleb128 0x2
 137 005b 08       		.byte	0x8
 138 005c 07       		.byte	0x7
 139 005d 02010000 		.4byte	.LASF7
 140 0061 03       		.uleb128 0x3
 141 0062 04       		.byte	0x4
 142 0063 05       		.byte	0x5
ARM GAS  C:\Users\CHUCK~1.ERH\AppData\Local\Temp\cchwQwmA.s 			page 5


 143 0064 696E7400 		.ascii	"int\000"
 144 0068 02       		.uleb128 0x2
 145 0069 04       		.byte	0x4
 146 006a 07       		.byte	0x7
 147 006b F5000000 		.4byte	.LASF8
 148 006f 04       		.uleb128 0x4
 149 0070 36010000 		.4byte	.LASF9
 150 0074 02       		.byte	0x2
 151 0075 5B       		.byte	0x5b
 152 0076 30000000 		.4byte	0x30
 153 007a 04       		.uleb128 0x4
 154 007b EE000000 		.4byte	.LASF10
 155 007f 02       		.byte	0x2
 156 0080 5D       		.byte	0x5d
 157 0081 4C000000 		.4byte	0x4c
 158 0085 02       		.uleb128 0x2
 159 0086 04       		.byte	0x4
 160 0087 04       		.byte	0x4
 161 0088 21000000 		.4byte	.LASF11
 162 008c 02       		.uleb128 0x2
 163 008d 08       		.byte	0x8
 164 008e 04       		.byte	0x4
 165 008f E7000000 		.4byte	.LASF12
 166 0093 02       		.uleb128 0x2
 167 0094 01       		.byte	0x1
 168 0095 08       		.byte	0x8
 169 0096 27010000 		.4byte	.LASF13
 170 009a 05       		.uleb128 0x5
 171 009b 6F000000 		.4byte	0x6f
 172 009f 05       		.uleb128 0x5
 173 00a0 7A000000 		.4byte	0x7a
 174 00a4 06       		.uleb128 0x6
 175 00a5 01       		.byte	0x1
 176 00a6 11000000 		.4byte	.LASF20
 177 00aa 01       		.byte	0x1
 178 00ab 25       		.byte	0x25
 179 00ac 01       		.byte	0x1
 180 00ad 00000000 		.4byte	.LFB0
 181 00b1 12000000 		.4byte	.LFE0
 182 00b5 02       		.byte	0x2
 183 00b6 7D       		.byte	0x7d
 184 00b7 00       		.sleb128 0
 185 00b8 01       		.byte	0x1
 186 00b9 E7000000 		.4byte	0xe7
 187 00bd 07       		.uleb128 0x7
 188 00be 1C000000 		.4byte	.LASF14
 189 00c2 01       		.byte	0x1
 190 00c3 25       		.byte	0x25
 191 00c4 E7000000 		.4byte	0xe7
 192 00c8 01       		.byte	0x1
 193 00c9 50       		.byte	0x50
 194 00ca 08       		.uleb128 0x8
 195 00cb 00000000 		.4byte	.LASF15
 196 00cf 01       		.byte	0x1
 197 00d0 25       		.byte	0x25
 198 00d1 7A000000 		.4byte	0x7a
 199 00d5 00000000 		.4byte	.LLST0
ARM GAS  C:\Users\CHUCK~1.ERH\AppData\Local\Temp\cchwQwmA.s 			page 6


 200 00d9 09       		.uleb128 0x9
 201 00da 35000000 		.4byte	.LASF16
 202 00de 01       		.byte	0x1
 203 00df 27       		.byte	0x27
 204 00e0 ED000000 		.4byte	0xed
 205 00e4 01       		.byte	0x1
 206 00e5 50       		.byte	0x50
 207 00e6 00       		.byte	0
 208 00e7 0A       		.uleb128 0xa
 209 00e8 04       		.byte	0x4
 210 00e9 9F000000 		.4byte	0x9f
 211 00ed 0A       		.uleb128 0xa
 212 00ee 04       		.byte	0x4
 213 00ef 9A000000 		.4byte	0x9a
 214 00f3 0B       		.uleb128 0xb
 215 00f4 01       		.byte	0x1
 216 00f5 06000000 		.4byte	.LASF21
 217 00f9 01       		.byte	0x1
 218 00fa 44       		.byte	0x44
 219 00fb 01       		.byte	0x1
 220 00fc 7A000000 		.4byte	0x7a
 221 0100 00000000 		.4byte	.LFB1
 222 0104 10000000 		.4byte	.LFE1
 223 0108 02       		.byte	0x2
 224 0109 7D       		.byte	0x7d
 225 010a 00       		.sleb128 0
 226 010b 01       		.byte	0x1
 227 010c 3E010000 		.4byte	0x13e
 228 0110 08       		.uleb128 0x8
 229 0111 1C000000 		.4byte	.LASF14
 230 0115 01       		.byte	0x1
 231 0116 44       		.byte	0x44
 232 0117 3E010000 		.4byte	0x13e
 233 011b 21000000 		.4byte	.LLST1
 234 011f 0C       		.uleb128 0xc
 235 0120 35000000 		.4byte	.LASF16
 236 0124 01       		.byte	0x1
 237 0125 46       		.byte	0x46
 238 0126 49010000 		.4byte	0x149
 239 012a 21000000 		.4byte	.LLST1
 240 012e 0C       		.uleb128 0xc
 241 012f 00000000 		.4byte	.LASF15
 242 0133 01       		.byte	0x1
 243 0134 47       		.byte	0x47
 244 0135 7A000000 		.4byte	0x7a
 245 0139 42000000 		.4byte	.LLST3
 246 013d 00       		.byte	0
 247 013e 0A       		.uleb128 0xa
 248 013f 04       		.byte	0x4
 249 0140 44010000 		.4byte	0x144
 250 0144 0D       		.uleb128 0xd
 251 0145 9F000000 		.4byte	0x9f
 252 0149 0A       		.uleb128 0xa
 253 014a 04       		.byte	0x4
 254 014b 4F010000 		.4byte	0x14f
 255 014f 0D       		.uleb128 0xd
 256 0150 9A000000 		.4byte	0x9a
ARM GAS  C:\Users\CHUCK~1.ERH\AppData\Local\Temp\cchwQwmA.s 			page 7


 257 0154 00       		.byte	0
 258              		.section	.debug_abbrev,"",%progbits
 259              	.Ldebug_abbrev0:
 260 0000 01       		.uleb128 0x1
 261 0001 11       		.uleb128 0x11
 262 0002 01       		.byte	0x1
 263 0003 25       		.uleb128 0x25
 264 0004 0E       		.uleb128 0xe
 265 0005 13       		.uleb128 0x13
 266 0006 0B       		.uleb128 0xb
 267 0007 03       		.uleb128 0x3
 268 0008 0E       		.uleb128 0xe
 269 0009 1B       		.uleb128 0x1b
 270 000a 0E       		.uleb128 0xe
 271 000b 55       		.uleb128 0x55
 272 000c 06       		.uleb128 0x6
 273 000d 11       		.uleb128 0x11
 274 000e 01       		.uleb128 0x1
 275 000f 52       		.uleb128 0x52
 276 0010 01       		.uleb128 0x1
 277 0011 10       		.uleb128 0x10
 278 0012 06       		.uleb128 0x6
 279 0013 00       		.byte	0
 280 0014 00       		.byte	0
 281 0015 02       		.uleb128 0x2
 282 0016 24       		.uleb128 0x24
 283 0017 00       		.byte	0
 284 0018 0B       		.uleb128 0xb
 285 0019 0B       		.uleb128 0xb
 286 001a 3E       		.uleb128 0x3e
 287 001b 0B       		.uleb128 0xb
 288 001c 03       		.uleb128 0x3
 289 001d 0E       		.uleb128 0xe
 290 001e 00       		.byte	0
 291 001f 00       		.byte	0
 292 0020 03       		.uleb128 0x3
 293 0021 24       		.uleb128 0x24
 294 0022 00       		.byte	0
 295 0023 0B       		.uleb128 0xb
 296 0024 0B       		.uleb128 0xb
 297 0025 3E       		.uleb128 0x3e
 298 0026 0B       		.uleb128 0xb
 299 0027 03       		.uleb128 0x3
 300 0028 08       		.uleb128 0x8
 301 0029 00       		.byte	0
 302 002a 00       		.byte	0
 303 002b 04       		.uleb128 0x4
 304 002c 16       		.uleb128 0x16
 305 002d 00       		.byte	0
 306 002e 03       		.uleb128 0x3
 307 002f 0E       		.uleb128 0xe
 308 0030 3A       		.uleb128 0x3a
 309 0031 0B       		.uleb128 0xb
 310 0032 3B       		.uleb128 0x3b
 311 0033 0B       		.uleb128 0xb
 312 0034 49       		.uleb128 0x49
 313 0035 13       		.uleb128 0x13
ARM GAS  C:\Users\CHUCK~1.ERH\AppData\Local\Temp\cchwQwmA.s 			page 8


 314 0036 00       		.byte	0
 315 0037 00       		.byte	0
 316 0038 05       		.uleb128 0x5
 317 0039 35       		.uleb128 0x35
 318 003a 00       		.byte	0
 319 003b 49       		.uleb128 0x49
 320 003c 13       		.uleb128 0x13
 321 003d 00       		.byte	0
 322 003e 00       		.byte	0
 323 003f 06       		.uleb128 0x6
 324 0040 2E       		.uleb128 0x2e
 325 0041 01       		.byte	0x1
 326 0042 3F       		.uleb128 0x3f
 327 0043 0C       		.uleb128 0xc
 328 0044 03       		.uleb128 0x3
 329 0045 0E       		.uleb128 0xe
 330 0046 3A       		.uleb128 0x3a
 331 0047 0B       		.uleb128 0xb
 332 0048 3B       		.uleb128 0x3b
 333 0049 0B       		.uleb128 0xb
 334 004a 27       		.uleb128 0x27
 335 004b 0C       		.uleb128 0xc
 336 004c 11       		.uleb128 0x11
 337 004d 01       		.uleb128 0x1
 338 004e 12       		.uleb128 0x12
 339 004f 01       		.uleb128 0x1
 340 0050 40       		.uleb128 0x40
 341 0051 0A       		.uleb128 0xa
 342 0052 9742     		.uleb128 0x2117
 343 0054 0C       		.uleb128 0xc
 344 0055 01       		.uleb128 0x1
 345 0056 13       		.uleb128 0x13
 346 0057 00       		.byte	0
 347 0058 00       		.byte	0
 348 0059 07       		.uleb128 0x7
 349 005a 05       		.uleb128 0x5
 350 005b 00       		.byte	0
 351 005c 03       		.uleb128 0x3
 352 005d 0E       		.uleb128 0xe
 353 005e 3A       		.uleb128 0x3a
 354 005f 0B       		.uleb128 0xb
 355 0060 3B       		.uleb128 0x3b
 356 0061 0B       		.uleb128 0xb
 357 0062 49       		.uleb128 0x49
 358 0063 13       		.uleb128 0x13
 359 0064 02       		.uleb128 0x2
 360 0065 0A       		.uleb128 0xa
 361 0066 00       		.byte	0
 362 0067 00       		.byte	0
 363 0068 08       		.uleb128 0x8
 364 0069 05       		.uleb128 0x5
 365 006a 00       		.byte	0
 366 006b 03       		.uleb128 0x3
 367 006c 0E       		.uleb128 0xe
 368 006d 3A       		.uleb128 0x3a
 369 006e 0B       		.uleb128 0xb
 370 006f 3B       		.uleb128 0x3b
ARM GAS  C:\Users\CHUCK~1.ERH\AppData\Local\Temp\cchwQwmA.s 			page 9


 371 0070 0B       		.uleb128 0xb
 372 0071 49       		.uleb128 0x49
 373 0072 13       		.uleb128 0x13
 374 0073 02       		.uleb128 0x2
 375 0074 06       		.uleb128 0x6
 376 0075 00       		.byte	0
 377 0076 00       		.byte	0
 378 0077 09       		.uleb128 0x9
 379 0078 34       		.uleb128 0x34
 380 0079 00       		.byte	0
 381 007a 03       		.uleb128 0x3
 382 007b 0E       		.uleb128 0xe
 383 007c 3A       		.uleb128 0x3a
 384 007d 0B       		.uleb128 0xb
 385 007e 3B       		.uleb128 0x3b
 386 007f 0B       		.uleb128 0xb
 387 0080 49       		.uleb128 0x49
 388 0081 13       		.uleb128 0x13
 389 0082 02       		.uleb128 0x2
 390 0083 0A       		.uleb128 0xa
 391 0084 00       		.byte	0
 392 0085 00       		.byte	0
 393 0086 0A       		.uleb128 0xa
 394 0087 0F       		.uleb128 0xf
 395 0088 00       		.byte	0
 396 0089 0B       		.uleb128 0xb
 397 008a 0B       		.uleb128 0xb
 398 008b 49       		.uleb128 0x49
 399 008c 13       		.uleb128 0x13
 400 008d 00       		.byte	0
 401 008e 00       		.byte	0
 402 008f 0B       		.uleb128 0xb
 403 0090 2E       		.uleb128 0x2e
 404 0091 01       		.byte	0x1
 405 0092 3F       		.uleb128 0x3f
 406 0093 0C       		.uleb128 0xc
 407 0094 03       		.uleb128 0x3
 408 0095 0E       		.uleb128 0xe
 409 0096 3A       		.uleb128 0x3a
 410 0097 0B       		.uleb128 0xb
 411 0098 3B       		.uleb128 0x3b
 412 0099 0B       		.uleb128 0xb
 413 009a 27       		.uleb128 0x27
 414 009b 0C       		.uleb128 0xc
 415 009c 49       		.uleb128 0x49
 416 009d 13       		.uleb128 0x13
 417 009e 11       		.uleb128 0x11
 418 009f 01       		.uleb128 0x1
 419 00a0 12       		.uleb128 0x12
 420 00a1 01       		.uleb128 0x1
 421 00a2 40       		.uleb128 0x40
 422 00a3 0A       		.uleb128 0xa
 423 00a4 9742     		.uleb128 0x2117
 424 00a6 0C       		.uleb128 0xc
 425 00a7 01       		.uleb128 0x1
 426 00a8 13       		.uleb128 0x13
 427 00a9 00       		.byte	0
ARM GAS  C:\Users\CHUCK~1.ERH\AppData\Local\Temp\cchwQwmA.s 			page 10


 428 00aa 00       		.byte	0
 429 00ab 0C       		.uleb128 0xc
 430 00ac 34       		.uleb128 0x34
 431 00ad 00       		.byte	0
 432 00ae 03       		.uleb128 0x3
 433 00af 0E       		.uleb128 0xe
 434 00b0 3A       		.uleb128 0x3a
 435 00b1 0B       		.uleb128 0xb
 436 00b2 3B       		.uleb128 0x3b
 437 00b3 0B       		.uleb128 0xb
 438 00b4 49       		.uleb128 0x49
 439 00b5 13       		.uleb128 0x13
 440 00b6 02       		.uleb128 0x2
 441 00b7 06       		.uleb128 0x6
 442 00b8 00       		.byte	0
 443 00b9 00       		.byte	0
 444 00ba 0D       		.uleb128 0xd
 445 00bb 26       		.uleb128 0x26
 446 00bc 00       		.byte	0
 447 00bd 49       		.uleb128 0x49
 448 00be 13       		.uleb128 0x13
 449 00bf 00       		.byte	0
 450 00c0 00       		.byte	0
 451 00c1 00       		.byte	0
 452              		.section	.debug_loc,"",%progbits
 453              	.Ldebug_loc0:
 454              	.LLST0:
 455 0000 00000000 		.4byte	.LVL0
 456 0004 06000000 		.4byte	.LVL1
 457 0008 0100     		.2byte	0x1
 458 000a 51       		.byte	0x51
 459 000b 06000000 		.4byte	.LVL1
 460 000f 12000000 		.4byte	.LFE0
 461 0013 0400     		.2byte	0x4
 462 0015 F3       		.byte	0xf3
 463 0016 01       		.uleb128 0x1
 464 0017 51       		.byte	0x51
 465 0018 9F       		.byte	0x9f
 466 0019 00000000 		.4byte	0
 467 001d 00000000 		.4byte	0
 468              	.LLST1:
 469 0021 00000000 		.4byte	.LVL2
 470 0025 08000000 		.4byte	.LVL5
 471 0029 0100     		.2byte	0x1
 472 002b 50       		.byte	0x50
 473 002c 08000000 		.4byte	.LVL5
 474 0030 10000000 		.4byte	.LFE1
 475 0034 0400     		.2byte	0x4
 476 0036 F3       		.byte	0xf3
 477 0037 01       		.uleb128 0x1
 478 0038 50       		.byte	0x50
 479 0039 9F       		.byte	0x9f
 480 003a 00000000 		.4byte	0
 481 003e 00000000 		.4byte	0
 482              	.LLST3:
 483 0042 02000000 		.4byte	.LVL3
 484 0046 04000000 		.4byte	.LVL4
ARM GAS  C:\Users\CHUCK~1.ERH\AppData\Local\Temp\cchwQwmA.s 			page 11


 485 004a 0100     		.2byte	0x1
 486 004c 53       		.byte	0x53
 487 004d 04000000 		.4byte	.LVL4
 488 0051 0A000000 		.4byte	.LVL6
 489 0055 0B00     		.2byte	0xb
 490 0057 71       		.byte	0x71
 491 0058 00       		.sleb128 0
 492 0059 08       		.byte	0x8
 493 005a FF       		.byte	0xff
 494 005b 1A       		.byte	0x1a
 495 005c 38       		.byte	0x38
 496 005d 24       		.byte	0x24
 497 005e 73       		.byte	0x73
 498 005f 00       		.sleb128 0
 499 0060 21       		.byte	0x21
 500 0061 9F       		.byte	0x9f
 501 0062 0C000000 		.4byte	.LVL7
 502 0066 0E000000 		.4byte	.LVL8
 503 006a 0600     		.2byte	0x6
 504 006c 70       		.byte	0x70
 505 006d 00       		.sleb128 0
 506 006e 73       		.byte	0x73
 507 006f 00       		.sleb128 0
 508 0070 21       		.byte	0x21
 509 0071 9F       		.byte	0x9f
 510 0072 0E000000 		.4byte	.LVL8
 511 0076 10000000 		.4byte	.LFE1
 512 007a 0100     		.2byte	0x1
 513 007c 50       		.byte	0x50
 514 007d 00000000 		.4byte	0
 515 0081 00000000 		.4byte	0
 516              		.section	.debug_aranges,"",%progbits
 517 0000 24000000 		.4byte	0x24
 518 0004 0200     		.2byte	0x2
 519 0006 00000000 		.4byte	.Ldebug_info0
 520 000a 04       		.byte	0x4
 521 000b 00       		.byte	0
 522 000c 0000     		.2byte	0
 523 000e 0000     		.2byte	0
 524 0010 00000000 		.4byte	.LFB0
 525 0014 12000000 		.4byte	.LFE0-.LFB0
 526 0018 00000000 		.4byte	.LFB1
 527 001c 10000000 		.4byte	.LFE1-.LFB1
 528 0020 00000000 		.4byte	0
 529 0024 00000000 		.4byte	0
 530              		.section	.debug_ranges,"",%progbits
 531              	.Ldebug_ranges0:
 532 0000 00000000 		.4byte	.LFB0
 533 0004 12000000 		.4byte	.LFE0
 534 0008 00000000 		.4byte	.LFB1
 535 000c 10000000 		.4byte	.LFE1
 536 0010 00000000 		.4byte	0
 537 0014 00000000 		.4byte	0
 538              		.section	.debug_line,"",%progbits
 539              	.Ldebug_line0:
 540 0000 7D000000 		.section	.debug_str,"MS",%progbits,1
 540      02004600 
ARM GAS  C:\Users\CHUCK~1.ERH\AppData\Local\Temp\cchwQwmA.s 			page 12


 540      00000201 
 540      FB0E0D00 
 540      01010101 
 541              	.LASF15:
 542 0000 76616C75 		.ascii	"value\000"
 542      6500
 543              	.LASF21:
 544 0006 43794765 		.ascii	"CyGetReg24\000"
 544      74526567 
 544      323400
 545              	.LASF20:
 546 0011 43795365 		.ascii	"CySetReg24\000"
 546      74526567 
 546      323400
 547              	.LASF14:
 548 001c 61646472 		.ascii	"addr\000"
 548      00
 549              	.LASF11:
 550 0021 666C6F61 		.ascii	"float\000"
 550      7400
 551              	.LASF1:
 552 0027 756E7369 		.ascii	"unsigned char\000"
 552      676E6564 
 552      20636861 
 552      7200
 553              	.LASF16:
 554 0035 746D7041 		.ascii	"tmpAddr\000"
 554      64647200 
 555              	.LASF5:
 556 003d 6C6F6E67 		.ascii	"long unsigned int\000"
 556      20756E73 
 556      69676E65 
 556      6420696E 
 556      7400
 557              	.LASF3:
 558 004f 73686F72 		.ascii	"short unsigned int\000"
 558      7420756E 
 558      7369676E 
 558      65642069 
 558      6E7400
 559              	.LASF18:
 560 0062 2E5C4765 		.ascii	".\\Generated_Source\\PSoC4\\cyutils.c\000"
 560      6E657261 
 560      7465645F 
 560      536F7572 
 560      63655C50 
 561              	.LASF19:
 562 0085 433A5C55 		.ascii	"C:\\Users\\chuck.erhardt\\Documents\\GitHub\\PSoC-W"
 562      73657273 
 562      5C636875 
 562      636B2E65 
 562      72686172 
 563 00b3 35313030 		.ascii	"5100-Driver\\PSoCPioneer+ArduinoShield_Example.cyds"
 563      2D447269 
 563      7665725C 
 563      50536F43 
 563      50696F6E 
ARM GAS  C:\Users\CHUCK~1.ERH\AppData\Local\Temp\cchwQwmA.s 			page 13


 564 00e5 6E00     		.ascii	"n\000"
 565              	.LASF12:
 566 00e7 646F7562 		.ascii	"double\000"
 566      6C6500
 567              	.LASF10:
 568 00ee 75696E74 		.ascii	"uint32\000"
 568      333200
 569              	.LASF8:
 570 00f5 756E7369 		.ascii	"unsigned int\000"
 570      676E6564 
 570      20696E74 
 570      00
 571              	.LASF7:
 572 0102 6C6F6E67 		.ascii	"long long unsigned int\000"
 572      206C6F6E 
 572      6720756E 
 572      7369676E 
 572      65642069 
 573              	.LASF6:
 574 0119 6C6F6E67 		.ascii	"long long int\000"
 574      206C6F6E 
 574      6720696E 
 574      7400
 575              	.LASF13:
 576 0127 63686172 		.ascii	"char\000"
 576      00
 577              	.LASF2:
 578 012c 73686F72 		.ascii	"short int\000"
 578      7420696E 
 578      7400
 579              	.LASF9:
 580 0136 75696E74 		.ascii	"uint8\000"
 580      3800
 581              	.LASF17:
 582 013c 474E5520 		.ascii	"GNU C 4.7.3 20130312 (release) [ARM/embedded-4_7-br"
 582      4320342E 
 582      372E3320 
 582      32303133 
 582      30333132 
 583 016f 616E6368 		.ascii	"anch revision 196615]\000"
 583      20726576 
 583      6973696F 
 583      6E203139 
 583      36363135 
 584              	.LASF4:
 585 0185 6C6F6E67 		.ascii	"long int\000"
 585      20696E74 
 585      00
 586              	.LASF0:
 587 018e 7369676E 		.ascii	"signed char\000"
 587      65642063 
 587      68617200 
 588              		.ident	"GCC: (GNU Tools for ARM Embedded Processors) 4.7.3 20130312 (release) [ARM/embedded-4_7-br
