ARM GAS  C:\Users\CHUCK~1.ERH\AppData\Local\Temp\ccPoE0SU.s 			page 1


   1              		.cpu cortex-m0
   2              		.fpu softvfp
   3              		.eabi_attribute 20, 1
   4              		.eabi_attribute 21, 1
   5              		.eabi_attribute 23, 3
   6              		.eabi_attribute 24, 1
   7              		.eabi_attribute 25, 1
   8              		.eabi_attribute 26, 1
   9              		.eabi_attribute 30, 4
  10              		.eabi_attribute 34, 0
  11              		.eabi_attribute 18, 4
  12              		.code	16
  13              		.file	"main.c"
  14              		.text
  15              	.Ltext0:
  16              		.cfi_sections	.debug_frame
  17              		.section	.text.pavloven_test,"ax",%progbits
  18              		.align	1
  19              		.global	pavloven_test
  20              		.code	16
  21              		.thumb_func
  22              		.type	pavloven_test, %function
  23              	pavloven_test:
  24              	.LFB33:
  25              		.file 1 ".\\main.c"
   1:.\main.c      **** /**
   2:.\main.c      ****  * \file Arduino Ethernet shield Example
   3:.\main.c      ****  * \author Chuck Erhardt (chuck@e2forlife.com)
   4:.\main.c      ****  * 
   5:.\main.c      ****  * This is a real simple example project to connect the
   6:.\main.c      ****  * PSoC4 Pioneer board to the Arduino Ethernet shield board.
   7:.\main.c      ****  *
   8:.\main.c      ****  * Copyright notice:
   9:.\main.c      ****  *
  10:.\main.c      ****  *
  11:.\main.c      ****  * Dscaimer: 
  12:.\main.c      ****  * This software is provided as-is for demonstration and
  13:.\main.c      ****  * educational purposes only.  No warranty is expressed or
  14:.\main.c      ****  * implied; The sole responsibility of the verification
  15:.\main.c      ****  * on your platform is your own.
  16:.\main.c      ****  */
  17:.\main.c      **** #include <project.h>
  18:.\main.c      **** #include <stdio.h>   /* sprintf() */
  19:.\main.c      **** #include <string.h>  /* for STRLEN() */
  20:.\main.c      **** #include <stdlib.h>  /* for RAND() */
  21:.\main.c      **** 
  22:.\main.c      **** char randomData[2000];
  23:.\main.c      **** 
  24:.\main.c      **** void pavloven_test( void )
  25:.\main.c      **** {
  26              		.loc 1 25 0
  27              		.cfi_startproc
  28              	.LVL0:
  29 0000 30B5     		push	{r4, r5, lr}
  30              	.LCFI0:
  31              		.cfi_def_cfa_offset 12
  32              		.cfi_offset 4, -12
ARM GAS  C:\Users\CHUCK~1.ERH\AppData\Local\Temp\ccPoE0SU.s 			page 2


  33              		.cfi_offset 5, -8
  34              		.cfi_offset 14, -4
  35 0002 1F4C     		ldr	r4, .L12
  36 0004 A544     		add	sp, sp, r4
  37              	.LCFI1:
  38              		.cfi_def_cfa_offset 2272
  26:.\main.c      **** uint8 socket;
  27:.\main.c      **** uint8 length = 0;	
  28:.\main.c      **** char OutputString[255];
  29:.\main.c      **** char buffer[2000];
  30:.\main.c      **** uint8 test = 0;	
  31:.\main.c      **** //____________________________	
  32:.\main.c      **** SPI0_Start();
  39              		.loc 1 32 0
  40 0006 FFF7FEFF 		bl	SPI0_Start
  41              	.LVL1:
  33:.\main.c      **** ETH0_Start();
  42              		.loc 1 33 0
  43 000a FFF7FEFF 		bl	ETH0_Start
  44              	.LVL2:
  34:.\main.c      **** 	
  35:.\main.c      **** 	socket = ETH0_TcpOpen( 23 );
  45              		.loc 1 35 0
  46 000e 1720     		mov	r0, #23
  47 0010 FFF7FEFF 		bl	ETH0_TcpOpen
  48              	.LVL3:
  49 0014 041C     		mov	r4, r0
  50              	.LVL4:
  36:.\main.c      **** 	ETH0_TcpStartServer( socket );
  51              		.loc 1 36 0
  52 0016 FFF7FEFF 		bl	ETH0_TcpStartServer
  53              	.LVL5:
  54              	.L7:
  37:.\main.c      **** 
  38:.\main.c      **** for(;;)
  39:.\main.c      ****     {
  40:.\main.c      **** 	while ( !ETH0_TcpConnected( socket ) ) {CyDelay(100);}	/* wait for a connection, and delay the fla
  55              		.loc 1 40 0 discriminator 1
  56 001a 201C     		mov	r0, r4
  57 001c FFF7FEFF 		bl	ETH0_TcpConnected
  58              	.LVL6:
  59 0020 0028     		cmp	r0, #0
  60 0022 03D1     		bne	.L8
  61              		.loc 1 40 0 is_stmt 0 discriminator 2
  62 0024 6420     		mov	r0, #100
  63              	.L9:
  64 0026 FFF7FEFF 		bl	CyDelay
  65              	.LVL7:
  66 002a F6E7     		b	.L7
  67              	.L8:
  41:.\main.c      **** 	
  42:.\main.c      **** 	while( ETH0_SocketRxDataWaiting(socket) == 0) 
  68              		.loc 1 42 0 is_stmt 1 discriminator 1
  69 002c 201C     		mov	r0, r4
  70 002e FFF7FEFF 		bl	ETH0_SocketRxDataWaiting
  71              	.LVL8:
  72 0032 0028     		cmp	r0, #0
ARM GAS  C:\Users\CHUCK~1.ERH\AppData\Local\Temp\ccPoE0SU.s 			page 3


  73 0034 08D1     		bne	.L11
  74              	.L5:
  43:.\main.c      **** 			{	ETH0_TcpPrint(socket,"\r RxDataWaiting = 0");	CyDelay(500);}		// if no data i read    ETH0_Soc
  75              		.loc 1 43 0
  76 0036 201C     		mov	r0, r4
  77 0038 1249     		ldr	r1, .L12+4
  78 003a FFF7FEFF 		bl	ETH0_TcpPrint
  79              	.LVL9:
  80 003e FA21     		mov	r1, #250
  81 0040 4800     		lsl	r0, r1, #1
  82 0042 FFF7FEFF 		bl	CyDelay
  83              	.LVL10:
  84 0046 F1E7     		b	.L8
  85              	.L11:
  44:.\main.c      **** 	
  45:.\main.c      **** 	test =ETH0_SocketRxDataWaiting(socket);						// number of bytes received
  86              		.loc 1 45 0
  87 0048 201C     		mov	r0, r4
  88 004a FFF7FEFF 		bl	ETH0_SocketRxDataWaiting
  89              	.LVL11:
  46:.\main.c      **** 	
  47:.\main.c      **** 	length = ETH0_TcpReceive(socket,(uint8*)&buffer[0],test);	// pick up data from V5100
  90              		.loc 1 47 0
  91 004e 40A9     		add	r1, sp, #256
  92 0050 C2B2     		uxtb	r2, r0
  93 0052 201C     		mov	r0, r4
  94              	.LVL12:
  95 0054 FFF7FEFF 		bl	ETH0_TcpReceive
  96              	.LVL13:
  97 0058 051C     		mov	r5, r0
  98              	.LVL14:
  48:.\main.c      **** 	CyDelay(10);												// Suppose that W5100 is  lazy  I hope that the W5100 realized that I got 
  99              		.loc 1 48 0
 100 005a 0A20     		mov	r0, #10
 101              	.LVL15:
 102 005c FFF7FEFF 		bl	CyDelay
 103              	.LVL16:
  49:.\main.c      **** 	test =ETH0_SocketRxDataWaiting(socket);						// I would like to see here zero
 104              		.loc 1 49 0
 105 0060 201C     		mov	r0, r4
 106 0062 FFF7FEFF 		bl	ETH0_SocketRxDataWaiting
 107              	.LVL17:
  50:.\main.c      **** 	// When I install a flag = 1, in W5100.c   as here      str. 1394    `$INSTANCE_NAME`_ProcessRxDat
  51:.\main.c      **** 	// the function ETH0_SocketRxDataWaiting(socket) will work correctly (return 0)
  52:.\main.c      **** 
  53:.\main.c      **** 	sprintf(OutputString,"  <--I read %d bytes, then read RxDataWaiting = %d \r ",length, test);
 108              		.loc 1 53 0
 109 0066 EAB2     		uxtb	r2, r5
 110 0068 C3B2     		uxtb	r3, r0
 111 006a 0749     		ldr	r1, .L12+8
 112 006c 6846     		mov	r0, sp
 113              	.LVL18:
 114 006e FFF7FEFF 		bl	sprintf
 115              	.LVL19:
  54:.\main.c      **** 	ETH0_TcpPrint(socket,OutputString);	
 116              		.loc 1 54 0
 117 0072 201C     		mov	r0, r4
ARM GAS  C:\Users\CHUCK~1.ERH\AppData\Local\Temp\ccPoE0SU.s 			page 4


 118 0074 6946     		mov	r1, sp
 119 0076 FFF7FEFF 		bl	ETH0_TcpPrint
 120              	.LVL20:
  55:.\main.c      **** 	
  56:.\main.c      **** 	CyDelay(500);
 121              		.loc 1 56 0
 122 007a FA20     		mov	r0, #250
 123 007c 4000     		lsl	r0, r0, #1
 124 007e D2E7     		b	.L9
 125              	.L13:
 126              		.align	2
 127              	.L12:
 128 0080 2CF7FFFF 		.word	-2260
 129 0084 00000000 		.word	.LC0
 130 0088 14000000 		.word	.LC2
 131              		.cfi_endproc
 132              	.LFE33:
 133              		.size	pavloven_test, .-pavloven_test
 134              		.section	.text.startup.main,"ax",%progbits
 135              		.align	1
 136              		.global	main
 137              		.code	16
 138              		.thumb_func
 139              		.type	main, %function
 140              	main:
 141              	.LFB34:
  57:.\main.c      **** 	//ETH0_TcpDisconnect( socket );
  58:.\main.c      **** 	//ETH0_SocketClose( socket );
  59:.\main.c      **** 	}
  60:.\main.c      **** }
  61:.\main.c      **** 
  62:.\main.c      **** int main()
  63:.\main.c      **** {
 142              		.loc 1 63 0
 143              		.cfi_startproc
 144 0000 08B5     		push	{r3, lr}
 145              	.LCFI2:
 146              		.cfi_def_cfa_offset 8
 147              		.cfi_offset 3, -8
 148              		.cfi_offset 14, -4
  64:.\main.c      **** 	char buffer[128];
  65:.\main.c      **** 	uint8 socket;
  66:.\main.c      **** 	uint16 length;
  67:.\main.c      **** 	int temp;
  68:.\main.c      **** 	uint8 red;
  69:.\main.c      **** 	uint8 green;
  70:.\main.c      **** 	uint8 blue;
  71:.\main.c      **** 	
  72:.\main.c      **** 	pavloven_test();
 149              		.loc 1 72 0
 150 0002 FFF7FEFF 		bl	pavloven_test
 151              	.LVL21:
 152              		.cfi_endproc
 153              	.LFE34:
 154              		.size	main, .-main
 155              		.comm	randomData,2000,1
 156              		.section	.rodata.str1.1,"aMS",%progbits,1
ARM GAS  C:\Users\CHUCK~1.ERH\AppData\Local\Temp\ccPoE0SU.s 			page 5


 157              	.LC0:
 158 0000 0D205278 		.ascii	"\015 RxDataWaiting = 0\000"
 158      44617461 
 158      57616974 
 158      696E6720 
 158      3D203000 
 159              	.LC2:
 160 0014 20203C2D 		.ascii	"  <--I read %d bytes, then read RxDataWaiting = %d "
 160      2D492072 
 160      65616420 
 160      25642062 
 160      79746573 
 161 0047 0D2000   		.ascii	"\015 \000"
 162              		.text
 163              	.Letext0:
 164              		.file 2 "./Generated_Source/PSoC4/cytypes.h"
 165              		.file 3 "./Generated_Source/PSoC4/SPI0.h"
 166              		.file 4 "./Generated_Source/PSoC4/ETH0.h"
 167              		.file 5 "./Generated_Source/PSoC4/CyLib.h"
 168              		.file 6 "c:\\program files (x86)\\cypress\\psoc creator\\3.0\\psoc creator\\import\\gnu_cs\\arm\\4
 169              		.section	.debug_info,"",%progbits
 170              	.Ldebug_info0:
 171 0000 EC030000 		.4byte	0x3ec
 172 0004 0200     		.2byte	0x2
 173 0006 00000000 		.4byte	.Ldebug_abbrev0
 174 000a 04       		.byte	0x4
 175 000b 01       		.uleb128 0x1
 176 000c B8010000 		.4byte	.LASF36
 177 0010 01       		.byte	0x1
 178 0011 EC000000 		.4byte	.LASF37
 179 0015 83000000 		.4byte	.LASF38
 180 0019 00000000 		.4byte	.Ldebug_ranges0+0
 181 001d 00000000 		.4byte	0
 182 0021 00000000 		.4byte	0
 183 0025 00000000 		.4byte	.Ldebug_line0
 184 0029 02       		.uleb128 0x2
 185 002a 01       		.byte	0x1
 186 002b 06       		.byte	0x6
 187 002c 39000000 		.4byte	.LASF0
 188 0030 02       		.uleb128 0x2
 189 0031 01       		.byte	0x1
 190 0032 08       		.byte	0x8
 191 0033 45000000 		.4byte	.LASF1
 192 0037 02       		.uleb128 0x2
 193 0038 02       		.byte	0x2
 194 0039 05       		.byte	0x5
 195 003a A7010000 		.4byte	.LASF2
 196 003e 02       		.uleb128 0x2
 197 003f 02       		.byte	0x2
 198 0040 07       		.byte	0x7
 199 0041 0B000000 		.4byte	.LASF3
 200 0045 02       		.uleb128 0x2
 201 0046 04       		.byte	0x4
 202 0047 05       		.byte	0x5
 203 0048 08020000 		.4byte	.LASF4
 204 004c 02       		.uleb128 0x2
 205 004d 04       		.byte	0x4
ARM GAS  C:\Users\CHUCK~1.ERH\AppData\Local\Temp\ccPoE0SU.s 			page 6


 206 004e 07       		.byte	0x7
 207 004f 60000000 		.4byte	.LASF5
 208 0053 02       		.uleb128 0x2
 209 0054 08       		.byte	0x8
 210 0055 05       		.byte	0x5
 211 0056 86010000 		.4byte	.LASF6
 212 005a 02       		.uleb128 0x2
 213 005b 08       		.byte	0x8
 214 005c 07       		.byte	0x7
 215 005d 39010000 		.4byte	.LASF7
 216 0061 03       		.uleb128 0x3
 217 0062 04       		.byte	0x4
 218 0063 05       		.byte	0x5
 219 0064 696E7400 		.ascii	"int\000"
 220 0068 02       		.uleb128 0x2
 221 0069 04       		.byte	0x4
 222 006a 07       		.byte	0x7
 223 006b 1A010000 		.4byte	.LASF8
 224 006f 04       		.uleb128 0x4
 225 0070 77000000 		.4byte	.LASF9
 226 0074 02       		.byte	0x2
 227 0075 5B       		.byte	0x5b
 228 0076 30000000 		.4byte	0x30
 229 007a 04       		.uleb128 0x4
 230 007b 02010000 		.4byte	.LASF10
 231 007f 02       		.byte	0x2
 232 0080 5C       		.byte	0x5c
 233 0081 3E000000 		.4byte	0x3e
 234 0085 04       		.uleb128 0x4
 235 0086 09010000 		.4byte	.LASF11
 236 008a 02       		.byte	0x2
 237 008b 5D       		.byte	0x5d
 238 008c 4C000000 		.4byte	0x4c
 239 0090 02       		.uleb128 0x2
 240 0091 04       		.byte	0x4
 241 0092 04       		.byte	0x4
 242 0093 33000000 		.4byte	.LASF12
 243 0097 02       		.uleb128 0x2
 244 0098 08       		.byte	0x8
 245 0099 04       		.byte	0x4
 246 009a E5000000 		.4byte	.LASF13
 247 009e 02       		.uleb128 0x2
 248 009f 01       		.byte	0x1
 249 00a0 08       		.byte	0x8
 250 00a1 A2010000 		.4byte	.LASF14
 251 00a5 02       		.uleb128 0x2
 252 00a6 04       		.byte	0x4
 253 00a7 07       		.byte	0x7
 254 00a8 69010000 		.4byte	.LASF15
 255 00ac 05       		.uleb128 0x5
 256 00ad 04       		.byte	0x4
 257 00ae 9E000000 		.4byte	0x9e
 258 00b2 05       		.uleb128 0x5
 259 00b3 04       		.byte	0x4
 260 00b4 B8000000 		.4byte	0xb8
 261 00b8 06       		.uleb128 0x6
 262 00b9 9E000000 		.4byte	0x9e
ARM GAS  C:\Users\CHUCK~1.ERH\AppData\Local\Temp\ccPoE0SU.s 			page 7


 263 00bd 05       		.uleb128 0x5
 264 00be 04       		.byte	0x4
 265 00bf 6F000000 		.4byte	0x6f
 266 00c3 07       		.uleb128 0x7
 267 00c4 01       		.byte	0x1
 268 00c5 50010000 		.4byte	.LASF21
 269 00c9 01       		.byte	0x1
 270 00ca 18       		.byte	0x18
 271 00cb 01       		.byte	0x1
 272 00cc 00000000 		.4byte	.LFB33
 273 00d0 8C000000 		.4byte	.LFE33
 274 00d4 00000000 		.4byte	.LLST0
 275 00d8 01       		.byte	0x1
 276 00d9 59020000 		.4byte	0x259
 277 00dd 08       		.uleb128 0x8
 278 00de 01020000 		.4byte	.LASF16
 279 00e2 01       		.byte	0x1
 280 00e3 1A       		.byte	0x1a
 281 00e4 6F000000 		.4byte	0x6f
 282 00e8 2D000000 		.4byte	.LLST1
 283 00ec 08       		.uleb128 0x8
 284 00ed 1C020000 		.4byte	.LASF17
 285 00f1 01       		.byte	0x1
 286 00f2 1B       		.byte	0x1b
 287 00f3 6F000000 		.4byte	0x6f
 288 00f7 4B000000 		.4byte	.LLST2
 289 00fb 09       		.uleb128 0x9
 290 00fc F5000000 		.4byte	.LASF18
 291 0100 01       		.byte	0x1
 292 0101 1C       		.byte	0x1c
 293 0102 59020000 		.4byte	0x259
 294 0106 03       		.byte	0x3
 295 0107 91       		.byte	0x91
 296 0108 A06E     		.sleb128 -2272
 297 010a 09       		.uleb128 0x9
 298 010b B1010000 		.4byte	.LASF19
 299 010f 01       		.byte	0x1
 300 0110 1D       		.byte	0x1d
 301 0111 69020000 		.4byte	0x269
 302 0115 03       		.byte	0x3
 303 0116 91       		.byte	0x91
 304 0117 A070     		.sleb128 -2016
 305 0119 08       		.uleb128 0x8
 306 011a 15010000 		.4byte	.LASF20
 307 011e 01       		.byte	0x1
 308 011f 1E       		.byte	0x1e
 309 0120 6F000000 		.4byte	0x6f
 310 0124 75000000 		.4byte	.LLST3
 311 0128 0A       		.uleb128 0xa
 312 0129 0A000000 		.4byte	.LVL1
 313 012d 10030000 		.4byte	0x310
 314 0131 0A       		.uleb128 0xa
 315 0132 0E000000 		.4byte	.LVL2
 316 0136 1A030000 		.4byte	0x31a
 317 013a 0B       		.uleb128 0xb
 318 013b 14000000 		.4byte	.LVL3
 319 013f 24030000 		.4byte	0x324
ARM GAS  C:\Users\CHUCK~1.ERH\AppData\Local\Temp\ccPoE0SU.s 			page 8


 320 0143 4D010000 		.4byte	0x14d
 321 0147 0C       		.uleb128 0xc
 322 0148 01       		.byte	0x1
 323 0149 50       		.byte	0x50
 324 014a 01       		.byte	0x1
 325 014b 47       		.byte	0x47
 326 014c 00       		.byte	0
 327 014d 0B       		.uleb128 0xb
 328 014e 1A000000 		.4byte	.LVL5
 329 0152 3D030000 		.4byte	0x33d
 330 0156 61010000 		.4byte	0x161
 331 015a 0C       		.uleb128 0xc
 332 015b 01       		.byte	0x1
 333 015c 50       		.byte	0x50
 334 015d 02       		.byte	0x2
 335 015e 74       		.byte	0x74
 336 015f 00       		.sleb128 0
 337 0160 00       		.byte	0
 338 0161 0B       		.uleb128 0xb
 339 0162 20000000 		.4byte	.LVL6
 340 0166 52030000 		.4byte	0x352
 341 016a 75010000 		.4byte	0x175
 342 016e 0C       		.uleb128 0xc
 343 016f 01       		.byte	0x1
 344 0170 50       		.byte	0x50
 345 0171 02       		.byte	0x2
 346 0172 74       		.byte	0x74
 347 0173 00       		.sleb128 0
 348 0174 00       		.byte	0
 349 0175 0A       		.uleb128 0xa
 350 0176 2A000000 		.4byte	.LVL7
 351 017a 6B030000 		.4byte	0x36b
 352 017e 0B       		.uleb128 0xb
 353 017f 32000000 		.4byte	.LVL8
 354 0183 7F030000 		.4byte	0x37f
 355 0187 92010000 		.4byte	0x192
 356 018b 0C       		.uleb128 0xc
 357 018c 01       		.byte	0x1
 358 018d 50       		.byte	0x50
 359 018e 02       		.byte	0x2
 360 018f 74       		.byte	0x74
 361 0190 00       		.sleb128 0
 362 0191 00       		.byte	0
 363 0192 0B       		.uleb128 0xb
 364 0193 3E000000 		.4byte	.LVL9
 365 0197 98030000 		.4byte	0x398
 366 019b AF010000 		.4byte	0x1af
 367 019f 0C       		.uleb128 0xc
 368 01a0 01       		.byte	0x1
 369 01a1 51       		.byte	0x51
 370 01a2 05       		.byte	0x5
 371 01a3 03       		.byte	0x3
 372 01a4 00000000 		.4byte	.LC0
 373 01a8 0C       		.uleb128 0xc
 374 01a9 01       		.byte	0x1
 375 01aa 50       		.byte	0x50
 376 01ab 02       		.byte	0x2
ARM GAS  C:\Users\CHUCK~1.ERH\AppData\Local\Temp\ccPoE0SU.s 			page 9


 377 01ac 74       		.byte	0x74
 378 01ad 00       		.sleb128 0
 379 01ae 00       		.byte	0
 380 01af 0B       		.uleb128 0xb
 381 01b0 46000000 		.4byte	.LVL10
 382 01b4 6B030000 		.4byte	0x36b
 383 01b8 C4010000 		.4byte	0x1c4
 384 01bc 0C       		.uleb128 0xc
 385 01bd 01       		.byte	0x1
 386 01be 50       		.byte	0x50
 387 01bf 03       		.byte	0x3
 388 01c0 0A       		.byte	0xa
 389 01c1 F401     		.2byte	0x1f4
 390 01c3 00       		.byte	0
 391 01c4 0B       		.uleb128 0xb
 392 01c5 4E000000 		.4byte	.LVL11
 393 01c9 7F030000 		.4byte	0x37f
 394 01cd D8010000 		.4byte	0x1d8
 395 01d1 0C       		.uleb128 0xc
 396 01d2 01       		.byte	0x1
 397 01d3 50       		.byte	0x50
 398 01d4 02       		.byte	0x2
 399 01d5 74       		.byte	0x74
 400 01d6 00       		.sleb128 0
 401 01d7 00       		.byte	0
 402 01d8 0B       		.uleb128 0xb
 403 01d9 58000000 		.4byte	.LVL13
 404 01dd B2030000 		.4byte	0x3b2
 405 01e1 F3010000 		.4byte	0x1f3
 406 01e5 0C       		.uleb128 0xc
 407 01e6 01       		.byte	0x1
 408 01e7 51       		.byte	0x51
 409 01e8 03       		.byte	0x3
 410 01e9 91       		.byte	0x91
 411 01ea A070     		.sleb128 -2016
 412 01ec 0C       		.uleb128 0xc
 413 01ed 01       		.byte	0x1
 414 01ee 50       		.byte	0x50
 415 01ef 02       		.byte	0x2
 416 01f0 74       		.byte	0x74
 417 01f1 00       		.sleb128 0
 418 01f2 00       		.byte	0
 419 01f3 0B       		.uleb128 0xb
 420 01f4 60000000 		.4byte	.LVL16
 421 01f8 6B030000 		.4byte	0x36b
 422 01fc 06020000 		.4byte	0x206
 423 0200 0C       		.uleb128 0xc
 424 0201 01       		.byte	0x1
 425 0202 50       		.byte	0x50
 426 0203 01       		.byte	0x1
 427 0204 3A       		.byte	0x3a
 428 0205 00       		.byte	0
 429 0206 0B       		.uleb128 0xb
 430 0207 66000000 		.4byte	.LVL17
 431 020b 7F030000 		.4byte	0x37f
 432 020f 1A020000 		.4byte	0x21a
 433 0213 0C       		.uleb128 0xc
ARM GAS  C:\Users\CHUCK~1.ERH\AppData\Local\Temp\ccPoE0SU.s 			page 10


 434 0214 01       		.byte	0x1
 435 0215 50       		.byte	0x50
 436 0216 02       		.byte	0x2
 437 0217 74       		.byte	0x74
 438 0218 00       		.sleb128 0
 439 0219 00       		.byte	0
 440 021a 0B       		.uleb128 0xb
 441 021b 72000000 		.4byte	.LVL19
 442 021f D5030000 		.4byte	0x3d5
 443 0223 41020000 		.4byte	0x241
 444 0227 0C       		.uleb128 0xc
 445 0228 01       		.byte	0x1
 446 0229 52       		.byte	0x52
 447 022a 05       		.byte	0x5
 448 022b 75       		.byte	0x75
 449 022c 00       		.sleb128 0
 450 022d 08       		.byte	0x8
 451 022e FF       		.byte	0xff
 452 022f 1A       		.byte	0x1a
 453 0230 0C       		.uleb128 0xc
 454 0231 01       		.byte	0x1
 455 0232 51       		.byte	0x51
 456 0233 05       		.byte	0x5
 457 0234 03       		.byte	0x3
 458 0235 14000000 		.4byte	.LC2
 459 0239 0C       		.uleb128 0xc
 460 023a 01       		.byte	0x1
 461 023b 50       		.byte	0x50
 462 023c 03       		.byte	0x3
 463 023d 91       		.byte	0x91
 464 023e A06E     		.sleb128 -2272
 465 0240 00       		.byte	0
 466 0241 0D       		.uleb128 0xd
 467 0242 7A000000 		.4byte	.LVL20
 468 0246 98030000 		.4byte	0x398
 469 024a 0C       		.uleb128 0xc
 470 024b 01       		.byte	0x1
 471 024c 51       		.byte	0x51
 472 024d 03       		.byte	0x3
 473 024e 91       		.byte	0x91
 474 024f A06E     		.sleb128 -2272
 475 0251 0C       		.uleb128 0xc
 476 0252 01       		.byte	0x1
 477 0253 50       		.byte	0x50
 478 0254 02       		.byte	0x2
 479 0255 74       		.byte	0x74
 480 0256 00       		.sleb128 0
 481 0257 00       		.byte	0
 482 0258 00       		.byte	0
 483 0259 0E       		.uleb128 0xe
 484 025a 9E000000 		.4byte	0x9e
 485 025e 69020000 		.4byte	0x269
 486 0262 0F       		.uleb128 0xf
 487 0263 A5000000 		.4byte	0xa5
 488 0267 FE       		.byte	0xfe
 489 0268 00       		.byte	0
 490 0269 0E       		.uleb128 0xe
ARM GAS  C:\Users\CHUCK~1.ERH\AppData\Local\Temp\ccPoE0SU.s 			page 11


 491 026a 9E000000 		.4byte	0x9e
 492 026e 7A020000 		.4byte	0x27a
 493 0272 10       		.uleb128 0x10
 494 0273 A5000000 		.4byte	0xa5
 495 0277 CF07     		.2byte	0x7cf
 496 0279 00       		.byte	0
 497 027a 11       		.uleb128 0x11
 498 027b 01       		.byte	0x1
 499 027c 10010000 		.4byte	.LASF22
 500 0280 01       		.byte	0x1
 501 0281 3E       		.byte	0x3e
 502 0282 61000000 		.4byte	0x61
 503 0286 00000000 		.4byte	.LFB34
 504 028a 06000000 		.4byte	.LFE34
 505 028e 9F000000 		.4byte	.LLST4
 506 0292 01       		.byte	0x1
 507 0293 EE020000 		.4byte	0x2ee
 508 0297 12       		.uleb128 0x12
 509 0298 B1010000 		.4byte	.LASF19
 510 029c 01       		.byte	0x1
 511 029d 40       		.byte	0x40
 512 029e EE020000 		.4byte	0x2ee
 513 02a2 12       		.uleb128 0x12
 514 02a3 01020000 		.4byte	.LASF16
 515 02a7 01       		.byte	0x1
 516 02a8 41       		.byte	0x41
 517 02a9 6F000000 		.4byte	0x6f
 518 02ad 12       		.uleb128 0x12
 519 02ae 1C020000 		.4byte	.LASF17
 520 02b2 01       		.byte	0x1
 521 02b3 42       		.byte	0x42
 522 02b4 7A000000 		.4byte	0x7a
 523 02b8 12       		.uleb128 0x12
 524 02b9 72000000 		.4byte	.LASF23
 525 02bd 01       		.byte	0x1
 526 02be 43       		.byte	0x43
 527 02bf 61000000 		.4byte	0x61
 528 02c3 13       		.uleb128 0x13
 529 02c4 72656400 		.ascii	"red\000"
 530 02c8 01       		.byte	0x1
 531 02c9 44       		.byte	0x44
 532 02ca 6F000000 		.4byte	0x6f
 533 02ce 12       		.uleb128 0x12
 534 02cf 7D000000 		.4byte	.LASF24
 535 02d3 01       		.byte	0x1
 536 02d4 45       		.byte	0x45
 537 02d5 6F000000 		.4byte	0x6f
 538 02d9 12       		.uleb128 0x12
 539 02da 2E000000 		.4byte	.LASF25
 540 02de 01       		.byte	0x1
 541 02df 46       		.byte	0x46
 542 02e0 6F000000 		.4byte	0x6f
 543 02e4 0A       		.uleb128 0xa
 544 02e5 06000000 		.4byte	.LVL21
 545 02e9 C3000000 		.4byte	0xc3
 546 02ed 00       		.byte	0
 547 02ee 0E       		.uleb128 0xe
ARM GAS  C:\Users\CHUCK~1.ERH\AppData\Local\Temp\ccPoE0SU.s 			page 12


 548 02ef 9E000000 		.4byte	0x9e
 549 02f3 FE020000 		.4byte	0x2fe
 550 02f7 0F       		.uleb128 0xf
 551 02f8 A5000000 		.4byte	0xa5
 552 02fc 7F       		.byte	0x7f
 553 02fd 00       		.byte	0
 554 02fe 14       		.uleb128 0x14
 555 02ff 11020000 		.4byte	.LASF39
 556 0303 01       		.byte	0x1
 557 0304 16       		.byte	0x16
 558 0305 69020000 		.4byte	0x269
 559 0309 01       		.byte	0x1
 560 030a 05       		.byte	0x5
 561 030b 03       		.byte	0x3
 562 030c 00000000 		.4byte	randomData
 563 0310 15       		.uleb128 0x15
 564 0311 01       		.byte	0x1
 565 0312 00000000 		.4byte	.LASF26
 566 0316 03       		.byte	0x3
 567 0317 6C       		.byte	0x6c
 568 0318 01       		.byte	0x1
 569 0319 01       		.byte	0x1
 570 031a 15       		.uleb128 0x15
 571 031b 01       		.byte	0x1
 572 031c 5E010000 		.4byte	.LASF27
 573 0320 04       		.byte	0x4
 574 0321 C4       		.byte	0xc4
 575 0322 01       		.byte	0x1
 576 0323 01       		.byte	0x1
 577 0324 16       		.uleb128 0x16
 578 0325 01       		.byte	0x1
 579 0326 53000000 		.4byte	.LASF28
 580 032a 04       		.byte	0x4
 581 032b 5701     		.2byte	0x157
 582 032d 01       		.byte	0x1
 583 032e 6F000000 		.4byte	0x6f
 584 0332 01       		.byte	0x1
 585 0333 3D030000 		.4byte	0x33d
 586 0337 17       		.uleb128 0x17
 587 0338 7A000000 		.4byte	0x7a
 588 033c 00       		.byte	0
 589 033d 18       		.uleb128 0x18
 590 033e 01       		.byte	0x1
 591 033f 72010000 		.4byte	.LASF30
 592 0343 04       		.byte	0x4
 593 0344 6401     		.2byte	0x164
 594 0346 01       		.byte	0x1
 595 0347 01       		.byte	0x1
 596 0348 52030000 		.4byte	0x352
 597 034c 17       		.uleb128 0x17
 598 034d 6F000000 		.4byte	0x6f
 599 0351 00       		.byte	0
 600 0352 16       		.uleb128 0x16
 601 0353 01       		.byte	0x1
 602 0354 27010000 		.4byte	.LASF29
 603 0358 04       		.byte	0x4
 604 0359 9701     		.2byte	0x197
ARM GAS  C:\Users\CHUCK~1.ERH\AppData\Local\Temp\ccPoE0SU.s 			page 13


 605 035b 01       		.byte	0x1
 606 035c 6F000000 		.4byte	0x6f
 607 0360 01       		.byte	0x1
 608 0361 6B030000 		.4byte	0x36b
 609 0365 17       		.uleb128 0x17
 610 0366 6F000000 		.4byte	0x6f
 611 036a 00       		.byte	0
 612 036b 19       		.uleb128 0x19
 613 036c 01       		.byte	0x1
 614 036d 44020000 		.4byte	.LASF31
 615 0371 05       		.byte	0x5
 616 0372 69       		.byte	0x69
 617 0373 01       		.byte	0x1
 618 0374 01       		.byte	0x1
 619 0375 7F030000 		.4byte	0x37f
 620 0379 17       		.uleb128 0x17
 621 037a 85000000 		.4byte	0x85
 622 037e 00       		.byte	0
 623 037f 16       		.uleb128 0x16
 624 0380 01       		.byte	0x1
 625 0381 23020000 		.4byte	.LASF32
 626 0385 04       		.byte	0x4
 627 0386 4701     		.2byte	0x147
 628 0388 01       		.byte	0x1
 629 0389 7A000000 		.4byte	0x7a
 630 038d 01       		.byte	0x1
 631 038e 98030000 		.4byte	0x398
 632 0392 17       		.uleb128 0x17
 633 0393 6F000000 		.4byte	0x6f
 634 0397 00       		.byte	0
 635 0398 18       		.uleb128 0x18
 636 0399 01       		.byte	0x1
 637 039a 94010000 		.4byte	.LASF33
 638 039e 04       		.byte	0x4
 639 039f E801     		.2byte	0x1e8
 640 03a1 01       		.byte	0x1
 641 03a2 01       		.byte	0x1
 642 03a3 B2030000 		.4byte	0x3b2
 643 03a7 17       		.uleb128 0x17
 644 03a8 6F000000 		.4byte	0x6f
 645 03ac 17       		.uleb128 0x17
 646 03ad B2000000 		.4byte	0xb2
 647 03b1 00       		.byte	0
 648 03b2 16       		.uleb128 0x16
 649 03b3 01       		.byte	0x1
 650 03b4 1E000000 		.4byte	.LASF34
 651 03b8 04       		.byte	0x4
 652 03b9 D701     		.2byte	0x1d7
 653 03bb 01       		.byte	0x1
 654 03bc 7A000000 		.4byte	0x7a
 655 03c0 01       		.byte	0x1
 656 03c1 D5030000 		.4byte	0x3d5
 657 03c5 17       		.uleb128 0x17
 658 03c6 6F000000 		.4byte	0x6f
 659 03ca 17       		.uleb128 0x17
 660 03cb BD000000 		.4byte	0xbd
 661 03cf 17       		.uleb128 0x17
ARM GAS  C:\Users\CHUCK~1.ERH\AppData\Local\Temp\ccPoE0SU.s 			page 14


 662 03d0 7A000000 		.4byte	0x7a
 663 03d4 00       		.byte	0
 664 03d5 1A       		.uleb128 0x1a
 665 03d6 01       		.byte	0x1
 666 03d7 3C020000 		.4byte	.LASF35
 667 03db 06       		.byte	0x6
 668 03dc E2       		.byte	0xe2
 669 03dd 01       		.byte	0x1
 670 03de 61000000 		.4byte	0x61
 671 03e2 01       		.byte	0x1
 672 03e3 17       		.uleb128 0x17
 673 03e4 AC000000 		.4byte	0xac
 674 03e8 17       		.uleb128 0x17
 675 03e9 B2000000 		.4byte	0xb2
 676 03ed 1B       		.uleb128 0x1b
 677 03ee 00       		.byte	0
 678 03ef 00       		.byte	0
 679              		.section	.debug_abbrev,"",%progbits
 680              	.Ldebug_abbrev0:
 681 0000 01       		.uleb128 0x1
 682 0001 11       		.uleb128 0x11
 683 0002 01       		.byte	0x1
 684 0003 25       		.uleb128 0x25
 685 0004 0E       		.uleb128 0xe
 686 0005 13       		.uleb128 0x13
 687 0006 0B       		.uleb128 0xb
 688 0007 03       		.uleb128 0x3
 689 0008 0E       		.uleb128 0xe
 690 0009 1B       		.uleb128 0x1b
 691 000a 0E       		.uleb128 0xe
 692 000b 55       		.uleb128 0x55
 693 000c 06       		.uleb128 0x6
 694 000d 11       		.uleb128 0x11
 695 000e 01       		.uleb128 0x1
 696 000f 52       		.uleb128 0x52
 697 0010 01       		.uleb128 0x1
 698 0011 10       		.uleb128 0x10
 699 0012 06       		.uleb128 0x6
 700 0013 00       		.byte	0
 701 0014 00       		.byte	0
 702 0015 02       		.uleb128 0x2
 703 0016 24       		.uleb128 0x24
 704 0017 00       		.byte	0
 705 0018 0B       		.uleb128 0xb
 706 0019 0B       		.uleb128 0xb
 707 001a 3E       		.uleb128 0x3e
 708 001b 0B       		.uleb128 0xb
 709 001c 03       		.uleb128 0x3
 710 001d 0E       		.uleb128 0xe
 711 001e 00       		.byte	0
 712 001f 00       		.byte	0
 713 0020 03       		.uleb128 0x3
 714 0021 24       		.uleb128 0x24
 715 0022 00       		.byte	0
 716 0023 0B       		.uleb128 0xb
 717 0024 0B       		.uleb128 0xb
 718 0025 3E       		.uleb128 0x3e
ARM GAS  C:\Users\CHUCK~1.ERH\AppData\Local\Temp\ccPoE0SU.s 			page 15


 719 0026 0B       		.uleb128 0xb
 720 0027 03       		.uleb128 0x3
 721 0028 08       		.uleb128 0x8
 722 0029 00       		.byte	0
 723 002a 00       		.byte	0
 724 002b 04       		.uleb128 0x4
 725 002c 16       		.uleb128 0x16
 726 002d 00       		.byte	0
 727 002e 03       		.uleb128 0x3
 728 002f 0E       		.uleb128 0xe
 729 0030 3A       		.uleb128 0x3a
 730 0031 0B       		.uleb128 0xb
 731 0032 3B       		.uleb128 0x3b
 732 0033 0B       		.uleb128 0xb
 733 0034 49       		.uleb128 0x49
 734 0035 13       		.uleb128 0x13
 735 0036 00       		.byte	0
 736 0037 00       		.byte	0
 737 0038 05       		.uleb128 0x5
 738 0039 0F       		.uleb128 0xf
 739 003a 00       		.byte	0
 740 003b 0B       		.uleb128 0xb
 741 003c 0B       		.uleb128 0xb
 742 003d 49       		.uleb128 0x49
 743 003e 13       		.uleb128 0x13
 744 003f 00       		.byte	0
 745 0040 00       		.byte	0
 746 0041 06       		.uleb128 0x6
 747 0042 26       		.uleb128 0x26
 748 0043 00       		.byte	0
 749 0044 49       		.uleb128 0x49
 750 0045 13       		.uleb128 0x13
 751 0046 00       		.byte	0
 752 0047 00       		.byte	0
 753 0048 07       		.uleb128 0x7
 754 0049 2E       		.uleb128 0x2e
 755 004a 01       		.byte	0x1
 756 004b 3F       		.uleb128 0x3f
 757 004c 0C       		.uleb128 0xc
 758 004d 03       		.uleb128 0x3
 759 004e 0E       		.uleb128 0xe
 760 004f 3A       		.uleb128 0x3a
 761 0050 0B       		.uleb128 0xb
 762 0051 3B       		.uleb128 0x3b
 763 0052 0B       		.uleb128 0xb
 764 0053 27       		.uleb128 0x27
 765 0054 0C       		.uleb128 0xc
 766 0055 11       		.uleb128 0x11
 767 0056 01       		.uleb128 0x1
 768 0057 12       		.uleb128 0x12
 769 0058 01       		.uleb128 0x1
 770 0059 40       		.uleb128 0x40
 771 005a 06       		.uleb128 0x6
 772 005b 9742     		.uleb128 0x2117
 773 005d 0C       		.uleb128 0xc
 774 005e 01       		.uleb128 0x1
 775 005f 13       		.uleb128 0x13
ARM GAS  C:\Users\CHUCK~1.ERH\AppData\Local\Temp\ccPoE0SU.s 			page 16


 776 0060 00       		.byte	0
 777 0061 00       		.byte	0
 778 0062 08       		.uleb128 0x8
 779 0063 34       		.uleb128 0x34
 780 0064 00       		.byte	0
 781 0065 03       		.uleb128 0x3
 782 0066 0E       		.uleb128 0xe
 783 0067 3A       		.uleb128 0x3a
 784 0068 0B       		.uleb128 0xb
 785 0069 3B       		.uleb128 0x3b
 786 006a 0B       		.uleb128 0xb
 787 006b 49       		.uleb128 0x49
 788 006c 13       		.uleb128 0x13
 789 006d 02       		.uleb128 0x2
 790 006e 06       		.uleb128 0x6
 791 006f 00       		.byte	0
 792 0070 00       		.byte	0
 793 0071 09       		.uleb128 0x9
 794 0072 34       		.uleb128 0x34
 795 0073 00       		.byte	0
 796 0074 03       		.uleb128 0x3
 797 0075 0E       		.uleb128 0xe
 798 0076 3A       		.uleb128 0x3a
 799 0077 0B       		.uleb128 0xb
 800 0078 3B       		.uleb128 0x3b
 801 0079 0B       		.uleb128 0xb
 802 007a 49       		.uleb128 0x49
 803 007b 13       		.uleb128 0x13
 804 007c 02       		.uleb128 0x2
 805 007d 0A       		.uleb128 0xa
 806 007e 00       		.byte	0
 807 007f 00       		.byte	0
 808 0080 0A       		.uleb128 0xa
 809 0081 898201   		.uleb128 0x4109
 810 0084 00       		.byte	0
 811 0085 11       		.uleb128 0x11
 812 0086 01       		.uleb128 0x1
 813 0087 31       		.uleb128 0x31
 814 0088 13       		.uleb128 0x13
 815 0089 00       		.byte	0
 816 008a 00       		.byte	0
 817 008b 0B       		.uleb128 0xb
 818 008c 898201   		.uleb128 0x4109
 819 008f 01       		.byte	0x1
 820 0090 11       		.uleb128 0x11
 821 0091 01       		.uleb128 0x1
 822 0092 31       		.uleb128 0x31
 823 0093 13       		.uleb128 0x13
 824 0094 01       		.uleb128 0x1
 825 0095 13       		.uleb128 0x13
 826 0096 00       		.byte	0
 827 0097 00       		.byte	0
 828 0098 0C       		.uleb128 0xc
 829 0099 8A8201   		.uleb128 0x410a
 830 009c 00       		.byte	0
 831 009d 02       		.uleb128 0x2
 832 009e 0A       		.uleb128 0xa
ARM GAS  C:\Users\CHUCK~1.ERH\AppData\Local\Temp\ccPoE0SU.s 			page 17


 833 009f 9142     		.uleb128 0x2111
 834 00a1 0A       		.uleb128 0xa
 835 00a2 00       		.byte	0
 836 00a3 00       		.byte	0
 837 00a4 0D       		.uleb128 0xd
 838 00a5 898201   		.uleb128 0x4109
 839 00a8 01       		.byte	0x1
 840 00a9 11       		.uleb128 0x11
 841 00aa 01       		.uleb128 0x1
 842 00ab 31       		.uleb128 0x31
 843 00ac 13       		.uleb128 0x13
 844 00ad 00       		.byte	0
 845 00ae 00       		.byte	0
 846 00af 0E       		.uleb128 0xe
 847 00b0 01       		.uleb128 0x1
 848 00b1 01       		.byte	0x1
 849 00b2 49       		.uleb128 0x49
 850 00b3 13       		.uleb128 0x13
 851 00b4 01       		.uleb128 0x1
 852 00b5 13       		.uleb128 0x13
 853 00b6 00       		.byte	0
 854 00b7 00       		.byte	0
 855 00b8 0F       		.uleb128 0xf
 856 00b9 21       		.uleb128 0x21
 857 00ba 00       		.byte	0
 858 00bb 49       		.uleb128 0x49
 859 00bc 13       		.uleb128 0x13
 860 00bd 2F       		.uleb128 0x2f
 861 00be 0B       		.uleb128 0xb
 862 00bf 00       		.byte	0
 863 00c0 00       		.byte	0
 864 00c1 10       		.uleb128 0x10
 865 00c2 21       		.uleb128 0x21
 866 00c3 00       		.byte	0
 867 00c4 49       		.uleb128 0x49
 868 00c5 13       		.uleb128 0x13
 869 00c6 2F       		.uleb128 0x2f
 870 00c7 05       		.uleb128 0x5
 871 00c8 00       		.byte	0
 872 00c9 00       		.byte	0
 873 00ca 11       		.uleb128 0x11
 874 00cb 2E       		.uleb128 0x2e
 875 00cc 01       		.byte	0x1
 876 00cd 3F       		.uleb128 0x3f
 877 00ce 0C       		.uleb128 0xc
 878 00cf 03       		.uleb128 0x3
 879 00d0 0E       		.uleb128 0xe
 880 00d1 3A       		.uleb128 0x3a
 881 00d2 0B       		.uleb128 0xb
 882 00d3 3B       		.uleb128 0x3b
 883 00d4 0B       		.uleb128 0xb
 884 00d5 49       		.uleb128 0x49
 885 00d6 13       		.uleb128 0x13
 886 00d7 11       		.uleb128 0x11
 887 00d8 01       		.uleb128 0x1
 888 00d9 12       		.uleb128 0x12
 889 00da 01       		.uleb128 0x1
ARM GAS  C:\Users\CHUCK~1.ERH\AppData\Local\Temp\ccPoE0SU.s 			page 18


 890 00db 40       		.uleb128 0x40
 891 00dc 06       		.uleb128 0x6
 892 00dd 9742     		.uleb128 0x2117
 893 00df 0C       		.uleb128 0xc
 894 00e0 01       		.uleb128 0x1
 895 00e1 13       		.uleb128 0x13
 896 00e2 00       		.byte	0
 897 00e3 00       		.byte	0
 898 00e4 12       		.uleb128 0x12
 899 00e5 34       		.uleb128 0x34
 900 00e6 00       		.byte	0
 901 00e7 03       		.uleb128 0x3
 902 00e8 0E       		.uleb128 0xe
 903 00e9 3A       		.uleb128 0x3a
 904 00ea 0B       		.uleb128 0xb
 905 00eb 3B       		.uleb128 0x3b
 906 00ec 0B       		.uleb128 0xb
 907 00ed 49       		.uleb128 0x49
 908 00ee 13       		.uleb128 0x13
 909 00ef 00       		.byte	0
 910 00f0 00       		.byte	0
 911 00f1 13       		.uleb128 0x13
 912 00f2 34       		.uleb128 0x34
 913 00f3 00       		.byte	0
 914 00f4 03       		.uleb128 0x3
 915 00f5 08       		.uleb128 0x8
 916 00f6 3A       		.uleb128 0x3a
 917 00f7 0B       		.uleb128 0xb
 918 00f8 3B       		.uleb128 0x3b
 919 00f9 0B       		.uleb128 0xb
 920 00fa 49       		.uleb128 0x49
 921 00fb 13       		.uleb128 0x13
 922 00fc 00       		.byte	0
 923 00fd 00       		.byte	0
 924 00fe 14       		.uleb128 0x14
 925 00ff 34       		.uleb128 0x34
 926 0100 00       		.byte	0
 927 0101 03       		.uleb128 0x3
 928 0102 0E       		.uleb128 0xe
 929 0103 3A       		.uleb128 0x3a
 930 0104 0B       		.uleb128 0xb
 931 0105 3B       		.uleb128 0x3b
 932 0106 0B       		.uleb128 0xb
 933 0107 49       		.uleb128 0x49
 934 0108 13       		.uleb128 0x13
 935 0109 3F       		.uleb128 0x3f
 936 010a 0C       		.uleb128 0xc
 937 010b 02       		.uleb128 0x2
 938 010c 0A       		.uleb128 0xa
 939 010d 00       		.byte	0
 940 010e 00       		.byte	0
 941 010f 15       		.uleb128 0x15
 942 0110 2E       		.uleb128 0x2e
 943 0111 00       		.byte	0
 944 0112 3F       		.uleb128 0x3f
 945 0113 0C       		.uleb128 0xc
 946 0114 03       		.uleb128 0x3
ARM GAS  C:\Users\CHUCK~1.ERH\AppData\Local\Temp\ccPoE0SU.s 			page 19


 947 0115 0E       		.uleb128 0xe
 948 0116 3A       		.uleb128 0x3a
 949 0117 0B       		.uleb128 0xb
 950 0118 3B       		.uleb128 0x3b
 951 0119 0B       		.uleb128 0xb
 952 011a 27       		.uleb128 0x27
 953 011b 0C       		.uleb128 0xc
 954 011c 3C       		.uleb128 0x3c
 955 011d 0C       		.uleb128 0xc
 956 011e 00       		.byte	0
 957 011f 00       		.byte	0
 958 0120 16       		.uleb128 0x16
 959 0121 2E       		.uleb128 0x2e
 960 0122 01       		.byte	0x1
 961 0123 3F       		.uleb128 0x3f
 962 0124 0C       		.uleb128 0xc
 963 0125 03       		.uleb128 0x3
 964 0126 0E       		.uleb128 0xe
 965 0127 3A       		.uleb128 0x3a
 966 0128 0B       		.uleb128 0xb
 967 0129 3B       		.uleb128 0x3b
 968 012a 05       		.uleb128 0x5
 969 012b 27       		.uleb128 0x27
 970 012c 0C       		.uleb128 0xc
 971 012d 49       		.uleb128 0x49
 972 012e 13       		.uleb128 0x13
 973 012f 3C       		.uleb128 0x3c
 974 0130 0C       		.uleb128 0xc
 975 0131 01       		.uleb128 0x1
 976 0132 13       		.uleb128 0x13
 977 0133 00       		.byte	0
 978 0134 00       		.byte	0
 979 0135 17       		.uleb128 0x17
 980 0136 05       		.uleb128 0x5
 981 0137 00       		.byte	0
 982 0138 49       		.uleb128 0x49
 983 0139 13       		.uleb128 0x13
 984 013a 00       		.byte	0
 985 013b 00       		.byte	0
 986 013c 18       		.uleb128 0x18
 987 013d 2E       		.uleb128 0x2e
 988 013e 01       		.byte	0x1
 989 013f 3F       		.uleb128 0x3f
 990 0140 0C       		.uleb128 0xc
 991 0141 03       		.uleb128 0x3
 992 0142 0E       		.uleb128 0xe
 993 0143 3A       		.uleb128 0x3a
 994 0144 0B       		.uleb128 0xb
 995 0145 3B       		.uleb128 0x3b
 996 0146 05       		.uleb128 0x5
 997 0147 27       		.uleb128 0x27
 998 0148 0C       		.uleb128 0xc
 999 0149 3C       		.uleb128 0x3c
 1000 014a 0C       		.uleb128 0xc
 1001 014b 01       		.uleb128 0x1
 1002 014c 13       		.uleb128 0x13
 1003 014d 00       		.byte	0
ARM GAS  C:\Users\CHUCK~1.ERH\AppData\Local\Temp\ccPoE0SU.s 			page 20


 1004 014e 00       		.byte	0
 1005 014f 19       		.uleb128 0x19
 1006 0150 2E       		.uleb128 0x2e
 1007 0151 01       		.byte	0x1
 1008 0152 3F       		.uleb128 0x3f
 1009 0153 0C       		.uleb128 0xc
 1010 0154 03       		.uleb128 0x3
 1011 0155 0E       		.uleb128 0xe
 1012 0156 3A       		.uleb128 0x3a
 1013 0157 0B       		.uleb128 0xb
 1014 0158 3B       		.uleb128 0x3b
 1015 0159 0B       		.uleb128 0xb
 1016 015a 27       		.uleb128 0x27
 1017 015b 0C       		.uleb128 0xc
 1018 015c 3C       		.uleb128 0x3c
 1019 015d 0C       		.uleb128 0xc
 1020 015e 01       		.uleb128 0x1
 1021 015f 13       		.uleb128 0x13
 1022 0160 00       		.byte	0
 1023 0161 00       		.byte	0
 1024 0162 1A       		.uleb128 0x1a
 1025 0163 2E       		.uleb128 0x2e
 1026 0164 01       		.byte	0x1
 1027 0165 3F       		.uleb128 0x3f
 1028 0166 0C       		.uleb128 0xc
 1029 0167 03       		.uleb128 0x3
 1030 0168 0E       		.uleb128 0xe
 1031 0169 3A       		.uleb128 0x3a
 1032 016a 0B       		.uleb128 0xb
 1033 016b 3B       		.uleb128 0x3b
 1034 016c 0B       		.uleb128 0xb
 1035 016d 27       		.uleb128 0x27
 1036 016e 0C       		.uleb128 0xc
 1037 016f 49       		.uleb128 0x49
 1038 0170 13       		.uleb128 0x13
 1039 0171 3C       		.uleb128 0x3c
 1040 0172 0C       		.uleb128 0xc
 1041 0173 00       		.byte	0
 1042 0174 00       		.byte	0
 1043 0175 1B       		.uleb128 0x1b
 1044 0176 18       		.uleb128 0x18
 1045 0177 00       		.byte	0
 1046 0178 00       		.byte	0
 1047 0179 00       		.byte	0
 1048 017a 00       		.byte	0
 1049              		.section	.debug_loc,"",%progbits
 1050              	.Ldebug_loc0:
 1051              	.LLST0:
 1052 0000 00000000 		.4byte	.LFB33
 1053 0004 02000000 		.4byte	.LCFI0
 1054 0008 0200     		.2byte	0x2
 1055 000a 7D       		.byte	0x7d
 1056 000b 00       		.sleb128 0
 1057 000c 02000000 		.4byte	.LCFI0
 1058 0010 06000000 		.4byte	.LCFI1
 1059 0014 0200     		.2byte	0x2
 1060 0016 7D       		.byte	0x7d
ARM GAS  C:\Users\CHUCK~1.ERH\AppData\Local\Temp\ccPoE0SU.s 			page 21


 1061 0017 0C       		.sleb128 12
 1062 0018 06000000 		.4byte	.LCFI1
 1063 001c 8C000000 		.4byte	.LFE33
 1064 0020 0300     		.2byte	0x3
 1065 0022 7D       		.byte	0x7d
 1066 0023 E011     		.sleb128 2272
 1067 0025 00000000 		.4byte	0
 1068 0029 00000000 		.4byte	0
 1069              	.LLST1:
 1070 002d 16000000 		.4byte	.LVL4
 1071 0031 19000000 		.4byte	.LVL5-1
 1072 0035 0100     		.2byte	0x1
 1073 0037 50       		.byte	0x50
 1074 0038 19000000 		.4byte	.LVL5-1
 1075 003c 8C000000 		.4byte	.LFE33
 1076 0040 0100     		.2byte	0x1
 1077 0042 54       		.byte	0x54
 1078 0043 00000000 		.4byte	0
 1079 0047 00000000 		.4byte	0
 1080              	.LLST2:
 1081 004b 00000000 		.4byte	.LVL0
 1082 004f 1A000000 		.4byte	.LVL5
 1083 0053 0200     		.2byte	0x2
 1084 0055 30       		.byte	0x30
 1085 0056 9F       		.byte	0x9f
 1086 0057 5A000000 		.4byte	.LVL14
 1087 005b 5C000000 		.4byte	.LVL15
 1088 005f 0100     		.2byte	0x1
 1089 0061 50       		.byte	0x50
 1090 0062 5C000000 		.4byte	.LVL15
 1091 0066 8C000000 		.4byte	.LFE33
 1092 006a 0100     		.2byte	0x1
 1093 006c 55       		.byte	0x55
 1094 006d 00000000 		.4byte	0
 1095 0071 00000000 		.4byte	0
 1096              	.LLST3:
 1097 0075 00000000 		.4byte	.LVL0
 1098 0079 1A000000 		.4byte	.LVL5
 1099 007d 0200     		.2byte	0x2
 1100 007f 30       		.byte	0x30
 1101 0080 9F       		.byte	0x9f
 1102 0081 4E000000 		.4byte	.LVL11
 1103 0085 54000000 		.4byte	.LVL12
 1104 0089 0100     		.2byte	0x1
 1105 008b 50       		.byte	0x50
 1106 008c 66000000 		.4byte	.LVL17
 1107 0090 6E000000 		.4byte	.LVL18
 1108 0094 0100     		.2byte	0x1
 1109 0096 50       		.byte	0x50
 1110 0097 00000000 		.4byte	0
 1111 009b 00000000 		.4byte	0
 1112              	.LLST4:
 1113 009f 00000000 		.4byte	.LFB34
 1114 00a3 02000000 		.4byte	.LCFI2
 1115 00a7 0200     		.2byte	0x2
 1116 00a9 7D       		.byte	0x7d
 1117 00aa 00       		.sleb128 0
ARM GAS  C:\Users\CHUCK~1.ERH\AppData\Local\Temp\ccPoE0SU.s 			page 22


 1118 00ab 02000000 		.4byte	.LCFI2
 1119 00af 06000000 		.4byte	.LFE34
 1120 00b3 0200     		.2byte	0x2
 1121 00b5 7D       		.byte	0x7d
 1122 00b6 08       		.sleb128 8
 1123 00b7 00000000 		.4byte	0
 1124 00bb 00000000 		.4byte	0
 1125              		.section	.debug_aranges,"",%progbits
 1126 0000 24000000 		.4byte	0x24
 1127 0004 0200     		.2byte	0x2
 1128 0006 00000000 		.4byte	.Ldebug_info0
 1129 000a 04       		.byte	0x4
 1130 000b 00       		.byte	0
 1131 000c 0000     		.2byte	0
 1132 000e 0000     		.2byte	0
 1133 0010 00000000 		.4byte	.LFB33
 1134 0014 8C000000 		.4byte	.LFE33-.LFB33
 1135 0018 00000000 		.4byte	.LFB34
 1136 001c 06000000 		.4byte	.LFE34-.LFB34
 1137 0020 00000000 		.4byte	0
 1138 0024 00000000 		.4byte	0
 1139              		.section	.debug_ranges,"",%progbits
 1140              	.Ldebug_ranges0:
 1141 0000 00000000 		.4byte	.LFB33
 1142 0004 8C000000 		.4byte	.LFE33
 1143 0008 00000000 		.4byte	.LFB34
 1144 000c 06000000 		.4byte	.LFE34
 1145 0010 00000000 		.4byte	0
 1146 0014 00000000 		.4byte	0
 1147              		.section	.debug_line,"",%progbits
 1148              	.Ldebug_line0:
 1149 0000 4D010000 		.section	.debug_str,"MS",%progbits,1
 1149      02000901 
 1149      00000201 
 1149      FB0E0D00 
 1149      01010101 
 1150              	.LASF26:
 1151 0000 53504930 		.ascii	"SPI0_Start\000"
 1151      5F537461 
 1151      727400
 1152              	.LASF3:
 1153 000b 73686F72 		.ascii	"short unsigned int\000"
 1153      7420756E 
 1153      7369676E 
 1153      65642069 
 1153      6E7400
 1154              	.LASF34:
 1155 001e 45544830 		.ascii	"ETH0_TcpReceive\000"
 1155      5F546370 
 1155      52656365 
 1155      69766500 
 1156              	.LASF25:
 1157 002e 626C7565 		.ascii	"blue\000"
 1157      00
 1158              	.LASF12:
 1159 0033 666C6F61 		.ascii	"float\000"
 1159      7400
ARM GAS  C:\Users\CHUCK~1.ERH\AppData\Local\Temp\ccPoE0SU.s 			page 23


 1160              	.LASF0:
 1161 0039 7369676E 		.ascii	"signed char\000"
 1161      65642063 
 1161      68617200 
 1162              	.LASF1:
 1163 0045 756E7369 		.ascii	"unsigned char\000"
 1163      676E6564 
 1163      20636861 
 1163      7200
 1164              	.LASF28:
 1165 0053 45544830 		.ascii	"ETH0_TcpOpen\000"
 1165      5F546370 
 1165      4F70656E 
 1165      00
 1166              	.LASF5:
 1167 0060 6C6F6E67 		.ascii	"long unsigned int\000"
 1167      20756E73 
 1167      69676E65 
 1167      6420696E 
 1167      7400
 1168              	.LASF23:
 1169 0072 74656D70 		.ascii	"temp\000"
 1169      00
 1170              	.LASF9:
 1171 0077 75696E74 		.ascii	"uint8\000"
 1171      3800
 1172              	.LASF24:
 1173 007d 67726565 		.ascii	"green\000"
 1173      6E00
 1174              	.LASF38:
 1175 0083 433A5C55 		.ascii	"C:\\Users\\chuck.erhardt\\Documents\\GitHub\\PSoC-W"
 1175      73657273 
 1175      5C636875 
 1175      636B2E65 
 1175      72686172 
 1176 00b1 35313030 		.ascii	"5100-Driver\\PSoCPioneer+ArduinoShield_Example.cyds"
 1176      2D447269 
 1176      7665725C 
 1176      50536F43 
 1176      50696F6E 
 1177 00e3 6E00     		.ascii	"n\000"
 1178              	.LASF13:
 1179 00e5 646F7562 		.ascii	"double\000"
 1179      6C6500
 1180              	.LASF37:
 1181 00ec 2E5C6D61 		.ascii	".\\main.c\000"
 1181      696E2E63 
 1181      00
 1182              	.LASF18:
 1183 00f5 4F757470 		.ascii	"OutputString\000"
 1183      75745374 
 1183      72696E67 
 1183      00
 1184              	.LASF10:
 1185 0102 75696E74 		.ascii	"uint16\000"
 1185      313600
 1186              	.LASF11:
ARM GAS  C:\Users\CHUCK~1.ERH\AppData\Local\Temp\ccPoE0SU.s 			page 24


 1187 0109 75696E74 		.ascii	"uint32\000"
 1187      333200
 1188              	.LASF22:
 1189 0110 6D61696E 		.ascii	"main\000"
 1189      00
 1190              	.LASF20:
 1191 0115 74657374 		.ascii	"test\000"
 1191      00
 1192              	.LASF8:
 1193 011a 756E7369 		.ascii	"unsigned int\000"
 1193      676E6564 
 1193      20696E74 
 1193      00
 1194              	.LASF29:
 1195 0127 45544830 		.ascii	"ETH0_TcpConnected\000"
 1195      5F546370 
 1195      436F6E6E 
 1195      65637465 
 1195      6400
 1196              	.LASF7:
 1197 0139 6C6F6E67 		.ascii	"long long unsigned int\000"
 1197      206C6F6E 
 1197      6720756E 
 1197      7369676E 
 1197      65642069 
 1198              	.LASF21:
 1199 0150 7061766C 		.ascii	"pavloven_test\000"
 1199      6F76656E 
 1199      5F746573 
 1199      7400
 1200              	.LASF27:
 1201 015e 45544830 		.ascii	"ETH0_Start\000"
 1201      5F537461 
 1201      727400
 1202              	.LASF15:
 1203 0169 73697A65 		.ascii	"sizetype\000"
 1203      74797065 
 1203      00
 1204              	.LASF30:
 1205 0172 45544830 		.ascii	"ETH0_TcpStartServer\000"
 1205      5F546370 
 1205      53746172 
 1205      74536572 
 1205      76657200 
 1206              	.LASF6:
 1207 0186 6C6F6E67 		.ascii	"long long int\000"
 1207      206C6F6E 
 1207      6720696E 
 1207      7400
 1208              	.LASF33:
 1209 0194 45544830 		.ascii	"ETH0_TcpPrint\000"
 1209      5F546370 
 1209      5072696E 
 1209      7400
 1210              	.LASF14:
 1211 01a2 63686172 		.ascii	"char\000"
 1211      00
ARM GAS  C:\Users\CHUCK~1.ERH\AppData\Local\Temp\ccPoE0SU.s 			page 25


 1212              	.LASF2:
 1213 01a7 73686F72 		.ascii	"short int\000"
 1213      7420696E 
 1213      7400
 1214              	.LASF19:
 1215 01b1 62756666 		.ascii	"buffer\000"
 1215      657200
 1216              	.LASF36:
 1217 01b8 474E5520 		.ascii	"GNU C 4.7.3 20130312 (release) [ARM/embedded-4_7-br"
 1217      4320342E 
 1217      372E3320 
 1217      32303133 
 1217      30333132 
 1218 01eb 616E6368 		.ascii	"anch revision 196615]\000"
 1218      20726576 
 1218      6973696F 
 1218      6E203139 
 1218      36363135 
 1219              	.LASF16:
 1220 0201 736F636B 		.ascii	"socket\000"
 1220      657400
 1221              	.LASF4:
 1222 0208 6C6F6E67 		.ascii	"long int\000"
 1222      20696E74 
 1222      00
 1223              	.LASF39:
 1224 0211 72616E64 		.ascii	"randomData\000"
 1224      6F6D4461 
 1224      746100
 1225              	.LASF17:
 1226 021c 6C656E67 		.ascii	"length\000"
 1226      746800
 1227              	.LASF32:
 1228 0223 45544830 		.ascii	"ETH0_SocketRxDataWaiting\000"
 1228      5F536F63 
 1228      6B657452 
 1228      78446174 
 1228      61576169 
 1229              	.LASF35:
 1230 023c 73707269 		.ascii	"sprintf\000"
 1230      6E746600 
 1231              	.LASF31:
 1232 0244 43794465 		.ascii	"CyDelay\000"
 1232      6C617900 
 1233              		.ident	"GCC: (GNU Tools for ARM Embedded Processors) 4.7.3 20130312 (release) [ARM/embedded-4_7-br
