ARM GAS  C:\Users\CHUCK~1.ERH\AppData\Local\Temp\cc79evlE.s 			page 1


   1              		.cpu cortex-m0
   2              		.fpu softvfp
   3              		.eabi_attribute 20, 1
   4              		.eabi_attribute 21, 1
   5              		.eabi_attribute 23, 3
   6              		.eabi_attribute 24, 1
   7              		.eabi_attribute 25, 1
   8              		.eabi_attribute 26, 1
   9              		.eabi_attribute 30, 4
  10              		.eabi_attribute 34, 0
  11              		.eabi_attribute 18, 4
  12              		.code	16
  13              		.file	"SDCS.c"
  14              		.text
  15              	.Ltext0:
  16              		.cfi_sections	.debug_frame
  17              		.section	.text.SDCS_Write,"ax",%progbits
  18              		.align	1
  19              		.global	SDCS_Write
  20              		.code	16
  21              		.thumb_func
  22              		.type	SDCS_Write, %function
  23              	SDCS_Write:
  24              	.LFB0:
  25              		.file 1 ".\\Generated_Source\\PSoC4\\SDCS.c"
   1:.\Generated_Source\PSoC4/SDCS.c **** /*******************************************************************************
   2:.\Generated_Source\PSoC4/SDCS.c **** * File Name: SDCS.c  
   3:.\Generated_Source\PSoC4/SDCS.c **** * Version 1.90
   4:.\Generated_Source\PSoC4/SDCS.c **** *
   5:.\Generated_Source\PSoC4/SDCS.c **** * Description:
   6:.\Generated_Source\PSoC4/SDCS.c **** *  This file contains API to enable firmware control of a Pins component.
   7:.\Generated_Source\PSoC4/SDCS.c **** *
   8:.\Generated_Source\PSoC4/SDCS.c **** * Note:
   9:.\Generated_Source\PSoC4/SDCS.c **** *
  10:.\Generated_Source\PSoC4/SDCS.c **** ********************************************************************************
  11:.\Generated_Source\PSoC4/SDCS.c **** * Copyright 2008-2012, Cypress Semiconductor Corporation.  All rights reserved.
  12:.\Generated_Source\PSoC4/SDCS.c **** * You may use this file only in accordance with the license, terms, conditions, 
  13:.\Generated_Source\PSoC4/SDCS.c **** * disclaimers, and limitations in the end user license agreement accompanying 
  14:.\Generated_Source\PSoC4/SDCS.c **** * the software package with which this file was provided.
  15:.\Generated_Source\PSoC4/SDCS.c **** *******************************************************************************/
  16:.\Generated_Source\PSoC4/SDCS.c **** 
  17:.\Generated_Source\PSoC4/SDCS.c **** #include "cytypes.h"
  18:.\Generated_Source\PSoC4/SDCS.c **** #include "SDCS.h"
  19:.\Generated_Source\PSoC4/SDCS.c **** 
  20:.\Generated_Source\PSoC4/SDCS.c **** #define SetP4PinDriveMode(shift, mode)  \
  21:.\Generated_Source\PSoC4/SDCS.c ****     do { \
  22:.\Generated_Source\PSoC4/SDCS.c ****         SDCS_PC =   (SDCS_PC & \
  23:.\Generated_Source\PSoC4/SDCS.c ****                                 (uint32)(~(uint32)(SDCS_DRIVE_MODE_IND_MASK << (SDCS_DRIVE_MODE_BIT
  24:.\Generated_Source\PSoC4/SDCS.c ****                                 (uint32)((uint32)(mode) << (SDCS_DRIVE_MODE_BITS * (shift))); \
  25:.\Generated_Source\PSoC4/SDCS.c ****     } while (0)
  26:.\Generated_Source\PSoC4/SDCS.c **** 
  27:.\Generated_Source\PSoC4/SDCS.c **** 
  28:.\Generated_Source\PSoC4/SDCS.c **** /*******************************************************************************
  29:.\Generated_Source\PSoC4/SDCS.c **** * Function Name: SDCS_Write
  30:.\Generated_Source\PSoC4/SDCS.c **** ********************************************************************************
  31:.\Generated_Source\PSoC4/SDCS.c **** *
  32:.\Generated_Source\PSoC4/SDCS.c **** * Summary:
ARM GAS  C:\Users\CHUCK~1.ERH\AppData\Local\Temp\cc79evlE.s 			page 2


  33:.\Generated_Source\PSoC4/SDCS.c **** *  Assign a new value to the digital port's data output register.  
  34:.\Generated_Source\PSoC4/SDCS.c **** *
  35:.\Generated_Source\PSoC4/SDCS.c **** * Parameters:  
  36:.\Generated_Source\PSoC4/SDCS.c **** *  prtValue:  The value to be assigned to the Digital Port. 
  37:.\Generated_Source\PSoC4/SDCS.c **** *
  38:.\Generated_Source\PSoC4/SDCS.c **** * Return: 
  39:.\Generated_Source\PSoC4/SDCS.c **** *  None 
  40:.\Generated_Source\PSoC4/SDCS.c **** *  
  41:.\Generated_Source\PSoC4/SDCS.c **** *******************************************************************************/
  42:.\Generated_Source\PSoC4/SDCS.c **** void SDCS_Write(uint8 value) 
  43:.\Generated_Source\PSoC4/SDCS.c **** {
  26              		.loc 1 43 0
  27              		.cfi_startproc
  28              	.LVL0:
  44:.\Generated_Source\PSoC4/SDCS.c ****     uint8 drVal = (uint8)(SDCS_DR & (uint8)(~SDCS_MASK));
  29              		.loc 1 44 0
  30 0000 044B     		ldr	r3, .L2
  31 0002 FE22     		mov	r2, #254
  32 0004 1968     		ldr	r1, [r3]
  45:.\Generated_Source\PSoC4/SDCS.c ****     drVal = (drVal | ((uint8)(value << SDCS_SHIFT) & SDCS_MASK));
  46:.\Generated_Source\PSoC4/SDCS.c ****     SDCS_DR = (uint32)drVal;
  47:.\Generated_Source\PSoC4/SDCS.c **** }
  33              		.loc 1 47 0
  34              		@ sp needed for prologue
  44:.\Generated_Source\PSoC4/SDCS.c ****     uint8 drVal = (uint8)(SDCS_DR & (uint8)(~SDCS_MASK));
  35              		.loc 1 44 0
  36 0006 0A40     		and	r2, r1
  37              	.LVL1:
  45:.\Generated_Source\PSoC4/SDCS.c ****     drVal = (drVal | ((uint8)(value << SDCS_SHIFT) & SDCS_MASK));
  38              		.loc 1 45 0
  39 0008 0121     		mov	r1, #1
  40 000a 0840     		and	r0, r1
  41              	.LVL2:
  46:.\Generated_Source\PSoC4/SDCS.c ****     SDCS_DR = (uint32)drVal;
  42              		.loc 1 46 0
  43 000c 1043     		orr	r0, r2
  44 000e 1860     		str	r0, [r3]
  45              		.loc 1 47 0
  46 0010 7047     		bx	lr
  47              	.L3:
  48 0012 C046     		.align	2
  49              	.L2:
  50 0014 00000440 		.word	1074003968
  51              		.cfi_endproc
  52              	.LFE0:
  53              		.size	SDCS_Write, .-SDCS_Write
  54              		.section	.text.SDCS_SetDriveMode,"ax",%progbits
  55              		.align	1
  56              		.global	SDCS_SetDriveMode
  57              		.code	16
  58              		.thumb_func
  59              		.type	SDCS_SetDriveMode, %function
  60              	SDCS_SetDriveMode:
  61              	.LFB1:
  48:.\Generated_Source\PSoC4/SDCS.c **** 
  49:.\Generated_Source\PSoC4/SDCS.c **** 
  50:.\Generated_Source\PSoC4/SDCS.c **** /*******************************************************************************
ARM GAS  C:\Users\CHUCK~1.ERH\AppData\Local\Temp\cc79evlE.s 			page 3


  51:.\Generated_Source\PSoC4/SDCS.c **** * Function Name: SDCS_SetDriveMode
  52:.\Generated_Source\PSoC4/SDCS.c **** ********************************************************************************
  53:.\Generated_Source\PSoC4/SDCS.c **** *
  54:.\Generated_Source\PSoC4/SDCS.c **** * Summary:
  55:.\Generated_Source\PSoC4/SDCS.c **** *  Change the drive mode on the pins of the port.
  56:.\Generated_Source\PSoC4/SDCS.c **** * 
  57:.\Generated_Source\PSoC4/SDCS.c **** * Parameters:  
  58:.\Generated_Source\PSoC4/SDCS.c **** *  mode:  Change the pins to this drive mode.
  59:.\Generated_Source\PSoC4/SDCS.c **** *
  60:.\Generated_Source\PSoC4/SDCS.c **** * Return: 
  61:.\Generated_Source\PSoC4/SDCS.c **** *  None
  62:.\Generated_Source\PSoC4/SDCS.c **** *
  63:.\Generated_Source\PSoC4/SDCS.c **** *******************************************************************************/
  64:.\Generated_Source\PSoC4/SDCS.c **** void SDCS_SetDriveMode(uint8 mode) 
  65:.\Generated_Source\PSoC4/SDCS.c **** {
  62              		.loc 1 65 0
  63              		.cfi_startproc
  64              	.LVL3:
  66:.\Generated_Source\PSoC4/SDCS.c **** 	SetP4PinDriveMode(SDCS__0__SHIFT, mode);
  65              		.loc 1 66 0
  66 0000 034B     		ldr	r3, .L5
  67 0002 0721     		mov	r1, #7
  68 0004 1A68     		ldr	r2, [r3]
  67:.\Generated_Source\PSoC4/SDCS.c **** }
  69              		.loc 1 67 0
  70              		@ sp needed for prologue
  66:.\Generated_Source\PSoC4/SDCS.c **** 	SetP4PinDriveMode(SDCS__0__SHIFT, mode);
  71              		.loc 1 66 0
  72 0006 8A43     		bic	r2, r1
  73 0008 1043     		orr	r0, r2
  74              	.LVL4:
  75 000a 1860     		str	r0, [r3]
  76              		.loc 1 67 0
  77 000c 7047     		bx	lr
  78              	.L6:
  79 000e C046     		.align	2
  80              	.L5:
  81 0010 08000440 		.word	1074003976
  82              		.cfi_endproc
  83              	.LFE1:
  84              		.size	SDCS_SetDriveMode, .-SDCS_SetDriveMode
  85              		.section	.text.SDCS_Read,"ax",%progbits
  86              		.align	1
  87              		.global	SDCS_Read
  88              		.code	16
  89              		.thumb_func
  90              		.type	SDCS_Read, %function
  91              	SDCS_Read:
  92              	.LFB2:
  68:.\Generated_Source\PSoC4/SDCS.c **** 
  69:.\Generated_Source\PSoC4/SDCS.c **** 
  70:.\Generated_Source\PSoC4/SDCS.c **** /*******************************************************************************
  71:.\Generated_Source\PSoC4/SDCS.c **** * Function Name: SDCS_Read
  72:.\Generated_Source\PSoC4/SDCS.c **** ********************************************************************************
  73:.\Generated_Source\PSoC4/SDCS.c **** *
  74:.\Generated_Source\PSoC4/SDCS.c **** * Summary:
  75:.\Generated_Source\PSoC4/SDCS.c **** *  Read the current value on the pins of the Digital Port in right justified 
ARM GAS  C:\Users\CHUCK~1.ERH\AppData\Local\Temp\cc79evlE.s 			page 4


  76:.\Generated_Source\PSoC4/SDCS.c **** *  form.
  77:.\Generated_Source\PSoC4/SDCS.c **** *
  78:.\Generated_Source\PSoC4/SDCS.c **** * Parameters:  
  79:.\Generated_Source\PSoC4/SDCS.c **** *  None 
  80:.\Generated_Source\PSoC4/SDCS.c **** *
  81:.\Generated_Source\PSoC4/SDCS.c **** * Return: 
  82:.\Generated_Source\PSoC4/SDCS.c **** *  Returns the current value of the Digital Port as a right justified number
  83:.\Generated_Source\PSoC4/SDCS.c **** *  
  84:.\Generated_Source\PSoC4/SDCS.c **** * Note:
  85:.\Generated_Source\PSoC4/SDCS.c **** *  Macro SDCS_ReadPS calls this function. 
  86:.\Generated_Source\PSoC4/SDCS.c **** *  
  87:.\Generated_Source\PSoC4/SDCS.c **** *******************************************************************************/
  88:.\Generated_Source\PSoC4/SDCS.c **** uint8 SDCS_Read(void) 
  89:.\Generated_Source\PSoC4/SDCS.c **** {
  93              		.loc 1 89 0
  94              		.cfi_startproc
  90:.\Generated_Source\PSoC4/SDCS.c ****     return (uint8)((SDCS_PS & SDCS_MASK) >> SDCS_SHIFT);
  95              		.loc 1 90 0
  96 0000 024B     		ldr	r3, .L8
  97 0002 0121     		mov	r1, #1
  98 0004 1868     		ldr	r0, [r3]
  91:.\Generated_Source\PSoC4/SDCS.c **** }
  99              		.loc 1 91 0
 100              		@ sp needed for prologue
  90:.\Generated_Source\PSoC4/SDCS.c ****     return (uint8)((SDCS_PS & SDCS_MASK) >> SDCS_SHIFT);
 101              		.loc 1 90 0
 102 0006 0840     		and	r0, r1
 103              		.loc 1 91 0
 104 0008 7047     		bx	lr
 105              	.L9:
 106 000a C046     		.align	2
 107              	.L8:
 108 000c 04000440 		.word	1074003972
 109              		.cfi_endproc
 110              	.LFE2:
 111              		.size	SDCS_Read, .-SDCS_Read
 112              		.section	.text.SDCS_ReadDataReg,"ax",%progbits
 113              		.align	1
 114              		.global	SDCS_ReadDataReg
 115              		.code	16
 116              		.thumb_func
 117              		.type	SDCS_ReadDataReg, %function
 118              	SDCS_ReadDataReg:
 119              	.LFB3:
  92:.\Generated_Source\PSoC4/SDCS.c **** 
  93:.\Generated_Source\PSoC4/SDCS.c **** 
  94:.\Generated_Source\PSoC4/SDCS.c **** /*******************************************************************************
  95:.\Generated_Source\PSoC4/SDCS.c **** * Function Name: SDCS_ReadDataReg
  96:.\Generated_Source\PSoC4/SDCS.c **** ********************************************************************************
  97:.\Generated_Source\PSoC4/SDCS.c **** *
  98:.\Generated_Source\PSoC4/SDCS.c **** * Summary:
  99:.\Generated_Source\PSoC4/SDCS.c **** *  Read the current value assigned to a Digital Port's data output register
 100:.\Generated_Source\PSoC4/SDCS.c **** *
 101:.\Generated_Source\PSoC4/SDCS.c **** * Parameters:  
 102:.\Generated_Source\PSoC4/SDCS.c **** *  None 
 103:.\Generated_Source\PSoC4/SDCS.c **** *
 104:.\Generated_Source\PSoC4/SDCS.c **** * Return: 
ARM GAS  C:\Users\CHUCK~1.ERH\AppData\Local\Temp\cc79evlE.s 			page 5


 105:.\Generated_Source\PSoC4/SDCS.c **** *  Returns the current value assigned to the Digital Port's data output register
 106:.\Generated_Source\PSoC4/SDCS.c **** *  
 107:.\Generated_Source\PSoC4/SDCS.c **** *******************************************************************************/
 108:.\Generated_Source\PSoC4/SDCS.c **** uint8 SDCS_ReadDataReg(void) 
 109:.\Generated_Source\PSoC4/SDCS.c **** {
 120              		.loc 1 109 0
 121              		.cfi_startproc
 110:.\Generated_Source\PSoC4/SDCS.c ****     return (uint8)((SDCS_DR & SDCS_MASK) >> SDCS_SHIFT);
 122              		.loc 1 110 0
 123 0000 024B     		ldr	r3, .L11
 124 0002 0121     		mov	r1, #1
 125 0004 1868     		ldr	r0, [r3]
 111:.\Generated_Source\PSoC4/SDCS.c **** }
 126              		.loc 1 111 0
 127              		@ sp needed for prologue
 110:.\Generated_Source\PSoC4/SDCS.c ****     return (uint8)((SDCS_DR & SDCS_MASK) >> SDCS_SHIFT);
 128              		.loc 1 110 0
 129 0006 0840     		and	r0, r1
 130              		.loc 1 111 0
 131 0008 7047     		bx	lr
 132              	.L12:
 133 000a C046     		.align	2
 134              	.L11:
 135 000c 00000440 		.word	1074003968
 136              		.cfi_endproc
 137              	.LFE3:
 138              		.size	SDCS_ReadDataReg, .-SDCS_ReadDataReg
 139              		.section	.text.SDCS_ClearInterrupt,"ax",%progbits
 140              		.align	1
 141              		.global	SDCS_ClearInterrupt
 142              		.code	16
 143              		.thumb_func
 144              		.type	SDCS_ClearInterrupt, %function
 145              	SDCS_ClearInterrupt:
 146              	.LFB4:
 112:.\Generated_Source\PSoC4/SDCS.c **** 
 113:.\Generated_Source\PSoC4/SDCS.c **** 
 114:.\Generated_Source\PSoC4/SDCS.c **** /* If Interrupts Are Enabled for this Pins component */ 
 115:.\Generated_Source\PSoC4/SDCS.c **** #if defined(SDCS_INTSTAT) 
 116:.\Generated_Source\PSoC4/SDCS.c **** 
 117:.\Generated_Source\PSoC4/SDCS.c ****     /*******************************************************************************
 118:.\Generated_Source\PSoC4/SDCS.c ****     * Function Name: SDCS_ClearInterrupt
 119:.\Generated_Source\PSoC4/SDCS.c ****     ********************************************************************************
 120:.\Generated_Source\PSoC4/SDCS.c ****     *
 121:.\Generated_Source\PSoC4/SDCS.c ****     * Summary:
 122:.\Generated_Source\PSoC4/SDCS.c ****     *  Clears any active interrupts attached to port and returns the value of the 
 123:.\Generated_Source\PSoC4/SDCS.c ****     *  interrupt status register.
 124:.\Generated_Source\PSoC4/SDCS.c ****     *
 125:.\Generated_Source\PSoC4/SDCS.c ****     * Parameters:  
 126:.\Generated_Source\PSoC4/SDCS.c ****     *  None 
 127:.\Generated_Source\PSoC4/SDCS.c ****     *
 128:.\Generated_Source\PSoC4/SDCS.c ****     * Return: 
 129:.\Generated_Source\PSoC4/SDCS.c ****     *  Returns the value of the interrupt status register
 130:.\Generated_Source\PSoC4/SDCS.c ****     *  
 131:.\Generated_Source\PSoC4/SDCS.c ****     *******************************************************************************/
 132:.\Generated_Source\PSoC4/SDCS.c ****     uint8 SDCS_ClearInterrupt(void) 
 133:.\Generated_Source\PSoC4/SDCS.c ****     {
ARM GAS  C:\Users\CHUCK~1.ERH\AppData\Local\Temp\cc79evlE.s 			page 6


 147              		.loc 1 133 0
 148              		.cfi_startproc
 134:.\Generated_Source\PSoC4/SDCS.c **** 		uint8 maskedStatus = (uint8)(SDCS_INTSTAT & SDCS_MASK);
 149              		.loc 1 134 0
 150 0000 024B     		ldr	r3, .L14
 151 0002 0122     		mov	r2, #1
 152 0004 1868     		ldr	r0, [r3]
 135:.\Generated_Source\PSoC4/SDCS.c **** 		SDCS_INTSTAT = maskedStatus;
 136:.\Generated_Source\PSoC4/SDCS.c ****         return maskedStatus >> SDCS_SHIFT;
 137:.\Generated_Source\PSoC4/SDCS.c ****     }
 153              		.loc 1 137 0
 154              		@ sp needed for prologue
 134:.\Generated_Source\PSoC4/SDCS.c **** 		uint8 maskedStatus = (uint8)(SDCS_INTSTAT & SDCS_MASK);
 155              		.loc 1 134 0
 156 0006 1040     		and	r0, r2
 157              	.LVL5:
 135:.\Generated_Source\PSoC4/SDCS.c **** 		SDCS_INTSTAT = maskedStatus;
 158              		.loc 1 135 0
 159 0008 1860     		str	r0, [r3]
 160              		.loc 1 137 0
 161 000a 7047     		bx	lr
 162              	.L15:
 163              		.align	2
 164              	.L14:
 165 000c 10000440 		.word	1074003984
 166              		.cfi_endproc
 167              	.LFE4:
 168              		.size	SDCS_ClearInterrupt, .-SDCS_ClearInterrupt
 169              		.text
 170              	.Letext0:
 171              		.file 2 ".\\Generated_Source\\PSoC4\\cytypes.h"
 172              		.section	.debug_info,"",%progbits
 173              	.Ldebug_info0:
 174 0000 61010000 		.4byte	0x161
 175 0004 0200     		.2byte	0x2
 176 0006 00000000 		.4byte	.Ldebug_abbrev0
 177 000a 04       		.byte	0x4
 178 000b 01       		.uleb128 0x1
 179 000c 61010000 		.4byte	.LASF24
 180 0010 01       		.byte	0x1
 181 0011 0C000000 		.4byte	.LASF25
 182 0015 7D000000 		.4byte	.LASF26
 183 0019 00000000 		.4byte	.Ldebug_ranges0+0
 184 001d 00000000 		.4byte	0
 185 0021 00000000 		.4byte	0
 186 0025 00000000 		.4byte	.Ldebug_line0
 187 0029 02       		.uleb128 0x2
 188 002a 01       		.byte	0x1
 189 002b 06       		.byte	0x6
 190 002c BE010000 		.4byte	.LASF0
 191 0030 02       		.uleb128 0x2
 192 0031 01       		.byte	0x1
 193 0032 08       		.byte	0x8
 194 0033 44000000 		.4byte	.LASF1
 195 0037 02       		.uleb128 0x2
 196 0038 02       		.byte	0x2
 197 0039 05       		.byte	0x5
ARM GAS  C:\Users\CHUCK~1.ERH\AppData\Local\Temp\cc79evlE.s 			page 7


 198 003a 51010000 		.4byte	.LASF2
 199 003e 02       		.uleb128 0x2
 200 003f 02       		.byte	0x2
 201 0040 07       		.byte	0x7
 202 0041 6A000000 		.4byte	.LASF3
 203 0045 02       		.uleb128 0x2
 204 0046 04       		.byte	0x4
 205 0047 05       		.byte	0x5
 206 0048 B5010000 		.4byte	.LASF4
 207 004c 02       		.uleb128 0x2
 208 004d 04       		.byte	0x4
 209 004e 07       		.byte	0x7
 210 004f 58000000 		.4byte	.LASF5
 211 0053 02       		.uleb128 0x2
 212 0054 08       		.byte	0x8
 213 0055 05       		.byte	0x5
 214 0056 31010000 		.4byte	.LASF6
 215 005a 02       		.uleb128 0x2
 216 005b 08       		.byte	0x8
 217 005c 07       		.byte	0x7
 218 005d 15010000 		.4byte	.LASF7
 219 0061 03       		.uleb128 0x3
 220 0062 04       		.byte	0x4
 221 0063 05       		.byte	0x5
 222 0064 696E7400 		.ascii	"int\000"
 223 0068 02       		.uleb128 0x2
 224 0069 04       		.byte	0x4
 225 006a 07       		.byte	0x7
 226 006b 08010000 		.4byte	.LASF8
 227 006f 04       		.uleb128 0x4
 228 0070 5B010000 		.4byte	.LASF9
 229 0074 02       		.byte	0x2
 230 0075 5B       		.byte	0x5b
 231 0076 30000000 		.4byte	0x30
 232 007a 04       		.uleb128 0x4
 233 007b 01010000 		.4byte	.LASF10
 234 007f 02       		.byte	0x2
 235 0080 5D       		.byte	0x5d
 236 0081 4C000000 		.4byte	0x4c
 237 0085 02       		.uleb128 0x2
 238 0086 04       		.byte	0x4
 239 0087 04       		.byte	0x4
 240 0088 3E000000 		.4byte	.LASF11
 241 008c 02       		.uleb128 0x2
 242 008d 08       		.byte	0x8
 243 008e 04       		.byte	0x4
 244 008f E9000000 		.4byte	.LASF12
 245 0093 02       		.uleb128 0x2
 246 0094 01       		.byte	0x1
 247 0095 08       		.byte	0x8
 248 0096 4C010000 		.4byte	.LASF13
 249 009a 04       		.uleb128 0x4
 250 009b 00000000 		.4byte	.LASF14
 251 009f 02       		.byte	0x2
 252 00a0 F2       		.byte	0xf2
 253 00a1 A5000000 		.4byte	0xa5
 254 00a5 05       		.uleb128 0x5
ARM GAS  C:\Users\CHUCK~1.ERH\AppData\Local\Temp\cc79evlE.s 			page 8


 255 00a6 7A000000 		.4byte	0x7a
 256 00aa 06       		.uleb128 0x6
 257 00ab 01       		.byte	0x1
 258 00ac AA010000 		.4byte	.LASF15
 259 00b0 01       		.byte	0x1
 260 00b1 2A       		.byte	0x2a
 261 00b2 01       		.byte	0x1
 262 00b3 00000000 		.4byte	.LFB0
 263 00b7 18000000 		.4byte	.LFE0
 264 00bb 02       		.byte	0x2
 265 00bc 7D       		.byte	0x7d
 266 00bd 00       		.sleb128 0
 267 00be 01       		.byte	0x1
 268 00bf E2000000 		.4byte	0xe2
 269 00c3 07       		.uleb128 0x7
 270 00c4 06000000 		.4byte	.LASF17
 271 00c8 01       		.byte	0x1
 272 00c9 2A       		.byte	0x2a
 273 00ca 6F000000 		.4byte	0x6f
 274 00ce 00000000 		.4byte	.LLST0
 275 00d2 08       		.uleb128 0x8
 276 00d3 52000000 		.4byte	.LASF22
 277 00d7 01       		.byte	0x1
 278 00d8 2C       		.byte	0x2c
 279 00d9 6F000000 		.4byte	0x6f
 280 00dd 21000000 		.4byte	.LLST1
 281 00e1 00       		.byte	0
 282 00e2 06       		.uleb128 0x6
 283 00e3 01       		.byte	0x1
 284 00e4 2C000000 		.4byte	.LASF16
 285 00e8 01       		.byte	0x1
 286 00e9 40       		.byte	0x40
 287 00ea 01       		.byte	0x1
 288 00eb 00000000 		.4byte	.LFB1
 289 00ef 14000000 		.4byte	.LFE1
 290 00f3 02       		.byte	0x2
 291 00f4 7D       		.byte	0x7d
 292 00f5 00       		.sleb128 0
 293 00f6 01       		.byte	0x1
 294 00f7 0B010000 		.4byte	0x10b
 295 00fb 07       		.uleb128 0x7
 296 00fc 2C010000 		.4byte	.LASF18
 297 0100 01       		.byte	0x1
 298 0101 40       		.byte	0x40
 299 0102 6F000000 		.4byte	0x6f
 300 0106 3B000000 		.4byte	.LLST2
 301 010a 00       		.byte	0
 302 010b 09       		.uleb128 0x9
 303 010c 01       		.byte	0x1
 304 010d DF000000 		.4byte	.LASF19
 305 0111 01       		.byte	0x1
 306 0112 58       		.byte	0x58
 307 0113 01       		.byte	0x1
 308 0114 6F000000 		.4byte	0x6f
 309 0118 00000000 		.4byte	.LFB2
 310 011c 10000000 		.4byte	.LFE2
 311 0120 02       		.byte	0x2
ARM GAS  C:\Users\CHUCK~1.ERH\AppData\Local\Temp\cc79evlE.s 			page 9


 312 0121 7D       		.byte	0x7d
 313 0122 00       		.sleb128 0
 314 0123 01       		.byte	0x1
 315 0124 09       		.uleb128 0x9
 316 0125 01       		.byte	0x1
 317 0126 F0000000 		.4byte	.LASF20
 318 012a 01       		.byte	0x1
 319 012b 6C       		.byte	0x6c
 320 012c 01       		.byte	0x1
 321 012d 6F000000 		.4byte	0x6f
 322 0131 00000000 		.4byte	.LFB3
 323 0135 10000000 		.4byte	.LFE3
 324 0139 02       		.byte	0x2
 325 013a 7D       		.byte	0x7d
 326 013b 00       		.sleb128 0
 327 013c 01       		.byte	0x1
 328 013d 0A       		.uleb128 0xa
 329 013e 01       		.byte	0x1
 330 013f CA010000 		.4byte	.LASF21
 331 0143 01       		.byte	0x1
 332 0144 84       		.byte	0x84
 333 0145 01       		.byte	0x1
 334 0146 6F000000 		.4byte	0x6f
 335 014a 00000000 		.4byte	.LFB4
 336 014e 10000000 		.4byte	.LFE4
 337 0152 02       		.byte	0x2
 338 0153 7D       		.byte	0x7d
 339 0154 00       		.sleb128 0
 340 0155 01       		.byte	0x1
 341 0156 0B       		.uleb128 0xb
 342 0157 3F010000 		.4byte	.LASF23
 343 015b 01       		.byte	0x1
 344 015c 86       		.byte	0x86
 345 015d 6F000000 		.4byte	0x6f
 346 0161 01       		.byte	0x1
 347 0162 50       		.byte	0x50
 348 0163 00       		.byte	0
 349 0164 00       		.byte	0
 350              		.section	.debug_abbrev,"",%progbits
 351              	.Ldebug_abbrev0:
 352 0000 01       		.uleb128 0x1
 353 0001 11       		.uleb128 0x11
 354 0002 01       		.byte	0x1
 355 0003 25       		.uleb128 0x25
 356 0004 0E       		.uleb128 0xe
 357 0005 13       		.uleb128 0x13
 358 0006 0B       		.uleb128 0xb
 359 0007 03       		.uleb128 0x3
 360 0008 0E       		.uleb128 0xe
 361 0009 1B       		.uleb128 0x1b
 362 000a 0E       		.uleb128 0xe
 363 000b 55       		.uleb128 0x55
 364 000c 06       		.uleb128 0x6
 365 000d 11       		.uleb128 0x11
 366 000e 01       		.uleb128 0x1
 367 000f 52       		.uleb128 0x52
 368 0010 01       		.uleb128 0x1
ARM GAS  C:\Users\CHUCK~1.ERH\AppData\Local\Temp\cc79evlE.s 			page 10


 369 0011 10       		.uleb128 0x10
 370 0012 06       		.uleb128 0x6
 371 0013 00       		.byte	0
 372 0014 00       		.byte	0
 373 0015 02       		.uleb128 0x2
 374 0016 24       		.uleb128 0x24
 375 0017 00       		.byte	0
 376 0018 0B       		.uleb128 0xb
 377 0019 0B       		.uleb128 0xb
 378 001a 3E       		.uleb128 0x3e
 379 001b 0B       		.uleb128 0xb
 380 001c 03       		.uleb128 0x3
 381 001d 0E       		.uleb128 0xe
 382 001e 00       		.byte	0
 383 001f 00       		.byte	0
 384 0020 03       		.uleb128 0x3
 385 0021 24       		.uleb128 0x24
 386 0022 00       		.byte	0
 387 0023 0B       		.uleb128 0xb
 388 0024 0B       		.uleb128 0xb
 389 0025 3E       		.uleb128 0x3e
 390 0026 0B       		.uleb128 0xb
 391 0027 03       		.uleb128 0x3
 392 0028 08       		.uleb128 0x8
 393 0029 00       		.byte	0
 394 002a 00       		.byte	0
 395 002b 04       		.uleb128 0x4
 396 002c 16       		.uleb128 0x16
 397 002d 00       		.byte	0
 398 002e 03       		.uleb128 0x3
 399 002f 0E       		.uleb128 0xe
 400 0030 3A       		.uleb128 0x3a
 401 0031 0B       		.uleb128 0xb
 402 0032 3B       		.uleb128 0x3b
 403 0033 0B       		.uleb128 0xb
 404 0034 49       		.uleb128 0x49
 405 0035 13       		.uleb128 0x13
 406 0036 00       		.byte	0
 407 0037 00       		.byte	0
 408 0038 05       		.uleb128 0x5
 409 0039 35       		.uleb128 0x35
 410 003a 00       		.byte	0
 411 003b 49       		.uleb128 0x49
 412 003c 13       		.uleb128 0x13
 413 003d 00       		.byte	0
 414 003e 00       		.byte	0
 415 003f 06       		.uleb128 0x6
 416 0040 2E       		.uleb128 0x2e
 417 0041 01       		.byte	0x1
 418 0042 3F       		.uleb128 0x3f
 419 0043 0C       		.uleb128 0xc
 420 0044 03       		.uleb128 0x3
 421 0045 0E       		.uleb128 0xe
 422 0046 3A       		.uleb128 0x3a
 423 0047 0B       		.uleb128 0xb
 424 0048 3B       		.uleb128 0x3b
 425 0049 0B       		.uleb128 0xb
ARM GAS  C:\Users\CHUCK~1.ERH\AppData\Local\Temp\cc79evlE.s 			page 11


 426 004a 27       		.uleb128 0x27
 427 004b 0C       		.uleb128 0xc
 428 004c 11       		.uleb128 0x11
 429 004d 01       		.uleb128 0x1
 430 004e 12       		.uleb128 0x12
 431 004f 01       		.uleb128 0x1
 432 0050 40       		.uleb128 0x40
 433 0051 0A       		.uleb128 0xa
 434 0052 9742     		.uleb128 0x2117
 435 0054 0C       		.uleb128 0xc
 436 0055 01       		.uleb128 0x1
 437 0056 13       		.uleb128 0x13
 438 0057 00       		.byte	0
 439 0058 00       		.byte	0
 440 0059 07       		.uleb128 0x7
 441 005a 05       		.uleb128 0x5
 442 005b 00       		.byte	0
 443 005c 03       		.uleb128 0x3
 444 005d 0E       		.uleb128 0xe
 445 005e 3A       		.uleb128 0x3a
 446 005f 0B       		.uleb128 0xb
 447 0060 3B       		.uleb128 0x3b
 448 0061 0B       		.uleb128 0xb
 449 0062 49       		.uleb128 0x49
 450 0063 13       		.uleb128 0x13
 451 0064 02       		.uleb128 0x2
 452 0065 06       		.uleb128 0x6
 453 0066 00       		.byte	0
 454 0067 00       		.byte	0
 455 0068 08       		.uleb128 0x8
 456 0069 34       		.uleb128 0x34
 457 006a 00       		.byte	0
 458 006b 03       		.uleb128 0x3
 459 006c 0E       		.uleb128 0xe
 460 006d 3A       		.uleb128 0x3a
 461 006e 0B       		.uleb128 0xb
 462 006f 3B       		.uleb128 0x3b
 463 0070 0B       		.uleb128 0xb
 464 0071 49       		.uleb128 0x49
 465 0072 13       		.uleb128 0x13
 466 0073 02       		.uleb128 0x2
 467 0074 06       		.uleb128 0x6
 468 0075 00       		.byte	0
 469 0076 00       		.byte	0
 470 0077 09       		.uleb128 0x9
 471 0078 2E       		.uleb128 0x2e
 472 0079 00       		.byte	0
 473 007a 3F       		.uleb128 0x3f
 474 007b 0C       		.uleb128 0xc
 475 007c 03       		.uleb128 0x3
 476 007d 0E       		.uleb128 0xe
 477 007e 3A       		.uleb128 0x3a
 478 007f 0B       		.uleb128 0xb
 479 0080 3B       		.uleb128 0x3b
 480 0081 0B       		.uleb128 0xb
 481 0082 27       		.uleb128 0x27
 482 0083 0C       		.uleb128 0xc
ARM GAS  C:\Users\CHUCK~1.ERH\AppData\Local\Temp\cc79evlE.s 			page 12


 483 0084 49       		.uleb128 0x49
 484 0085 13       		.uleb128 0x13
 485 0086 11       		.uleb128 0x11
 486 0087 01       		.uleb128 0x1
 487 0088 12       		.uleb128 0x12
 488 0089 01       		.uleb128 0x1
 489 008a 40       		.uleb128 0x40
 490 008b 0A       		.uleb128 0xa
 491 008c 9742     		.uleb128 0x2117
 492 008e 0C       		.uleb128 0xc
 493 008f 00       		.byte	0
 494 0090 00       		.byte	0
 495 0091 0A       		.uleb128 0xa
 496 0092 2E       		.uleb128 0x2e
 497 0093 01       		.byte	0x1
 498 0094 3F       		.uleb128 0x3f
 499 0095 0C       		.uleb128 0xc
 500 0096 03       		.uleb128 0x3
 501 0097 0E       		.uleb128 0xe
 502 0098 3A       		.uleb128 0x3a
 503 0099 0B       		.uleb128 0xb
 504 009a 3B       		.uleb128 0x3b
 505 009b 0B       		.uleb128 0xb
 506 009c 27       		.uleb128 0x27
 507 009d 0C       		.uleb128 0xc
 508 009e 49       		.uleb128 0x49
 509 009f 13       		.uleb128 0x13
 510 00a0 11       		.uleb128 0x11
 511 00a1 01       		.uleb128 0x1
 512 00a2 12       		.uleb128 0x12
 513 00a3 01       		.uleb128 0x1
 514 00a4 40       		.uleb128 0x40
 515 00a5 0A       		.uleb128 0xa
 516 00a6 9742     		.uleb128 0x2117
 517 00a8 0C       		.uleb128 0xc
 518 00a9 00       		.byte	0
 519 00aa 00       		.byte	0
 520 00ab 0B       		.uleb128 0xb
 521 00ac 34       		.uleb128 0x34
 522 00ad 00       		.byte	0
 523 00ae 03       		.uleb128 0x3
 524 00af 0E       		.uleb128 0xe
 525 00b0 3A       		.uleb128 0x3a
 526 00b1 0B       		.uleb128 0xb
 527 00b2 3B       		.uleb128 0x3b
 528 00b3 0B       		.uleb128 0xb
 529 00b4 49       		.uleb128 0x49
 530 00b5 13       		.uleb128 0x13
 531 00b6 02       		.uleb128 0x2
 532 00b7 0A       		.uleb128 0xa
 533 00b8 00       		.byte	0
 534 00b9 00       		.byte	0
 535 00ba 00       		.byte	0
 536              		.section	.debug_loc,"",%progbits
 537              	.Ldebug_loc0:
 538              	.LLST0:
 539 0000 00000000 		.4byte	.LVL0
ARM GAS  C:\Users\CHUCK~1.ERH\AppData\Local\Temp\cc79evlE.s 			page 13


 540 0004 0C000000 		.4byte	.LVL2
 541 0008 0100     		.2byte	0x1
 542 000a 50       		.byte	0x50
 543 000b 0C000000 		.4byte	.LVL2
 544 000f 18000000 		.4byte	.LFE0
 545 0013 0400     		.2byte	0x4
 546 0015 F3       		.byte	0xf3
 547 0016 01       		.uleb128 0x1
 548 0017 50       		.byte	0x50
 549 0018 9F       		.byte	0x9f
 550 0019 00000000 		.4byte	0
 551 001d 00000000 		.4byte	0
 552              	.LLST1:
 553 0021 08000000 		.4byte	.LVL1
 554 0025 0C000000 		.4byte	.LVL2
 555 0029 0800     		.2byte	0x8
 556 002b 70       		.byte	0x70
 557 002c 00       		.sleb128 0
 558 002d 31       		.byte	0x31
 559 002e 1A       		.byte	0x1a
 560 002f 72       		.byte	0x72
 561 0030 00       		.sleb128 0
 562 0031 21       		.byte	0x21
 563 0032 9F       		.byte	0x9f
 564 0033 00000000 		.4byte	0
 565 0037 00000000 		.4byte	0
 566              	.LLST2:
 567 003b 00000000 		.4byte	.LVL3
 568 003f 0A000000 		.4byte	.LVL4
 569 0043 0100     		.2byte	0x1
 570 0045 50       		.byte	0x50
 571 0046 0A000000 		.4byte	.LVL4
 572 004a 14000000 		.4byte	.LFE1
 573 004e 0400     		.2byte	0x4
 574 0050 F3       		.byte	0xf3
 575 0051 01       		.uleb128 0x1
 576 0052 50       		.byte	0x50
 577 0053 9F       		.byte	0x9f
 578 0054 00000000 		.4byte	0
 579 0058 00000000 		.4byte	0
 580              		.section	.debug_aranges,"",%progbits
 581 0000 3C000000 		.4byte	0x3c
 582 0004 0200     		.2byte	0x2
 583 0006 00000000 		.4byte	.Ldebug_info0
 584 000a 04       		.byte	0x4
 585 000b 00       		.byte	0
 586 000c 0000     		.2byte	0
 587 000e 0000     		.2byte	0
 588 0010 00000000 		.4byte	.LFB0
 589 0014 18000000 		.4byte	.LFE0-.LFB0
 590 0018 00000000 		.4byte	.LFB1
 591 001c 14000000 		.4byte	.LFE1-.LFB1
 592 0020 00000000 		.4byte	.LFB2
 593 0024 10000000 		.4byte	.LFE2-.LFB2
 594 0028 00000000 		.4byte	.LFB3
 595 002c 10000000 		.4byte	.LFE3-.LFB3
 596 0030 00000000 		.4byte	.LFB4
ARM GAS  C:\Users\CHUCK~1.ERH\AppData\Local\Temp\cc79evlE.s 			page 14


 597 0034 10000000 		.4byte	.LFE4-.LFB4
 598 0038 00000000 		.4byte	0
 599 003c 00000000 		.4byte	0
 600              		.section	.debug_ranges,"",%progbits
 601              	.Ldebug_ranges0:
 602 0000 00000000 		.4byte	.LFB0
 603 0004 18000000 		.4byte	.LFE0
 604 0008 00000000 		.4byte	.LFB1
 605 000c 14000000 		.4byte	.LFE1
 606 0010 00000000 		.4byte	.LFB2
 607 0014 10000000 		.4byte	.LFE2
 608 0018 00000000 		.4byte	.LFB3
 609 001c 10000000 		.4byte	.LFE3
 610 0020 00000000 		.4byte	.LFB4
 611 0024 10000000 		.4byte	.LFE4
 612 0028 00000000 		.4byte	0
 613 002c 00000000 		.4byte	0
 614              		.section	.debug_line,"",%progbits
 615              	.Ldebug_line0:
 616 0000 AF000000 		.section	.debug_str,"MS",%progbits,1
 616      02004300 
 616      00000201 
 616      FB0E0D00 
 616      01010101 
 617              	.LASF14:
 618 0000 72656733 		.ascii	"reg32\000"
 618      3200
 619              	.LASF17:
 620 0006 76616C75 		.ascii	"value\000"
 620      6500
 621              	.LASF25:
 622 000c 2E5C4765 		.ascii	".\\Generated_Source\\PSoC4\\SDCS.c\000"
 622      6E657261 
 622      7465645F 
 622      536F7572 
 622      63655C50 
 623              	.LASF16:
 624 002c 53444353 		.ascii	"SDCS_SetDriveMode\000"
 624      5F536574 
 624      44726976 
 624      654D6F64 
 624      6500
 625              	.LASF11:
 626 003e 666C6F61 		.ascii	"float\000"
 626      7400
 627              	.LASF1:
 628 0044 756E7369 		.ascii	"unsigned char\000"
 628      676E6564 
 628      20636861 
 628      7200
 629              	.LASF22:
 630 0052 64725661 		.ascii	"drVal\000"
 630      6C00
 631              	.LASF5:
 632 0058 6C6F6E67 		.ascii	"long unsigned int\000"
 632      20756E73 
 632      69676E65 
ARM GAS  C:\Users\CHUCK~1.ERH\AppData\Local\Temp\cc79evlE.s 			page 15


 632      6420696E 
 632      7400
 633              	.LASF3:
 634 006a 73686F72 		.ascii	"short unsigned int\000"
 634      7420756E 
 634      7369676E 
 634      65642069 
 634      6E7400
 635              	.LASF26:
 636 007d 433A5C55 		.ascii	"C:\\Users\\chuck.erhardt\\Documents\\GitHub\\PSoC-W"
 636      73657273 
 636      5C636875 
 636      636B2E65 
 636      72686172 
 637 00ab 35313030 		.ascii	"5100-Driver\\PSoCPioneer+ArduinoShield_Example.cyds"
 637      2D447269 
 637      7665725C 
 637      50536F43 
 637      50696F6E 
 638 00dd 6E00     		.ascii	"n\000"
 639              	.LASF19:
 640 00df 53444353 		.ascii	"SDCS_Read\000"
 640      5F526561 
 640      6400
 641              	.LASF12:
 642 00e9 646F7562 		.ascii	"double\000"
 642      6C6500
 643              	.LASF20:
 644 00f0 53444353 		.ascii	"SDCS_ReadDataReg\000"
 644      5F526561 
 644      64446174 
 644      61526567 
 644      00
 645              	.LASF10:
 646 0101 75696E74 		.ascii	"uint32\000"
 646      333200
 647              	.LASF8:
 648 0108 756E7369 		.ascii	"unsigned int\000"
 648      676E6564 
 648      20696E74 
 648      00
 649              	.LASF7:
 650 0115 6C6F6E67 		.ascii	"long long unsigned int\000"
 650      206C6F6E 
 650      6720756E 
 650      7369676E 
 650      65642069 
 651              	.LASF18:
 652 012c 6D6F6465 		.ascii	"mode\000"
 652      00
 653              	.LASF6:
 654 0131 6C6F6E67 		.ascii	"long long int\000"
 654      206C6F6E 
 654      6720696E 
 654      7400
 655              	.LASF23:
 656 013f 6D61736B 		.ascii	"maskedStatus\000"
ARM GAS  C:\Users\CHUCK~1.ERH\AppData\Local\Temp\cc79evlE.s 			page 16


 656      65645374 
 656      61747573 
 656      00
 657              	.LASF13:
 658 014c 63686172 		.ascii	"char\000"
 658      00
 659              	.LASF2:
 660 0151 73686F72 		.ascii	"short int\000"
 660      7420696E 
 660      7400
 661              	.LASF9:
 662 015b 75696E74 		.ascii	"uint8\000"
 662      3800
 663              	.LASF24:
 664 0161 474E5520 		.ascii	"GNU C 4.7.3 20130312 (release) [ARM/embedded-4_7-br"
 664      4320342E 
 664      372E3320 
 664      32303133 
 664      30333132 
 665 0194 616E6368 		.ascii	"anch revision 196615]\000"
 665      20726576 
 665      6973696F 
 665      6E203139 
 665      36363135 
 666              	.LASF15:
 667 01aa 53444353 		.ascii	"SDCS_Write\000"
 667      5F577269 
 667      746500
 668              	.LASF4:
 669 01b5 6C6F6E67 		.ascii	"long int\000"
 669      20696E74 
 669      00
 670              	.LASF0:
 671 01be 7369676E 		.ascii	"signed char\000"
 671      65642063 
 671      68617200 
 672              	.LASF21:
 673 01ca 53444353 		.ascii	"SDCS_ClearInterrupt\000"
 673      5F436C65 
 673      6172496E 
 673      74657272 
 673      75707400 
 674              		.ident	"GCC: (GNU Tools for ARM Embedded Processors) 4.7.3 20130312 (release) [ARM/embedded-4_7-br
