ARM GAS  C:\Users\CHUCK~1.ERH\AppData\Local\Temp\ccfInQXI.s 			page 1


   1              		.cpu cortex-m0
   2              		.fpu softvfp
   3              		.eabi_attribute 20, 1
   4              		.eabi_attribute 21, 1
   5              		.eabi_attribute 23, 3
   6              		.eabi_attribute 24, 1
   7              		.eabi_attribute 25, 1
   8              		.eabi_attribute 26, 1
   9              		.eabi_attribute 30, 4
  10              		.eabi_attribute 34, 0
  11              		.eabi_attribute 18, 4
  12              		.code	16
  13              		.file	"SPI0_sclk_m.c"
  14              		.text
  15              	.Ltext0:
  16              		.cfi_sections	.debug_frame
  17              		.section	.text.SPI0_sclk_m_Write,"ax",%progbits
  18              		.align	1
  19              		.global	SPI0_sclk_m_Write
  20              		.code	16
  21              		.thumb_func
  22              		.type	SPI0_sclk_m_Write, %function
  23              	SPI0_sclk_m_Write:
  24              	.LFB0:
  25              		.file 1 ".\\Generated_Source\\PSoC4\\SPI0_sclk_m.c"
   1:.\Generated_Source\PSoC4/SPI0_sclk_m.c **** /*******************************************************************************
   2:.\Generated_Source\PSoC4/SPI0_sclk_m.c **** * File Name: SPI0_sclk_m.c  
   3:.\Generated_Source\PSoC4/SPI0_sclk_m.c **** * Version 1.90
   4:.\Generated_Source\PSoC4/SPI0_sclk_m.c **** *
   5:.\Generated_Source\PSoC4/SPI0_sclk_m.c **** * Description:
   6:.\Generated_Source\PSoC4/SPI0_sclk_m.c **** *  This file contains API to enable firmware control of a Pins component.
   7:.\Generated_Source\PSoC4/SPI0_sclk_m.c **** *
   8:.\Generated_Source\PSoC4/SPI0_sclk_m.c **** * Note:
   9:.\Generated_Source\PSoC4/SPI0_sclk_m.c **** *
  10:.\Generated_Source\PSoC4/SPI0_sclk_m.c **** ********************************************************************************
  11:.\Generated_Source\PSoC4/SPI0_sclk_m.c **** * Copyright 2008-2012, Cypress Semiconductor Corporation.  All rights reserved.
  12:.\Generated_Source\PSoC4/SPI0_sclk_m.c **** * You may use this file only in accordance with the license, terms, conditions, 
  13:.\Generated_Source\PSoC4/SPI0_sclk_m.c **** * disclaimers, and limitations in the end user license agreement accompanying 
  14:.\Generated_Source\PSoC4/SPI0_sclk_m.c **** * the software package with which this file was provided.
  15:.\Generated_Source\PSoC4/SPI0_sclk_m.c **** *******************************************************************************/
  16:.\Generated_Source\PSoC4/SPI0_sclk_m.c **** 
  17:.\Generated_Source\PSoC4/SPI0_sclk_m.c **** #include "cytypes.h"
  18:.\Generated_Source\PSoC4/SPI0_sclk_m.c **** #include "SPI0_sclk_m.h"
  19:.\Generated_Source\PSoC4/SPI0_sclk_m.c **** 
  20:.\Generated_Source\PSoC4/SPI0_sclk_m.c **** #define SetP4PinDriveMode(shift, mode)  \
  21:.\Generated_Source\PSoC4/SPI0_sclk_m.c ****     do { \
  22:.\Generated_Source\PSoC4/SPI0_sclk_m.c ****         SPI0_sclk_m_PC =   (SPI0_sclk_m_PC & \
  23:.\Generated_Source\PSoC4/SPI0_sclk_m.c ****                                 (uint32)(~(uint32)(SPI0_sclk_m_DRIVE_MODE_IND_MASK << (SPI0_sclk_m_
  24:.\Generated_Source\PSoC4/SPI0_sclk_m.c ****                                 (uint32)((uint32)(mode) << (SPI0_sclk_m_DRIVE_MODE_BITS * (shift)))
  25:.\Generated_Source\PSoC4/SPI0_sclk_m.c ****     } while (0)
  26:.\Generated_Source\PSoC4/SPI0_sclk_m.c **** 
  27:.\Generated_Source\PSoC4/SPI0_sclk_m.c **** 
  28:.\Generated_Source\PSoC4/SPI0_sclk_m.c **** /*******************************************************************************
  29:.\Generated_Source\PSoC4/SPI0_sclk_m.c **** * Function Name: SPI0_sclk_m_Write
  30:.\Generated_Source\PSoC4/SPI0_sclk_m.c **** ********************************************************************************
  31:.\Generated_Source\PSoC4/SPI0_sclk_m.c **** *
  32:.\Generated_Source\PSoC4/SPI0_sclk_m.c **** * Summary:
ARM GAS  C:\Users\CHUCK~1.ERH\AppData\Local\Temp\ccfInQXI.s 			page 2


  33:.\Generated_Source\PSoC4/SPI0_sclk_m.c **** *  Assign a new value to the digital port's data output register.  
  34:.\Generated_Source\PSoC4/SPI0_sclk_m.c **** *
  35:.\Generated_Source\PSoC4/SPI0_sclk_m.c **** * Parameters:  
  36:.\Generated_Source\PSoC4/SPI0_sclk_m.c **** *  prtValue:  The value to be assigned to the Digital Port. 
  37:.\Generated_Source\PSoC4/SPI0_sclk_m.c **** *
  38:.\Generated_Source\PSoC4/SPI0_sclk_m.c **** * Return: 
  39:.\Generated_Source\PSoC4/SPI0_sclk_m.c **** *  None 
  40:.\Generated_Source\PSoC4/SPI0_sclk_m.c **** *  
  41:.\Generated_Source\PSoC4/SPI0_sclk_m.c **** *******************************************************************************/
  42:.\Generated_Source\PSoC4/SPI0_sclk_m.c **** void SPI0_sclk_m_Write(uint8 value) 
  43:.\Generated_Source\PSoC4/SPI0_sclk_m.c **** {
  26              		.loc 1 43 0
  27              		.cfi_startproc
  28              	.LVL0:
  44:.\Generated_Source\PSoC4/SPI0_sclk_m.c ****     uint8 drVal = (uint8)(SPI0_sclk_m_DR & (uint8)(~SPI0_sclk_m_MASK));
  29              		.loc 1 44 0
  30 0000 044B     		ldr	r3, .L2
  31 0002 BF22     		mov	r2, #191
  32 0004 1968     		ldr	r1, [r3]
  45:.\Generated_Source\PSoC4/SPI0_sclk_m.c ****     drVal = (drVal | ((uint8)(value << SPI0_sclk_m_SHIFT) & SPI0_sclk_m_MASK));
  33              		.loc 1 45 0
  34 0006 8001     		lsl	r0, r0, #6
  35              	.LVL1:
  44:.\Generated_Source\PSoC4/SPI0_sclk_m.c ****     uint8 drVal = (uint8)(SPI0_sclk_m_DR & (uint8)(~SPI0_sclk_m_MASK));
  36              		.loc 1 44 0
  37 0008 0A40     		and	r2, r1
  38              		.loc 1 45 0
  39 000a 4021     		mov	r1, #64
  40 000c 0840     		and	r0, r1
  46:.\Generated_Source\PSoC4/SPI0_sclk_m.c ****     SPI0_sclk_m_DR = (uint32)drVal;
  41              		.loc 1 46 0
  42 000e 1043     		orr	r0, r2
  43 0010 1860     		str	r0, [r3]
  47:.\Generated_Source\PSoC4/SPI0_sclk_m.c **** }
  44              		.loc 1 47 0
  45              		@ sp needed for prologue
  46 0012 7047     		bx	lr
  47              	.L3:
  48              		.align	2
  49              	.L2:
  50 0014 00000440 		.word	1074003968
  51              		.cfi_endproc
  52              	.LFE0:
  53              		.size	SPI0_sclk_m_Write, .-SPI0_sclk_m_Write
  54              		.section	.text.SPI0_sclk_m_SetDriveMode,"ax",%progbits
  55              		.align	1
  56              		.global	SPI0_sclk_m_SetDriveMode
  57              		.code	16
  58              		.thumb_func
  59              		.type	SPI0_sclk_m_SetDriveMode, %function
  60              	SPI0_sclk_m_SetDriveMode:
  61              	.LFB1:
  48:.\Generated_Source\PSoC4/SPI0_sclk_m.c **** 
  49:.\Generated_Source\PSoC4/SPI0_sclk_m.c **** 
  50:.\Generated_Source\PSoC4/SPI0_sclk_m.c **** /*******************************************************************************
  51:.\Generated_Source\PSoC4/SPI0_sclk_m.c **** * Function Name: SPI0_sclk_m_SetDriveMode
  52:.\Generated_Source\PSoC4/SPI0_sclk_m.c **** ********************************************************************************
ARM GAS  C:\Users\CHUCK~1.ERH\AppData\Local\Temp\ccfInQXI.s 			page 3


  53:.\Generated_Source\PSoC4/SPI0_sclk_m.c **** *
  54:.\Generated_Source\PSoC4/SPI0_sclk_m.c **** * Summary:
  55:.\Generated_Source\PSoC4/SPI0_sclk_m.c **** *  Change the drive mode on the pins of the port.
  56:.\Generated_Source\PSoC4/SPI0_sclk_m.c **** * 
  57:.\Generated_Source\PSoC4/SPI0_sclk_m.c **** * Parameters:  
  58:.\Generated_Source\PSoC4/SPI0_sclk_m.c **** *  mode:  Change the pins to this drive mode.
  59:.\Generated_Source\PSoC4/SPI0_sclk_m.c **** *
  60:.\Generated_Source\PSoC4/SPI0_sclk_m.c **** * Return: 
  61:.\Generated_Source\PSoC4/SPI0_sclk_m.c **** *  None
  62:.\Generated_Source\PSoC4/SPI0_sclk_m.c **** *
  63:.\Generated_Source\PSoC4/SPI0_sclk_m.c **** *******************************************************************************/
  64:.\Generated_Source\PSoC4/SPI0_sclk_m.c **** void SPI0_sclk_m_SetDriveMode(uint8 mode) 
  65:.\Generated_Source\PSoC4/SPI0_sclk_m.c **** {
  62              		.loc 1 65 0
  63              		.cfi_startproc
  64              	.LVL2:
  66:.\Generated_Source\PSoC4/SPI0_sclk_m.c **** 	SetP4PinDriveMode(SPI0_sclk_m__0__SHIFT, mode);
  65              		.loc 1 66 0
  66 0000 044B     		ldr	r3, .L5
  65:.\Generated_Source\PSoC4/SPI0_sclk_m.c **** {
  67              		.loc 1 65 0
  68 0002 10B5     		push	{r4, lr}
  69              	.LCFI0:
  70              		.cfi_def_cfa_offset 8
  71              		.cfi_offset 4, -8
  72              		.cfi_offset 14, -4
  73              		.loc 1 66 0
  74 0004 1C68     		ldr	r4, [r3]
  75 0006 0449     		ldr	r1, .L5+4
  76 0008 8204     		lsl	r2, r0, #18
  77 000a 201C     		mov	r0, r4
  78              	.LVL3:
  79 000c 0840     		and	r0, r1
  80 000e 1043     		orr	r0, r2
  81 0010 1860     		str	r0, [r3]
  67:.\Generated_Source\PSoC4/SPI0_sclk_m.c **** }
  82              		.loc 1 67 0
  83              		@ sp needed for prologue
  84 0012 10BD     		pop	{r4, pc}
  85              	.L6:
  86              		.align	2
  87              	.L5:
  88 0014 08000440 		.word	1074003976
  89 0018 FFFFE3FF 		.word	-1835009
  90              		.cfi_endproc
  91              	.LFE1:
  92              		.size	SPI0_sclk_m_SetDriveMode, .-SPI0_sclk_m_SetDriveMode
  93              		.section	.text.SPI0_sclk_m_Read,"ax",%progbits
  94              		.align	1
  95              		.global	SPI0_sclk_m_Read
  96              		.code	16
  97              		.thumb_func
  98              		.type	SPI0_sclk_m_Read, %function
  99              	SPI0_sclk_m_Read:
 100              	.LFB2:
  68:.\Generated_Source\PSoC4/SPI0_sclk_m.c **** 
  69:.\Generated_Source\PSoC4/SPI0_sclk_m.c **** 
ARM GAS  C:\Users\CHUCK~1.ERH\AppData\Local\Temp\ccfInQXI.s 			page 4


  70:.\Generated_Source\PSoC4/SPI0_sclk_m.c **** /*******************************************************************************
  71:.\Generated_Source\PSoC4/SPI0_sclk_m.c **** * Function Name: SPI0_sclk_m_Read
  72:.\Generated_Source\PSoC4/SPI0_sclk_m.c **** ********************************************************************************
  73:.\Generated_Source\PSoC4/SPI0_sclk_m.c **** *
  74:.\Generated_Source\PSoC4/SPI0_sclk_m.c **** * Summary:
  75:.\Generated_Source\PSoC4/SPI0_sclk_m.c **** *  Read the current value on the pins of the Digital Port in right justified 
  76:.\Generated_Source\PSoC4/SPI0_sclk_m.c **** *  form.
  77:.\Generated_Source\PSoC4/SPI0_sclk_m.c **** *
  78:.\Generated_Source\PSoC4/SPI0_sclk_m.c **** * Parameters:  
  79:.\Generated_Source\PSoC4/SPI0_sclk_m.c **** *  None 
  80:.\Generated_Source\PSoC4/SPI0_sclk_m.c **** *
  81:.\Generated_Source\PSoC4/SPI0_sclk_m.c **** * Return: 
  82:.\Generated_Source\PSoC4/SPI0_sclk_m.c **** *  Returns the current value of the Digital Port as a right justified number
  83:.\Generated_Source\PSoC4/SPI0_sclk_m.c **** *  
  84:.\Generated_Source\PSoC4/SPI0_sclk_m.c **** * Note:
  85:.\Generated_Source\PSoC4/SPI0_sclk_m.c **** *  Macro SPI0_sclk_m_ReadPS calls this function. 
  86:.\Generated_Source\PSoC4/SPI0_sclk_m.c **** *  
  87:.\Generated_Source\PSoC4/SPI0_sclk_m.c **** *******************************************************************************/
  88:.\Generated_Source\PSoC4/SPI0_sclk_m.c **** uint8 SPI0_sclk_m_Read(void) 
  89:.\Generated_Source\PSoC4/SPI0_sclk_m.c **** {
 101              		.loc 1 89 0
 102              		.cfi_startproc
  90:.\Generated_Source\PSoC4/SPI0_sclk_m.c ****     return (uint8)((SPI0_sclk_m_PS & SPI0_sclk_m_MASK) >> SPI0_sclk_m_SHIFT);
 103              		.loc 1 90 0
 104 0000 024B     		ldr	r3, .L8
  91:.\Generated_Source\PSoC4/SPI0_sclk_m.c **** }
 105              		.loc 1 91 0
 106              		@ sp needed for prologue
  90:.\Generated_Source\PSoC4/SPI0_sclk_m.c ****     return (uint8)((SPI0_sclk_m_PS & SPI0_sclk_m_MASK) >> SPI0_sclk_m_SHIFT);
 107              		.loc 1 90 0
 108 0002 1868     		ldr	r0, [r3]
 109 0004 4106     		lsl	r1, r0, #25
 110 0006 C80F     		lsr	r0, r1, #31
 111              		.loc 1 91 0
 112 0008 7047     		bx	lr
 113              	.L9:
 114 000a C046     		.align	2
 115              	.L8:
 116 000c 04000440 		.word	1074003972
 117              		.cfi_endproc
 118              	.LFE2:
 119              		.size	SPI0_sclk_m_Read, .-SPI0_sclk_m_Read
 120              		.section	.text.SPI0_sclk_m_ReadDataReg,"ax",%progbits
 121              		.align	1
 122              		.global	SPI0_sclk_m_ReadDataReg
 123              		.code	16
 124              		.thumb_func
 125              		.type	SPI0_sclk_m_ReadDataReg, %function
 126              	SPI0_sclk_m_ReadDataReg:
 127              	.LFB3:
  92:.\Generated_Source\PSoC4/SPI0_sclk_m.c **** 
  93:.\Generated_Source\PSoC4/SPI0_sclk_m.c **** 
  94:.\Generated_Source\PSoC4/SPI0_sclk_m.c **** /*******************************************************************************
  95:.\Generated_Source\PSoC4/SPI0_sclk_m.c **** * Function Name: SPI0_sclk_m_ReadDataReg
  96:.\Generated_Source\PSoC4/SPI0_sclk_m.c **** ********************************************************************************
  97:.\Generated_Source\PSoC4/SPI0_sclk_m.c **** *
  98:.\Generated_Source\PSoC4/SPI0_sclk_m.c **** * Summary:
ARM GAS  C:\Users\CHUCK~1.ERH\AppData\Local\Temp\ccfInQXI.s 			page 5


  99:.\Generated_Source\PSoC4/SPI0_sclk_m.c **** *  Read the current value assigned to a Digital Port's data output register
 100:.\Generated_Source\PSoC4/SPI0_sclk_m.c **** *
 101:.\Generated_Source\PSoC4/SPI0_sclk_m.c **** * Parameters:  
 102:.\Generated_Source\PSoC4/SPI0_sclk_m.c **** *  None 
 103:.\Generated_Source\PSoC4/SPI0_sclk_m.c **** *
 104:.\Generated_Source\PSoC4/SPI0_sclk_m.c **** * Return: 
 105:.\Generated_Source\PSoC4/SPI0_sclk_m.c **** *  Returns the current value assigned to the Digital Port's data output register
 106:.\Generated_Source\PSoC4/SPI0_sclk_m.c **** *  
 107:.\Generated_Source\PSoC4/SPI0_sclk_m.c **** *******************************************************************************/
 108:.\Generated_Source\PSoC4/SPI0_sclk_m.c **** uint8 SPI0_sclk_m_ReadDataReg(void) 
 109:.\Generated_Source\PSoC4/SPI0_sclk_m.c **** {
 128              		.loc 1 109 0
 129              		.cfi_startproc
 110:.\Generated_Source\PSoC4/SPI0_sclk_m.c ****     return (uint8)((SPI0_sclk_m_DR & SPI0_sclk_m_MASK) >> SPI0_sclk_m_SHIFT);
 130              		.loc 1 110 0
 131 0000 024B     		ldr	r3, .L11
 111:.\Generated_Source\PSoC4/SPI0_sclk_m.c **** }
 132              		.loc 1 111 0
 133              		@ sp needed for prologue
 110:.\Generated_Source\PSoC4/SPI0_sclk_m.c ****     return (uint8)((SPI0_sclk_m_DR & SPI0_sclk_m_MASK) >> SPI0_sclk_m_SHIFT);
 134              		.loc 1 110 0
 135 0002 1868     		ldr	r0, [r3]
 136 0004 4106     		lsl	r1, r0, #25
 137 0006 C80F     		lsr	r0, r1, #31
 138              		.loc 1 111 0
 139 0008 7047     		bx	lr
 140              	.L12:
 141 000a C046     		.align	2
 142              	.L11:
 143 000c 00000440 		.word	1074003968
 144              		.cfi_endproc
 145              	.LFE3:
 146              		.size	SPI0_sclk_m_ReadDataReg, .-SPI0_sclk_m_ReadDataReg
 147              		.section	.text.SPI0_sclk_m_ClearInterrupt,"ax",%progbits
 148              		.align	1
 149              		.global	SPI0_sclk_m_ClearInterrupt
 150              		.code	16
 151              		.thumb_func
 152              		.type	SPI0_sclk_m_ClearInterrupt, %function
 153              	SPI0_sclk_m_ClearInterrupt:
 154              	.LFB4:
 112:.\Generated_Source\PSoC4/SPI0_sclk_m.c **** 
 113:.\Generated_Source\PSoC4/SPI0_sclk_m.c **** 
 114:.\Generated_Source\PSoC4/SPI0_sclk_m.c **** /* If Interrupts Are Enabled for this Pins component */ 
 115:.\Generated_Source\PSoC4/SPI0_sclk_m.c **** #if defined(SPI0_sclk_m_INTSTAT) 
 116:.\Generated_Source\PSoC4/SPI0_sclk_m.c **** 
 117:.\Generated_Source\PSoC4/SPI0_sclk_m.c ****     /*******************************************************************************
 118:.\Generated_Source\PSoC4/SPI0_sclk_m.c ****     * Function Name: SPI0_sclk_m_ClearInterrupt
 119:.\Generated_Source\PSoC4/SPI0_sclk_m.c ****     ********************************************************************************
 120:.\Generated_Source\PSoC4/SPI0_sclk_m.c ****     *
 121:.\Generated_Source\PSoC4/SPI0_sclk_m.c ****     * Summary:
 122:.\Generated_Source\PSoC4/SPI0_sclk_m.c ****     *  Clears any active interrupts attached to port and returns the value of the 
 123:.\Generated_Source\PSoC4/SPI0_sclk_m.c ****     *  interrupt status register.
 124:.\Generated_Source\PSoC4/SPI0_sclk_m.c ****     *
 125:.\Generated_Source\PSoC4/SPI0_sclk_m.c ****     * Parameters:  
 126:.\Generated_Source\PSoC4/SPI0_sclk_m.c ****     *  None 
 127:.\Generated_Source\PSoC4/SPI0_sclk_m.c ****     *
ARM GAS  C:\Users\CHUCK~1.ERH\AppData\Local\Temp\ccfInQXI.s 			page 6


 128:.\Generated_Source\PSoC4/SPI0_sclk_m.c ****     * Return: 
 129:.\Generated_Source\PSoC4/SPI0_sclk_m.c ****     *  Returns the value of the interrupt status register
 130:.\Generated_Source\PSoC4/SPI0_sclk_m.c ****     *  
 131:.\Generated_Source\PSoC4/SPI0_sclk_m.c ****     *******************************************************************************/
 132:.\Generated_Source\PSoC4/SPI0_sclk_m.c ****     uint8 SPI0_sclk_m_ClearInterrupt(void) 
 133:.\Generated_Source\PSoC4/SPI0_sclk_m.c ****     {
 155              		.loc 1 133 0
 156              		.cfi_startproc
 134:.\Generated_Source\PSoC4/SPI0_sclk_m.c **** 		uint8 maskedStatus = (uint8)(SPI0_sclk_m_INTSTAT & SPI0_sclk_m_MASK);
 157              		.loc 1 134 0
 158 0000 034B     		ldr	r3, .L14
 159 0002 4022     		mov	r2, #64
 160 0004 1868     		ldr	r0, [r3]
 135:.\Generated_Source\PSoC4/SPI0_sclk_m.c **** 		SPI0_sclk_m_INTSTAT = maskedStatus;
 136:.\Generated_Source\PSoC4/SPI0_sclk_m.c ****         return maskedStatus >> SPI0_sclk_m_SHIFT;
 137:.\Generated_Source\PSoC4/SPI0_sclk_m.c ****     }
 161              		.loc 1 137 0
 162              		@ sp needed for prologue
 134:.\Generated_Source\PSoC4/SPI0_sclk_m.c **** 		uint8 maskedStatus = (uint8)(SPI0_sclk_m_INTSTAT & SPI0_sclk_m_MASK);
 163              		.loc 1 134 0
 164 0006 1040     		and	r0, r2
 165              	.LVL4:
 136:.\Generated_Source\PSoC4/SPI0_sclk_m.c ****         return maskedStatus >> SPI0_sclk_m_SHIFT;
 166              		.loc 1 136 0
 167 0008 8109     		lsr	r1, r0, #6
 135:.\Generated_Source\PSoC4/SPI0_sclk_m.c **** 		SPI0_sclk_m_INTSTAT = maskedStatus;
 168              		.loc 1 135 0
 169 000a 1860     		str	r0, [r3]
 136:.\Generated_Source\PSoC4/SPI0_sclk_m.c ****         return maskedStatus >> SPI0_sclk_m_SHIFT;
 170              		.loc 1 136 0
 171 000c C8B2     		uxtb	r0, r1
 172              	.LVL5:
 173              		.loc 1 137 0
 174 000e 7047     		bx	lr
 175              	.L15:
 176              		.align	2
 177              	.L14:
 178 0010 10000440 		.word	1074003984
 179              		.cfi_endproc
 180              	.LFE4:
 181              		.size	SPI0_sclk_m_ClearInterrupt, .-SPI0_sclk_m_ClearInterrupt
 182              		.text
 183              	.Letext0:
 184              		.file 2 ".\\Generated_Source\\PSoC4\\cytypes.h"
 185              		.section	.debug_info,"",%progbits
 186              	.Ldebug_info0:
 187 0000 60010000 		.4byte	0x160
 188 0004 0200     		.2byte	0x2
 189 0006 00000000 		.4byte	.Ldebug_abbrev0
 190 000a 04       		.byte	0x4
 191 000b 01       		.uleb128 0x1
 192 000c 91010000 		.4byte	.LASF22
 193 0010 01       		.byte	0x1
 194 0011 BE000000 		.4byte	.LASF23
 195 0015 00000000 		.4byte	.LASF24
 196 0019 00000000 		.4byte	.Ldebug_ranges0+0
 197 001d 00000000 		.4byte	0
ARM GAS  C:\Users\CHUCK~1.ERH\AppData\Local\Temp\ccfInQXI.s 			page 7


 198 0021 00000000 		.4byte	0
 199 0025 00000000 		.4byte	.Ldebug_line0
 200 0029 02       		.uleb128 0x2
 201 002a 01       		.byte	0x1
 202 002b 06       		.byte	0x6
 203 002c E3010000 		.4byte	.LASF0
 204 0030 02       		.uleb128 0x2
 205 0031 01       		.byte	0x1
 206 0032 08       		.byte	0x8
 207 0033 85000000 		.4byte	.LASF1
 208 0037 02       		.uleb128 0x2
 209 0038 02       		.byte	0x2
 210 0039 05       		.byte	0x5
 211 003a 81010000 		.4byte	.LASF2
 212 003e 02       		.uleb128 0x2
 213 003f 02       		.byte	0x2
 214 0040 07       		.byte	0x7
 215 0041 AB000000 		.4byte	.LASF3
 216 0045 02       		.uleb128 0x2
 217 0046 04       		.byte	0x4
 218 0047 05       		.byte	0x5
 219 0048 DA010000 		.4byte	.LASF4
 220 004c 02       		.uleb128 0x2
 221 004d 04       		.byte	0x4
 222 004e 07       		.byte	0x7
 223 004f 99000000 		.4byte	.LASF5
 224 0053 02       		.uleb128 0x2
 225 0054 08       		.byte	0x8
 226 0055 05       		.byte	0x5
 227 0056 61010000 		.4byte	.LASF6
 228 005a 02       		.uleb128 0x2
 229 005b 08       		.byte	0x8
 230 005c 07       		.byte	0x7
 231 005d 33010000 		.4byte	.LASF7
 232 0061 03       		.uleb128 0x3
 233 0062 04       		.byte	0x4
 234 0063 05       		.byte	0x5
 235 0064 696E7400 		.ascii	"int\000"
 236 0068 02       		.uleb128 0x2
 237 0069 04       		.byte	0x4
 238 006a 07       		.byte	0x7
 239 006b 26010000 		.4byte	.LASF8
 240 006f 04       		.uleb128 0x4
 241 0070 8B010000 		.4byte	.LASF9
 242 0074 02       		.byte	0x2
 243 0075 5B       		.byte	0x5b
 244 0076 30000000 		.4byte	0x30
 245 007a 04       		.uleb128 0x4
 246 007b 1F010000 		.4byte	.LASF10
 247 007f 02       		.byte	0x2
 248 0080 5D       		.byte	0x5d
 249 0081 4C000000 		.4byte	0x4c
 250 0085 02       		.uleb128 0x2
 251 0086 04       		.byte	0x4
 252 0087 04       		.byte	0x4
 253 0088 6E000000 		.4byte	.LASF11
 254 008c 02       		.uleb128 0x2
ARM GAS  C:\Users\CHUCK~1.ERH\AppData\Local\Temp\ccfInQXI.s 			page 8


 255 008d 08       		.byte	0x8
 256 008e 04       		.byte	0x4
 257 008f 00010000 		.4byte	.LASF12
 258 0093 02       		.uleb128 0x2
 259 0094 01       		.byte	0x1
 260 0095 08       		.byte	0x8
 261 0096 7C010000 		.4byte	.LASF13
 262 009a 04       		.uleb128 0x4
 263 009b 62000000 		.4byte	.LASF14
 264 009f 02       		.byte	0x2
 265 00a0 F2       		.byte	0xf2
 266 00a1 A5000000 		.4byte	0xa5
 267 00a5 05       		.uleb128 0x5
 268 00a6 7A000000 		.4byte	0x7a
 269 00aa 06       		.uleb128 0x6
 270 00ab 01       		.byte	0x1
 271 00ac 4F010000 		.4byte	.LASF15
 272 00b0 01       		.byte	0x1
 273 00b1 2A       		.byte	0x2a
 274 00b2 01       		.byte	0x1
 275 00b3 00000000 		.4byte	.LFB0
 276 00b7 18000000 		.4byte	.LFE0
 277 00bb 02       		.byte	0x2
 278 00bc 7D       		.byte	0x7d
 279 00bd 00       		.sleb128 0
 280 00be 01       		.byte	0x1
 281 00bf DE000000 		.4byte	0xde
 282 00c3 07       		.uleb128 0x7
 283 00c4 68000000 		.4byte	.LASF17
 284 00c8 01       		.byte	0x1
 285 00c9 2A       		.byte	0x2a
 286 00ca 6F000000 		.4byte	0x6f
 287 00ce 00000000 		.4byte	.LLST0
 288 00d2 08       		.uleb128 0x8
 289 00d3 93000000 		.4byte	.LASF25
 290 00d7 01       		.byte	0x1
 291 00d8 2C       		.byte	0x2c
 292 00d9 6F000000 		.4byte	0x6f
 293 00dd 00       		.byte	0
 294 00de 09       		.uleb128 0x9
 295 00df 01       		.byte	0x1
 296 00e0 EF010000 		.4byte	.LASF16
 297 00e4 01       		.byte	0x1
 298 00e5 40       		.byte	0x40
 299 00e6 01       		.byte	0x1
 300 00e7 00000000 		.4byte	.LFB1
 301 00eb 1C000000 		.4byte	.LFE1
 302 00ef 21000000 		.4byte	.LLST1
 303 00f3 01       		.byte	0x1
 304 00f4 08010000 		.4byte	0x108
 305 00f8 07       		.uleb128 0x7
 306 00f9 4A010000 		.4byte	.LASF18
 307 00fd 01       		.byte	0x1
 308 00fe 40       		.byte	0x40
 309 00ff 6F000000 		.4byte	0x6f
 310 0103 41000000 		.4byte	.LLST2
 311 0107 00       		.byte	0
ARM GAS  C:\Users\CHUCK~1.ERH\AppData\Local\Temp\ccfInQXI.s 			page 9


 312 0108 0A       		.uleb128 0xa
 313 0109 01       		.byte	0x1
 314 010a 74000000 		.4byte	.LASF19
 315 010e 01       		.byte	0x1
 316 010f 58       		.byte	0x58
 317 0110 01       		.byte	0x1
 318 0111 6F000000 		.4byte	0x6f
 319 0115 00000000 		.4byte	.LFB2
 320 0119 10000000 		.4byte	.LFE2
 321 011d 02       		.byte	0x2
 322 011e 7D       		.byte	0x7d
 323 011f 00       		.sleb128 0
 324 0120 01       		.byte	0x1
 325 0121 0A       		.uleb128 0xa
 326 0122 01       		.byte	0x1
 327 0123 07010000 		.4byte	.LASF20
 328 0127 01       		.byte	0x1
 329 0128 6C       		.byte	0x6c
 330 0129 01       		.byte	0x1
 331 012a 6F000000 		.4byte	0x6f
 332 012e 00000000 		.4byte	.LFB3
 333 0132 10000000 		.4byte	.LFE3
 334 0136 02       		.byte	0x2
 335 0137 7D       		.byte	0x7d
 336 0138 00       		.sleb128 0
 337 0139 01       		.byte	0x1
 338 013a 0B       		.uleb128 0xb
 339 013b 01       		.byte	0x1
 340 013c E5000000 		.4byte	.LASF21
 341 0140 01       		.byte	0x1
 342 0141 84       		.byte	0x84
 343 0142 01       		.byte	0x1
 344 0143 6F000000 		.4byte	0x6f
 345 0147 00000000 		.4byte	.LFB4
 346 014b 14000000 		.4byte	.LFE4
 347 014f 02       		.byte	0x2
 348 0150 7D       		.byte	0x7d
 349 0151 00       		.sleb128 0
 350 0152 01       		.byte	0x1
 351 0153 0C       		.uleb128 0xc
 352 0154 6F010000 		.4byte	.LASF26
 353 0158 01       		.byte	0x1
 354 0159 86       		.byte	0x86
 355 015a 6F000000 		.4byte	0x6f
 356 015e 62000000 		.4byte	.LLST3
 357 0162 00       		.byte	0
 358 0163 00       		.byte	0
 359              		.section	.debug_abbrev,"",%progbits
 360              	.Ldebug_abbrev0:
 361 0000 01       		.uleb128 0x1
 362 0001 11       		.uleb128 0x11
 363 0002 01       		.byte	0x1
 364 0003 25       		.uleb128 0x25
 365 0004 0E       		.uleb128 0xe
 366 0005 13       		.uleb128 0x13
 367 0006 0B       		.uleb128 0xb
 368 0007 03       		.uleb128 0x3
ARM GAS  C:\Users\CHUCK~1.ERH\AppData\Local\Temp\ccfInQXI.s 			page 10


 369 0008 0E       		.uleb128 0xe
 370 0009 1B       		.uleb128 0x1b
 371 000a 0E       		.uleb128 0xe
 372 000b 55       		.uleb128 0x55
 373 000c 06       		.uleb128 0x6
 374 000d 11       		.uleb128 0x11
 375 000e 01       		.uleb128 0x1
 376 000f 52       		.uleb128 0x52
 377 0010 01       		.uleb128 0x1
 378 0011 10       		.uleb128 0x10
 379 0012 06       		.uleb128 0x6
 380 0013 00       		.byte	0
 381 0014 00       		.byte	0
 382 0015 02       		.uleb128 0x2
 383 0016 24       		.uleb128 0x24
 384 0017 00       		.byte	0
 385 0018 0B       		.uleb128 0xb
 386 0019 0B       		.uleb128 0xb
 387 001a 3E       		.uleb128 0x3e
 388 001b 0B       		.uleb128 0xb
 389 001c 03       		.uleb128 0x3
 390 001d 0E       		.uleb128 0xe
 391 001e 00       		.byte	0
 392 001f 00       		.byte	0
 393 0020 03       		.uleb128 0x3
 394 0021 24       		.uleb128 0x24
 395 0022 00       		.byte	0
 396 0023 0B       		.uleb128 0xb
 397 0024 0B       		.uleb128 0xb
 398 0025 3E       		.uleb128 0x3e
 399 0026 0B       		.uleb128 0xb
 400 0027 03       		.uleb128 0x3
 401 0028 08       		.uleb128 0x8
 402 0029 00       		.byte	0
 403 002a 00       		.byte	0
 404 002b 04       		.uleb128 0x4
 405 002c 16       		.uleb128 0x16
 406 002d 00       		.byte	0
 407 002e 03       		.uleb128 0x3
 408 002f 0E       		.uleb128 0xe
 409 0030 3A       		.uleb128 0x3a
 410 0031 0B       		.uleb128 0xb
 411 0032 3B       		.uleb128 0x3b
 412 0033 0B       		.uleb128 0xb
 413 0034 49       		.uleb128 0x49
 414 0035 13       		.uleb128 0x13
 415 0036 00       		.byte	0
 416 0037 00       		.byte	0
 417 0038 05       		.uleb128 0x5
 418 0039 35       		.uleb128 0x35
 419 003a 00       		.byte	0
 420 003b 49       		.uleb128 0x49
 421 003c 13       		.uleb128 0x13
 422 003d 00       		.byte	0
 423 003e 00       		.byte	0
 424 003f 06       		.uleb128 0x6
 425 0040 2E       		.uleb128 0x2e
ARM GAS  C:\Users\CHUCK~1.ERH\AppData\Local\Temp\ccfInQXI.s 			page 11


 426 0041 01       		.byte	0x1
 427 0042 3F       		.uleb128 0x3f
 428 0043 0C       		.uleb128 0xc
 429 0044 03       		.uleb128 0x3
 430 0045 0E       		.uleb128 0xe
 431 0046 3A       		.uleb128 0x3a
 432 0047 0B       		.uleb128 0xb
 433 0048 3B       		.uleb128 0x3b
 434 0049 0B       		.uleb128 0xb
 435 004a 27       		.uleb128 0x27
 436 004b 0C       		.uleb128 0xc
 437 004c 11       		.uleb128 0x11
 438 004d 01       		.uleb128 0x1
 439 004e 12       		.uleb128 0x12
 440 004f 01       		.uleb128 0x1
 441 0050 40       		.uleb128 0x40
 442 0051 0A       		.uleb128 0xa
 443 0052 9742     		.uleb128 0x2117
 444 0054 0C       		.uleb128 0xc
 445 0055 01       		.uleb128 0x1
 446 0056 13       		.uleb128 0x13
 447 0057 00       		.byte	0
 448 0058 00       		.byte	0
 449 0059 07       		.uleb128 0x7
 450 005a 05       		.uleb128 0x5
 451 005b 00       		.byte	0
 452 005c 03       		.uleb128 0x3
 453 005d 0E       		.uleb128 0xe
 454 005e 3A       		.uleb128 0x3a
 455 005f 0B       		.uleb128 0xb
 456 0060 3B       		.uleb128 0x3b
 457 0061 0B       		.uleb128 0xb
 458 0062 49       		.uleb128 0x49
 459 0063 13       		.uleb128 0x13
 460 0064 02       		.uleb128 0x2
 461 0065 06       		.uleb128 0x6
 462 0066 00       		.byte	0
 463 0067 00       		.byte	0
 464 0068 08       		.uleb128 0x8
 465 0069 34       		.uleb128 0x34
 466 006a 00       		.byte	0
 467 006b 03       		.uleb128 0x3
 468 006c 0E       		.uleb128 0xe
 469 006d 3A       		.uleb128 0x3a
 470 006e 0B       		.uleb128 0xb
 471 006f 3B       		.uleb128 0x3b
 472 0070 0B       		.uleb128 0xb
 473 0071 49       		.uleb128 0x49
 474 0072 13       		.uleb128 0x13
 475 0073 00       		.byte	0
 476 0074 00       		.byte	0
 477 0075 09       		.uleb128 0x9
 478 0076 2E       		.uleb128 0x2e
 479 0077 01       		.byte	0x1
 480 0078 3F       		.uleb128 0x3f
 481 0079 0C       		.uleb128 0xc
 482 007a 03       		.uleb128 0x3
ARM GAS  C:\Users\CHUCK~1.ERH\AppData\Local\Temp\ccfInQXI.s 			page 12


 483 007b 0E       		.uleb128 0xe
 484 007c 3A       		.uleb128 0x3a
 485 007d 0B       		.uleb128 0xb
 486 007e 3B       		.uleb128 0x3b
 487 007f 0B       		.uleb128 0xb
 488 0080 27       		.uleb128 0x27
 489 0081 0C       		.uleb128 0xc
 490 0082 11       		.uleb128 0x11
 491 0083 01       		.uleb128 0x1
 492 0084 12       		.uleb128 0x12
 493 0085 01       		.uleb128 0x1
 494 0086 40       		.uleb128 0x40
 495 0087 06       		.uleb128 0x6
 496 0088 9742     		.uleb128 0x2117
 497 008a 0C       		.uleb128 0xc
 498 008b 01       		.uleb128 0x1
 499 008c 13       		.uleb128 0x13
 500 008d 00       		.byte	0
 501 008e 00       		.byte	0
 502 008f 0A       		.uleb128 0xa
 503 0090 2E       		.uleb128 0x2e
 504 0091 00       		.byte	0
 505 0092 3F       		.uleb128 0x3f
 506 0093 0C       		.uleb128 0xc
 507 0094 03       		.uleb128 0x3
 508 0095 0E       		.uleb128 0xe
 509 0096 3A       		.uleb128 0x3a
 510 0097 0B       		.uleb128 0xb
 511 0098 3B       		.uleb128 0x3b
 512 0099 0B       		.uleb128 0xb
 513 009a 27       		.uleb128 0x27
 514 009b 0C       		.uleb128 0xc
 515 009c 49       		.uleb128 0x49
 516 009d 13       		.uleb128 0x13
 517 009e 11       		.uleb128 0x11
 518 009f 01       		.uleb128 0x1
 519 00a0 12       		.uleb128 0x12
 520 00a1 01       		.uleb128 0x1
 521 00a2 40       		.uleb128 0x40
 522 00a3 0A       		.uleb128 0xa
 523 00a4 9742     		.uleb128 0x2117
 524 00a6 0C       		.uleb128 0xc
 525 00a7 00       		.byte	0
 526 00a8 00       		.byte	0
 527 00a9 0B       		.uleb128 0xb
 528 00aa 2E       		.uleb128 0x2e
 529 00ab 01       		.byte	0x1
 530 00ac 3F       		.uleb128 0x3f
 531 00ad 0C       		.uleb128 0xc
 532 00ae 03       		.uleb128 0x3
 533 00af 0E       		.uleb128 0xe
 534 00b0 3A       		.uleb128 0x3a
 535 00b1 0B       		.uleb128 0xb
 536 00b2 3B       		.uleb128 0x3b
 537 00b3 0B       		.uleb128 0xb
 538 00b4 27       		.uleb128 0x27
 539 00b5 0C       		.uleb128 0xc
ARM GAS  C:\Users\CHUCK~1.ERH\AppData\Local\Temp\ccfInQXI.s 			page 13


 540 00b6 49       		.uleb128 0x49
 541 00b7 13       		.uleb128 0x13
 542 00b8 11       		.uleb128 0x11
 543 00b9 01       		.uleb128 0x1
 544 00ba 12       		.uleb128 0x12
 545 00bb 01       		.uleb128 0x1
 546 00bc 40       		.uleb128 0x40
 547 00bd 0A       		.uleb128 0xa
 548 00be 9742     		.uleb128 0x2117
 549 00c0 0C       		.uleb128 0xc
 550 00c1 00       		.byte	0
 551 00c2 00       		.byte	0
 552 00c3 0C       		.uleb128 0xc
 553 00c4 34       		.uleb128 0x34
 554 00c5 00       		.byte	0
 555 00c6 03       		.uleb128 0x3
 556 00c7 0E       		.uleb128 0xe
 557 00c8 3A       		.uleb128 0x3a
 558 00c9 0B       		.uleb128 0xb
 559 00ca 3B       		.uleb128 0x3b
 560 00cb 0B       		.uleb128 0xb
 561 00cc 49       		.uleb128 0x49
 562 00cd 13       		.uleb128 0x13
 563 00ce 02       		.uleb128 0x2
 564 00cf 06       		.uleb128 0x6
 565 00d0 00       		.byte	0
 566 00d1 00       		.byte	0
 567 00d2 00       		.byte	0
 568              		.section	.debug_loc,"",%progbits
 569              	.Ldebug_loc0:
 570              	.LLST0:
 571 0000 00000000 		.4byte	.LVL0
 572 0004 08000000 		.4byte	.LVL1
 573 0008 0100     		.2byte	0x1
 574 000a 50       		.byte	0x50
 575 000b 08000000 		.4byte	.LVL1
 576 000f 18000000 		.4byte	.LFE0
 577 0013 0400     		.2byte	0x4
 578 0015 F3       		.byte	0xf3
 579 0016 01       		.uleb128 0x1
 580 0017 50       		.byte	0x50
 581 0018 9F       		.byte	0x9f
 582 0019 00000000 		.4byte	0
 583 001d 00000000 		.4byte	0
 584              	.LLST1:
 585 0021 00000000 		.4byte	.LFB1
 586 0025 04000000 		.4byte	.LCFI0
 587 0029 0200     		.2byte	0x2
 588 002b 7D       		.byte	0x7d
 589 002c 00       		.sleb128 0
 590 002d 04000000 		.4byte	.LCFI0
 591 0031 1C000000 		.4byte	.LFE1
 592 0035 0200     		.2byte	0x2
 593 0037 7D       		.byte	0x7d
 594 0038 08       		.sleb128 8
 595 0039 00000000 		.4byte	0
 596 003d 00000000 		.4byte	0
ARM GAS  C:\Users\CHUCK~1.ERH\AppData\Local\Temp\ccfInQXI.s 			page 14


 597              	.LLST2:
 598 0041 00000000 		.4byte	.LVL2
 599 0045 0C000000 		.4byte	.LVL3
 600 0049 0100     		.2byte	0x1
 601 004b 50       		.byte	0x50
 602 004c 0C000000 		.4byte	.LVL3
 603 0050 1C000000 		.4byte	.LFE1
 604 0054 0400     		.2byte	0x4
 605 0056 F3       		.byte	0xf3
 606 0057 01       		.uleb128 0x1
 607 0058 50       		.byte	0x50
 608 0059 9F       		.byte	0x9f
 609 005a 00000000 		.4byte	0
 610 005e 00000000 		.4byte	0
 611              	.LLST3:
 612 0062 08000000 		.4byte	.LVL4
 613 0066 0E000000 		.4byte	.LVL5
 614 006a 0100     		.2byte	0x1
 615 006c 50       		.byte	0x50
 616 006d 0E000000 		.4byte	.LVL5
 617 0071 14000000 		.4byte	.LFE4
 618 0075 0400     		.2byte	0x4
 619 0077 73       		.byte	0x73
 620 0078 00       		.sleb128 0
 621 0079 06       		.byte	0x6
 622 007a 9F       		.byte	0x9f
 623 007b 00000000 		.4byte	0
 624 007f 00000000 		.4byte	0
 625              		.section	.debug_aranges,"",%progbits
 626 0000 3C000000 		.4byte	0x3c
 627 0004 0200     		.2byte	0x2
 628 0006 00000000 		.4byte	.Ldebug_info0
 629 000a 04       		.byte	0x4
 630 000b 00       		.byte	0
 631 000c 0000     		.2byte	0
 632 000e 0000     		.2byte	0
 633 0010 00000000 		.4byte	.LFB0
 634 0014 18000000 		.4byte	.LFE0-.LFB0
 635 0018 00000000 		.4byte	.LFB1
 636 001c 1C000000 		.4byte	.LFE1-.LFB1
 637 0020 00000000 		.4byte	.LFB2
 638 0024 10000000 		.4byte	.LFE2-.LFB2
 639 0028 00000000 		.4byte	.LFB3
 640 002c 10000000 		.4byte	.LFE3-.LFB3
 641 0030 00000000 		.4byte	.LFB4
 642 0034 14000000 		.4byte	.LFE4-.LFB4
 643 0038 00000000 		.4byte	0
 644 003c 00000000 		.4byte	0
 645              		.section	.debug_ranges,"",%progbits
 646              	.Ldebug_ranges0:
 647 0000 00000000 		.4byte	.LFB0
 648 0004 18000000 		.4byte	.LFE0
 649 0008 00000000 		.4byte	.LFB1
 650 000c 1C000000 		.4byte	.LFE1
 651 0010 00000000 		.4byte	.LFB2
 652 0014 10000000 		.4byte	.LFE2
 653 0018 00000000 		.4byte	.LFB3
ARM GAS  C:\Users\CHUCK~1.ERH\AppData\Local\Temp\ccfInQXI.s 			page 15


 654 001c 10000000 		.4byte	.LFE3
 655 0020 00000000 		.4byte	.LFB4
 656 0024 14000000 		.4byte	.LFE4
 657 0028 00000000 		.4byte	0
 658 002c 00000000 		.4byte	0
 659              		.section	.debug_line,"",%progbits
 660              	.Ldebug_line0:
 661 0000 B8000000 		.section	.debug_str,"MS",%progbits,1
 661      02004A00 
 661      00000201 
 661      FB0E0D00 
 661      01010101 
 662              	.LASF24:
 663 0000 433A5C55 		.ascii	"C:\\Users\\chuck.erhardt\\Documents\\GitHub\\PSoC-W"
 663      73657273 
 663      5C636875 
 663      636B2E65 
 663      72686172 
 664 002e 35313030 		.ascii	"5100-Driver\\PSoCPioneer+ArduinoShield_Example.cyds"
 664      2D447269 
 664      7665725C 
 664      50536F43 
 664      50696F6E 
 665 0060 6E00     		.ascii	"n\000"
 666              	.LASF14:
 667 0062 72656733 		.ascii	"reg32\000"
 667      3200
 668              	.LASF17:
 669 0068 76616C75 		.ascii	"value\000"
 669      6500
 670              	.LASF11:
 671 006e 666C6F61 		.ascii	"float\000"
 671      7400
 672              	.LASF19:
 673 0074 53504930 		.ascii	"SPI0_sclk_m_Read\000"
 673      5F73636C 
 673      6B5F6D5F 
 673      52656164 
 673      00
 674              	.LASF1:
 675 0085 756E7369 		.ascii	"unsigned char\000"
 675      676E6564 
 675      20636861 
 675      7200
 676              	.LASF25:
 677 0093 64725661 		.ascii	"drVal\000"
 677      6C00
 678              	.LASF5:
 679 0099 6C6F6E67 		.ascii	"long unsigned int\000"
 679      20756E73 
 679      69676E65 
 679      6420696E 
 679      7400
 680              	.LASF3:
 681 00ab 73686F72 		.ascii	"short unsigned int\000"
 681      7420756E 
 681      7369676E 
ARM GAS  C:\Users\CHUCK~1.ERH\AppData\Local\Temp\ccfInQXI.s 			page 16


 681      65642069 
 681      6E7400
 682              	.LASF23:
 683 00be 2E5C4765 		.ascii	".\\Generated_Source\\PSoC4\\SPI0_sclk_m.c\000"
 683      6E657261 
 683      7465645F 
 683      536F7572 
 683      63655C50 
 684              	.LASF21:
 685 00e5 53504930 		.ascii	"SPI0_sclk_m_ClearInterrupt\000"
 685      5F73636C 
 685      6B5F6D5F 
 685      436C6561 
 685      72496E74 
 686              	.LASF12:
 687 0100 646F7562 		.ascii	"double\000"
 687      6C6500
 688              	.LASF20:
 689 0107 53504930 		.ascii	"SPI0_sclk_m_ReadDataReg\000"
 689      5F73636C 
 689      6B5F6D5F 
 689      52656164 
 689      44617461 
 690              	.LASF10:
 691 011f 75696E74 		.ascii	"uint32\000"
 691      333200
 692              	.LASF8:
 693 0126 756E7369 		.ascii	"unsigned int\000"
 693      676E6564 
 693      20696E74 
 693      00
 694              	.LASF7:
 695 0133 6C6F6E67 		.ascii	"long long unsigned int\000"
 695      206C6F6E 
 695      6720756E 
 695      7369676E 
 695      65642069 
 696              	.LASF18:
 697 014a 6D6F6465 		.ascii	"mode\000"
 697      00
 698              	.LASF15:
 699 014f 53504930 		.ascii	"SPI0_sclk_m_Write\000"
 699      5F73636C 
 699      6B5F6D5F 
 699      57726974 
 699      6500
 700              	.LASF6:
 701 0161 6C6F6E67 		.ascii	"long long int\000"
 701      206C6F6E 
 701      6720696E 
 701      7400
 702              	.LASF26:
 703 016f 6D61736B 		.ascii	"maskedStatus\000"
 703      65645374 
 703      61747573 
 703      00
 704              	.LASF13:
ARM GAS  C:\Users\CHUCK~1.ERH\AppData\Local\Temp\ccfInQXI.s 			page 17


 705 017c 63686172 		.ascii	"char\000"
 705      00
 706              	.LASF2:
 707 0181 73686F72 		.ascii	"short int\000"
 707      7420696E 
 707      7400
 708              	.LASF9:
 709 018b 75696E74 		.ascii	"uint8\000"
 709      3800
 710              	.LASF22:
 711 0191 474E5520 		.ascii	"GNU C 4.7.3 20130312 (release) [ARM/embedded-4_7-br"
 711      4320342E 
 711      372E3320 
 711      32303133 
 711      30333132 
 712 01c4 616E6368 		.ascii	"anch revision 196615]\000"
 712      20726576 
 712      6973696F 
 712      6E203139 
 712      36363135 
 713              	.LASF4:
 714 01da 6C6F6E67 		.ascii	"long int\000"
 714      20696E74 
 714      00
 715              	.LASF0:
 716 01e3 7369676E 		.ascii	"signed char\000"
 716      65642063 
 716      68617200 
 717              	.LASF16:
 718 01ef 53504930 		.ascii	"SPI0_sclk_m_SetDriveMode\000"
 718      5F73636C 
 718      6B5F6D5F 
 718      53657444 
 718      72697665 
 719              		.ident	"GCC: (GNU Tools for ARM Embedded Processors) 4.7.3 20130312 (release) [ARM/embedded-4_7-br
