ARM GAS  C:\Users\CHUCK~1.ERH\AppData\Local\Temp\cc95qYV3.s 			page 1


   1              		.cpu cortex-m0
   2              		.fpu softvfp
   3              		.eabi_attribute 20, 1
   4              		.eabi_attribute 21, 1
   5              		.eabi_attribute 23, 3
   6              		.eabi_attribute 24, 1
   7              		.eabi_attribute 25, 1
   8              		.eabi_attribute 26, 1
   9              		.eabi_attribute 30, 4
  10              		.eabi_attribute 34, 0
  11              		.eabi_attribute 18, 4
  12              		.code	16
  13              		.file	"SPI0_SPI_UART.c"
  14              		.text
  15              	.Ltext0:
  16              		.cfi_sections	.debug_frame
  17              		.section	.text.SPI0_SpiUartReadRxData,"ax",%progbits
  18              		.align	1
  19              		.global	SPI0_SpiUartReadRxData
  20              		.code	16
  21              		.thumb_func
  22              		.type	SPI0_SpiUartReadRxData, %function
  23              	SPI0_SpiUartReadRxData:
  24              	.LFB0:
  25              		.file 1 ".\\Generated_Source\\PSoC4\\SPI0_SPI_UART.c"
   1:.\Generated_Source\PSoC4/SPI0_SPI_UART.c **** /*******************************************************************************
   2:.\Generated_Source\PSoC4/SPI0_SPI_UART.c **** * File Name: SPI0_SPI_UART.c
   3:.\Generated_Source\PSoC4/SPI0_SPI_UART.c **** * Version 1.10
   4:.\Generated_Source\PSoC4/SPI0_SPI_UART.c **** *
   5:.\Generated_Source\PSoC4/SPI0_SPI_UART.c **** * Description:
   6:.\Generated_Source\PSoC4/SPI0_SPI_UART.c **** *  This file provides the source code to the API for the SCB Component in
   7:.\Generated_Source\PSoC4/SPI0_SPI_UART.c **** *  SPI and UART modes.
   8:.\Generated_Source\PSoC4/SPI0_SPI_UART.c **** *
   9:.\Generated_Source\PSoC4/SPI0_SPI_UART.c **** * Note:
  10:.\Generated_Source\PSoC4/SPI0_SPI_UART.c **** *
  11:.\Generated_Source\PSoC4/SPI0_SPI_UART.c **** *******************************************************************************
  12:.\Generated_Source\PSoC4/SPI0_SPI_UART.c **** * Copyright 2013, Cypress Semiconductor Corporation.  All rights reserved.
  13:.\Generated_Source\PSoC4/SPI0_SPI_UART.c **** * You may use this file only in accordance with the license, terms, conditions,
  14:.\Generated_Source\PSoC4/SPI0_SPI_UART.c **** * disclaimers, and limitations in the end user license agreement accompanying
  15:.\Generated_Source\PSoC4/SPI0_SPI_UART.c **** * the software package with which this file was provided.
  16:.\Generated_Source\PSoC4/SPI0_SPI_UART.c **** *******************************************************************************/
  17:.\Generated_Source\PSoC4/SPI0_SPI_UART.c **** 
  18:.\Generated_Source\PSoC4/SPI0_SPI_UART.c **** #include "SPI0_PVT.h"
  19:.\Generated_Source\PSoC4/SPI0_SPI_UART.c **** #include "SPI0_SPI_UART_PVT.h"
  20:.\Generated_Source\PSoC4/SPI0_SPI_UART.c **** 
  21:.\Generated_Source\PSoC4/SPI0_SPI_UART.c **** /***************************************
  22:.\Generated_Source\PSoC4/SPI0_SPI_UART.c **** *        SPI/UART Private Vars
  23:.\Generated_Source\PSoC4/SPI0_SPI_UART.c **** ***************************************/
  24:.\Generated_Source\PSoC4/SPI0_SPI_UART.c **** 
  25:.\Generated_Source\PSoC4/SPI0_SPI_UART.c **** #if(SPI0_INTERNAL_RX_SW_BUFFER_CONST)
  26:.\Generated_Source\PSoC4/SPI0_SPI_UART.c ****     volatile uint32 SPI0_rxBufferHead;
  27:.\Generated_Source\PSoC4/SPI0_SPI_UART.c ****     volatile uint32 SPI0_rxBufferTail;
  28:.\Generated_Source\PSoC4/SPI0_SPI_UART.c ****     volatile uint8  SPI0_rxBufferOverflow;
  29:.\Generated_Source\PSoC4/SPI0_SPI_UART.c **** #endif /* (SPI0_INTERNAL_RX_SW_BUFFER_CONST) */
  30:.\Generated_Source\PSoC4/SPI0_SPI_UART.c **** 
  31:.\Generated_Source\PSoC4/SPI0_SPI_UART.c **** #if(SPI0_INTERNAL_TX_SW_BUFFER_CONST)
  32:.\Generated_Source\PSoC4/SPI0_SPI_UART.c ****     volatile uint32 SPI0_txBufferHead;
ARM GAS  C:\Users\CHUCK~1.ERH\AppData\Local\Temp\cc95qYV3.s 			page 2


  33:.\Generated_Source\PSoC4/SPI0_SPI_UART.c ****     volatile uint32 SPI0_txBufferTail;
  34:.\Generated_Source\PSoC4/SPI0_SPI_UART.c **** #endif /* (SPI0_INTERNAL_TX_SW_BUFFER_CONST) */
  35:.\Generated_Source\PSoC4/SPI0_SPI_UART.c **** 
  36:.\Generated_Source\PSoC4/SPI0_SPI_UART.c **** #if(SPI0_INTERNAL_RX_SW_BUFFER)
  37:.\Generated_Source\PSoC4/SPI0_SPI_UART.c ****     /* Add one element to the buffer to receive full packet. One byte in receive buffer is always e
  38:.\Generated_Source\PSoC4/SPI0_SPI_UART.c ****     volatile uint8 SPI0_rxBufferInternal[SPI0_RX_BUFFER_SIZE];
  39:.\Generated_Source\PSoC4/SPI0_SPI_UART.c **** #endif /* (SPI0_INTERNAL_RX_SW_BUFFER) */
  40:.\Generated_Source\PSoC4/SPI0_SPI_UART.c **** 
  41:.\Generated_Source\PSoC4/SPI0_SPI_UART.c **** #if(SPI0_INTERNAL_TX_SW_BUFFER)
  42:.\Generated_Source\PSoC4/SPI0_SPI_UART.c ****     volatile uint8 SPI0_txBufferInternal[SPI0_TX_BUFFER_SIZE];
  43:.\Generated_Source\PSoC4/SPI0_SPI_UART.c **** #endif /* (SPI0_INTERNAL_TX_SW_BUFFER) */
  44:.\Generated_Source\PSoC4/SPI0_SPI_UART.c **** 
  45:.\Generated_Source\PSoC4/SPI0_SPI_UART.c **** 
  46:.\Generated_Source\PSoC4/SPI0_SPI_UART.c **** #if(SPI0_RX_DIRECTION)
  47:.\Generated_Source\PSoC4/SPI0_SPI_UART.c **** 
  48:.\Generated_Source\PSoC4/SPI0_SPI_UART.c ****     /*******************************************************************************
  49:.\Generated_Source\PSoC4/SPI0_SPI_UART.c ****     * Function Name: SPI0_SpiUartReadRxData
  50:.\Generated_Source\PSoC4/SPI0_SPI_UART.c ****     ********************************************************************************
  51:.\Generated_Source\PSoC4/SPI0_SPI_UART.c ****     *
  52:.\Generated_Source\PSoC4/SPI0_SPI_UART.c ****     * Summary:
  53:.\Generated_Source\PSoC4/SPI0_SPI_UART.c ****     *  Retrieves the next data element from the receive buffer. Undefined data will
  54:.\Generated_Source\PSoC4/SPI0_SPI_UART.c ****     *  be returned if the RX buffer is empty.
  55:.\Generated_Source\PSoC4/SPI0_SPI_UART.c ****     *  Call SPI0_SpiUartGetRxBufferSize() to return buffer size.
  56:.\Generated_Source\PSoC4/SPI0_SPI_UART.c ****     *   - RX software buffer disabled: Returns data element retrieved from RX FIFO.
  57:.\Generated_Source\PSoC4/SPI0_SPI_UART.c ****     *   - RX software buffer enabled: Returns data element from the software
  58:.\Generated_Source\PSoC4/SPI0_SPI_UART.c ****     *     receive buffer.
  59:.\Generated_Source\PSoC4/SPI0_SPI_UART.c ****     *
  60:.\Generated_Source\PSoC4/SPI0_SPI_UART.c ****     * Parameters:
  61:.\Generated_Source\PSoC4/SPI0_SPI_UART.c ****     *  None
  62:.\Generated_Source\PSoC4/SPI0_SPI_UART.c ****     *
  63:.\Generated_Source\PSoC4/SPI0_SPI_UART.c ****     * Return:
  64:.\Generated_Source\PSoC4/SPI0_SPI_UART.c ****     *  Next data element from the receive buffer.
  65:.\Generated_Source\PSoC4/SPI0_SPI_UART.c ****     *
  66:.\Generated_Source\PSoC4/SPI0_SPI_UART.c ****     * Global Variables:
  67:.\Generated_Source\PSoC4/SPI0_SPI_UART.c ****     *  Look into SPI0_SpiInit for description.
  68:.\Generated_Source\PSoC4/SPI0_SPI_UART.c ****     *
  69:.\Generated_Source\PSoC4/SPI0_SPI_UART.c ****     *******************************************************************************/
  70:.\Generated_Source\PSoC4/SPI0_SPI_UART.c ****     uint32 SPI0_SpiUartReadRxData(void)
  71:.\Generated_Source\PSoC4/SPI0_SPI_UART.c ****     {
  26              		.loc 1 71 0
  27              		.cfi_startproc
  28              	.LVL0:
  72:.\Generated_Source\PSoC4/SPI0_SPI_UART.c ****         uint32 rxData = 0u;
  73:.\Generated_Source\PSoC4/SPI0_SPI_UART.c **** 
  74:.\Generated_Source\PSoC4/SPI0_SPI_UART.c ****         #if(SPI0_INTERNAL_RX_SW_BUFFER_CONST)
  75:.\Generated_Source\PSoC4/SPI0_SPI_UART.c ****             uint32 locTail;
  76:.\Generated_Source\PSoC4/SPI0_SPI_UART.c ****         #endif /* (SPI0_INTERNAL_RX_SW_BUFFER_CONST) */
  77:.\Generated_Source\PSoC4/SPI0_SPI_UART.c **** 
  78:.\Generated_Source\PSoC4/SPI0_SPI_UART.c ****         #if(SPI0_CHECK_RX_SW_BUFFER)
  79:.\Generated_Source\PSoC4/SPI0_SPI_UART.c ****         {
  80:.\Generated_Source\PSoC4/SPI0_SPI_UART.c ****             if(SPI0_rxBufferHead != SPI0_rxBufferTail)
  81:.\Generated_Source\PSoC4/SPI0_SPI_UART.c ****             {
  82:.\Generated_Source\PSoC4/SPI0_SPI_UART.c ****                 /* There is data in RX software buffer */
  83:.\Generated_Source\PSoC4/SPI0_SPI_UART.c **** 
  84:.\Generated_Source\PSoC4/SPI0_SPI_UART.c ****                 /* Calculate index to read from */
  85:.\Generated_Source\PSoC4/SPI0_SPI_UART.c ****                 locTail = (SPI0_rxBufferTail + 1u);
  86:.\Generated_Source\PSoC4/SPI0_SPI_UART.c **** 
ARM GAS  C:\Users\CHUCK~1.ERH\AppData\Local\Temp\cc95qYV3.s 			page 3


  87:.\Generated_Source\PSoC4/SPI0_SPI_UART.c ****                 if(SPI0_RX_BUFFER_SIZE == locTail)
  88:.\Generated_Source\PSoC4/SPI0_SPI_UART.c ****                 {
  89:.\Generated_Source\PSoC4/SPI0_SPI_UART.c ****                     locTail = 0u;
  90:.\Generated_Source\PSoC4/SPI0_SPI_UART.c ****                 }
  91:.\Generated_Source\PSoC4/SPI0_SPI_UART.c **** 
  92:.\Generated_Source\PSoC4/SPI0_SPI_UART.c ****                 /* Get data fron RX software buffer */
  93:.\Generated_Source\PSoC4/SPI0_SPI_UART.c ****                 rxData = SPI0_GetWordFromRxBuffer(locTail);
  94:.\Generated_Source\PSoC4/SPI0_SPI_UART.c **** 
  95:.\Generated_Source\PSoC4/SPI0_SPI_UART.c ****                 /* Change index in the buffer */
  96:.\Generated_Source\PSoC4/SPI0_SPI_UART.c ****                 SPI0_rxBufferTail = locTail;
  97:.\Generated_Source\PSoC4/SPI0_SPI_UART.c ****             }
  98:.\Generated_Source\PSoC4/SPI0_SPI_UART.c ****         }
  99:.\Generated_Source\PSoC4/SPI0_SPI_UART.c ****         #else
 100:.\Generated_Source\PSoC4/SPI0_SPI_UART.c ****         {
 101:.\Generated_Source\PSoC4/SPI0_SPI_UART.c ****             rxData = SPI0_RX_FIFO_RD_REG; /* Read data from RX FIFO */
  29              		.loc 1 101 0
  30 0000 014B     		ldr	r3, .L2
 102:.\Generated_Source\PSoC4/SPI0_SPI_UART.c ****         }
 103:.\Generated_Source\PSoC4/SPI0_SPI_UART.c ****         #endif
 104:.\Generated_Source\PSoC4/SPI0_SPI_UART.c **** 
 105:.\Generated_Source\PSoC4/SPI0_SPI_UART.c ****         return(rxData);
 106:.\Generated_Source\PSoC4/SPI0_SPI_UART.c ****     }
  31              		.loc 1 106 0
  32              		@ sp needed for prologue
 101:.\Generated_Source\PSoC4/SPI0_SPI_UART.c ****             rxData = SPI0_RX_FIFO_RD_REG; /* Read data from RX FIFO */
  33              		.loc 1 101 0
  34 0002 1868     		ldr	r0, [r3]
  35              	.LVL1:
  36              		.loc 1 106 0
  37 0004 7047     		bx	lr
  38              	.L3:
  39 0006 C046     		.align	2
  40              	.L2:
  41 0008 40030740 		.word	1074201408
  42              		.cfi_endproc
  43              	.LFE0:
  44              		.size	SPI0_SpiUartReadRxData, .-SPI0_SpiUartReadRxData
  45              		.section	.text.SPI0_SpiUartGetRxBufferSize,"ax",%progbits
  46              		.align	1
  47              		.global	SPI0_SpiUartGetRxBufferSize
  48              		.code	16
  49              		.thumb_func
  50              		.type	SPI0_SpiUartGetRxBufferSize, %function
  51              	SPI0_SpiUartGetRxBufferSize:
  52              	.LFB1:
 107:.\Generated_Source\PSoC4/SPI0_SPI_UART.c **** 
 108:.\Generated_Source\PSoC4/SPI0_SPI_UART.c **** 
 109:.\Generated_Source\PSoC4/SPI0_SPI_UART.c ****     /*******************************************************************************
 110:.\Generated_Source\PSoC4/SPI0_SPI_UART.c ****     * Function Name: SPI0_SpiUartGetRxBufferSize
 111:.\Generated_Source\PSoC4/SPI0_SPI_UART.c ****     ********************************************************************************
 112:.\Generated_Source\PSoC4/SPI0_SPI_UART.c ****     *
 113:.\Generated_Source\PSoC4/SPI0_SPI_UART.c ****     * Summary:
 114:.\Generated_Source\PSoC4/SPI0_SPI_UART.c ****     *  Returns the number of received data elements in the receive buffer.
 115:.\Generated_Source\PSoC4/SPI0_SPI_UART.c ****     *   - RX software buffer disabled: returns the number of used entries in
 116:.\Generated_Source\PSoC4/SPI0_SPI_UART.c ****     *     RX FIFO.
 117:.\Generated_Source\PSoC4/SPI0_SPI_UART.c ****     *   - RX software buffer enabled: returns the number of elements which were
 118:.\Generated_Source\PSoC4/SPI0_SPI_UART.c ****     *     placed in receive buffer.
ARM GAS  C:\Users\CHUCK~1.ERH\AppData\Local\Temp\cc95qYV3.s 			page 4


 119:.\Generated_Source\PSoC4/SPI0_SPI_UART.c ****     *
 120:.\Generated_Source\PSoC4/SPI0_SPI_UART.c ****     * Parameters:
 121:.\Generated_Source\PSoC4/SPI0_SPI_UART.c ****     *  None
 122:.\Generated_Source\PSoC4/SPI0_SPI_UART.c ****     *
 123:.\Generated_Source\PSoC4/SPI0_SPI_UART.c ****     * Return:
 124:.\Generated_Source\PSoC4/SPI0_SPI_UART.c ****     *  Number of received data elements
 125:.\Generated_Source\PSoC4/SPI0_SPI_UART.c ****     *
 126:.\Generated_Source\PSoC4/SPI0_SPI_UART.c ****     *******************************************************************************/
 127:.\Generated_Source\PSoC4/SPI0_SPI_UART.c ****     uint32 SPI0_SpiUartGetRxBufferSize(void)
 128:.\Generated_Source\PSoC4/SPI0_SPI_UART.c ****     {
  53              		.loc 1 128 0
  54              		.cfi_startproc
 129:.\Generated_Source\PSoC4/SPI0_SPI_UART.c ****         uint32 size;
 130:.\Generated_Source\PSoC4/SPI0_SPI_UART.c ****         #if(SPI0_INTERNAL_RX_SW_BUFFER_CONST)
 131:.\Generated_Source\PSoC4/SPI0_SPI_UART.c ****             uint32 locHead;
 132:.\Generated_Source\PSoC4/SPI0_SPI_UART.c ****         #endif /* (SPI0_INTERNAL_RX_SW_BUFFER_CONST) */
 133:.\Generated_Source\PSoC4/SPI0_SPI_UART.c **** 
 134:.\Generated_Source\PSoC4/SPI0_SPI_UART.c ****         #if(SPI0_CHECK_RX_SW_BUFFER)
 135:.\Generated_Source\PSoC4/SPI0_SPI_UART.c ****         {
 136:.\Generated_Source\PSoC4/SPI0_SPI_UART.c ****             locHead = SPI0_rxBufferHead;
 137:.\Generated_Source\PSoC4/SPI0_SPI_UART.c **** 
 138:.\Generated_Source\PSoC4/SPI0_SPI_UART.c ****             if(locHead >= SPI0_rxBufferTail)
 139:.\Generated_Source\PSoC4/SPI0_SPI_UART.c ****             {
 140:.\Generated_Source\PSoC4/SPI0_SPI_UART.c ****                 size = (locHead - SPI0_rxBufferTail);
 141:.\Generated_Source\PSoC4/SPI0_SPI_UART.c ****             }
 142:.\Generated_Source\PSoC4/SPI0_SPI_UART.c ****             else
 143:.\Generated_Source\PSoC4/SPI0_SPI_UART.c ****             {
 144:.\Generated_Source\PSoC4/SPI0_SPI_UART.c ****                 size = (locHead + (SPI0_RX_BUFFER_SIZE - SPI0_rxBufferTail));
 145:.\Generated_Source\PSoC4/SPI0_SPI_UART.c ****             }
 146:.\Generated_Source\PSoC4/SPI0_SPI_UART.c ****         }
 147:.\Generated_Source\PSoC4/SPI0_SPI_UART.c ****         #else
 148:.\Generated_Source\PSoC4/SPI0_SPI_UART.c ****         {
 149:.\Generated_Source\PSoC4/SPI0_SPI_UART.c ****             size = SPI0_GET_RX_FIFO_ENTRIES;
  55              		.loc 1 149 0
  56 0000 024B     		ldr	r3, .L5
  57 0002 0F21     		mov	r1, #15
  58 0004 1868     		ldr	r0, [r3]
  59              	.LVL2:
 150:.\Generated_Source\PSoC4/SPI0_SPI_UART.c ****         }
 151:.\Generated_Source\PSoC4/SPI0_SPI_UART.c ****         #endif
 152:.\Generated_Source\PSoC4/SPI0_SPI_UART.c **** 
 153:.\Generated_Source\PSoC4/SPI0_SPI_UART.c ****         return(size);
 154:.\Generated_Source\PSoC4/SPI0_SPI_UART.c ****     }
  60              		.loc 1 154 0
  61              		@ sp needed for prologue
 149:.\Generated_Source\PSoC4/SPI0_SPI_UART.c ****             size = SPI0_GET_RX_FIFO_ENTRIES;
  62              		.loc 1 149 0
  63 0006 0840     		and	r0, r1
  64              	.LVL3:
  65              		.loc 1 154 0
  66 0008 7047     		bx	lr
  67              	.L6:
  68 000a C046     		.align	2
  69              	.L5:
  70 000c 08030740 		.word	1074201352
  71              		.cfi_endproc
  72              	.LFE1:
ARM GAS  C:\Users\CHUCK~1.ERH\AppData\Local\Temp\cc95qYV3.s 			page 5


  73              		.size	SPI0_SpiUartGetRxBufferSize, .-SPI0_SpiUartGetRxBufferSize
  74              		.section	.text.SPI0_SpiUartClearRxBuffer,"ax",%progbits
  75              		.align	1
  76              		.global	SPI0_SpiUartClearRxBuffer
  77              		.code	16
  78              		.thumb_func
  79              		.type	SPI0_SpiUartClearRxBuffer, %function
  80              	SPI0_SpiUartClearRxBuffer:
  81              	.LFB2:
 155:.\Generated_Source\PSoC4/SPI0_SPI_UART.c **** 
 156:.\Generated_Source\PSoC4/SPI0_SPI_UART.c **** 
 157:.\Generated_Source\PSoC4/SPI0_SPI_UART.c ****     /*******************************************************************************
 158:.\Generated_Source\PSoC4/SPI0_SPI_UART.c ****     * Function Name: SPI0_SpiUartClearRxBuffer
 159:.\Generated_Source\PSoC4/SPI0_SPI_UART.c ****     ********************************************************************************
 160:.\Generated_Source\PSoC4/SPI0_SPI_UART.c ****     *
 161:.\Generated_Source\PSoC4/SPI0_SPI_UART.c ****     * Summary:
 162:.\Generated_Source\PSoC4/SPI0_SPI_UART.c ****     *  Clear the receive buffer and RX FIFO.
 163:.\Generated_Source\PSoC4/SPI0_SPI_UART.c ****     *
 164:.\Generated_Source\PSoC4/SPI0_SPI_UART.c ****     * Parameters:
 165:.\Generated_Source\PSoC4/SPI0_SPI_UART.c ****     *  None
 166:.\Generated_Source\PSoC4/SPI0_SPI_UART.c ****     *
 167:.\Generated_Source\PSoC4/SPI0_SPI_UART.c ****     * Return:
 168:.\Generated_Source\PSoC4/SPI0_SPI_UART.c ****     *  None
 169:.\Generated_Source\PSoC4/SPI0_SPI_UART.c ****     *
 170:.\Generated_Source\PSoC4/SPI0_SPI_UART.c ****     *******************************************************************************/
 171:.\Generated_Source\PSoC4/SPI0_SPI_UART.c ****     void SPI0_SpiUartClearRxBuffer(void)
 172:.\Generated_Source\PSoC4/SPI0_SPI_UART.c ****     {
  82              		.loc 1 172 0
  83              		.cfi_startproc
 173:.\Generated_Source\PSoC4/SPI0_SPI_UART.c ****         #if(SPI0_INTERNAL_RX_SW_BUFFER_CONST)
 174:.\Generated_Source\PSoC4/SPI0_SPI_UART.c ****             uint32 intSourceMask;
 175:.\Generated_Source\PSoC4/SPI0_SPI_UART.c ****         #endif /* (SPI0_INTERNAL_RX_SW_BUFFER_CONST) */
 176:.\Generated_Source\PSoC4/SPI0_SPI_UART.c **** 
 177:.\Generated_Source\PSoC4/SPI0_SPI_UART.c ****         #if(SPI0_CHECK_RX_SW_BUFFER)
 178:.\Generated_Source\PSoC4/SPI0_SPI_UART.c ****         {
 179:.\Generated_Source\PSoC4/SPI0_SPI_UART.c ****             intSourceMask = SPI0_SpiUartDisableIntRx();
 180:.\Generated_Source\PSoC4/SPI0_SPI_UART.c **** 
 181:.\Generated_Source\PSoC4/SPI0_SPI_UART.c ****             SPI0_CLEAR_RX_FIFO;
 182:.\Generated_Source\PSoC4/SPI0_SPI_UART.c **** 
 183:.\Generated_Source\PSoC4/SPI0_SPI_UART.c ****             /* Flush RX software buffer */
 184:.\Generated_Source\PSoC4/SPI0_SPI_UART.c ****             SPI0_rxBufferHead     = SPI0_rxBufferTail;
 185:.\Generated_Source\PSoC4/SPI0_SPI_UART.c ****             SPI0_rxBufferOverflow = 0u;
 186:.\Generated_Source\PSoC4/SPI0_SPI_UART.c **** 
 187:.\Generated_Source\PSoC4/SPI0_SPI_UART.c ****             /* End RX transfer */
 188:.\Generated_Source\PSoC4/SPI0_SPI_UART.c ****             SPI0_ClearRxInterruptSource(SPI0_INTR_RX_ALL);
 189:.\Generated_Source\PSoC4/SPI0_SPI_UART.c **** 
 190:.\Generated_Source\PSoC4/SPI0_SPI_UART.c ****             SPI0_SpiUartEnableIntRx(intSourceMask);
 191:.\Generated_Source\PSoC4/SPI0_SPI_UART.c ****         }
 192:.\Generated_Source\PSoC4/SPI0_SPI_UART.c ****         #else
 193:.\Generated_Source\PSoC4/SPI0_SPI_UART.c ****         {
 194:.\Generated_Source\PSoC4/SPI0_SPI_UART.c ****             SPI0_CLEAR_RX_FIFO;
  84              		.loc 1 194 0
  85 0000 054B     		ldr	r3, .L8
  86 0002 8022     		mov	r2, #128
  87 0004 1968     		ldr	r1, [r3]
  88 0006 5002     		lsl	r0, r2, #9
  89 0008 0843     		orr	r0, r1
ARM GAS  C:\Users\CHUCK~1.ERH\AppData\Local\Temp\cc95qYV3.s 			page 6


  90 000a 1860     		str	r0, [r3]
  91 000c 1968     		ldr	r1, [r3]
  92 000e 034A     		ldr	r2, .L8+4
 195:.\Generated_Source\PSoC4/SPI0_SPI_UART.c ****         }
 196:.\Generated_Source\PSoC4/SPI0_SPI_UART.c ****         #endif
 197:.\Generated_Source\PSoC4/SPI0_SPI_UART.c ****     }
  93              		.loc 1 197 0
  94              		@ sp needed for prologue
 194:.\Generated_Source\PSoC4/SPI0_SPI_UART.c ****             SPI0_CLEAR_RX_FIFO;
  95              		.loc 1 194 0
  96 0010 0A40     		and	r2, r1
  97 0012 1A60     		str	r2, [r3]
  98              		.loc 1 197 0
  99 0014 7047     		bx	lr
 100              	.L9:
 101 0016 C046     		.align	2
 102              	.L8:
 103 0018 04030740 		.word	1074201348
 104 001c FFFFFEFF 		.word	-65537
 105              		.cfi_endproc
 106              	.LFE2:
 107              		.size	SPI0_SpiUartClearRxBuffer, .-SPI0_SpiUartClearRxBuffer
 108              		.section	.text.SPI0_SpiUartWriteTxData,"ax",%progbits
 109              		.align	1
 110              		.global	SPI0_SpiUartWriteTxData
 111              		.code	16
 112              		.thumb_func
 113              		.type	SPI0_SpiUartWriteTxData, %function
 114              	SPI0_SpiUartWriteTxData:
 115              	.LFB3:
 198:.\Generated_Source\PSoC4/SPI0_SPI_UART.c **** 
 199:.\Generated_Source\PSoC4/SPI0_SPI_UART.c **** #endif /* (SPI0_RX_DIRECTION) */
 200:.\Generated_Source\PSoC4/SPI0_SPI_UART.c **** 
 201:.\Generated_Source\PSoC4/SPI0_SPI_UART.c **** 
 202:.\Generated_Source\PSoC4/SPI0_SPI_UART.c **** #if(SPI0_TX_DIRECTION)
 203:.\Generated_Source\PSoC4/SPI0_SPI_UART.c **** 
 204:.\Generated_Source\PSoC4/SPI0_SPI_UART.c ****     /*******************************************************************************
 205:.\Generated_Source\PSoC4/SPI0_SPI_UART.c ****     * Function Name: SPI0_SpiUartWriteTxData
 206:.\Generated_Source\PSoC4/SPI0_SPI_UART.c ****     ********************************************************************************
 207:.\Generated_Source\PSoC4/SPI0_SPI_UART.c ****     *
 208:.\Generated_Source\PSoC4/SPI0_SPI_UART.c ****     * Summary:
 209:.\Generated_Source\PSoC4/SPI0_SPI_UART.c ****     *  Places a data entry into the transmit buffer to be sent at the next available
 210:.\Generated_Source\PSoC4/SPI0_SPI_UART.c ****     *  bus time.
 211:.\Generated_Source\PSoC4/SPI0_SPI_UART.c ****     *  This function is blocking and waits until there is space available to put the
 212:.\Generated_Source\PSoC4/SPI0_SPI_UART.c ****     *  requested data in the transmit buffer.
 213:.\Generated_Source\PSoC4/SPI0_SPI_UART.c ****     *
 214:.\Generated_Source\PSoC4/SPI0_SPI_UART.c ****     * Parameters:
 215:.\Generated_Source\PSoC4/SPI0_SPI_UART.c ****     *  txDataByte: the data to be transmitted.
 216:.\Generated_Source\PSoC4/SPI0_SPI_UART.c ****     *
 217:.\Generated_Source\PSoC4/SPI0_SPI_UART.c ****     * Return:
 218:.\Generated_Source\PSoC4/SPI0_SPI_UART.c ****     *  None
 219:.\Generated_Source\PSoC4/SPI0_SPI_UART.c ****     *
 220:.\Generated_Source\PSoC4/SPI0_SPI_UART.c ****     *******************************************************************************/
 221:.\Generated_Source\PSoC4/SPI0_SPI_UART.c ****     void SPI0_SpiUartWriteTxData(uint32 txDataByte)
 222:.\Generated_Source\PSoC4/SPI0_SPI_UART.c ****     {
 116              		.loc 1 222 0
 117              		.cfi_startproc
ARM GAS  C:\Users\CHUCK~1.ERH\AppData\Local\Temp\cc95qYV3.s 			page 7


 118              	.LVL4:
 119 0000 00B5     		push	{lr}
 120              	.LCFI0:
 121              		.cfi_def_cfa_offset 4
 122              		.cfi_offset 14, -4
 123              	.L11:
 223:.\Generated_Source\PSoC4/SPI0_SPI_UART.c ****         #if(SPI0_INTERNAL_TX_SW_BUFFER_CONST)
 224:.\Generated_Source\PSoC4/SPI0_SPI_UART.c ****             uint32 locHead;
 225:.\Generated_Source\PSoC4/SPI0_SPI_UART.c ****             uint32 intSourceMask;
 226:.\Generated_Source\PSoC4/SPI0_SPI_UART.c ****         #endif /* (SPI0_INTERNAL_TX_SW_BUFFER_CONST) */
 227:.\Generated_Source\PSoC4/SPI0_SPI_UART.c **** 
 228:.\Generated_Source\PSoC4/SPI0_SPI_UART.c ****         #if(SPI0_CHECK_TX_SW_BUFFER)
 229:.\Generated_Source\PSoC4/SPI0_SPI_UART.c ****         {
 230:.\Generated_Source\PSoC4/SPI0_SPI_UART.c ****             /* Head index to put data */
 231:.\Generated_Source\PSoC4/SPI0_SPI_UART.c ****             locHead = (SPI0_txBufferHead + 1u);
 232:.\Generated_Source\PSoC4/SPI0_SPI_UART.c **** 
 233:.\Generated_Source\PSoC4/SPI0_SPI_UART.c ****             /* Adjust TX software buffer index */
 234:.\Generated_Source\PSoC4/SPI0_SPI_UART.c ****             if(SPI0_TX_BUFFER_SIZE == locHead)
 235:.\Generated_Source\PSoC4/SPI0_SPI_UART.c ****             {
 236:.\Generated_Source\PSoC4/SPI0_SPI_UART.c ****                 locHead = 0u;
 237:.\Generated_Source\PSoC4/SPI0_SPI_UART.c ****             }
 238:.\Generated_Source\PSoC4/SPI0_SPI_UART.c **** 
 239:.\Generated_Source\PSoC4/SPI0_SPI_UART.c ****             while(locHead == SPI0_txBufferTail)
 240:.\Generated_Source\PSoC4/SPI0_SPI_UART.c ****             {
 241:.\Generated_Source\PSoC4/SPI0_SPI_UART.c ****                 /* Wait for space in the TX software buffer */
 242:.\Generated_Source\PSoC4/SPI0_SPI_UART.c ****             }
 243:.\Generated_Source\PSoC4/SPI0_SPI_UART.c **** 
 244:.\Generated_Source\PSoC4/SPI0_SPI_UART.c ****             /* The TX software buffer has at least one room */
 245:.\Generated_Source\PSoC4/SPI0_SPI_UART.c **** 
 246:.\Generated_Source\PSoC4/SPI0_SPI_UART.c ****             if((SPI0_txBufferHead == SPI0_txBufferTail) &&
 247:.\Generated_Source\PSoC4/SPI0_SPI_UART.c ****                (SPI0_FIFO_SIZE != SPI0_GET_TX_FIFO_ENTRIES))
 248:.\Generated_Source\PSoC4/SPI0_SPI_UART.c ****             {
 249:.\Generated_Source\PSoC4/SPI0_SPI_UART.c ****                 /* TX software buffer is empty: put data directly in TX FIFO */
 250:.\Generated_Source\PSoC4/SPI0_SPI_UART.c ****                 SPI0_TX_FIFO_WR_REG = txDataByte;
 251:.\Generated_Source\PSoC4/SPI0_SPI_UART.c ****             }
 252:.\Generated_Source\PSoC4/SPI0_SPI_UART.c ****             /* Put data in the TX software buffer */
 253:.\Generated_Source\PSoC4/SPI0_SPI_UART.c ****             else
 254:.\Generated_Source\PSoC4/SPI0_SPI_UART.c ****             {
 255:.\Generated_Source\PSoC4/SPI0_SPI_UART.c ****                 /* Clear old status of INTR_TX_EMPTY. It sets at the end of transfer: TX FIFO empty
 256:.\Generated_Source\PSoC4/SPI0_SPI_UART.c ****                 SPI0_ClearTxInterruptSource(SPI0_INTR_TX_NOT_FULL);
 257:.\Generated_Source\PSoC4/SPI0_SPI_UART.c **** 
 258:.\Generated_Source\PSoC4/SPI0_SPI_UART.c ****                 SPI0_PutWordInTxBuffer(locHead, txDataByte);
 259:.\Generated_Source\PSoC4/SPI0_SPI_UART.c **** 
 260:.\Generated_Source\PSoC4/SPI0_SPI_UART.c ****                 SPI0_txBufferHead = locHead;
 261:.\Generated_Source\PSoC4/SPI0_SPI_UART.c **** 
 262:.\Generated_Source\PSoC4/SPI0_SPI_UART.c ****                 /* Enable interrupt to transmit */
 263:.\Generated_Source\PSoC4/SPI0_SPI_UART.c ****                 intSourceMask  = SPI0_INTR_TX_NOT_FULL;
 264:.\Generated_Source\PSoC4/SPI0_SPI_UART.c ****                 intSourceMask |= SPI0_GetTxInterruptMode();
 265:.\Generated_Source\PSoC4/SPI0_SPI_UART.c ****                 SPI0_SpiUartEnableIntTx(intSourceMask);
 266:.\Generated_Source\PSoC4/SPI0_SPI_UART.c ****             }
 267:.\Generated_Source\PSoC4/SPI0_SPI_UART.c ****         }
 268:.\Generated_Source\PSoC4/SPI0_SPI_UART.c ****         #else
 269:.\Generated_Source\PSoC4/SPI0_SPI_UART.c ****         {
 270:.\Generated_Source\PSoC4/SPI0_SPI_UART.c ****             while(SPI0_FIFO_SIZE == SPI0_GET_TX_FIFO_ENTRIES)
 124              		.loc 1 270 0 discriminator 1
 125 0002 044B     		ldr	r3, .L17
 126 0004 0F21     		mov	r1, #15
ARM GAS  C:\Users\CHUCK~1.ERH\AppData\Local\Temp\cc95qYV3.s 			page 8


 127 0006 1A68     		ldr	r2, [r3]
 128 0008 1140     		and	r1, r2
 129 000a 0829     		cmp	r1, #8
 130 000c F9D0     		beq	.L11
 271:.\Generated_Source\PSoC4/SPI0_SPI_UART.c ****             {
 272:.\Generated_Source\PSoC4/SPI0_SPI_UART.c ****                 /* Block while TX FIFO is FULL */
 273:.\Generated_Source\PSoC4/SPI0_SPI_UART.c ****             }
 274:.\Generated_Source\PSoC4/SPI0_SPI_UART.c **** 
 275:.\Generated_Source\PSoC4/SPI0_SPI_UART.c ****             SPI0_TX_FIFO_WR_REG = txDataByte;
 131              		.loc 1 275 0
 132 000e 024B     		ldr	r3, .L17+4
 276:.\Generated_Source\PSoC4/SPI0_SPI_UART.c ****         }
 277:.\Generated_Source\PSoC4/SPI0_SPI_UART.c ****         #endif
 278:.\Generated_Source\PSoC4/SPI0_SPI_UART.c ****     }
 133              		.loc 1 278 0
 134              		@ sp needed for prologue
 275:.\Generated_Source\PSoC4/SPI0_SPI_UART.c ****             SPI0_TX_FIFO_WR_REG = txDataByte;
 135              		.loc 1 275 0
 136 0010 1860     		str	r0, [r3]
 137              		.loc 1 278 0
 138 0012 00BD     		pop	{pc}
 139              	.L18:
 140              		.align	2
 141              	.L17:
 142 0014 08020740 		.word	1074201096
 143 0018 40020740 		.word	1074201152
 144              		.cfi_endproc
 145              	.LFE3:
 146              		.size	SPI0_SpiUartWriteTxData, .-SPI0_SpiUartWriteTxData
 147              		.section	.text.SPI0_SpiUartPutArray,"ax",%progbits
 148              		.align	1
 149              		.global	SPI0_SpiUartPutArray
 150              		.code	16
 151              		.thumb_func
 152              		.type	SPI0_SpiUartPutArray, %function
 153              	SPI0_SpiUartPutArray:
 154              	.LFB4:
 279:.\Generated_Source\PSoC4/SPI0_SPI_UART.c **** 
 280:.\Generated_Source\PSoC4/SPI0_SPI_UART.c **** 
 281:.\Generated_Source\PSoC4/SPI0_SPI_UART.c ****     /*******************************************************************************
 282:.\Generated_Source\PSoC4/SPI0_SPI_UART.c ****     * Function Name: SPI0_SpiUartPutArray
 283:.\Generated_Source\PSoC4/SPI0_SPI_UART.c ****     ********************************************************************************
 284:.\Generated_Source\PSoC4/SPI0_SPI_UART.c ****     *
 285:.\Generated_Source\PSoC4/SPI0_SPI_UART.c ****     * Summary:
 286:.\Generated_Source\PSoC4/SPI0_SPI_UART.c ****     *  Places an array of data into the transmit buffer to be sent.
 287:.\Generated_Source\PSoC4/SPI0_SPI_UART.c ****     *  This function is blocking and waits until there is a space available to put
 288:.\Generated_Source\PSoC4/SPI0_SPI_UART.c ****     *  all the requested data in the transmit buffer. The array size can be greater
 289:.\Generated_Source\PSoC4/SPI0_SPI_UART.c ****     *  than transmit buffer size.
 290:.\Generated_Source\PSoC4/SPI0_SPI_UART.c ****     *
 291:.\Generated_Source\PSoC4/SPI0_SPI_UART.c ****     * Parameters:
 292:.\Generated_Source\PSoC4/SPI0_SPI_UART.c ****     *  wrBuf:  pointer to an array with data to be placed in transmit buffer.
 293:.\Generated_Source\PSoC4/SPI0_SPI_UART.c ****     *  count:  number of data elements to be placed in the transmit buffer.
 294:.\Generated_Source\PSoC4/SPI0_SPI_UART.c ****     *
 295:.\Generated_Source\PSoC4/SPI0_SPI_UART.c ****     * Return:
 296:.\Generated_Source\PSoC4/SPI0_SPI_UART.c ****     *  None
 297:.\Generated_Source\PSoC4/SPI0_SPI_UART.c ****     *
 298:.\Generated_Source\PSoC4/SPI0_SPI_UART.c ****     *******************************************************************************/
ARM GAS  C:\Users\CHUCK~1.ERH\AppData\Local\Temp\cc95qYV3.s 			page 9


 299:.\Generated_Source\PSoC4/SPI0_SPI_UART.c ****     void SPI0_SpiUartPutArray(const uint8 wrBuf[], uint32 count)
 300:.\Generated_Source\PSoC4/SPI0_SPI_UART.c ****     {
 155              		.loc 1 300 0
 156              		.cfi_startproc
 157              	.LVL5:
 158 0000 38B5     		push	{r3, r4, r5, lr}
 159              	.LCFI1:
 160              		.cfi_def_cfa_offset 16
 161              		.cfi_offset 3, -16
 162              		.cfi_offset 4, -12
 163              		.cfi_offset 5, -8
 164              		.cfi_offset 14, -4
 165 0002 041C     		mov	r4, r0
 299:.\Generated_Source\PSoC4/SPI0_SPI_UART.c ****     void SPI0_SpiUartPutArray(const uint8 wrBuf[], uint32 count)
 166              		.loc 1 299 0
 167 0004 4518     		add	r5, r0, r1
 168              	.LVL6:
 169              	.L20:
 301:.\Generated_Source\PSoC4/SPI0_SPI_UART.c ****         uint32 i;
 302:.\Generated_Source\PSoC4/SPI0_SPI_UART.c **** 
 303:.\Generated_Source\PSoC4/SPI0_SPI_UART.c ****         for(i=0u; i < count; i++)
 170              		.loc 1 303 0 discriminator 1
 171 0006 AC42     		cmp	r4, r5
 172 0008 04D0     		beq	.L22
 173              	.L21:
 304:.\Generated_Source\PSoC4/SPI0_SPI_UART.c ****         {
 305:.\Generated_Source\PSoC4/SPI0_SPI_UART.c ****             SPI0_SpiUartWriteTxData((uint32) wrBuf[i]);
 174              		.loc 1 305 0 discriminator 2
 175 000a 2078     		ldrb	r0, [r4]
 176 000c FFF7FEFF 		bl	SPI0_SpiUartWriteTxData
 177              	.LVL7:
 178 0010 0134     		add	r4, r4, #1
 179 0012 F8E7     		b	.L20
 180              	.L22:
 306:.\Generated_Source\PSoC4/SPI0_SPI_UART.c ****         }
 307:.\Generated_Source\PSoC4/SPI0_SPI_UART.c ****     }
 181              		.loc 1 307 0
 182              		@ sp needed for prologue
 183 0014 38BD     		pop	{r3, r4, r5, pc}
 184              		.cfi_endproc
 185              	.LFE4:
 186              		.size	SPI0_SpiUartPutArray, .-SPI0_SpiUartPutArray
 187              		.section	.text.SPI0_SpiUartGetTxBufferSize,"ax",%progbits
 188              		.align	1
 189              		.global	SPI0_SpiUartGetTxBufferSize
 190              		.code	16
 191              		.thumb_func
 192              		.type	SPI0_SpiUartGetTxBufferSize, %function
 193              	SPI0_SpiUartGetTxBufferSize:
 194              	.LFB5:
 308:.\Generated_Source\PSoC4/SPI0_SPI_UART.c **** 
 309:.\Generated_Source\PSoC4/SPI0_SPI_UART.c **** 
 310:.\Generated_Source\PSoC4/SPI0_SPI_UART.c ****     /*******************************************************************************
 311:.\Generated_Source\PSoC4/SPI0_SPI_UART.c ****     * Function Name: SPI0_SpiUartGetTxBufferSize
 312:.\Generated_Source\PSoC4/SPI0_SPI_UART.c ****     ********************************************************************************
 313:.\Generated_Source\PSoC4/SPI0_SPI_UART.c ****     *
 314:.\Generated_Source\PSoC4/SPI0_SPI_UART.c ****     * Summary:
ARM GAS  C:\Users\CHUCK~1.ERH\AppData\Local\Temp\cc95qYV3.s 			page 10


 315:.\Generated_Source\PSoC4/SPI0_SPI_UART.c ****     *  Returns the number of elements currently in the transmit buffer.
 316:.\Generated_Source\PSoC4/SPI0_SPI_UART.c ****     *  TX software buffer disabled: returns the number of used entries in TX FIFO.
 317:.\Generated_Source\PSoC4/SPI0_SPI_UART.c ****     *  TX software buffer enabled: returns the number of elements currently used
 318:.\Generated_Source\PSoC4/SPI0_SPI_UART.c ****     *  in the transmit buffer. This number does not include used entries in the
 319:.\Generated_Source\PSoC4/SPI0_SPI_UART.c ****     *  TX FIFO. The transmit buffer size is zero until the TX FIFO is full.
 320:.\Generated_Source\PSoC4/SPI0_SPI_UART.c ****     *
 321:.\Generated_Source\PSoC4/SPI0_SPI_UART.c ****     * Parameters:
 322:.\Generated_Source\PSoC4/SPI0_SPI_UART.c ****     *  None
 323:.\Generated_Source\PSoC4/SPI0_SPI_UART.c ****     *
 324:.\Generated_Source\PSoC4/SPI0_SPI_UART.c ****     * Return:
 325:.\Generated_Source\PSoC4/SPI0_SPI_UART.c ****     *  Number of data elements ready to transmit.
 326:.\Generated_Source\PSoC4/SPI0_SPI_UART.c ****     *
 327:.\Generated_Source\PSoC4/SPI0_SPI_UART.c ****     *******************************************************************************/
 328:.\Generated_Source\PSoC4/SPI0_SPI_UART.c ****     uint32 SPI0_SpiUartGetTxBufferSize(void)
 329:.\Generated_Source\PSoC4/SPI0_SPI_UART.c ****     {
 195              		.loc 1 329 0
 196              		.cfi_startproc
 330:.\Generated_Source\PSoC4/SPI0_SPI_UART.c ****         uint32 size;
 331:.\Generated_Source\PSoC4/SPI0_SPI_UART.c ****         #if(SPI0_INTERNAL_TX_SW_BUFFER_CONST)
 332:.\Generated_Source\PSoC4/SPI0_SPI_UART.c ****             uint32 locTail;
 333:.\Generated_Source\PSoC4/SPI0_SPI_UART.c ****         #endif /* (SPI0_INTERNAL_TX_SW_BUFFER_CONST) */
 334:.\Generated_Source\PSoC4/SPI0_SPI_UART.c **** 
 335:.\Generated_Source\PSoC4/SPI0_SPI_UART.c ****         #if(SPI0_CHECK_TX_SW_BUFFER)
 336:.\Generated_Source\PSoC4/SPI0_SPI_UART.c ****         {
 337:.\Generated_Source\PSoC4/SPI0_SPI_UART.c ****             /* Get current Tail index */
 338:.\Generated_Source\PSoC4/SPI0_SPI_UART.c ****             locTail = SPI0_txBufferTail;
 339:.\Generated_Source\PSoC4/SPI0_SPI_UART.c **** 
 340:.\Generated_Source\PSoC4/SPI0_SPI_UART.c ****             if(SPI0_txBufferHead >= locTail)
 341:.\Generated_Source\PSoC4/SPI0_SPI_UART.c ****             {
 342:.\Generated_Source\PSoC4/SPI0_SPI_UART.c ****                 size = (SPI0_txBufferHead - locTail);
 343:.\Generated_Source\PSoC4/SPI0_SPI_UART.c ****             }
 344:.\Generated_Source\PSoC4/SPI0_SPI_UART.c ****             else
 345:.\Generated_Source\PSoC4/SPI0_SPI_UART.c ****             {
 346:.\Generated_Source\PSoC4/SPI0_SPI_UART.c ****                 size = (SPI0_txBufferHead + (SPI0_TX_BUFFER_SIZE - locTail));
 347:.\Generated_Source\PSoC4/SPI0_SPI_UART.c ****             }
 348:.\Generated_Source\PSoC4/SPI0_SPI_UART.c ****         }
 349:.\Generated_Source\PSoC4/SPI0_SPI_UART.c ****         #else
 350:.\Generated_Source\PSoC4/SPI0_SPI_UART.c ****         {
 351:.\Generated_Source\PSoC4/SPI0_SPI_UART.c ****             size = SPI0_GET_TX_FIFO_ENTRIES;
 197              		.loc 1 351 0
 198 0000 024B     		ldr	r3, .L24
 199 0002 0F21     		mov	r1, #15
 200 0004 1868     		ldr	r0, [r3]
 201              	.LVL8:
 352:.\Generated_Source\PSoC4/SPI0_SPI_UART.c ****         }
 353:.\Generated_Source\PSoC4/SPI0_SPI_UART.c ****         #endif
 354:.\Generated_Source\PSoC4/SPI0_SPI_UART.c **** 
 355:.\Generated_Source\PSoC4/SPI0_SPI_UART.c ****         return(size);
 356:.\Generated_Source\PSoC4/SPI0_SPI_UART.c ****     }
 202              		.loc 1 356 0
 203              		@ sp needed for prologue
 351:.\Generated_Source\PSoC4/SPI0_SPI_UART.c ****             size = SPI0_GET_TX_FIFO_ENTRIES;
 204              		.loc 1 351 0
 205 0006 0840     		and	r0, r1
 206              	.LVL9:
 207              		.loc 1 356 0
 208 0008 7047     		bx	lr
ARM GAS  C:\Users\CHUCK~1.ERH\AppData\Local\Temp\cc95qYV3.s 			page 11


 209              	.L25:
 210 000a C046     		.align	2
 211              	.L24:
 212 000c 08020740 		.word	1074201096
 213              		.cfi_endproc
 214              	.LFE5:
 215              		.size	SPI0_SpiUartGetTxBufferSize, .-SPI0_SpiUartGetTxBufferSize
 216              		.section	.text.SPI0_SpiUartClearTxBuffer,"ax",%progbits
 217              		.align	1
 218              		.global	SPI0_SpiUartClearTxBuffer
 219              		.code	16
 220              		.thumb_func
 221              		.type	SPI0_SpiUartClearTxBuffer, %function
 222              	SPI0_SpiUartClearTxBuffer:
 223              	.LFB6:
 357:.\Generated_Source\PSoC4/SPI0_SPI_UART.c **** 
 358:.\Generated_Source\PSoC4/SPI0_SPI_UART.c **** 
 359:.\Generated_Source\PSoC4/SPI0_SPI_UART.c ****     /*******************************************************************************
 360:.\Generated_Source\PSoC4/SPI0_SPI_UART.c ****     * Function Name: SPI0_SpiUartClearTxBuffer
 361:.\Generated_Source\PSoC4/SPI0_SPI_UART.c ****     ********************************************************************************
 362:.\Generated_Source\PSoC4/SPI0_SPI_UART.c ****     *
 363:.\Generated_Source\PSoC4/SPI0_SPI_UART.c ****     * Summary:
 364:.\Generated_Source\PSoC4/SPI0_SPI_UART.c ****     *  Clears the transmit buffer and TX FIFO.
 365:.\Generated_Source\PSoC4/SPI0_SPI_UART.c ****     *
 366:.\Generated_Source\PSoC4/SPI0_SPI_UART.c ****     * Parameters:
 367:.\Generated_Source\PSoC4/SPI0_SPI_UART.c ****     *  None
 368:.\Generated_Source\PSoC4/SPI0_SPI_UART.c ****     *
 369:.\Generated_Source\PSoC4/SPI0_SPI_UART.c ****     * Return:
 370:.\Generated_Source\PSoC4/SPI0_SPI_UART.c ****     *  None
 371:.\Generated_Source\PSoC4/SPI0_SPI_UART.c ****     *
 372:.\Generated_Source\PSoC4/SPI0_SPI_UART.c ****     *******************************************************************************/
 373:.\Generated_Source\PSoC4/SPI0_SPI_UART.c ****     void SPI0_SpiUartClearTxBuffer(void)
 374:.\Generated_Source\PSoC4/SPI0_SPI_UART.c ****     {
 224              		.loc 1 374 0
 225              		.cfi_startproc
 375:.\Generated_Source\PSoC4/SPI0_SPI_UART.c ****         #if(SPI0_INTERNAL_TX_SW_BUFFER_CONST)
 376:.\Generated_Source\PSoC4/SPI0_SPI_UART.c ****             uint32 intSourceMask;
 377:.\Generated_Source\PSoC4/SPI0_SPI_UART.c ****         #endif /* (SPI0_INTERNAL_TX_SW_BUFFER_CONST) */
 378:.\Generated_Source\PSoC4/SPI0_SPI_UART.c **** 
 379:.\Generated_Source\PSoC4/SPI0_SPI_UART.c ****         #if(SPI0_CHECK_TX_SW_BUFFER)
 380:.\Generated_Source\PSoC4/SPI0_SPI_UART.c ****         {
 381:.\Generated_Source\PSoC4/SPI0_SPI_UART.c ****             intSourceMask = SPI0_SpiUartDisableIntTx();
 382:.\Generated_Source\PSoC4/SPI0_SPI_UART.c **** 
 383:.\Generated_Source\PSoC4/SPI0_SPI_UART.c ****             SPI0_CLEAR_TX_FIFO;
 384:.\Generated_Source\PSoC4/SPI0_SPI_UART.c **** 
 385:.\Generated_Source\PSoC4/SPI0_SPI_UART.c ****             /* Flush TX software buffer */
 386:.\Generated_Source\PSoC4/SPI0_SPI_UART.c ****             SPI0_txBufferHead = SPI0_txBufferTail;
 387:.\Generated_Source\PSoC4/SPI0_SPI_UART.c **** 
 388:.\Generated_Source\PSoC4/SPI0_SPI_UART.c ****             /* End TX transfer if it is in progress */
 389:.\Generated_Source\PSoC4/SPI0_SPI_UART.c ****             intSourceMask &= (uint32) ~SPI0_INTR_TX_NOT_FULL;
 390:.\Generated_Source\PSoC4/SPI0_SPI_UART.c **** 
 391:.\Generated_Source\PSoC4/SPI0_SPI_UART.c ****             SPI0_SpiUartEnableIntTx(intSourceMask);
 392:.\Generated_Source\PSoC4/SPI0_SPI_UART.c ****         }
 393:.\Generated_Source\PSoC4/SPI0_SPI_UART.c ****         #else
 394:.\Generated_Source\PSoC4/SPI0_SPI_UART.c ****         {
 395:.\Generated_Source\PSoC4/SPI0_SPI_UART.c ****             SPI0_CLEAR_TX_FIFO;
 226              		.loc 1 395 0
ARM GAS  C:\Users\CHUCK~1.ERH\AppData\Local\Temp\cc95qYV3.s 			page 12


 227 0000 054B     		ldr	r3, .L27
 228 0002 8022     		mov	r2, #128
 229 0004 1968     		ldr	r1, [r3]
 230 0006 5002     		lsl	r0, r2, #9
 231 0008 0843     		orr	r0, r1
 232 000a 1860     		str	r0, [r3]
 233 000c 1968     		ldr	r1, [r3]
 234 000e 034A     		ldr	r2, .L27+4
 396:.\Generated_Source\PSoC4/SPI0_SPI_UART.c ****         }
 397:.\Generated_Source\PSoC4/SPI0_SPI_UART.c ****         #endif
 398:.\Generated_Source\PSoC4/SPI0_SPI_UART.c ****     }
 235              		.loc 1 398 0
 236              		@ sp needed for prologue
 395:.\Generated_Source\PSoC4/SPI0_SPI_UART.c ****             SPI0_CLEAR_TX_FIFO;
 237              		.loc 1 395 0
 238 0010 0A40     		and	r2, r1
 239 0012 1A60     		str	r2, [r3]
 240              		.loc 1 398 0
 241 0014 7047     		bx	lr
 242              	.L28:
 243 0016 C046     		.align	2
 244              	.L27:
 245 0018 04020740 		.word	1074201092
 246 001c FFFFFEFF 		.word	-65537
 247              		.cfi_endproc
 248              	.LFE6:
 249              		.size	SPI0_SpiUartClearTxBuffer, .-SPI0_SpiUartClearTxBuffer
 250              		.section	.text.SPI0_SpiUartDisableIntRx,"ax",%progbits
 251              		.align	1
 252              		.global	SPI0_SpiUartDisableIntRx
 253              		.code	16
 254              		.thumb_func
 255              		.type	SPI0_SpiUartDisableIntRx, %function
 256              	SPI0_SpiUartDisableIntRx:
 257              	.LFB7:
 399:.\Generated_Source\PSoC4/SPI0_SPI_UART.c **** 
 400:.\Generated_Source\PSoC4/SPI0_SPI_UART.c **** #endif /* (SPI0_TX_DIRECTION) */
 401:.\Generated_Source\PSoC4/SPI0_SPI_UART.c **** 
 402:.\Generated_Source\PSoC4/SPI0_SPI_UART.c **** 
 403:.\Generated_Source\PSoC4/SPI0_SPI_UART.c **** /*******************************************************************************
 404:.\Generated_Source\PSoC4/SPI0_SPI_UART.c **** * Function Name: SPI0_SpiUartDisableIntRx
 405:.\Generated_Source\PSoC4/SPI0_SPI_UART.c **** ********************************************************************************
 406:.\Generated_Source\PSoC4/SPI0_SPI_UART.c **** *
 407:.\Generated_Source\PSoC4/SPI0_SPI_UART.c **** * Summary:
 408:.\Generated_Source\PSoC4/SPI0_SPI_UART.c **** *  Disables RX interrupt sources.
 409:.\Generated_Source\PSoC4/SPI0_SPI_UART.c **** *
 410:.\Generated_Source\PSoC4/SPI0_SPI_UART.c **** * Parameters:
 411:.\Generated_Source\PSoC4/SPI0_SPI_UART.c **** *  None
 412:.\Generated_Source\PSoC4/SPI0_SPI_UART.c **** *
 413:.\Generated_Source\PSoC4/SPI0_SPI_UART.c **** * Return:
 414:.\Generated_Source\PSoC4/SPI0_SPI_UART.c **** *  Returns RX interrupt soureces enabled before function call.
 415:.\Generated_Source\PSoC4/SPI0_SPI_UART.c **** *
 416:.\Generated_Source\PSoC4/SPI0_SPI_UART.c **** *******************************************************************************/
 417:.\Generated_Source\PSoC4/SPI0_SPI_UART.c **** uint32 SPI0_SpiUartDisableIntRx(void)
 418:.\Generated_Source\PSoC4/SPI0_SPI_UART.c **** {
 258              		.loc 1 418 0
 259              		.cfi_startproc
ARM GAS  C:\Users\CHUCK~1.ERH\AppData\Local\Temp\cc95qYV3.s 			page 13


 419:.\Generated_Source\PSoC4/SPI0_SPI_UART.c ****     uint32 intSource;
 420:.\Generated_Source\PSoC4/SPI0_SPI_UART.c **** 
 421:.\Generated_Source\PSoC4/SPI0_SPI_UART.c ****     intSource = SPI0_GetRxInterruptMode();
 260              		.loc 1 421 0
 261 0000 024B     		ldr	r3, .L30
 422:.\Generated_Source\PSoC4/SPI0_SPI_UART.c **** 
 423:.\Generated_Source\PSoC4/SPI0_SPI_UART.c ****     SPI0_SetRxInterruptMode(SPI0_NO_INTR_SOURCES);
 262              		.loc 1 423 0
 263 0002 0022     		mov	r2, #0
 421:.\Generated_Source\PSoC4/SPI0_SPI_UART.c ****     intSource = SPI0_GetRxInterruptMode();
 264              		.loc 1 421 0
 265 0004 1868     		ldr	r0, [r3]
 266              	.LVL10:
 424:.\Generated_Source\PSoC4/SPI0_SPI_UART.c **** 
 425:.\Generated_Source\PSoC4/SPI0_SPI_UART.c ****     return(intSource);
 426:.\Generated_Source\PSoC4/SPI0_SPI_UART.c **** }
 267              		.loc 1 426 0
 268              		@ sp needed for prologue
 423:.\Generated_Source\PSoC4/SPI0_SPI_UART.c ****     SPI0_SetRxInterruptMode(SPI0_NO_INTR_SOURCES);
 269              		.loc 1 423 0
 270 0006 1A60     		str	r2, [r3]
 271              		.loc 1 426 0
 272 0008 7047     		bx	lr
 273              	.L31:
 274 000a C046     		.align	2
 275              	.L30:
 276 000c C80F0740 		.word	1074204616
 277              		.cfi_endproc
 278              	.LFE7:
 279              		.size	SPI0_SpiUartDisableIntRx, .-SPI0_SpiUartDisableIntRx
 280              		.section	.text.SPI0_SpiUartDisableIntTx,"ax",%progbits
 281              		.align	1
 282              		.global	SPI0_SpiUartDisableIntTx
 283              		.code	16
 284              		.thumb_func
 285              		.type	SPI0_SpiUartDisableIntTx, %function
 286              	SPI0_SpiUartDisableIntTx:
 287              	.LFB8:
 427:.\Generated_Source\PSoC4/SPI0_SPI_UART.c **** 
 428:.\Generated_Source\PSoC4/SPI0_SPI_UART.c **** 
 429:.\Generated_Source\PSoC4/SPI0_SPI_UART.c **** /*******************************************************************************
 430:.\Generated_Source\PSoC4/SPI0_SPI_UART.c **** * Function Name: SPI0_SpiUartDisableIntTx
 431:.\Generated_Source\PSoC4/SPI0_SPI_UART.c **** ********************************************************************************
 432:.\Generated_Source\PSoC4/SPI0_SPI_UART.c **** *
 433:.\Generated_Source\PSoC4/SPI0_SPI_UART.c **** * Summary:
 434:.\Generated_Source\PSoC4/SPI0_SPI_UART.c **** *  Disables TX interrupt sources.
 435:.\Generated_Source\PSoC4/SPI0_SPI_UART.c **** *
 436:.\Generated_Source\PSoC4/SPI0_SPI_UART.c **** * Parameters:
 437:.\Generated_Source\PSoC4/SPI0_SPI_UART.c **** *  None
 438:.\Generated_Source\PSoC4/SPI0_SPI_UART.c **** *
 439:.\Generated_Source\PSoC4/SPI0_SPI_UART.c **** * Return:
 440:.\Generated_Source\PSoC4/SPI0_SPI_UART.c **** *  Returns TX interrupt soureces enabled before function call.
 441:.\Generated_Source\PSoC4/SPI0_SPI_UART.c **** *
 442:.\Generated_Source\PSoC4/SPI0_SPI_UART.c **** *******************************************************************************/
 443:.\Generated_Source\PSoC4/SPI0_SPI_UART.c **** uint32 SPI0_SpiUartDisableIntTx(void)
 444:.\Generated_Source\PSoC4/SPI0_SPI_UART.c **** {
 288              		.loc 1 444 0
ARM GAS  C:\Users\CHUCK~1.ERH\AppData\Local\Temp\cc95qYV3.s 			page 14


 289              		.cfi_startproc
 445:.\Generated_Source\PSoC4/SPI0_SPI_UART.c ****     uint32 intSourceMask;
 446:.\Generated_Source\PSoC4/SPI0_SPI_UART.c **** 
 447:.\Generated_Source\PSoC4/SPI0_SPI_UART.c ****     intSourceMask = SPI0_GetTxInterruptMode();
 290              		.loc 1 447 0
 291 0000 024B     		ldr	r3, .L33
 448:.\Generated_Source\PSoC4/SPI0_SPI_UART.c **** 
 449:.\Generated_Source\PSoC4/SPI0_SPI_UART.c ****     SPI0_SetTxInterruptMode(SPI0_NO_INTR_SOURCES);
 292              		.loc 1 449 0
 293 0002 0022     		mov	r2, #0
 447:.\Generated_Source\PSoC4/SPI0_SPI_UART.c ****     intSourceMask = SPI0_GetTxInterruptMode();
 294              		.loc 1 447 0
 295 0004 1868     		ldr	r0, [r3]
 296              	.LVL11:
 450:.\Generated_Source\PSoC4/SPI0_SPI_UART.c **** 
 451:.\Generated_Source\PSoC4/SPI0_SPI_UART.c ****     return(intSourceMask);
 452:.\Generated_Source\PSoC4/SPI0_SPI_UART.c **** }
 297              		.loc 1 452 0
 298              		@ sp needed for prologue
 449:.\Generated_Source\PSoC4/SPI0_SPI_UART.c ****     SPI0_SetTxInterruptMode(SPI0_NO_INTR_SOURCES);
 299              		.loc 1 449 0
 300 0006 1A60     		str	r2, [r3]
 301              		.loc 1 452 0
 302 0008 7047     		bx	lr
 303              	.L34:
 304 000a C046     		.align	2
 305              	.L33:
 306 000c 880F0740 		.word	1074204552
 307              		.cfi_endproc
 308              	.LFE8:
 309              		.size	SPI0_SpiUartDisableIntTx, .-SPI0_SpiUartDisableIntTx
 310              		.text
 311              	.Letext0:
 312              		.file 2 ".\\Generated_Source\\PSoC4\\cytypes.h"
 313              		.section	.debug_info,"",%progbits
 314              	.Ldebug_info0:
 315 0000 3E020000 		.4byte	0x23e
 316 0004 0200     		.2byte	0x2
 317 0006 00000000 		.4byte	.Ldebug_abbrev0
 318 000a 04       		.byte	0x4
 319 000b 01       		.uleb128 0x1
 320 000c 2C020000 		.4byte	.LASF32
 321 0010 01       		.byte	0x1
 322 0011 75010000 		.4byte	.LASF33
 323 0015 95000000 		.4byte	.LASF34
 324 0019 00000000 		.4byte	.Ldebug_ranges0+0
 325 001d 00000000 		.4byte	0
 326 0021 00000000 		.4byte	0
 327 0025 00000000 		.4byte	.Ldebug_line0
 328 0029 02       		.uleb128 0x2
 329 002a 01       		.byte	0x1
 330 002b 06       		.byte	0x6
 331 002c 20020000 		.4byte	.LASF0
 332 0030 02       		.uleb128 0x2
 333 0031 01       		.byte	0x1
 334 0032 08       		.byte	0x8
 335 0033 F7000000 		.4byte	.LASF1
ARM GAS  C:\Users\CHUCK~1.ERH\AppData\Local\Temp\cc95qYV3.s 			page 15


 336 0037 02       		.uleb128 0x2
 337 0038 02       		.byte	0x2
 338 0039 05       		.byte	0x5
 339 003a D4010000 		.4byte	.LASF2
 340 003e 02       		.uleb128 0x2
 341 003f 02       		.byte	0x2
 342 0040 07       		.byte	0x7
 343 0041 45000000 		.4byte	.LASF3
 344 0045 02       		.uleb128 0x2
 345 0046 04       		.byte	0x4
 346 0047 05       		.byte	0x5
 347 0048 11020000 		.4byte	.LASF4
 348 004c 02       		.uleb128 0x2
 349 004d 04       		.byte	0x4
 350 004e 07       		.byte	0x7
 351 004f 70000000 		.4byte	.LASF5
 352 0053 02       		.uleb128 0x2
 353 0054 08       		.byte	0x8
 354 0055 05       		.byte	0x5
 355 0056 00000000 		.4byte	.LASF6
 356 005a 02       		.uleb128 0x2
 357 005b 08       		.byte	0x8
 358 005c 07       		.byte	0x7
 359 005d 45010000 		.4byte	.LASF7
 360 0061 03       		.uleb128 0x3
 361 0062 04       		.byte	0x4
 362 0063 05       		.byte	0x5
 363 0064 696E7400 		.ascii	"int\000"
 364 0068 02       		.uleb128 0x2
 365 0069 04       		.byte	0x4
 366 006a 07       		.byte	0x7
 367 006b 58000000 		.4byte	.LASF8
 368 006f 04       		.uleb128 0x4
 369 0070 82000000 		.4byte	.LASF9
 370 0074 02       		.byte	0x2
 371 0075 5B       		.byte	0x5b
 372 0076 30000000 		.4byte	0x30
 373 007a 04       		.uleb128 0x4
 374 007b 26010000 		.4byte	.LASF10
 375 007f 02       		.byte	0x2
 376 0080 5D       		.byte	0x5d
 377 0081 4C000000 		.4byte	0x4c
 378 0085 02       		.uleb128 0x2
 379 0086 04       		.byte	0x4
 380 0087 04       		.byte	0x4
 381 0088 65000000 		.4byte	.LASF11
 382 008c 02       		.uleb128 0x2
 383 008d 08       		.byte	0x8
 384 008e 04       		.byte	0x4
 385 008f 1F010000 		.4byte	.LASF12
 386 0093 02       		.uleb128 0x2
 387 0094 01       		.byte	0x1
 388 0095 08       		.byte	0x8
 389 0096 70010000 		.4byte	.LASF13
 390 009a 04       		.uleb128 0x4
 391 009b 1A020000 		.4byte	.LASF14
 392 009f 02       		.byte	0x2
ARM GAS  C:\Users\CHUCK~1.ERH\AppData\Local\Temp\cc95qYV3.s 			page 16


 393 00a0 F2       		.byte	0xf2
 394 00a1 A5000000 		.4byte	0xa5
 395 00a5 05       		.uleb128 0x5
 396 00a6 7A000000 		.4byte	0x7a
 397 00aa 02       		.uleb128 0x2
 398 00ab 04       		.byte	0x4
 399 00ac 07       		.byte	0x7
 400 00ad 5C010000 		.4byte	.LASF15
 401 00b1 06       		.uleb128 0x6
 402 00b2 01       		.byte	0x1
 403 00b3 DE010000 		.4byte	.LASF16
 404 00b7 01       		.byte	0x1
 405 00b8 46       		.byte	0x46
 406 00b9 01       		.byte	0x1
 407 00ba 7A000000 		.4byte	0x7a
 408 00be 00000000 		.4byte	.LFB0
 409 00c2 0C000000 		.4byte	.LFE0
 410 00c6 02       		.byte	0x2
 411 00c7 7D       		.byte	0x7d
 412 00c8 00       		.sleb128 0
 413 00c9 01       		.byte	0x1
 414 00ca DE000000 		.4byte	0xde
 415 00ce 07       		.uleb128 0x7
 416 00cf 88000000 		.4byte	.LASF18
 417 00d3 01       		.byte	0x1
 418 00d4 48       		.byte	0x48
 419 00d5 7A000000 		.4byte	0x7a
 420 00d9 00000000 		.4byte	.LLST0
 421 00dd 00       		.byte	0
 422 00de 06       		.uleb128 0x6
 423 00df 01       		.byte	0x1
 424 00e0 F5010000 		.4byte	.LASF17
 425 00e4 01       		.byte	0x1
 426 00e5 7F       		.byte	0x7f
 427 00e6 01       		.byte	0x1
 428 00e7 7A000000 		.4byte	0x7a
 429 00eb 00000000 		.4byte	.LFB1
 430 00ef 10000000 		.4byte	.LFE1
 431 00f3 02       		.byte	0x2
 432 00f4 7D       		.byte	0x7d
 433 00f5 00       		.sleb128 0
 434 00f6 01       		.byte	0x1
 435 00f7 0B010000 		.4byte	0x10b
 436 00fb 07       		.uleb128 0x7
 437 00fc 6B000000 		.4byte	.LASF19
 438 0100 01       		.byte	0x1
 439 0101 81       		.byte	0x81
 440 0102 7A000000 		.4byte	0x7a
 441 0106 1F000000 		.4byte	.LLST1
 442 010a 00       		.byte	0
 443 010b 08       		.uleb128 0x8
 444 010c 01       		.byte	0x1
 445 010d 9E010000 		.4byte	.LASF26
 446 0111 01       		.byte	0x1
 447 0112 AB       		.byte	0xab
 448 0113 01       		.byte	0x1
 449 0114 00000000 		.4byte	.LFB2
ARM GAS  C:\Users\CHUCK~1.ERH\AppData\Local\Temp\cc95qYV3.s 			page 17


 450 0118 20000000 		.4byte	.LFE2
 451 011c 02       		.byte	0x2
 452 011d 7D       		.byte	0x7d
 453 011e 00       		.sleb128 0
 454 011f 01       		.byte	0x1
 455 0120 09       		.uleb128 0x9
 456 0121 01       		.byte	0x1
 457 0122 0E000000 		.4byte	.LASF20
 458 0126 01       		.byte	0x1
 459 0127 DD       		.byte	0xdd
 460 0128 01       		.byte	0x1
 461 0129 00000000 		.4byte	.LFB3
 462 012d 1C000000 		.4byte	.LFE3
 463 0131 41000000 		.4byte	.LLST2
 464 0135 01       		.byte	0x1
 465 0136 48010000 		.4byte	0x148
 466 013a 0A       		.uleb128 0xa
 467 013b 65010000 		.4byte	.LASF22
 468 013f 01       		.byte	0x1
 469 0140 DD       		.byte	0xdd
 470 0141 7A000000 		.4byte	0x7a
 471 0145 01       		.byte	0x1
 472 0146 50       		.byte	0x50
 473 0147 00       		.byte	0
 474 0148 0B       		.uleb128 0xb
 475 0149 01       		.byte	0x1
 476 014a 8E020000 		.4byte	.LASF21
 477 014e 01       		.byte	0x1
 478 014f 2B01     		.2byte	0x12b
 479 0151 01       		.byte	0x1
 480 0152 00000000 		.4byte	.LFB4
 481 0156 16000000 		.4byte	.LFE4
 482 015a 61000000 		.4byte	.LLST3
 483 015e 01       		.byte	0x1
 484 015f 9B010000 		.4byte	0x19b
 485 0163 0C       		.uleb128 0xc
 486 0164 8F000000 		.4byte	.LASF23
 487 0168 01       		.byte	0x1
 488 0169 2B01     		.2byte	0x12b
 489 016b 9B010000 		.4byte	0x19b
 490 016f 81000000 		.4byte	.LLST4
 491 0173 0C       		.uleb128 0xc
 492 0174 3F000000 		.4byte	.LASF24
 493 0178 01       		.byte	0x1
 494 0179 2B01     		.2byte	0x12b
 495 017b 7A000000 		.4byte	0x7a
 496 017f A2000000 		.4byte	.LLST5
 497 0183 0D       		.uleb128 0xd
 498 0184 6900     		.ascii	"i\000"
 499 0186 01       		.byte	0x1
 500 0187 2D01     		.2byte	0x12d
 501 0189 7A000000 		.4byte	0x7a
 502 018d C3000000 		.4byte	.LLST6
 503 0191 0E       		.uleb128 0xe
 504 0192 10000000 		.4byte	.LVL7
 505 0196 20010000 		.4byte	0x120
 506 019a 00       		.byte	0
ARM GAS  C:\Users\CHUCK~1.ERH\AppData\Local\Temp\cc95qYV3.s 			page 18


 507 019b 0F       		.uleb128 0xf
 508 019c 04       		.byte	0x4
 509 019d A1010000 		.4byte	0x1a1
 510 01a1 10       		.uleb128 0x10
 511 01a2 6F000000 		.4byte	0x6f
 512 01a6 11       		.uleb128 0x11
 513 01a7 01       		.byte	0x1
 514 01a8 B8010000 		.4byte	.LASF25
 515 01ac 01       		.byte	0x1
 516 01ad 4801     		.2byte	0x148
 517 01af 01       		.byte	0x1
 518 01b0 7A000000 		.4byte	0x7a
 519 01b4 00000000 		.4byte	.LFB5
 520 01b8 10000000 		.4byte	.LFE5
 521 01bc 02       		.byte	0x2
 522 01bd 7D       		.byte	0x7d
 523 01be 00       		.sleb128 0
 524 01bf 01       		.byte	0x1
 525 01c0 D5010000 		.4byte	0x1d5
 526 01c4 12       		.uleb128 0x12
 527 01c5 6B000000 		.4byte	.LASF19
 528 01c9 01       		.byte	0x1
 529 01ca 4A01     		.2byte	0x14a
 530 01cc 7A000000 		.4byte	0x7a
 531 01d0 D7000000 		.4byte	.LLST7
 532 01d4 00       		.byte	0
 533 01d5 13       		.uleb128 0x13
 534 01d6 01       		.byte	0x1
 535 01d7 05010000 		.4byte	.LASF27
 536 01db 01       		.byte	0x1
 537 01dc 7501     		.2byte	0x175
 538 01de 01       		.byte	0x1
 539 01df 00000000 		.4byte	.LFB6
 540 01e3 20000000 		.4byte	.LFE6
 541 01e7 02       		.byte	0x2
 542 01e8 7D       		.byte	0x7d
 543 01e9 00       		.sleb128 0
 544 01ea 01       		.byte	0x1
 545 01eb 11       		.uleb128 0x11
 546 01ec 01       		.byte	0x1
 547 01ed 75020000 		.4byte	.LASF28
 548 01f1 01       		.byte	0x1
 549 01f2 A101     		.2byte	0x1a1
 550 01f4 01       		.byte	0x1
 551 01f5 7A000000 		.4byte	0x7a
 552 01f9 00000000 		.4byte	.LFB7
 553 01fd 10000000 		.4byte	.LFE7
 554 0201 02       		.byte	0x2
 555 0202 7D       		.byte	0x7d
 556 0203 00       		.sleb128 0
 557 0204 01       		.byte	0x1
 558 0205 18020000 		.4byte	0x218
 559 0209 14       		.uleb128 0x14
 560 020a 3B010000 		.4byte	.LASF29
 561 020e 01       		.byte	0x1
 562 020f A301     		.2byte	0x1a3
 563 0211 7A000000 		.4byte	0x7a
ARM GAS  C:\Users\CHUCK~1.ERH\AppData\Local\Temp\cc95qYV3.s 			page 19


 564 0215 01       		.byte	0x1
 565 0216 50       		.byte	0x50
 566 0217 00       		.byte	0
 567 0218 15       		.uleb128 0x15
 568 0219 01       		.byte	0x1
 569 021a 26000000 		.4byte	.LASF30
 570 021e 01       		.byte	0x1
 571 021f BB01     		.2byte	0x1bb
 572 0221 01       		.byte	0x1
 573 0222 7A000000 		.4byte	0x7a
 574 0226 00000000 		.4byte	.LFB8
 575 022a 10000000 		.4byte	.LFE8
 576 022e 02       		.byte	0x2
 577 022f 7D       		.byte	0x7d
 578 0230 00       		.sleb128 0
 579 0231 01       		.byte	0x1
 580 0232 14       		.uleb128 0x14
 581 0233 2D010000 		.4byte	.LASF31
 582 0237 01       		.byte	0x1
 583 0238 BD01     		.2byte	0x1bd
 584 023a 7A000000 		.4byte	0x7a
 585 023e 01       		.byte	0x1
 586 023f 50       		.byte	0x50
 587 0240 00       		.byte	0
 588 0241 00       		.byte	0
 589              		.section	.debug_abbrev,"",%progbits
 590              	.Ldebug_abbrev0:
 591 0000 01       		.uleb128 0x1
 592 0001 11       		.uleb128 0x11
 593 0002 01       		.byte	0x1
 594 0003 25       		.uleb128 0x25
 595 0004 0E       		.uleb128 0xe
 596 0005 13       		.uleb128 0x13
 597 0006 0B       		.uleb128 0xb
 598 0007 03       		.uleb128 0x3
 599 0008 0E       		.uleb128 0xe
 600 0009 1B       		.uleb128 0x1b
 601 000a 0E       		.uleb128 0xe
 602 000b 55       		.uleb128 0x55
 603 000c 06       		.uleb128 0x6
 604 000d 11       		.uleb128 0x11
 605 000e 01       		.uleb128 0x1
 606 000f 52       		.uleb128 0x52
 607 0010 01       		.uleb128 0x1
 608 0011 10       		.uleb128 0x10
 609 0012 06       		.uleb128 0x6
 610 0013 00       		.byte	0
 611 0014 00       		.byte	0
 612 0015 02       		.uleb128 0x2
 613 0016 24       		.uleb128 0x24
 614 0017 00       		.byte	0
 615 0018 0B       		.uleb128 0xb
 616 0019 0B       		.uleb128 0xb
 617 001a 3E       		.uleb128 0x3e
 618 001b 0B       		.uleb128 0xb
 619 001c 03       		.uleb128 0x3
 620 001d 0E       		.uleb128 0xe
ARM GAS  C:\Users\CHUCK~1.ERH\AppData\Local\Temp\cc95qYV3.s 			page 20


 621 001e 00       		.byte	0
 622 001f 00       		.byte	0
 623 0020 03       		.uleb128 0x3
 624 0021 24       		.uleb128 0x24
 625 0022 00       		.byte	0
 626 0023 0B       		.uleb128 0xb
 627 0024 0B       		.uleb128 0xb
 628 0025 3E       		.uleb128 0x3e
 629 0026 0B       		.uleb128 0xb
 630 0027 03       		.uleb128 0x3
 631 0028 08       		.uleb128 0x8
 632 0029 00       		.byte	0
 633 002a 00       		.byte	0
 634 002b 04       		.uleb128 0x4
 635 002c 16       		.uleb128 0x16
 636 002d 00       		.byte	0
 637 002e 03       		.uleb128 0x3
 638 002f 0E       		.uleb128 0xe
 639 0030 3A       		.uleb128 0x3a
 640 0031 0B       		.uleb128 0xb
 641 0032 3B       		.uleb128 0x3b
 642 0033 0B       		.uleb128 0xb
 643 0034 49       		.uleb128 0x49
 644 0035 13       		.uleb128 0x13
 645 0036 00       		.byte	0
 646 0037 00       		.byte	0
 647 0038 05       		.uleb128 0x5
 648 0039 35       		.uleb128 0x35
 649 003a 00       		.byte	0
 650 003b 49       		.uleb128 0x49
 651 003c 13       		.uleb128 0x13
 652 003d 00       		.byte	0
 653 003e 00       		.byte	0
 654 003f 06       		.uleb128 0x6
 655 0040 2E       		.uleb128 0x2e
 656 0041 01       		.byte	0x1
 657 0042 3F       		.uleb128 0x3f
 658 0043 0C       		.uleb128 0xc
 659 0044 03       		.uleb128 0x3
 660 0045 0E       		.uleb128 0xe
 661 0046 3A       		.uleb128 0x3a
 662 0047 0B       		.uleb128 0xb
 663 0048 3B       		.uleb128 0x3b
 664 0049 0B       		.uleb128 0xb
 665 004a 27       		.uleb128 0x27
 666 004b 0C       		.uleb128 0xc
 667 004c 49       		.uleb128 0x49
 668 004d 13       		.uleb128 0x13
 669 004e 11       		.uleb128 0x11
 670 004f 01       		.uleb128 0x1
 671 0050 12       		.uleb128 0x12
 672 0051 01       		.uleb128 0x1
 673 0052 40       		.uleb128 0x40
 674 0053 0A       		.uleb128 0xa
 675 0054 9742     		.uleb128 0x2117
 676 0056 0C       		.uleb128 0xc
 677 0057 01       		.uleb128 0x1
ARM GAS  C:\Users\CHUCK~1.ERH\AppData\Local\Temp\cc95qYV3.s 			page 21


 678 0058 13       		.uleb128 0x13
 679 0059 00       		.byte	0
 680 005a 00       		.byte	0
 681 005b 07       		.uleb128 0x7
 682 005c 34       		.uleb128 0x34
 683 005d 00       		.byte	0
 684 005e 03       		.uleb128 0x3
 685 005f 0E       		.uleb128 0xe
 686 0060 3A       		.uleb128 0x3a
 687 0061 0B       		.uleb128 0xb
 688 0062 3B       		.uleb128 0x3b
 689 0063 0B       		.uleb128 0xb
 690 0064 49       		.uleb128 0x49
 691 0065 13       		.uleb128 0x13
 692 0066 02       		.uleb128 0x2
 693 0067 06       		.uleb128 0x6
 694 0068 00       		.byte	0
 695 0069 00       		.byte	0
 696 006a 08       		.uleb128 0x8
 697 006b 2E       		.uleb128 0x2e
 698 006c 00       		.byte	0
 699 006d 3F       		.uleb128 0x3f
 700 006e 0C       		.uleb128 0xc
 701 006f 03       		.uleb128 0x3
 702 0070 0E       		.uleb128 0xe
 703 0071 3A       		.uleb128 0x3a
 704 0072 0B       		.uleb128 0xb
 705 0073 3B       		.uleb128 0x3b
 706 0074 0B       		.uleb128 0xb
 707 0075 27       		.uleb128 0x27
 708 0076 0C       		.uleb128 0xc
 709 0077 11       		.uleb128 0x11
 710 0078 01       		.uleb128 0x1
 711 0079 12       		.uleb128 0x12
 712 007a 01       		.uleb128 0x1
 713 007b 40       		.uleb128 0x40
 714 007c 0A       		.uleb128 0xa
 715 007d 9742     		.uleb128 0x2117
 716 007f 0C       		.uleb128 0xc
 717 0080 00       		.byte	0
 718 0081 00       		.byte	0
 719 0082 09       		.uleb128 0x9
 720 0083 2E       		.uleb128 0x2e
 721 0084 01       		.byte	0x1
 722 0085 3F       		.uleb128 0x3f
 723 0086 0C       		.uleb128 0xc
 724 0087 03       		.uleb128 0x3
 725 0088 0E       		.uleb128 0xe
 726 0089 3A       		.uleb128 0x3a
 727 008a 0B       		.uleb128 0xb
 728 008b 3B       		.uleb128 0x3b
 729 008c 0B       		.uleb128 0xb
 730 008d 27       		.uleb128 0x27
 731 008e 0C       		.uleb128 0xc
 732 008f 11       		.uleb128 0x11
 733 0090 01       		.uleb128 0x1
 734 0091 12       		.uleb128 0x12
ARM GAS  C:\Users\CHUCK~1.ERH\AppData\Local\Temp\cc95qYV3.s 			page 22


 735 0092 01       		.uleb128 0x1
 736 0093 40       		.uleb128 0x40
 737 0094 06       		.uleb128 0x6
 738 0095 9742     		.uleb128 0x2117
 739 0097 0C       		.uleb128 0xc
 740 0098 01       		.uleb128 0x1
 741 0099 13       		.uleb128 0x13
 742 009a 00       		.byte	0
 743 009b 00       		.byte	0
 744 009c 0A       		.uleb128 0xa
 745 009d 05       		.uleb128 0x5
 746 009e 00       		.byte	0
 747 009f 03       		.uleb128 0x3
 748 00a0 0E       		.uleb128 0xe
 749 00a1 3A       		.uleb128 0x3a
 750 00a2 0B       		.uleb128 0xb
 751 00a3 3B       		.uleb128 0x3b
 752 00a4 0B       		.uleb128 0xb
 753 00a5 49       		.uleb128 0x49
 754 00a6 13       		.uleb128 0x13
 755 00a7 02       		.uleb128 0x2
 756 00a8 0A       		.uleb128 0xa
 757 00a9 00       		.byte	0
 758 00aa 00       		.byte	0
 759 00ab 0B       		.uleb128 0xb
 760 00ac 2E       		.uleb128 0x2e
 761 00ad 01       		.byte	0x1
 762 00ae 3F       		.uleb128 0x3f
 763 00af 0C       		.uleb128 0xc
 764 00b0 03       		.uleb128 0x3
 765 00b1 0E       		.uleb128 0xe
 766 00b2 3A       		.uleb128 0x3a
 767 00b3 0B       		.uleb128 0xb
 768 00b4 3B       		.uleb128 0x3b
 769 00b5 05       		.uleb128 0x5
 770 00b6 27       		.uleb128 0x27
 771 00b7 0C       		.uleb128 0xc
 772 00b8 11       		.uleb128 0x11
 773 00b9 01       		.uleb128 0x1
 774 00ba 12       		.uleb128 0x12
 775 00bb 01       		.uleb128 0x1
 776 00bc 40       		.uleb128 0x40
 777 00bd 06       		.uleb128 0x6
 778 00be 9742     		.uleb128 0x2117
 779 00c0 0C       		.uleb128 0xc
 780 00c1 01       		.uleb128 0x1
 781 00c2 13       		.uleb128 0x13
 782 00c3 00       		.byte	0
 783 00c4 00       		.byte	0
 784 00c5 0C       		.uleb128 0xc
 785 00c6 05       		.uleb128 0x5
 786 00c7 00       		.byte	0
 787 00c8 03       		.uleb128 0x3
 788 00c9 0E       		.uleb128 0xe
 789 00ca 3A       		.uleb128 0x3a
 790 00cb 0B       		.uleb128 0xb
 791 00cc 3B       		.uleb128 0x3b
ARM GAS  C:\Users\CHUCK~1.ERH\AppData\Local\Temp\cc95qYV3.s 			page 23


 792 00cd 05       		.uleb128 0x5
 793 00ce 49       		.uleb128 0x49
 794 00cf 13       		.uleb128 0x13
 795 00d0 02       		.uleb128 0x2
 796 00d1 06       		.uleb128 0x6
 797 00d2 00       		.byte	0
 798 00d3 00       		.byte	0
 799 00d4 0D       		.uleb128 0xd
 800 00d5 34       		.uleb128 0x34
 801 00d6 00       		.byte	0
 802 00d7 03       		.uleb128 0x3
 803 00d8 08       		.uleb128 0x8
 804 00d9 3A       		.uleb128 0x3a
 805 00da 0B       		.uleb128 0xb
 806 00db 3B       		.uleb128 0x3b
 807 00dc 05       		.uleb128 0x5
 808 00dd 49       		.uleb128 0x49
 809 00de 13       		.uleb128 0x13
 810 00df 02       		.uleb128 0x2
 811 00e0 06       		.uleb128 0x6
 812 00e1 00       		.byte	0
 813 00e2 00       		.byte	0
 814 00e3 0E       		.uleb128 0xe
 815 00e4 898201   		.uleb128 0x4109
 816 00e7 00       		.byte	0
 817 00e8 11       		.uleb128 0x11
 818 00e9 01       		.uleb128 0x1
 819 00ea 31       		.uleb128 0x31
 820 00eb 13       		.uleb128 0x13
 821 00ec 00       		.byte	0
 822 00ed 00       		.byte	0
 823 00ee 0F       		.uleb128 0xf
 824 00ef 0F       		.uleb128 0xf
 825 00f0 00       		.byte	0
 826 00f1 0B       		.uleb128 0xb
 827 00f2 0B       		.uleb128 0xb
 828 00f3 49       		.uleb128 0x49
 829 00f4 13       		.uleb128 0x13
 830 00f5 00       		.byte	0
 831 00f6 00       		.byte	0
 832 00f7 10       		.uleb128 0x10
 833 00f8 26       		.uleb128 0x26
 834 00f9 00       		.byte	0
 835 00fa 49       		.uleb128 0x49
 836 00fb 13       		.uleb128 0x13
 837 00fc 00       		.byte	0
 838 00fd 00       		.byte	0
 839 00fe 11       		.uleb128 0x11
 840 00ff 2E       		.uleb128 0x2e
 841 0100 01       		.byte	0x1
 842 0101 3F       		.uleb128 0x3f
 843 0102 0C       		.uleb128 0xc
 844 0103 03       		.uleb128 0x3
 845 0104 0E       		.uleb128 0xe
 846 0105 3A       		.uleb128 0x3a
 847 0106 0B       		.uleb128 0xb
 848 0107 3B       		.uleb128 0x3b
ARM GAS  C:\Users\CHUCK~1.ERH\AppData\Local\Temp\cc95qYV3.s 			page 24


 849 0108 05       		.uleb128 0x5
 850 0109 27       		.uleb128 0x27
 851 010a 0C       		.uleb128 0xc
 852 010b 49       		.uleb128 0x49
 853 010c 13       		.uleb128 0x13
 854 010d 11       		.uleb128 0x11
 855 010e 01       		.uleb128 0x1
 856 010f 12       		.uleb128 0x12
 857 0110 01       		.uleb128 0x1
 858 0111 40       		.uleb128 0x40
 859 0112 0A       		.uleb128 0xa
 860 0113 9742     		.uleb128 0x2117
 861 0115 0C       		.uleb128 0xc
 862 0116 01       		.uleb128 0x1
 863 0117 13       		.uleb128 0x13
 864 0118 00       		.byte	0
 865 0119 00       		.byte	0
 866 011a 12       		.uleb128 0x12
 867 011b 34       		.uleb128 0x34
 868 011c 00       		.byte	0
 869 011d 03       		.uleb128 0x3
 870 011e 0E       		.uleb128 0xe
 871 011f 3A       		.uleb128 0x3a
 872 0120 0B       		.uleb128 0xb
 873 0121 3B       		.uleb128 0x3b
 874 0122 05       		.uleb128 0x5
 875 0123 49       		.uleb128 0x49
 876 0124 13       		.uleb128 0x13
 877 0125 02       		.uleb128 0x2
 878 0126 06       		.uleb128 0x6
 879 0127 00       		.byte	0
 880 0128 00       		.byte	0
 881 0129 13       		.uleb128 0x13
 882 012a 2E       		.uleb128 0x2e
 883 012b 00       		.byte	0
 884 012c 3F       		.uleb128 0x3f
 885 012d 0C       		.uleb128 0xc
 886 012e 03       		.uleb128 0x3
 887 012f 0E       		.uleb128 0xe
 888 0130 3A       		.uleb128 0x3a
 889 0131 0B       		.uleb128 0xb
 890 0132 3B       		.uleb128 0x3b
 891 0133 05       		.uleb128 0x5
 892 0134 27       		.uleb128 0x27
 893 0135 0C       		.uleb128 0xc
 894 0136 11       		.uleb128 0x11
 895 0137 01       		.uleb128 0x1
 896 0138 12       		.uleb128 0x12
 897 0139 01       		.uleb128 0x1
 898 013a 40       		.uleb128 0x40
 899 013b 0A       		.uleb128 0xa
 900 013c 9742     		.uleb128 0x2117
 901 013e 0C       		.uleb128 0xc
 902 013f 00       		.byte	0
 903 0140 00       		.byte	0
 904 0141 14       		.uleb128 0x14
 905 0142 34       		.uleb128 0x34
ARM GAS  C:\Users\CHUCK~1.ERH\AppData\Local\Temp\cc95qYV3.s 			page 25


 906 0143 00       		.byte	0
 907 0144 03       		.uleb128 0x3
 908 0145 0E       		.uleb128 0xe
 909 0146 3A       		.uleb128 0x3a
 910 0147 0B       		.uleb128 0xb
 911 0148 3B       		.uleb128 0x3b
 912 0149 05       		.uleb128 0x5
 913 014a 49       		.uleb128 0x49
 914 014b 13       		.uleb128 0x13
 915 014c 02       		.uleb128 0x2
 916 014d 0A       		.uleb128 0xa
 917 014e 00       		.byte	0
 918 014f 00       		.byte	0
 919 0150 15       		.uleb128 0x15
 920 0151 2E       		.uleb128 0x2e
 921 0152 01       		.byte	0x1
 922 0153 3F       		.uleb128 0x3f
 923 0154 0C       		.uleb128 0xc
 924 0155 03       		.uleb128 0x3
 925 0156 0E       		.uleb128 0xe
 926 0157 3A       		.uleb128 0x3a
 927 0158 0B       		.uleb128 0xb
 928 0159 3B       		.uleb128 0x3b
 929 015a 05       		.uleb128 0x5
 930 015b 27       		.uleb128 0x27
 931 015c 0C       		.uleb128 0xc
 932 015d 49       		.uleb128 0x49
 933 015e 13       		.uleb128 0x13
 934 015f 11       		.uleb128 0x11
 935 0160 01       		.uleb128 0x1
 936 0161 12       		.uleb128 0x12
 937 0162 01       		.uleb128 0x1
 938 0163 40       		.uleb128 0x40
 939 0164 0A       		.uleb128 0xa
 940 0165 9742     		.uleb128 0x2117
 941 0167 0C       		.uleb128 0xc
 942 0168 00       		.byte	0
 943 0169 00       		.byte	0
 944 016a 00       		.byte	0
 945              		.section	.debug_loc,"",%progbits
 946              	.Ldebug_loc0:
 947              	.LLST0:
 948 0000 00000000 		.4byte	.LVL0
 949 0004 04000000 		.4byte	.LVL1
 950 0008 0200     		.2byte	0x2
 951 000a 30       		.byte	0x30
 952 000b 9F       		.byte	0x9f
 953 000c 04000000 		.4byte	.LVL1
 954 0010 0C000000 		.4byte	.LFE0
 955 0014 0100     		.2byte	0x1
 956 0016 50       		.byte	0x50
 957 0017 00000000 		.4byte	0
 958 001b 00000000 		.4byte	0
 959              	.LLST1:
 960 001f 06000000 		.4byte	.LVL2
 961 0023 08000000 		.4byte	.LVL3
 962 0027 0500     		.2byte	0x5
ARM GAS  C:\Users\CHUCK~1.ERH\AppData\Local\Temp\cc95qYV3.s 			page 26


 963 0029 70       		.byte	0x70
 964 002a 00       		.sleb128 0
 965 002b 3F       		.byte	0x3f
 966 002c 1A       		.byte	0x1a
 967 002d 9F       		.byte	0x9f
 968 002e 08000000 		.4byte	.LVL3
 969 0032 10000000 		.4byte	.LFE1
 970 0036 0100     		.2byte	0x1
 971 0038 50       		.byte	0x50
 972 0039 00000000 		.4byte	0
 973 003d 00000000 		.4byte	0
 974              	.LLST2:
 975 0041 00000000 		.4byte	.LFB3
 976 0045 02000000 		.4byte	.LCFI0
 977 0049 0200     		.2byte	0x2
 978 004b 7D       		.byte	0x7d
 979 004c 00       		.sleb128 0
 980 004d 02000000 		.4byte	.LCFI0
 981 0051 1C000000 		.4byte	.LFE3
 982 0055 0200     		.2byte	0x2
 983 0057 7D       		.byte	0x7d
 984 0058 04       		.sleb128 4
 985 0059 00000000 		.4byte	0
 986 005d 00000000 		.4byte	0
 987              	.LLST3:
 988 0061 00000000 		.4byte	.LFB4
 989 0065 02000000 		.4byte	.LCFI1
 990 0069 0200     		.2byte	0x2
 991 006b 7D       		.byte	0x7d
 992 006c 00       		.sleb128 0
 993 006d 02000000 		.4byte	.LCFI1
 994 0071 16000000 		.4byte	.LFE4
 995 0075 0200     		.2byte	0x2
 996 0077 7D       		.byte	0x7d
 997 0078 10       		.sleb128 16
 998 0079 00000000 		.4byte	0
 999 007d 00000000 		.4byte	0
 1000              	.LLST4:
 1001 0081 00000000 		.4byte	.LVL5
 1002 0085 06000000 		.4byte	.LVL6
 1003 0089 0100     		.2byte	0x1
 1004 008b 50       		.byte	0x50
 1005 008c 06000000 		.4byte	.LVL6
 1006 0090 16000000 		.4byte	.LFE4
 1007 0094 0400     		.2byte	0x4
 1008 0096 F3       		.byte	0xf3
 1009 0097 01       		.uleb128 0x1
 1010 0098 50       		.byte	0x50
 1011 0099 9F       		.byte	0x9f
 1012 009a 00000000 		.4byte	0
 1013 009e 00000000 		.4byte	0
 1014              	.LLST5:
 1015 00a2 00000000 		.4byte	.LVL5
 1016 00a6 06000000 		.4byte	.LVL6
 1017 00aa 0100     		.2byte	0x1
 1018 00ac 51       		.byte	0x51
 1019 00ad 06000000 		.4byte	.LVL6
ARM GAS  C:\Users\CHUCK~1.ERH\AppData\Local\Temp\cc95qYV3.s 			page 27


 1020 00b1 16000000 		.4byte	.LFE4
 1021 00b5 0400     		.2byte	0x4
 1022 00b7 F3       		.byte	0xf3
 1023 00b8 01       		.uleb128 0x1
 1024 00b9 51       		.byte	0x51
 1025 00ba 9F       		.byte	0x9f
 1026 00bb 00000000 		.4byte	0
 1027 00bf 00000000 		.4byte	0
 1028              	.LLST6:
 1029 00c3 00000000 		.4byte	.LVL5
 1030 00c7 06000000 		.4byte	.LVL6
 1031 00cb 0200     		.2byte	0x2
 1032 00cd 30       		.byte	0x30
 1033 00ce 9F       		.byte	0x9f
 1034 00cf 00000000 		.4byte	0
 1035 00d3 00000000 		.4byte	0
 1036              	.LLST7:
 1037 00d7 06000000 		.4byte	.LVL8
 1038 00db 08000000 		.4byte	.LVL9
 1039 00df 0500     		.2byte	0x5
 1040 00e1 70       		.byte	0x70
 1041 00e2 00       		.sleb128 0
 1042 00e3 3F       		.byte	0x3f
 1043 00e4 1A       		.byte	0x1a
 1044 00e5 9F       		.byte	0x9f
 1045 00e6 08000000 		.4byte	.LVL9
 1046 00ea 10000000 		.4byte	.LFE5
 1047 00ee 0100     		.2byte	0x1
 1048 00f0 50       		.byte	0x50
 1049 00f1 00000000 		.4byte	0
 1050 00f5 00000000 		.4byte	0
 1051              		.section	.debug_aranges,"",%progbits
 1052 0000 5C000000 		.4byte	0x5c
 1053 0004 0200     		.2byte	0x2
 1054 0006 00000000 		.4byte	.Ldebug_info0
 1055 000a 04       		.byte	0x4
 1056 000b 00       		.byte	0
 1057 000c 0000     		.2byte	0
 1058 000e 0000     		.2byte	0
 1059 0010 00000000 		.4byte	.LFB0
 1060 0014 0C000000 		.4byte	.LFE0-.LFB0
 1061 0018 00000000 		.4byte	.LFB1
 1062 001c 10000000 		.4byte	.LFE1-.LFB1
 1063 0020 00000000 		.4byte	.LFB2
 1064 0024 20000000 		.4byte	.LFE2-.LFB2
 1065 0028 00000000 		.4byte	.LFB3
 1066 002c 1C000000 		.4byte	.LFE3-.LFB3
 1067 0030 00000000 		.4byte	.LFB4
 1068 0034 16000000 		.4byte	.LFE4-.LFB4
 1069 0038 00000000 		.4byte	.LFB5
 1070 003c 10000000 		.4byte	.LFE5-.LFB5
 1071 0040 00000000 		.4byte	.LFB6
 1072 0044 20000000 		.4byte	.LFE6-.LFB6
 1073 0048 00000000 		.4byte	.LFB7
 1074 004c 10000000 		.4byte	.LFE7-.LFB7
 1075 0050 00000000 		.4byte	.LFB8
 1076 0054 10000000 		.4byte	.LFE8-.LFB8
ARM GAS  C:\Users\CHUCK~1.ERH\AppData\Local\Temp\cc95qYV3.s 			page 28


 1077 0058 00000000 		.4byte	0
 1078 005c 00000000 		.4byte	0
 1079              		.section	.debug_ranges,"",%progbits
 1080              	.Ldebug_ranges0:
 1081 0000 00000000 		.4byte	.LFB0
 1082 0004 0C000000 		.4byte	.LFE0
 1083 0008 00000000 		.4byte	.LFB1
 1084 000c 10000000 		.4byte	.LFE1
 1085 0010 00000000 		.4byte	.LFB2
 1086 0014 20000000 		.4byte	.LFE2
 1087 0018 00000000 		.4byte	.LFB3
 1088 001c 1C000000 		.4byte	.LFE3
 1089 0020 00000000 		.4byte	.LFB4
 1090 0024 16000000 		.4byte	.LFE4
 1091 0028 00000000 		.4byte	.LFB5
 1092 002c 10000000 		.4byte	.LFE5
 1093 0030 00000000 		.4byte	.LFB6
 1094 0034 20000000 		.4byte	.LFE6
 1095 0038 00000000 		.4byte	.LFB7
 1096 003c 10000000 		.4byte	.LFE7
 1097 0040 00000000 		.4byte	.LFB8
 1098 0044 10000000 		.4byte	.LFE8
 1099 0048 00000000 		.4byte	0
 1100 004c 00000000 		.4byte	0
 1101              		.section	.debug_line,"",%progbits
 1102              	.Ldebug_line0:
 1103 0000 23010000 		.section	.debug_str,"MS",%progbits,1
 1103      02004C00 
 1103      00000201 
 1103      FB0E0D00 
 1103      01010101 
 1104              	.LASF6:
 1105 0000 6C6F6E67 		.ascii	"long long int\000"
 1105      206C6F6E 
 1105      6720696E 
 1105      7400
 1106              	.LASF20:
 1107 000e 53504930 		.ascii	"SPI0_SpiUartWriteTxData\000"
 1107      5F537069 
 1107      55617274 
 1107      57726974 
 1107      65547844 
 1108              	.LASF30:
 1109 0026 53504930 		.ascii	"SPI0_SpiUartDisableIntTx\000"
 1109      5F537069 
 1109      55617274 
 1109      44697361 
 1109      626C6549 
 1110              	.LASF24:
 1111 003f 636F756E 		.ascii	"count\000"
 1111      7400
 1112              	.LASF3:
 1113 0045 73686F72 		.ascii	"short unsigned int\000"
 1113      7420756E 
 1113      7369676E 
 1113      65642069 
 1113      6E7400
ARM GAS  C:\Users\CHUCK~1.ERH\AppData\Local\Temp\cc95qYV3.s 			page 29


 1114              	.LASF8:
 1115 0058 756E7369 		.ascii	"unsigned int\000"
 1115      676E6564 
 1115      20696E74 
 1115      00
 1116              	.LASF11:
 1117 0065 666C6F61 		.ascii	"float\000"
 1117      7400
 1118              	.LASF19:
 1119 006b 73697A65 		.ascii	"size\000"
 1119      00
 1120              	.LASF5:
 1121 0070 6C6F6E67 		.ascii	"long unsigned int\000"
 1121      20756E73 
 1121      69676E65 
 1121      6420696E 
 1121      7400
 1122              	.LASF9:
 1123 0082 75696E74 		.ascii	"uint8\000"
 1123      3800
 1124              	.LASF18:
 1125 0088 72784461 		.ascii	"rxData\000"
 1125      746100
 1126              	.LASF23:
 1127 008f 77724275 		.ascii	"wrBuf\000"
 1127      6600
 1128              	.LASF34:
 1129 0095 433A5C55 		.ascii	"C:\\Users\\chuck.erhardt\\Documents\\GitHub\\PSoC-W"
 1129      73657273 
 1129      5C636875 
 1129      636B2E65 
 1129      72686172 
 1130 00c3 35313030 		.ascii	"5100-Driver\\PSoCPioneer+ArduinoShield_Example.cyds"
 1130      2D447269 
 1130      7665725C 
 1130      50536F43 
 1130      50696F6E 
 1131 00f5 6E00     		.ascii	"n\000"
 1132              	.LASF1:
 1133 00f7 756E7369 		.ascii	"unsigned char\000"
 1133      676E6564 
 1133      20636861 
 1133      7200
 1134              	.LASF27:
 1135 0105 53504930 		.ascii	"SPI0_SpiUartClearTxBuffer\000"
 1135      5F537069 
 1135      55617274 
 1135      436C6561 
 1135      72547842 
 1136              	.LASF12:
 1137 011f 646F7562 		.ascii	"double\000"
 1137      6C6500
 1138              	.LASF10:
 1139 0126 75696E74 		.ascii	"uint32\000"
 1139      333200
 1140              	.LASF31:
 1141 012d 696E7453 		.ascii	"intSourceMask\000"
ARM GAS  C:\Users\CHUCK~1.ERH\AppData\Local\Temp\cc95qYV3.s 			page 30


 1141      6F757263 
 1141      654D6173 
 1141      6B00
 1142              	.LASF29:
 1143 013b 696E7453 		.ascii	"intSource\000"
 1143      6F757263 
 1143      6500
 1144              	.LASF7:
 1145 0145 6C6F6E67 		.ascii	"long long unsigned int\000"
 1145      206C6F6E 
 1145      6720756E 
 1145      7369676E 
 1145      65642069 
 1146              	.LASF15:
 1147 015c 73697A65 		.ascii	"sizetype\000"
 1147      74797065 
 1147      00
 1148              	.LASF22:
 1149 0165 74784461 		.ascii	"txDataByte\000"
 1149      74614279 
 1149      746500
 1150              	.LASF13:
 1151 0170 63686172 		.ascii	"char\000"
 1151      00
 1152              	.LASF33:
 1153 0175 2E5C4765 		.ascii	".\\Generated_Source\\PSoC4\\SPI0_SPI_UART.c\000"
 1153      6E657261 
 1153      7465645F 
 1153      536F7572 
 1153      63655C50 
 1154              	.LASF26:
 1155 019e 53504930 		.ascii	"SPI0_SpiUartClearRxBuffer\000"
 1155      5F537069 
 1155      55617274 
 1155      436C6561 
 1155      72527842 
 1156              	.LASF25:
 1157 01b8 53504930 		.ascii	"SPI0_SpiUartGetTxBufferSize\000"
 1157      5F537069 
 1157      55617274 
 1157      47657454 
 1157      78427566 
 1158              	.LASF2:
 1159 01d4 73686F72 		.ascii	"short int\000"
 1159      7420696E 
 1159      7400
 1160              	.LASF16:
 1161 01de 53504930 		.ascii	"SPI0_SpiUartReadRxData\000"
 1161      5F537069 
 1161      55617274 
 1161      52656164 
 1161      52784461 
 1162              	.LASF17:
 1163 01f5 53504930 		.ascii	"SPI0_SpiUartGetRxBufferSize\000"
 1163      5F537069 
 1163      55617274 
 1163      47657452 
ARM GAS  C:\Users\CHUCK~1.ERH\AppData\Local\Temp\cc95qYV3.s 			page 31


 1163      78427566 
 1164              	.LASF4:
 1165 0211 6C6F6E67 		.ascii	"long int\000"
 1165      20696E74 
 1165      00
 1166              	.LASF14:
 1167 021a 72656733 		.ascii	"reg32\000"
 1167      3200
 1168              	.LASF0:
 1169 0220 7369676E 		.ascii	"signed char\000"
 1169      65642063 
 1169      68617200 
 1170              	.LASF32:
 1171 022c 474E5520 		.ascii	"GNU C 4.7.3 20130312 (release) [ARM/embedded-4_7-br"
 1171      4320342E 
 1171      372E3320 
 1171      32303133 
 1171      30333132 
 1172 025f 616E6368 		.ascii	"anch revision 196615]\000"
 1172      20726576 
 1172      6973696F 
 1172      6E203139 
 1172      36363135 
 1173              	.LASF28:
 1174 0275 53504930 		.ascii	"SPI0_SpiUartDisableIntRx\000"
 1174      5F537069 
 1174      55617274 
 1174      44697361 
 1174      626C6549 
 1175              	.LASF21:
 1176 028e 53504930 		.ascii	"SPI0_SpiUartPutArray\000"
 1176      5F537069 
 1176      55617274 
 1176      50757441 
 1176      72726179 
 1177              		.ident	"GCC: (GNU Tools for ARM Embedded Processors) 4.7.3 20130312 (release) [ARM/embedded-4_7-br
