ARM GAS  C:\Users\CHUCK~1.ERH\AppData\Local\Temp\ccnhUNWC.s 			page 1


   1              		.syntax unified
   2              		.cpu cortex-m3
   3              		.fpu softvfp
   4              		.eabi_attribute 20, 1
   5              		.eabi_attribute 21, 1
   6              		.eabi_attribute 23, 3
   7              		.eabi_attribute 24, 1
   8              		.eabi_attribute 25, 1
   9              		.eabi_attribute 26, 1
  10              		.eabi_attribute 30, 4
  11              		.eabi_attribute 34, 1
  12              		.eabi_attribute 18, 4
  13              		.thumb
  14              		.file	"Cm3Start.c"
  15              		.text
  16              	.Ltext0:
  17              		.cfi_sections	.debug_frame
  18              		.section	.text.IntDefaultHandler,"ax",%progbits
  19              		.align	1
  20              		.global	IntDefaultHandler
  21              		.thumb
  22              		.thumb_func
  23              		.type	IntDefaultHandler, %function
  24              	IntDefaultHandler:
  25              	.LFB0:
  26              		.file 1 ".\\Generated_Source\\PSoC5\\Cm3Start.c"
   1:.\Generated_Source\PSoC5/Cm3Start.c **** /*******************************************************************************
   2:.\Generated_Source\PSoC5/Cm3Start.c **** * File Name: Cm3Start.c
   3:.\Generated_Source\PSoC5/Cm3Start.c **** * Version 4.0
   4:.\Generated_Source\PSoC5/Cm3Start.c **** *
   5:.\Generated_Source\PSoC5/Cm3Start.c **** *  Description:
   6:.\Generated_Source\PSoC5/Cm3Start.c **** *  Startup code for the ARM CM3.
   7:.\Generated_Source\PSoC5/Cm3Start.c **** *
   8:.\Generated_Source\PSoC5/Cm3Start.c **** ********************************************************************************
   9:.\Generated_Source\PSoC5/Cm3Start.c **** * Copyright 2008-2013, Cypress Semiconductor Corporation. All rights reserved.
  10:.\Generated_Source\PSoC5/Cm3Start.c **** * You may use this file only in accordance with the license, terms, conditions,
  11:.\Generated_Source\PSoC5/Cm3Start.c **** * disclaimers, and limitations in the end user license agreement accompanying
  12:.\Generated_Source\PSoC5/Cm3Start.c **** * the software package with which this file was provided.
  13:.\Generated_Source\PSoC5/Cm3Start.c **** *******************************************************************************/
  14:.\Generated_Source\PSoC5/Cm3Start.c **** 
  15:.\Generated_Source\PSoC5/Cm3Start.c **** #include <limits.h>
  16:.\Generated_Source\PSoC5/Cm3Start.c **** #include "cydevice_trm.h"
  17:.\Generated_Source\PSoC5/Cm3Start.c **** #include "cytypes.h"
  18:.\Generated_Source\PSoC5/Cm3Start.c **** #include "cyfitter_cfg.h"
  19:.\Generated_Source\PSoC5/Cm3Start.c **** #include "CyLib.h"
  20:.\Generated_Source\PSoC5/Cm3Start.c **** #include "CyDmac.h"
  21:.\Generated_Source\PSoC5/Cm3Start.c **** #include "cyfitter.h"
  22:.\Generated_Source\PSoC5/Cm3Start.c **** 
  23:.\Generated_Source\PSoC5/Cm3Start.c **** #define CY_NUM_INTERRUPTS           (32u)
  24:.\Generated_Source\PSoC5/Cm3Start.c **** #define CY_NUM_VECTORS              (CYINT_IRQ_BASE + CY_NUM_INTERRUPTS)
  25:.\Generated_Source\PSoC5/Cm3Start.c **** #define CY_NUM_ROM_VECTORS          (4u)
  26:.\Generated_Source\PSoC5/Cm3Start.c **** #define CY_NVIC_APINT_PTR           ((reg32 *) CYREG_NVIC_APPLN_INTR)
  27:.\Generated_Source\PSoC5/Cm3Start.c **** #define CY_NVIC_CFG_CTRL_PTR        ((reg32 *) CYREG_NVIC_CFG_CONTROL)
  28:.\Generated_Source\PSoC5/Cm3Start.c **** #define CY_NVIC_APINT_PRIGROUP_3_5  (0x00000400u)  /* Priority group 3.5 split */
  29:.\Generated_Source\PSoC5/Cm3Start.c **** #define CY_NVIC_APINT_VECTKEY       (0x05FA0000u)  /* This key is required in order to write the NV
  30:.\Generated_Source\PSoC5/Cm3Start.c **** #define CY_NVIC_CFG_STACKALIGN      (0x00000200u)  /* This specifies that the exception stack must 
  31:.\Generated_Source\PSoC5/Cm3Start.c **** 
ARM GAS  C:\Users\CHUCK~1.ERH\AppData\Local\Temp\ccnhUNWC.s 			page 2


  32:.\Generated_Source\PSoC5/Cm3Start.c **** 
  33:.\Generated_Source\PSoC5/Cm3Start.c **** /* Extern functions */
  34:.\Generated_Source\PSoC5/Cm3Start.c **** extern void CyBtldr_CheckLaunch(void);
  35:.\Generated_Source\PSoC5/Cm3Start.c **** 
  36:.\Generated_Source\PSoC5/Cm3Start.c **** /* Function prototypes */
  37:.\Generated_Source\PSoC5/Cm3Start.c **** void initialize_psoc(void);
  38:.\Generated_Source\PSoC5/Cm3Start.c **** CY_ISR(IntDefaultHandler);
  39:.\Generated_Source\PSoC5/Cm3Start.c **** void Reset(void);
  40:.\Generated_Source\PSoC5/Cm3Start.c **** CY_ISR(IntDefaultHandler);
  41:.\Generated_Source\PSoC5/Cm3Start.c **** 
  42:.\Generated_Source\PSoC5/Cm3Start.c **** #if defined(__ARMCC_VERSION)
  43:.\Generated_Source\PSoC5/Cm3Start.c ****     #define INITIAL_STACK_POINTER ((cyisraddress)(uint32)&Image$$ARM_LIB_STACK$$ZI$$Limit)
  44:.\Generated_Source\PSoC5/Cm3Start.c **** #elif defined (__GNUC__)
  45:.\Generated_Source\PSoC5/Cm3Start.c ****     #define INITIAL_STACK_POINTER (&__cy_stack)
  46:.\Generated_Source\PSoC5/Cm3Start.c **** #elif defined (__ICCARM__)
  47:.\Generated_Source\PSoC5/Cm3Start.c ****     #pragma language=extended
  48:.\Generated_Source\PSoC5/Cm3Start.c ****     #pragma segment="CSTACK"
  49:.\Generated_Source\PSoC5/Cm3Start.c ****     #define INITIAL_STACK_POINTER  { .__ptr = __sfe( "CSTACK" ) }
  50:.\Generated_Source\PSoC5/Cm3Start.c **** 
  51:.\Generated_Source\PSoC5/Cm3Start.c ****     extern void __iar_program_start( void );
  52:.\Generated_Source\PSoC5/Cm3Start.c ****     extern void __iar_data_init3 (void);
  53:.\Generated_Source\PSoC5/Cm3Start.c **** #endif  /* (__ARMCC_VERSION) */
  54:.\Generated_Source\PSoC5/Cm3Start.c **** 
  55:.\Generated_Source\PSoC5/Cm3Start.c **** /* Global variables */
  56:.\Generated_Source\PSoC5/Cm3Start.c **** #if !defined (__ICCARM__)
  57:.\Generated_Source\PSoC5/Cm3Start.c ****     CY_NOINIT static uint32 cySysNoInitDataValid;
  58:.\Generated_Source\PSoC5/Cm3Start.c **** #endif  /* !defined (__ICCARM__) */
  59:.\Generated_Source\PSoC5/Cm3Start.c **** 
  60:.\Generated_Source\PSoC5/Cm3Start.c **** 
  61:.\Generated_Source\PSoC5/Cm3Start.c **** /*******************************************************************************
  62:.\Generated_Source\PSoC5/Cm3Start.c **** * Default Ram Interrupt Vector table storage area. Must be 256-byte aligned.
  63:.\Generated_Source\PSoC5/Cm3Start.c **** *******************************************************************************/
  64:.\Generated_Source\PSoC5/Cm3Start.c **** #if defined (__ICCARM__)
  65:.\Generated_Source\PSoC5/Cm3Start.c ****     #pragma location=".ramvectors"
  66:.\Generated_Source\PSoC5/Cm3Start.c ****     #pragma data_alignment=256
  67:.\Generated_Source\PSoC5/Cm3Start.c **** #else
  68:.\Generated_Source\PSoC5/Cm3Start.c ****     CY_SECTION(".ramvectors")
  69:.\Generated_Source\PSoC5/Cm3Start.c ****     CY_ALIGN(256)
  70:.\Generated_Source\PSoC5/Cm3Start.c **** #endif  /* defined (__ICCARM__) */
  71:.\Generated_Source\PSoC5/Cm3Start.c **** cyisraddress CyRamVectors[CY_NUM_VECTORS];
  72:.\Generated_Source\PSoC5/Cm3Start.c **** 
  73:.\Generated_Source\PSoC5/Cm3Start.c **** 
  74:.\Generated_Source\PSoC5/Cm3Start.c **** /*******************************************************************************
  75:.\Generated_Source\PSoC5/Cm3Start.c **** * Function Name: IntDefaultHandler
  76:.\Generated_Source\PSoC5/Cm3Start.c **** ********************************************************************************
  77:.\Generated_Source\PSoC5/Cm3Start.c **** *
  78:.\Generated_Source\PSoC5/Cm3Start.c **** * Summary:
  79:.\Generated_Source\PSoC5/Cm3Start.c **** *  This function is called for all interrupts, other than reset, that get
  80:.\Generated_Source\PSoC5/Cm3Start.c **** *  called before the system is setup.
  81:.\Generated_Source\PSoC5/Cm3Start.c **** *
  82:.\Generated_Source\PSoC5/Cm3Start.c **** * Parameters:
  83:.\Generated_Source\PSoC5/Cm3Start.c **** *  None
  84:.\Generated_Source\PSoC5/Cm3Start.c **** *
  85:.\Generated_Source\PSoC5/Cm3Start.c **** * Return:
  86:.\Generated_Source\PSoC5/Cm3Start.c **** *  None
  87:.\Generated_Source\PSoC5/Cm3Start.c **** *
  88:.\Generated_Source\PSoC5/Cm3Start.c **** * Theory:
ARM GAS  C:\Users\CHUCK~1.ERH\AppData\Local\Temp\ccnhUNWC.s 			page 3


  89:.\Generated_Source\PSoC5/Cm3Start.c **** *  Any value other than zero is acceptable.
  90:.\Generated_Source\PSoC5/Cm3Start.c **** *
  91:.\Generated_Source\PSoC5/Cm3Start.c **** *******************************************************************************/
  92:.\Generated_Source\PSoC5/Cm3Start.c **** CY_ISR(IntDefaultHandler)
  93:.\Generated_Source\PSoC5/Cm3Start.c **** {
  27              		.loc 1 93 0
  28              		.cfi_startproc
  29              		@ Volatile: function does not return.
  30              		@ args = 0, pretend = 0, frame = 0
  31              		@ frame_needed = 0, uses_anonymous_args = 0
  32              		@ link register save eliminated.
  33              	.L2:
  34 0000 FEE7     		b	.L2
  35              		.cfi_endproc
  36              	.LFE0:
  37              		.size	IntDefaultHandler, .-IntDefaultHandler
  38              		.section	.text._exit,"ax",%progbits
  39              		.align	1
  40              		.weak	_exit
  41              		.thumb
  42              		.thumb_func
  43              		.type	_exit, %function
  44              	_exit:
  45              	.LFB2:
  94:.\Generated_Source\PSoC5/Cm3Start.c **** 
  95:.\Generated_Source\PSoC5/Cm3Start.c ****     while(1)
  96:.\Generated_Source\PSoC5/Cm3Start.c ****     {
  97:.\Generated_Source\PSoC5/Cm3Start.c ****         /***********************************************************************
  98:.\Generated_Source\PSoC5/Cm3Start.c ****         * We should never get here. If we do, a serious problem occured, so go
  99:.\Generated_Source\PSoC5/Cm3Start.c ****         * into an infinite loop.
 100:.\Generated_Source\PSoC5/Cm3Start.c ****         ***********************************************************************/
 101:.\Generated_Source\PSoC5/Cm3Start.c ****     }
 102:.\Generated_Source\PSoC5/Cm3Start.c **** }
 103:.\Generated_Source\PSoC5/Cm3Start.c **** 
 104:.\Generated_Source\PSoC5/Cm3Start.c **** 
 105:.\Generated_Source\PSoC5/Cm3Start.c **** #if defined(__ARMCC_VERSION)
 106:.\Generated_Source\PSoC5/Cm3Start.c **** 
 107:.\Generated_Source\PSoC5/Cm3Start.c **** /* Local function for the device reset. */
 108:.\Generated_Source\PSoC5/Cm3Start.c **** extern void Reset(void);
 109:.\Generated_Source\PSoC5/Cm3Start.c **** 
 110:.\Generated_Source\PSoC5/Cm3Start.c **** /* Application entry point. */
 111:.\Generated_Source\PSoC5/Cm3Start.c **** extern void $Super$$main(void);
 112:.\Generated_Source\PSoC5/Cm3Start.c **** 
 113:.\Generated_Source\PSoC5/Cm3Start.c **** /* Linker-generated Stack Base addresses, Two Region and One Region */
 114:.\Generated_Source\PSoC5/Cm3Start.c **** extern uint32 Image$$ARM_LIB_STACK$$ZI$$Limit;
 115:.\Generated_Source\PSoC5/Cm3Start.c **** 
 116:.\Generated_Source\PSoC5/Cm3Start.c **** /* RealView C Library initialization. */
 117:.\Generated_Source\PSoC5/Cm3Start.c **** extern int __main(void);
 118:.\Generated_Source\PSoC5/Cm3Start.c **** 
 119:.\Generated_Source\PSoC5/Cm3Start.c **** 
 120:.\Generated_Source\PSoC5/Cm3Start.c **** /*******************************************************************************
 121:.\Generated_Source\PSoC5/Cm3Start.c **** * Function Name: Reset
 122:.\Generated_Source\PSoC5/Cm3Start.c **** ********************************************************************************
 123:.\Generated_Source\PSoC5/Cm3Start.c **** *
 124:.\Generated_Source\PSoC5/Cm3Start.c **** * Summary:
 125:.\Generated_Source\PSoC5/Cm3Start.c **** *  This function handles the reset interrupt for the RVDS/MDK toolchains.
 126:.\Generated_Source\PSoC5/Cm3Start.c **** *  This is the first bit of code that is executed at startup.
ARM GAS  C:\Users\CHUCK~1.ERH\AppData\Local\Temp\ccnhUNWC.s 			page 4


 127:.\Generated_Source\PSoC5/Cm3Start.c **** *
 128:.\Generated_Source\PSoC5/Cm3Start.c **** * Parameters:
 129:.\Generated_Source\PSoC5/Cm3Start.c **** *  None
 130:.\Generated_Source\PSoC5/Cm3Start.c **** *
 131:.\Generated_Source\PSoC5/Cm3Start.c **** * Return:
 132:.\Generated_Source\PSoC5/Cm3Start.c **** *  None
 133:.\Generated_Source\PSoC5/Cm3Start.c **** *
 134:.\Generated_Source\PSoC5/Cm3Start.c **** *******************************************************************************/
 135:.\Generated_Source\PSoC5/Cm3Start.c **** void Reset(void)
 136:.\Generated_Source\PSoC5/Cm3Start.c **** {
 137:.\Generated_Source\PSoC5/Cm3Start.c ****     #if(CYDEV_PROJ_TYPE != CYDEV_PROJ_TYPE_LOADABLE)
 138:.\Generated_Source\PSoC5/Cm3Start.c **** 
 139:.\Generated_Source\PSoC5/Cm3Start.c ****         /* For PSoC 5LP, debugging is enabled by default */
 140:.\Generated_Source\PSoC5/Cm3Start.c ****         #if(CYDEV_DEBUGGING_ENABLE == 0)
 141:.\Generated_Source\PSoC5/Cm3Start.c ****             *(reg32 *)(CYDEV_DEBUG_ENABLE_REGISTER) |= CYDEV_DEBUG_ENABLE_MASK;
 142:.\Generated_Source\PSoC5/Cm3Start.c ****         #endif /* (CYDEV_DEBUGGING_ENABLE) */
 143:.\Generated_Source\PSoC5/Cm3Start.c **** 
 144:.\Generated_Source\PSoC5/Cm3Start.c ****         /* Reset Status Register has Read-to-clear SW access mode.
 145:.\Generated_Source\PSoC5/Cm3Start.c ****         * Preserve current RESET_SR0 state to make it available for next reading.
 146:.\Generated_Source\PSoC5/Cm3Start.c ****         */
 147:.\Generated_Source\PSoC5/Cm3Start.c ****         *(reg32 *)(CYREG_PHUB_CFGMEM23_CFG1) = *(reg32 *)(CYREG_RESET_SR0);
 148:.\Generated_Source\PSoC5/Cm3Start.c **** 
 149:.\Generated_Source\PSoC5/Cm3Start.c ****     #endif  /* (CYDEV_PROJ_TYPE != CYDEV_PROJ_TYPE_LOADABLE) */
 150:.\Generated_Source\PSoC5/Cm3Start.c **** 
 151:.\Generated_Source\PSoC5/Cm3Start.c ****     #if(CYDEV_BOOTLOADER_ENABLE)
 152:.\Generated_Source\PSoC5/Cm3Start.c ****         CyBtldr_CheckLaunch();
 153:.\Generated_Source\PSoC5/Cm3Start.c ****     #endif /* (CYDEV_BOOTLOADER_ENABLE) */
 154:.\Generated_Source\PSoC5/Cm3Start.c **** 
 155:.\Generated_Source\PSoC5/Cm3Start.c ****     __main();
 156:.\Generated_Source\PSoC5/Cm3Start.c **** }
 157:.\Generated_Source\PSoC5/Cm3Start.c **** 
 158:.\Generated_Source\PSoC5/Cm3Start.c **** 
 159:.\Generated_Source\PSoC5/Cm3Start.c **** /*******************************************************************************
 160:.\Generated_Source\PSoC5/Cm3Start.c **** * Function Name: $Sub$$main
 161:.\Generated_Source\PSoC5/Cm3Start.c **** ********************************************************************************
 162:.\Generated_Source\PSoC5/Cm3Start.c **** *
 163:.\Generated_Source\PSoC5/Cm3Start.c **** * Summary:
 164:.\Generated_Source\PSoC5/Cm3Start.c **** *  This function is called imediatly before the users main
 165:.\Generated_Source\PSoC5/Cm3Start.c **** *
 166:.\Generated_Source\PSoC5/Cm3Start.c **** * Parameters:
 167:.\Generated_Source\PSoC5/Cm3Start.c **** *  None
 168:.\Generated_Source\PSoC5/Cm3Start.c **** *
 169:.\Generated_Source\PSoC5/Cm3Start.c **** * Return:
 170:.\Generated_Source\PSoC5/Cm3Start.c **** *  None
 171:.\Generated_Source\PSoC5/Cm3Start.c **** *
 172:.\Generated_Source\PSoC5/Cm3Start.c **** *******************************************************************************/
 173:.\Generated_Source\PSoC5/Cm3Start.c **** void $Sub$$main(void)
 174:.\Generated_Source\PSoC5/Cm3Start.c **** {
 175:.\Generated_Source\PSoC5/Cm3Start.c ****     initialize_psoc();
 176:.\Generated_Source\PSoC5/Cm3Start.c **** 
 177:.\Generated_Source\PSoC5/Cm3Start.c ****     /* Call original main */
 178:.\Generated_Source\PSoC5/Cm3Start.c ****     $Super$$main();
 179:.\Generated_Source\PSoC5/Cm3Start.c **** 
 180:.\Generated_Source\PSoC5/Cm3Start.c ****     while (1)
 181:.\Generated_Source\PSoC5/Cm3Start.c ****     {
 182:.\Generated_Source\PSoC5/Cm3Start.c ****         /* If main returns it is undefined what we should do. */
 183:.\Generated_Source\PSoC5/Cm3Start.c ****     }
ARM GAS  C:\Users\CHUCK~1.ERH\AppData\Local\Temp\ccnhUNWC.s 			page 5


 184:.\Generated_Source\PSoC5/Cm3Start.c **** }
 185:.\Generated_Source\PSoC5/Cm3Start.c **** 
 186:.\Generated_Source\PSoC5/Cm3Start.c **** #elif defined(__GNUC__)
 187:.\Generated_Source\PSoC5/Cm3Start.c **** 
 188:.\Generated_Source\PSoC5/Cm3Start.c **** void Start_c(void);
 189:.\Generated_Source\PSoC5/Cm3Start.c **** 
 190:.\Generated_Source\PSoC5/Cm3Start.c **** /* Stack Base address */
 191:.\Generated_Source\PSoC5/Cm3Start.c **** extern void __cy_stack(void);
 192:.\Generated_Source\PSoC5/Cm3Start.c **** 
 193:.\Generated_Source\PSoC5/Cm3Start.c **** /* Application entry point. */
 194:.\Generated_Source\PSoC5/Cm3Start.c **** extern int main(void);
 195:.\Generated_Source\PSoC5/Cm3Start.c **** 
 196:.\Generated_Source\PSoC5/Cm3Start.c **** /* The static objects constructors initializer */
 197:.\Generated_Source\PSoC5/Cm3Start.c **** extern void __libc_init_array(void);
 198:.\Generated_Source\PSoC5/Cm3Start.c **** 
 199:.\Generated_Source\PSoC5/Cm3Start.c **** typedef unsigned char __cy_byte_align8 __attribute ((aligned (8)));
 200:.\Generated_Source\PSoC5/Cm3Start.c **** 
 201:.\Generated_Source\PSoC5/Cm3Start.c **** struct __cy_region
 202:.\Generated_Source\PSoC5/Cm3Start.c **** {
 203:.\Generated_Source\PSoC5/Cm3Start.c ****     __cy_byte_align8 *init; /* Initial contents of this region.  */
 204:.\Generated_Source\PSoC5/Cm3Start.c ****     __cy_byte_align8 *data; /* Start address of region.  */
 205:.\Generated_Source\PSoC5/Cm3Start.c ****     size_t init_size;       /* Size of initial data.  */
 206:.\Generated_Source\PSoC5/Cm3Start.c ****     size_t zero_size;       /* Additional size to be zeroed.  */
 207:.\Generated_Source\PSoC5/Cm3Start.c **** };
 208:.\Generated_Source\PSoC5/Cm3Start.c **** 
 209:.\Generated_Source\PSoC5/Cm3Start.c **** extern const struct __cy_region __cy_regions[];
 210:.\Generated_Source\PSoC5/Cm3Start.c **** extern const char __cy_region_num __attribute__((weak));
 211:.\Generated_Source\PSoC5/Cm3Start.c **** #define __cy_region_num ((size_t)&__cy_region_num)
 212:.\Generated_Source\PSoC5/Cm3Start.c **** 
 213:.\Generated_Source\PSoC5/Cm3Start.c **** 
 214:.\Generated_Source\PSoC5/Cm3Start.c **** /*******************************************************************************
 215:.\Generated_Source\PSoC5/Cm3Start.c **** * Function Name: Reset
 216:.\Generated_Source\PSoC5/Cm3Start.c **** ********************************************************************************
 217:.\Generated_Source\PSoC5/Cm3Start.c **** *
 218:.\Generated_Source\PSoC5/Cm3Start.c **** * Summary:
 219:.\Generated_Source\PSoC5/Cm3Start.c **** *  This function handles the reset interrupt for the GCC toolchain. This is the
 220:.\Generated_Source\PSoC5/Cm3Start.c **** *  first bit of code that is executed at startup.
 221:.\Generated_Source\PSoC5/Cm3Start.c **** *
 222:.\Generated_Source\PSoC5/Cm3Start.c **** * Parameters:
 223:.\Generated_Source\PSoC5/Cm3Start.c **** *  None
 224:.\Generated_Source\PSoC5/Cm3Start.c **** *
 225:.\Generated_Source\PSoC5/Cm3Start.c **** * Return:
 226:.\Generated_Source\PSoC5/Cm3Start.c **** *  None
 227:.\Generated_Source\PSoC5/Cm3Start.c **** *
 228:.\Generated_Source\PSoC5/Cm3Start.c **** *******************************************************************************/
 229:.\Generated_Source\PSoC5/Cm3Start.c **** void Reset(void)
 230:.\Generated_Source\PSoC5/Cm3Start.c **** {
 231:.\Generated_Source\PSoC5/Cm3Start.c ****     #if(CYDEV_PROJ_TYPE != CYDEV_PROJ_TYPE_LOADABLE)
 232:.\Generated_Source\PSoC5/Cm3Start.c **** 
 233:.\Generated_Source\PSoC5/Cm3Start.c ****         /* For PSoC 5LP, debugging is enabled by default */
 234:.\Generated_Source\PSoC5/Cm3Start.c ****         #if(CYDEV_DEBUGGING_ENABLE == 0)
 235:.\Generated_Source\PSoC5/Cm3Start.c ****             *(reg32 *)(CYDEV_DEBUG_ENABLE_REGISTER) |= CYDEV_DEBUG_ENABLE_MASK;
 236:.\Generated_Source\PSoC5/Cm3Start.c ****         #endif /* (CYDEV_DEBUGGING_ENABLE) */
 237:.\Generated_Source\PSoC5/Cm3Start.c **** 
 238:.\Generated_Source\PSoC5/Cm3Start.c ****         /* Reset Status Register has Read-to-clear SW access mode.
 239:.\Generated_Source\PSoC5/Cm3Start.c ****         * Preserve current RESET_SR0 state to make it available for next reading.
 240:.\Generated_Source\PSoC5/Cm3Start.c ****         */
ARM GAS  C:\Users\CHUCK~1.ERH\AppData\Local\Temp\ccnhUNWC.s 			page 6


 241:.\Generated_Source\PSoC5/Cm3Start.c ****         *(reg32 *)(CYREG_PHUB_CFGMEM23_CFG1) = *(reg32 *)(CYREG_RESET_SR0);
 242:.\Generated_Source\PSoC5/Cm3Start.c **** 
 243:.\Generated_Source\PSoC5/Cm3Start.c ****     #endif  /* (CYDEV_PROJ_TYPE != CYDEV_PROJ_TYPE_LOADABLE) */
 244:.\Generated_Source\PSoC5/Cm3Start.c **** 
 245:.\Generated_Source\PSoC5/Cm3Start.c ****     #if(CYDEV_BOOTLOADER_ENABLE)
 246:.\Generated_Source\PSoC5/Cm3Start.c ****         CyBtldr_CheckLaunch();
 247:.\Generated_Source\PSoC5/Cm3Start.c ****     #endif /* (CYDEV_BOOTLOADER_ENABLE) */
 248:.\Generated_Source\PSoC5/Cm3Start.c **** 
 249:.\Generated_Source\PSoC5/Cm3Start.c ****     Start_c();
 250:.\Generated_Source\PSoC5/Cm3Start.c **** }
 251:.\Generated_Source\PSoC5/Cm3Start.c **** 
 252:.\Generated_Source\PSoC5/Cm3Start.c **** __attribute__((weak))
 253:.\Generated_Source\PSoC5/Cm3Start.c **** void _exit(int status)
 254:.\Generated_Source\PSoC5/Cm3Start.c **** {
  46              		.loc 1 254 0
  47              		.cfi_startproc
  48              		@ Volatile: function does not return.
  49              		@ args = 0, pretend = 0, frame = 0
  50              		@ frame_needed = 0, uses_anonymous_args = 0
  51              		@ link register save eliminated.
  52              	.LVL0:
  53              	.L4:
  54 0000 FEE7     		b	.L4
  55              		.cfi_endproc
  56              	.LFE2:
  57              		.size	_exit, .-_exit
  58              		.section	.text.Start_c,"ax",%progbits
  59              		.align	1
  60              		.global	Start_c
  61              		.thumb
  62              		.thumb_func
  63              		.type	Start_c, %function
  64              	Start_c:
  65              	.LFB3:
 255:.\Generated_Source\PSoC5/Cm3Start.c ****     /* Cause a divide by 0 exception */
 256:.\Generated_Source\PSoC5/Cm3Start.c ****     int x = status / INT_MAX;
 257:.\Generated_Source\PSoC5/Cm3Start.c ****     x = 4 / x;
 258:.\Generated_Source\PSoC5/Cm3Start.c **** 
 259:.\Generated_Source\PSoC5/Cm3Start.c ****     while(1)
 260:.\Generated_Source\PSoC5/Cm3Start.c ****     {
 261:.\Generated_Source\PSoC5/Cm3Start.c ****     }
 262:.\Generated_Source\PSoC5/Cm3Start.c **** }
 263:.\Generated_Source\PSoC5/Cm3Start.c **** 
 264:.\Generated_Source\PSoC5/Cm3Start.c **** /*******************************************************************************
 265:.\Generated_Source\PSoC5/Cm3Start.c **** * Function Name: Start_c
 266:.\Generated_Source\PSoC5/Cm3Start.c **** ********************************************************************************
 267:.\Generated_Source\PSoC5/Cm3Start.c **** *
 268:.\Generated_Source\PSoC5/Cm3Start.c **** * Summary:
 269:.\Generated_Source\PSoC5/Cm3Start.c **** *  This function handles initializing the .data and .bss sections in
 270:.\Generated_Source\PSoC5/Cm3Start.c **** *  preperation for running standard C code.  Once initialization is complete
 271:.\Generated_Source\PSoC5/Cm3Start.c **** *  it will call main(). This function will never return.
 272:.\Generated_Source\PSoC5/Cm3Start.c **** *
 273:.\Generated_Source\PSoC5/Cm3Start.c **** * Parameters:
 274:.\Generated_Source\PSoC5/Cm3Start.c **** *  None
 275:.\Generated_Source\PSoC5/Cm3Start.c **** *
 276:.\Generated_Source\PSoC5/Cm3Start.c **** * Return:
 277:.\Generated_Source\PSoC5/Cm3Start.c **** *  None
ARM GAS  C:\Users\CHUCK~1.ERH\AppData\Local\Temp\ccnhUNWC.s 			page 7


 278:.\Generated_Source\PSoC5/Cm3Start.c **** *
 279:.\Generated_Source\PSoC5/Cm3Start.c **** *******************************************************************************/
 280:.\Generated_Source\PSoC5/Cm3Start.c **** void Start_c(void)  __attribute__ ((noreturn));
 281:.\Generated_Source\PSoC5/Cm3Start.c **** void Start_c(void)
 282:.\Generated_Source\PSoC5/Cm3Start.c **** {
  66              		.loc 1 282 0
  67              		.cfi_startproc
  68              		@ Volatile: function does not return.
  69              		@ args = 0, pretend = 0, frame = 0
  70              		@ frame_needed = 0, uses_anonymous_args = 0
  71              	.LVL1:
  72              		.loc 1 282 0
  73 0000 08B5     		push	{r3, lr}
  74              	.LCFI0:
  75              		.cfi_def_cfa_offset 8
  76              		.cfi_offset 3, -8
  77              		.cfi_offset 14, -4
  78 0002 1249     		ldr	r1, .L17
  79 0004 124B     		ldr	r3, .L17+4
  80              	.LVL2:
  81              	.L6:
 283:.\Generated_Source\PSoC5/Cm3Start.c ****     unsigned regions = __cy_region_num;
 284:.\Generated_Source\PSoC5/Cm3Start.c ****     const struct __cy_region *rptr = __cy_regions;
 285:.\Generated_Source\PSoC5/Cm3Start.c **** 
 286:.\Generated_Source\PSoC5/Cm3Start.c ****     /* Initialize memory */
 287:.\Generated_Source\PSoC5/Cm3Start.c ****     for (regions = __cy_region_num, rptr = __cy_regions; regions--; rptr++)
  82              		.loc 1 287 0 discriminator 1
  83 0006 4A1C     		adds	r2, r1, #1
  84 0008 1AD0     		beq	.L14
  85              	.L11:
  86              	.LBB2:
 288:.\Generated_Source\PSoC5/Cm3Start.c ****     {
 289:.\Generated_Source\PSoC5/Cm3Start.c ****         uint32 *src = (uint32 *)rptr->init;
  87              		.loc 1 289 0
  88 000a 53F8106C 		ldr	r6, [r3, #-16]
  89              	.LVL3:
 290:.\Generated_Source\PSoC5/Cm3Start.c ****         uint32 *dst = (uint32 *)rptr->data;
  90              		.loc 1 290 0
  91 000e 53F80C0C 		ldr	r0, [r3, #-12]
  92              	.LVL4:
 291:.\Generated_Source\PSoC5/Cm3Start.c ****         unsigned limit = rptr->init_size;
  93              		.loc 1 291 0
  94 0012 53F8085C 		ldr	r5, [r3, #-8]
  95              	.LVL5:
 292:.\Generated_Source\PSoC5/Cm3Start.c ****         unsigned count;
 293:.\Generated_Source\PSoC5/Cm3Start.c **** 
 294:.\Generated_Source\PSoC5/Cm3Start.c ****         for (count = 0u; count != limit; count += sizeof (uint32))
  96              		.loc 1 294 0
  97 0016 0022     		movs	r2, #0
  98              	.LVL6:
  99              	.L7:
 100              		.loc 1 294 0 is_stmt 0 discriminator 1
 101 0018 AA42     		cmp	r2, r5
 281:.\Generated_Source\PSoC5/Cm3Start.c **** void Start_c(void)
 102              		.loc 1 281 0 is_stmt 1 discriminator 1
 103 001a 00EB0204 		add	r4, r0, r2
 104              	.LVL7:
ARM GAS  C:\Users\CHUCK~1.ERH\AppData\Local\Temp\ccnhUNWC.s 			page 8


 105              		.loc 1 294 0 discriminator 1
 106 001e 03D0     		beq	.L15
 107              	.L8:
 295:.\Generated_Source\PSoC5/Cm3Start.c ****         {
 296:.\Generated_Source\PSoC5/Cm3Start.c ****             *dst++ = *src++;
 108              		.loc 1 296 0 discriminator 2
 109 0020 B458     		ldr	r4, [r6, r2]
 110 0022 8450     		str	r4, [r0, r2]
 294:.\Generated_Source\PSoC5/Cm3Start.c ****         for (count = 0u; count != limit; count += sizeof (uint32))
 111              		.loc 1 294 0 discriminator 2
 112 0024 0432     		adds	r2, r2, #4
 113              	.LVL8:
 114 0026 F7E7     		b	.L7
 115              	.L15:
 297:.\Generated_Source\PSoC5/Cm3Start.c ****         }
 298:.\Generated_Source\PSoC5/Cm3Start.c ****         limit = rptr->zero_size;
 116              		.loc 1 298 0
 117 0028 53F8040C 		ldr	r0, [r3, #-4]
 118              	.LVL9:
 299:.\Generated_Source\PSoC5/Cm3Start.c ****         for (count = 0u; count != limit; count += sizeof (uint32))
 119              		.loc 1 299 0
 120 002c 0022     		movs	r2, #0
 121              	.LVL10:
 122              	.L9:
 123              		.loc 1 299 0 is_stmt 0 discriminator 1
 124 002e 8242     		cmp	r2, r0
 125 0030 03D0     		beq	.L16
 126              	.L10:
 300:.\Generated_Source\PSoC5/Cm3Start.c ****         {
 301:.\Generated_Source\PSoC5/Cm3Start.c ****             *dst++ = 0u;
 127              		.loc 1 301 0 is_stmt 1 discriminator 2
 128 0032 0025     		movs	r5, #0
 129 0034 A550     		str	r5, [r4, r2]
 299:.\Generated_Source\PSoC5/Cm3Start.c ****         for (count = 0u; count != limit; count += sizeof (uint32))
 130              		.loc 1 299 0 discriminator 2
 131 0036 0432     		adds	r2, r2, #4
 132              	.LVL11:
 133 0038 F9E7     		b	.L9
 134              	.L16:
 135 003a 0139     		subs	r1, r1, #1
 136 003c 1033     		adds	r3, r3, #16
 137 003e E2E7     		b	.L6
 138              	.LVL12:
 139              	.L14:
 140              	.LBE2:
 302:.\Generated_Source\PSoC5/Cm3Start.c ****         }
 303:.\Generated_Source\PSoC5/Cm3Start.c ****     }
 304:.\Generated_Source\PSoC5/Cm3Start.c **** 
 305:.\Generated_Source\PSoC5/Cm3Start.c ****     /* Invoke static objects constructors */
 306:.\Generated_Source\PSoC5/Cm3Start.c ****     __libc_init_array();
 141              		.loc 1 306 0
 142 0040 FFF7FEFF 		bl	__libc_init_array
 143              	.LVL13:
 307:.\Generated_Source\PSoC5/Cm3Start.c ****     (void) main();
 144              		.loc 1 307 0
 145 0044 FFF7FEFF 		bl	main
 146              	.LVL14:
ARM GAS  C:\Users\CHUCK~1.ERH\AppData\Local\Temp\ccnhUNWC.s 			page 9


 147              	.L12:
 148 0048 FEE7     		b	.L12
 149              	.L18:
 150 004a 00BF     		.align	2
 151              	.L17:
 152 004c FFFFFFFF 		.word	__cy_region_num-1
 153 0050 10000000 		.word	__cy_regions+16
 154              		.cfi_endproc
 155              	.LFE3:
 156              		.size	Start_c, .-Start_c
 157              		.section	.text.Reset,"ax",%progbits
 158              		.align	1
 159              		.global	Reset
 160              		.thumb
 161              		.thumb_func
 162              		.type	Reset, %function
 163              	Reset:
 164              	.LFB1:
 230:.\Generated_Source\PSoC5/Cm3Start.c **** {
 165              		.loc 1 230 0
 166              		.cfi_startproc
 167              		@ args = 0, pretend = 0, frame = 0
 168              		@ frame_needed = 0, uses_anonymous_args = 0
 169 0000 08B5     		push	{r3, lr}
 170              	.LCFI1:
 171              		.cfi_def_cfa_offset 8
 172              		.cfi_offset 3, -8
 173              		.cfi_offset 14, -4
 241:.\Generated_Source\PSoC5/Cm3Start.c ****         *(reg32 *)(CYREG_PHUB_CFGMEM23_CFG1) = *(reg32 *)(CYREG_RESET_SR0);
 174              		.loc 1 241 0
 175 0002 034B     		ldr	r3, .L20
 176 0004 0348     		ldr	r0, .L20+4
 177 0006 1A68     		ldr	r2, [r3, #0]
 178 0008 0260     		str	r2, [r0, #0]
 249:.\Generated_Source\PSoC5/Cm3Start.c ****     Start_c();
 179              		.loc 1 249 0
 180 000a FFF7FEFF 		bl	Start_c
 181              	.LVL15:
 182              	.L21:
 183 000e 00BF     		.align	2
 184              	.L20:
 185 0010 FA460040 		.word	1073759994
 186 0014 BC760040 		.word	1073772220
 187              		.cfi_endproc
 188              	.LFE1:
 189              		.size	Reset, .-Reset
 190              		.section	.text.startup.initialize_psoc,"ax",%progbits
 191              		.align	1
 192              		.global	initialize_psoc
 193              		.thumb
 194              		.thumb_func
 195              		.type	initialize_psoc, %function
 196              	initialize_psoc:
 197              	.LFB4:
 308:.\Generated_Source\PSoC5/Cm3Start.c **** 
 309:.\Generated_Source\PSoC5/Cm3Start.c ****     while (1)
 310:.\Generated_Source\PSoC5/Cm3Start.c ****     {
ARM GAS  C:\Users\CHUCK~1.ERH\AppData\Local\Temp\ccnhUNWC.s 			page 10


 311:.\Generated_Source\PSoC5/Cm3Start.c ****         /* If main returns, make sure we don't return. */
 312:.\Generated_Source\PSoC5/Cm3Start.c ****     }
 313:.\Generated_Source\PSoC5/Cm3Start.c **** }
 314:.\Generated_Source\PSoC5/Cm3Start.c **** 
 315:.\Generated_Source\PSoC5/Cm3Start.c **** 
 316:.\Generated_Source\PSoC5/Cm3Start.c **** #elif defined (__ICCARM__)
 317:.\Generated_Source\PSoC5/Cm3Start.c **** 
 318:.\Generated_Source\PSoC5/Cm3Start.c **** /*******************************************************************************
 319:.\Generated_Source\PSoC5/Cm3Start.c **** * Function Name: __low_level_init
 320:.\Generated_Source\PSoC5/Cm3Start.c **** ********************************************************************************
 321:.\Generated_Source\PSoC5/Cm3Start.c **** *
 322:.\Generated_Source\PSoC5/Cm3Start.c **** * Summary:
 323:.\Generated_Source\PSoC5/Cm3Start.c **** *  This function perform early initializations for the IAR Embedded
 324:.\Generated_Source\PSoC5/Cm3Start.c **** *  Workbench IDE. It is executed in the context of reset interrupt handler
 325:.\Generated_Source\PSoC5/Cm3Start.c **** *  before the data sections are initialized.
 326:.\Generated_Source\PSoC5/Cm3Start.c **** *
 327:.\Generated_Source\PSoC5/Cm3Start.c **** * Parameters:
 328:.\Generated_Source\PSoC5/Cm3Start.c **** *  None
 329:.\Generated_Source\PSoC5/Cm3Start.c **** *
 330:.\Generated_Source\PSoC5/Cm3Start.c **** * Return:
 331:.\Generated_Source\PSoC5/Cm3Start.c **** *  The value that determines whether or not data sections should be initialized
 332:.\Generated_Source\PSoC5/Cm3Start.c **** *  by the system startup code:
 333:.\Generated_Source\PSoC5/Cm3Start.c **** *    0 - skip data sections initialization;
 334:.\Generated_Source\PSoC5/Cm3Start.c **** *    1 - initialize data sections;
 335:.\Generated_Source\PSoC5/Cm3Start.c **** *
 336:.\Generated_Source\PSoC5/Cm3Start.c **** *******************************************************************************/
 337:.\Generated_Source\PSoC5/Cm3Start.c **** int __low_level_init(void)
 338:.\Generated_Source\PSoC5/Cm3Start.c **** {
 339:.\Generated_Source\PSoC5/Cm3Start.c ****     #if(CYDEV_PROJ_TYPE != CYDEV_PROJ_TYPE_LOADABLE)
 340:.\Generated_Source\PSoC5/Cm3Start.c **** 
 341:.\Generated_Source\PSoC5/Cm3Start.c ****         /* For PSoC 5LP, debugging is enabled by default */
 342:.\Generated_Source\PSoC5/Cm3Start.c ****         #if(CYDEV_DEBUGGING_ENABLE == 0)
 343:.\Generated_Source\PSoC5/Cm3Start.c ****             *(reg32 *)(CYDEV_DEBUG_ENABLE_REGISTER) |= CYDEV_DEBUG_ENABLE_MASK;
 344:.\Generated_Source\PSoC5/Cm3Start.c ****         #endif /* (CYDEV_DEBUGGING_ENABLE) */
 345:.\Generated_Source\PSoC5/Cm3Start.c **** 
 346:.\Generated_Source\PSoC5/Cm3Start.c ****         /* Reset Status Register has Read-to-clear SW access mode.
 347:.\Generated_Source\PSoC5/Cm3Start.c ****         * Preserve current RESET_SR0 state to make it available for next reading.
 348:.\Generated_Source\PSoC5/Cm3Start.c ****         */
 349:.\Generated_Source\PSoC5/Cm3Start.c ****         *(reg32 *)(CYREG_PHUB_CFGMEM23_CFG1) = *(reg32 *)(CYREG_RESET_SR0);
 350:.\Generated_Source\PSoC5/Cm3Start.c **** 
 351:.\Generated_Source\PSoC5/Cm3Start.c ****     #endif  /* (CYDEV_PROJ_TYPE != CYDEV_PROJ_TYPE_LOADABLE) */
 352:.\Generated_Source\PSoC5/Cm3Start.c **** 
 353:.\Generated_Source\PSoC5/Cm3Start.c ****     #if (CYDEV_BOOTLOADER_ENABLE)
 354:.\Generated_Source\PSoC5/Cm3Start.c ****         CyBtldr_CheckLaunch();
 355:.\Generated_Source\PSoC5/Cm3Start.c ****     #endif /* CYDEV_BOOTLOADER_ENABLE */
 356:.\Generated_Source\PSoC5/Cm3Start.c **** 
 357:.\Generated_Source\PSoC5/Cm3Start.c ****     /* Initialize data sections */
 358:.\Generated_Source\PSoC5/Cm3Start.c ****     __iar_data_init3();
 359:.\Generated_Source\PSoC5/Cm3Start.c **** 
 360:.\Generated_Source\PSoC5/Cm3Start.c ****     initialize_psoc();
 361:.\Generated_Source\PSoC5/Cm3Start.c **** 
 362:.\Generated_Source\PSoC5/Cm3Start.c ****     return 0;
 363:.\Generated_Source\PSoC5/Cm3Start.c **** }
 364:.\Generated_Source\PSoC5/Cm3Start.c **** 
 365:.\Generated_Source\PSoC5/Cm3Start.c **** #endif /* __GNUC__ */
 366:.\Generated_Source\PSoC5/Cm3Start.c **** 
 367:.\Generated_Source\PSoC5/Cm3Start.c **** 
ARM GAS  C:\Users\CHUCK~1.ERH\AppData\Local\Temp\ccnhUNWC.s 			page 11


 368:.\Generated_Source\PSoC5/Cm3Start.c **** /*******************************************************************************
 369:.\Generated_Source\PSoC5/Cm3Start.c **** *
 370:.\Generated_Source\PSoC5/Cm3Start.c **** * Default Rom Interrupt Vector table.
 371:.\Generated_Source\PSoC5/Cm3Start.c **** *
 372:.\Generated_Source\PSoC5/Cm3Start.c **** *******************************************************************************/
 373:.\Generated_Source\PSoC5/Cm3Start.c **** #if defined(__ARMCC_VERSION)
 374:.\Generated_Source\PSoC5/Cm3Start.c ****     /* Suppress diagnostic message 1296-D: extended constant initialiser used */
 375:.\Generated_Source\PSoC5/Cm3Start.c ****     #pragma diag_suppress 1296
 376:.\Generated_Source\PSoC5/Cm3Start.c **** #endif  /* defined(__ARMCC_VERSION) */
 377:.\Generated_Source\PSoC5/Cm3Start.c **** 
 378:.\Generated_Source\PSoC5/Cm3Start.c **** #if defined (__ICCARM__)
 379:.\Generated_Source\PSoC5/Cm3Start.c ****     #pragma location=".romvectors"
 380:.\Generated_Source\PSoC5/Cm3Start.c ****     const intvec_elem __vector_table[CY_NUM_ROM_VECTORS] =
 381:.\Generated_Source\PSoC5/Cm3Start.c **** #else
 382:.\Generated_Source\PSoC5/Cm3Start.c ****     CY_SECTION(".romvectors")
 383:.\Generated_Source\PSoC5/Cm3Start.c ****     const cyisraddress RomVectors[CY_NUM_ROM_VECTORS] =
 384:.\Generated_Source\PSoC5/Cm3Start.c **** #endif  /* defined (__ICCARM__) */
 385:.\Generated_Source\PSoC5/Cm3Start.c **** {
 386:.\Generated_Source\PSoC5/Cm3Start.c ****     INITIAL_STACK_POINTER,   /* The initial stack pointer  0 */
 387:.\Generated_Source\PSoC5/Cm3Start.c ****     #if defined (__ICCARM__) /* The reset handler          1 */
 388:.\Generated_Source\PSoC5/Cm3Start.c ****         __iar_program_start,
 389:.\Generated_Source\PSoC5/Cm3Start.c ****     #else
 390:.\Generated_Source\PSoC5/Cm3Start.c ****         (cyisraddress)&Reset,
 391:.\Generated_Source\PSoC5/Cm3Start.c ****     #endif  /* defined (__ICCARM__) */
 392:.\Generated_Source\PSoC5/Cm3Start.c ****     &IntDefaultHandler,      /* The NMI handler            2 */
 393:.\Generated_Source\PSoC5/Cm3Start.c ****     &IntDefaultHandler,      /* The hard fault handler     3 */
 394:.\Generated_Source\PSoC5/Cm3Start.c **** };
 395:.\Generated_Source\PSoC5/Cm3Start.c **** 
 396:.\Generated_Source\PSoC5/Cm3Start.c **** #if defined(__ARMCC_VERSION)
 397:.\Generated_Source\PSoC5/Cm3Start.c ****     #pragma diag_default 1296
 398:.\Generated_Source\PSoC5/Cm3Start.c **** #endif  /* defined(__ARMCC_VERSION) */
 399:.\Generated_Source\PSoC5/Cm3Start.c **** 
 400:.\Generated_Source\PSoC5/Cm3Start.c **** 
 401:.\Generated_Source\PSoC5/Cm3Start.c **** /*******************************************************************************
 402:.\Generated_Source\PSoC5/Cm3Start.c **** * Function Name: initialize_psoc
 403:.\Generated_Source\PSoC5/Cm3Start.c **** ********************************************************************************
 404:.\Generated_Source\PSoC5/Cm3Start.c **** *
 405:.\Generated_Source\PSoC5/Cm3Start.c **** * Summary:
 406:.\Generated_Source\PSoC5/Cm3Start.c **** *  This function used to initialize the PSoC chip before calling main.
 407:.\Generated_Source\PSoC5/Cm3Start.c **** *
 408:.\Generated_Source\PSoC5/Cm3Start.c **** * Parameters:
 409:.\Generated_Source\PSoC5/Cm3Start.c **** *  None
 410:.\Generated_Source\PSoC5/Cm3Start.c **** *
 411:.\Generated_Source\PSoC5/Cm3Start.c **** * Return:
 412:.\Generated_Source\PSoC5/Cm3Start.c **** *  None
 413:.\Generated_Source\PSoC5/Cm3Start.c **** *
 414:.\Generated_Source\PSoC5/Cm3Start.c **** *******************************************************************************/
 415:.\Generated_Source\PSoC5/Cm3Start.c **** #if (defined(__GNUC__) && !defined(__ARMCC_VERSION))
 416:.\Generated_Source\PSoC5/Cm3Start.c **** __attribute__ ((constructor(101)))
 417:.\Generated_Source\PSoC5/Cm3Start.c **** #endif
 418:.\Generated_Source\PSoC5/Cm3Start.c **** void initialize_psoc(void)
 419:.\Generated_Source\PSoC5/Cm3Start.c **** {
 198              		.loc 1 419 0
 199              		.cfi_startproc
 200              		@ args = 0, pretend = 0, frame = 0
 201              		@ frame_needed = 0, uses_anonymous_args = 0
 202 0000 08B5     		push	{r3, lr}
ARM GAS  C:\Users\CHUCK~1.ERH\AppData\Local\Temp\ccnhUNWC.s 			page 12


 203              	.LCFI2:
 204              		.cfi_def_cfa_offset 8
 205              		.cfi_offset 3, -8
 206              		.cfi_offset 14, -4
 420:.\Generated_Source\PSoC5/Cm3Start.c ****     uint32 i;
 421:.\Generated_Source\PSoC5/Cm3Start.c **** 
 422:.\Generated_Source\PSoC5/Cm3Start.c ****     /* Set Priority group 5. */
 423:.\Generated_Source\PSoC5/Cm3Start.c **** 
 424:.\Generated_Source\PSoC5/Cm3Start.c ****     /* Writes to NVIC_APINT register require the VECTKEY in the upper half */
 425:.\Generated_Source\PSoC5/Cm3Start.c ****     *CY_NVIC_APINT_PTR = CY_NVIC_APINT_VECTKEY | CY_NVIC_APINT_PRIGROUP_3_5;
 207              		.loc 1 425 0
 208 0002 104A     		ldr	r2, .L27
 209 0004 104B     		ldr	r3, .L27+4
 210 0006 1A60     		str	r2, [r3, #0]
 426:.\Generated_Source\PSoC5/Cm3Start.c ****     *CY_NVIC_CFG_CTRL_PTR |= CY_NVIC_CFG_STACKALIGN;
 211              		.loc 1 426 0
 212 0008 9868     		ldr	r0, [r3, #8]
 213 000a 40F40072 		orr	r2, r0, #512
 214 000e 9A60     		str	r2, [r3, #8]
 215              	.LVL16:
 427:.\Generated_Source\PSoC5/Cm3Start.c **** 
 428:.\Generated_Source\PSoC5/Cm3Start.c ****     /* Set Ram interrupt vectors to default functions. */
 429:.\Generated_Source\PSoC5/Cm3Start.c ****     for (i = 0u; i < CY_NUM_VECTORS; i++)
 216              		.loc 1 429 0
 217 0010 0023     		movs	r3, #0
 218              	.LVL17:
 219              	.L24:
 430:.\Generated_Source\PSoC5/Cm3Start.c ****     {
 431:.\Generated_Source\PSoC5/Cm3Start.c ****         #if defined (__ICCARM__)
 432:.\Generated_Source\PSoC5/Cm3Start.c ****             CyRamVectors[i] = (i < CY_NUM_ROM_VECTORS) ? __vector_table[i].__fun : &IntDefaultHandl
 433:.\Generated_Source\PSoC5/Cm3Start.c ****         #else
 434:.\Generated_Source\PSoC5/Cm3Start.c ****             CyRamVectors[i] = (i < CY_NUM_ROM_VECTORS) ? RomVectors[i] : &IntDefaultHandler;
 220              		.loc 1 434 0
 221 0012 032B     		cmp	r3, #3
 222 0014 96BF     		itet	ls
 223 0016 0D4A     		ldrls	r2, .L27+8
 224 0018 0D49     		ldrhi	r1, .L27+12
 225 001a 52F82310 		ldrls	r1, [r2, r3, lsl #2]
 226 001e 0D4A     		ldr	r2, .L27+16
 227 0020 42F82310 		str	r1, [r2, r3, lsl #2]
 429:.\Generated_Source\PSoC5/Cm3Start.c ****     for (i = 0u; i < CY_NUM_VECTORS; i++)
 228              		.loc 1 429 0
 229 0024 0133     		adds	r3, r3, #1
 230              	.LVL18:
 231 0026 302B     		cmp	r3, #48
 232 0028 F3D1     		bne	.L24
 435:.\Generated_Source\PSoC5/Cm3Start.c ****         #endif  /* defined (__ICCARM__) */
 436:.\Generated_Source\PSoC5/Cm3Start.c ****     }
 437:.\Generated_Source\PSoC5/Cm3Start.c **** 
 438:.\Generated_Source\PSoC5/Cm3Start.c ****     /* Was stored in CFGMEM to avoid being cleared while SRAM gets cleared */
 439:.\Generated_Source\PSoC5/Cm3Start.c ****     CyResetStatus = CY_GET_REG8(CYREG_PHUB_CFGMEM23_CFG1);
 233              		.loc 1 439 0
 234 002a 0B49     		ldr	r1, .L27+20
 235 002c 0B4B     		ldr	r3, .L27+24
 236              	.LVL19:
 237 002e 0878     		ldrb	r0, [r1, #0]	@ zero_extendqisi2
 440:.\Generated_Source\PSoC5/Cm3Start.c **** 
ARM GAS  C:\Users\CHUCK~1.ERH\AppData\Local\Temp\ccnhUNWC.s 			page 13


 441:.\Generated_Source\PSoC5/Cm3Start.c ****     /* Point NVIC at the RAM vector table. */
 442:.\Generated_Source\PSoC5/Cm3Start.c ****     *CYINT_VECT_TABLE = CyRamVectors;
 238              		.loc 1 442 0
 239 0030 0B49     		ldr	r1, .L27+28
 439:.\Generated_Source\PSoC5/Cm3Start.c ****     CyResetStatus = CY_GET_REG8(CYREG_PHUB_CFGMEM23_CFG1);
 240              		.loc 1 439 0
 241 0032 1870     		strb	r0, [r3, #0]
 242              		.loc 1 442 0
 243 0034 0A60     		str	r2, [r1, #0]
 443:.\Generated_Source\PSoC5/Cm3Start.c **** 
 444:.\Generated_Source\PSoC5/Cm3Start.c ****     /* Initialize the configuration registers. */
 445:.\Generated_Source\PSoC5/Cm3Start.c ****     cyfitter_cfg();
 244              		.loc 1 445 0
 245 0036 FFF7FEFF 		bl	cyfitter_cfg
 246              	.LVL20:
 446:.\Generated_Source\PSoC5/Cm3Start.c **** 
 447:.\Generated_Source\PSoC5/Cm3Start.c ****     #if(0u != DMA_CHANNELS_USED__MASK0)
 448:.\Generated_Source\PSoC5/Cm3Start.c **** 
 449:.\Generated_Source\PSoC5/Cm3Start.c ****         /* Setup DMA - only necessary if the design contains a DMA component. */
 450:.\Generated_Source\PSoC5/Cm3Start.c ****         CyDmacConfigure();
 451:.\Generated_Source\PSoC5/Cm3Start.c **** 
 452:.\Generated_Source\PSoC5/Cm3Start.c ****     #endif  /* (0u != DMA_CHANNELS_USED__MASK0) */
 453:.\Generated_Source\PSoC5/Cm3Start.c **** 
 454:.\Generated_Source\PSoC5/Cm3Start.c ****     #if !defined (__ICCARM__)
 455:.\Generated_Source\PSoC5/Cm3Start.c ****         /* Actually, no need to clean this variable, just to make compiler happy. */
 456:.\Generated_Source\PSoC5/Cm3Start.c ****         cySysNoInitDataValid = 0u;
 247              		.loc 1 456 0
 248 003a 0A48     		ldr	r0, .L27+32
 249 003c 0022     		movs	r2, #0
 250 003e 0260     		str	r2, [r0, #0]
 251 0040 08BD     		pop	{r3, pc}
 252              	.L28:
 253 0042 00BF     		.align	2
 254              	.L27:
 255 0044 0004FA05 		.word	100271104
 256 0048 0CED00E0 		.word	-536810228
 257 004c 00000000 		.word	.LANCHOR0
 258 0050 00000000 		.word	IntDefaultHandler
 259 0054 00000000 		.word	.LANCHOR1
 260 0058 BC760040 		.word	1073772220
 261 005c 00000000 		.word	CyResetStatus
 262 0060 08ED00E0 		.word	-536810232
 263 0064 00000000 		.word	.LANCHOR2
 264              		.cfi_endproc
 265              	.LFE4:
 266              		.size	initialize_psoc, .-initialize_psoc
 267              		.section	.init_array,"aw",%init_array
 268              		.align	2
 269 0000 00000000 		.word	initialize_psoc(target1)
 270              		.global	RomVectors
 271              		.global	CyRamVectors
 272              		.section	.romvectors,"a",%progbits
 273              		.align	2
 274              		.set	.LANCHOR0,. + 0
 275              		.type	RomVectors, %object
 276              		.size	RomVectors, 16
 277              	RomVectors:
ARM GAS  C:\Users\CHUCK~1.ERH\AppData\Local\Temp\ccnhUNWC.s 			page 14


 278 0000 00000000 		.word	__cy_stack
 279 0004 00000000 		.word	Reset
 280 0008 00000000 		.word	IntDefaultHandler
 281 000c 00000000 		.word	IntDefaultHandler
 282              		.section	.noinit,"aw",%progbits
 283              		.align	2
 284              		.set	.LANCHOR2,. + 0
 285              		.type	cySysNoInitDataValid, %object
 286              		.size	cySysNoInitDataValid, 4
 287              	cySysNoInitDataValid:
 288 0000 00000000 		.space	4
 289              		.section	.ramvectors,"aw",%progbits
 290              		.align	8
 291              		.set	.LANCHOR1,. + 0
 292              		.type	CyRamVectors, %object
 293              		.size	CyRamVectors, 192
 294              	CyRamVectors:
 295 0000 00000000 		.space	192
 295      00000000 
 295      00000000 
 295      00000000 
 295      00000000 
 296              		.weak	__cy_region_num
 297 00c0 00000000 		.text
 297      00000000 
 297      00000000 
 297      00000000 
 297      00000000 
 298              	.Letext0:
 299              		.file 2 ".\\Generated_Source\\PSoC5\\cytypes.h"
 300              		.file 3 "c:\\program files (x86)\\cypress\\psoc creator\\3.0\\psoc creator\\import\\gnu_cs\\arm\\4
 301              		.file 4 ".\\Generated_Source\\PSoC5\\CyLib.h"
 302              		.file 5 ".\\Generated_Source\\PSoC5\\cyfitter_cfg.h"
 303              		.section	.debug_info,"",%progbits
 304              	.Ldebug_info0:
 305 0000 2E030000 		.4byte	0x32e
 306 0004 0200     		.2byte	0x2
 307 0006 00000000 		.4byte	.Ldebug_abbrev0
 308 000a 04       		.byte	0x4
 309 000b 01       		.uleb128 0x1
 310 000c 0B020000 		.4byte	.LASF40
 311 0010 01       		.byte	0x1
 312 0011 00000000 		.4byte	.LASF41
 313 0015 7B000000 		.4byte	.LASF42
 314 0019 00000000 		.4byte	.Ldebug_ranges0+0
 315 001d 00000000 		.4byte	0
 316 0021 00000000 		.4byte	0
 317 0025 00000000 		.4byte	.Ldebug_line0
 318 0029 02       		.uleb128 0x2
 319 002a 01       		.byte	0x1
 320 002b 06       		.byte	0x6
 321 002c 7D020000 		.4byte	.LASF0
 322 0030 02       		.uleb128 0x2
 323 0031 01       		.byte	0x1
 324 0032 08       		.byte	0x8
 325 0033 FA000000 		.4byte	.LASF1
 326 0037 02       		.uleb128 0x2
ARM GAS  C:\Users\CHUCK~1.ERH\AppData\Local\Temp\ccnhUNWC.s 			page 15


 327 0038 02       		.byte	0x2
 328 0039 05       		.byte	0x5
 329 003a 01020000 		.4byte	.LASF2
 330 003e 02       		.uleb128 0x2
 331 003f 02       		.byte	0x2
 332 0040 07       		.byte	0x7
 333 0041 4C000000 		.4byte	.LASF3
 334 0045 02       		.uleb128 0x2
 335 0046 04       		.byte	0x4
 336 0047 05       		.byte	0x5
 337 0048 66020000 		.4byte	.LASF4
 338 004c 02       		.uleb128 0x2
 339 004d 04       		.byte	0x4
 340 004e 07       		.byte	0x7
 341 004f 13010000 		.4byte	.LASF5
 342 0053 02       		.uleb128 0x2
 343 0054 08       		.byte	0x8
 344 0055 05       		.byte	0x5
 345 0056 EE010000 		.4byte	.LASF6
 346 005a 02       		.uleb128 0x2
 347 005b 08       		.byte	0x8
 348 005c 07       		.byte	0x7
 349 005d 9B010000 		.4byte	.LASF7
 350 0061 03       		.uleb128 0x3
 351 0062 04       		.byte	0x4
 352 0063 05       		.byte	0x5
 353 0064 696E7400 		.ascii	"int\000"
 354 0068 02       		.uleb128 0x2
 355 0069 04       		.byte	0x4
 356 006a 07       		.byte	0x7
 357 006b 81010000 		.4byte	.LASF8
 358 006f 04       		.uleb128 0x4
 359 0070 3A010000 		.4byte	.LASF9
 360 0074 02       		.byte	0x2
 361 0075 5B       		.byte	0x5b
 362 0076 30000000 		.4byte	0x30
 363 007a 04       		.uleb128 0x4
 364 007b 7A010000 		.4byte	.LASF10
 365 007f 02       		.byte	0x2
 366 0080 5D       		.byte	0x5d
 367 0081 4C000000 		.4byte	0x4c
 368 0085 02       		.uleb128 0x2
 369 0086 04       		.byte	0x4
 370 0087 04       		.byte	0x4
 371 0088 EF000000 		.4byte	.LASF11
 372 008c 02       		.uleb128 0x2
 373 008d 08       		.byte	0x8
 374 008e 04       		.byte	0x4
 375 008f 5E010000 		.4byte	.LASF12
 376 0093 02       		.uleb128 0x2
 377 0094 01       		.byte	0x1
 378 0095 08       		.byte	0x8
 379 0096 FC010000 		.4byte	.LASF13
 380 009a 04       		.uleb128 0x4
 381 009b E0010000 		.4byte	.LASF14
 382 009f 02       		.byte	0x2
 383 00a0 F0       		.byte	0xf0
ARM GAS  C:\Users\CHUCK~1.ERH\AppData\Local\Temp\ccnhUNWC.s 			page 16


 384 00a1 A5000000 		.4byte	0xa5
 385 00a5 05       		.uleb128 0x5
 386 00a6 6F000000 		.4byte	0x6f
 387 00aa 04       		.uleb128 0x4
 388 00ab 24000000 		.4byte	.LASF15
 389 00af 02       		.byte	0x2
 390 00b0 F2       		.byte	0xf2
 391 00b1 B5000000 		.4byte	0xb5
 392 00b5 05       		.uleb128 0x5
 393 00b6 7A000000 		.4byte	0x7a
 394 00ba 06       		.uleb128 0x6
 395 00bb B8010000 		.4byte	.LASF16
 396 00bf 02       		.byte	0x2
 397 00c0 0201     		.2byte	0x102
 398 00c2 C6000000 		.4byte	0xc6
 399 00c6 07       		.uleb128 0x7
 400 00c7 04       		.byte	0x4
 401 00c8 CC000000 		.4byte	0xcc
 402 00cc 08       		.uleb128 0x8
 403 00cd 01       		.byte	0x1
 404 00ce 02       		.uleb128 0x2
 405 00cf 04       		.byte	0x4
 406 00d0 07       		.byte	0x7
 407 00d1 E5010000 		.4byte	.LASF17
 408 00d5 09       		.uleb128 0x9
 409 00d6 93000000 		.4byte	0x93
 410 00da 04       		.uleb128 0x4
 411 00db 2A000000 		.4byte	.LASF18
 412 00df 03       		.byte	0x3
 413 00e0 D5       		.byte	0xd5
 414 00e1 68000000 		.4byte	0x68
 415 00e5 04       		.uleb128 0x4
 416 00e6 CF010000 		.4byte	.LASF19
 417 00ea 01       		.byte	0x1
 418 00eb C7       		.byte	0xc7
 419 00ec 30000000 		.4byte	0x30
 420 00f0 0A       		.uleb128 0xa
 421 00f1 9E020000 		.4byte	.LASF43
 422 00f5 10       		.byte	0x10
 423 00f6 01       		.byte	0x1
 424 00f7 C9       		.byte	0xc9
 425 00f8 35010000 		.4byte	0x135
 426 00fc 0B       		.uleb128 0xb
 427 00fd 6F000000 		.4byte	.LASF20
 428 0101 01       		.byte	0x1
 429 0102 CB       		.byte	0xcb
 430 0103 35010000 		.4byte	0x135
 431 0107 02       		.byte	0x2
 432 0108 23       		.byte	0x23
 433 0109 00       		.uleb128 0
 434 010a 0B       		.uleb128 0xb
 435 010b F5000000 		.4byte	.LASF21
 436 010f 01       		.byte	0x1
 437 0110 CC       		.byte	0xcc
 438 0111 35010000 		.4byte	0x135
 439 0115 02       		.byte	0x2
 440 0116 23       		.byte	0x23
ARM GAS  C:\Users\CHUCK~1.ERH\AppData\Local\Temp\ccnhUNWC.s 			page 17


 441 0117 04       		.uleb128 0x4
 442 0118 0B       		.uleb128 0xb
 443 0119 C5010000 		.4byte	.LASF22
 444 011d 01       		.byte	0x1
 445 011e CD       		.byte	0xcd
 446 011f DA000000 		.4byte	0xda
 447 0123 02       		.byte	0x2
 448 0124 23       		.byte	0x23
 449 0125 08       		.uleb128 0x8
 450 0126 0B       		.uleb128 0xb
 451 0127 E0000000 		.4byte	.LASF23
 452 012b 01       		.byte	0x1
 453 012c CE       		.byte	0xce
 454 012d DA000000 		.4byte	0xda
 455 0131 02       		.byte	0x2
 456 0132 23       		.byte	0x23
 457 0133 0C       		.uleb128 0xc
 458 0134 00       		.byte	0
 459 0135 07       		.uleb128 0x7
 460 0136 04       		.byte	0x4
 461 0137 E5000000 		.4byte	0xe5
 462 013b 0C       		.uleb128 0xc
 463 013c 01       		.byte	0x1
 464 013d 4C010000 		.4byte	.LASF44
 465 0141 01       		.byte	0x1
 466 0142 5C       		.byte	0x5c
 467 0143 01       		.byte	0x1
 468 0144 00000000 		.4byte	.LFB0
 469 0148 02000000 		.4byte	.LFE0
 470 014c 02       		.byte	0x2
 471 014d 7D       		.byte	0x7d
 472 014e 00       		.sleb128 0
 473 014f 01       		.byte	0x1
 474 0150 0D       		.uleb128 0xd
 475 0151 01       		.byte	0x1
 476 0152 46010000 		.4byte	.LASF24
 477 0156 01       		.byte	0x1
 478 0157 FD       		.byte	0xfd
 479 0158 01       		.byte	0x1
 480 0159 00000000 		.4byte	.LFB2
 481 015d 02000000 		.4byte	.LFE2
 482 0161 02       		.byte	0x2
 483 0162 7D       		.byte	0x7d
 484 0163 00       		.sleb128 0
 485 0164 01       		.byte	0x1
 486 0165 81010000 		.4byte	0x181
 487 0169 0E       		.uleb128 0xe
 488 016a 74000000 		.4byte	.LASF45
 489 016e 01       		.byte	0x1
 490 016f FD       		.byte	0xfd
 491 0170 61000000 		.4byte	0x61
 492 0174 01       		.byte	0x1
 493 0175 50       		.byte	0x50
 494 0176 0F       		.uleb128 0xf
 495 0177 7800     		.ascii	"x\000"
 496 0179 01       		.byte	0x1
 497 017a 0001     		.2byte	0x100
ARM GAS  C:\Users\CHUCK~1.ERH\AppData\Local\Temp\ccnhUNWC.s 			page 18


 498 017c 61000000 		.4byte	0x61
 499 0180 00       		.byte	0
 500 0181 10       		.uleb128 0x10
 501 0182 01       		.byte	0x1
 502 0183 3E000000 		.4byte	.LASF25
 503 0187 01       		.byte	0x1
 504 0188 1901     		.2byte	0x119
 505 018a 01       		.byte	0x1
 506 018b 00000000 		.4byte	.LFB3
 507 018f 54000000 		.4byte	.LFE3
 508 0193 00000000 		.4byte	.LLST0
 509 0197 01       		.byte	0x1
 510 0198 15020000 		.4byte	0x215
 511 019c 11       		.uleb128 0x11
 512 019d 96020000 		.4byte	.LASF26
 513 01a1 01       		.byte	0x1
 514 01a2 1B01     		.2byte	0x11b
 515 01a4 68000000 		.4byte	0x68
 516 01a8 11       		.uleb128 0x11
 517 01a9 EA000000 		.4byte	.LASF27
 518 01ad 01       		.byte	0x1
 519 01ae 1C01     		.2byte	0x11c
 520 01b0 15020000 		.4byte	0x215
 521 01b4 12       		.uleb128 0x12
 522 01b5 0A000000 		.4byte	.LBB2
 523 01b9 40000000 		.4byte	.LBE2
 524 01bd 02020000 		.4byte	0x202
 525 01c1 13       		.uleb128 0x13
 526 01c2 73726300 		.ascii	"src\000"
 527 01c6 01       		.byte	0x1
 528 01c7 2101     		.2byte	0x121
 529 01c9 20020000 		.4byte	0x220
 530 01cd 20000000 		.4byte	.LLST1
 531 01d1 13       		.uleb128 0x13
 532 01d2 64737400 		.ascii	"dst\000"
 533 01d6 01       		.byte	0x1
 534 01d7 2201     		.2byte	0x122
 535 01d9 20020000 		.4byte	0x220
 536 01dd 33000000 		.4byte	.LLST2
 537 01e1 14       		.uleb128 0x14
 538 01e2 B2010000 		.4byte	.LASF28
 539 01e6 01       		.byte	0x1
 540 01e7 2301     		.2byte	0x123
 541 01e9 68000000 		.4byte	0x68
 542 01ed 46000000 		.4byte	.LLST3
 543 01f1 14       		.uleb128 0x14
 544 01f2 46000000 		.4byte	.LASF29
 545 01f6 01       		.byte	0x1
 546 01f7 2401     		.2byte	0x124
 547 01f9 68000000 		.4byte	0x68
 548 01fd 64000000 		.4byte	.LLST4
 549 0201 00       		.byte	0
 550 0202 15       		.uleb128 0x15
 551 0203 44000000 		.4byte	.LVL13
 552 0207 0F030000 		.4byte	0x30f
 553 020b 15       		.uleb128 0x15
 554 020c 48000000 		.4byte	.LVL14
ARM GAS  C:\Users\CHUCK~1.ERH\AppData\Local\Temp\ccnhUNWC.s 			page 19


 555 0210 19030000 		.4byte	0x319
 556 0214 00       		.byte	0
 557 0215 07       		.uleb128 0x7
 558 0216 04       		.byte	0x4
 559 0217 1B020000 		.4byte	0x21b
 560 021b 09       		.uleb128 0x9
 561 021c F0000000 		.4byte	0xf0
 562 0220 07       		.uleb128 0x7
 563 0221 04       		.byte	0x4
 564 0222 7A000000 		.4byte	0x7a
 565 0226 16       		.uleb128 0x16
 566 0227 01       		.byte	0x1
 567 0228 40010000 		.4byte	.LASF30
 568 022c 01       		.byte	0x1
 569 022d E5       		.byte	0xe5
 570 022e 01       		.byte	0x1
 571 022f 00000000 		.4byte	.LFB1
 572 0233 18000000 		.4byte	.LFE1
 573 0237 9A000000 		.4byte	.LLST5
 574 023b 01       		.byte	0x1
 575 023c 4A020000 		.4byte	0x24a
 576 0240 15       		.uleb128 0x15
 577 0241 0E000000 		.4byte	.LVL15
 578 0245 81010000 		.4byte	0x181
 579 0249 00       		.byte	0
 580 024a 10       		.uleb128 0x10
 581 024b 01       		.byte	0x1
 582 024c 6A010000 		.4byte	.LASF31
 583 0250 01       		.byte	0x1
 584 0251 A201     		.2byte	0x1a2
 585 0253 01       		.byte	0x1
 586 0254 00000000 		.4byte	.LFB4
 587 0258 68000000 		.4byte	.LFE4
 588 025c BA000000 		.4byte	.LLST6
 589 0260 01       		.byte	0x1
 590 0261 7D020000 		.4byte	0x27d
 591 0265 13       		.uleb128 0x13
 592 0266 6900     		.ascii	"i\000"
 593 0268 01       		.byte	0x1
 594 0269 A401     		.2byte	0x1a4
 595 026b 7A000000 		.4byte	0x7a
 596 026f DA000000 		.4byte	.LLST7
 597 0273 15       		.uleb128 0x15
 598 0274 3A000000 		.4byte	.LVL20
 599 0278 27030000 		.4byte	0x327
 600 027c 00       		.byte	0
 601 027d 17       		.uleb128 0x17
 602 027e 25010000 		.4byte	.LASF32
 603 0282 01       		.byte	0x1
 604 0283 39       		.byte	0x39
 605 0284 7A000000 		.4byte	0x7a
 606 0288 05       		.byte	0x5
 607 0289 03       		.byte	0x3
 608 028a 00000000 		.4byte	cySysNoInitDataValid
 609 028e 18       		.uleb128 0x18
 610 028f 6F020000 		.4byte	.LASF33
 611 0293 04       		.byte	0x4
ARM GAS  C:\Users\CHUCK~1.ERH\AppData\Local\Temp\ccnhUNWC.s 			page 20


 612 0294 2D       		.byte	0x2d
 613 0295 6F000000 		.4byte	0x6f
 614 0299 01       		.byte	0x1
 615 029a 01       		.byte	0x1
 616 029b 19       		.uleb128 0x19
 617 029c BA000000 		.4byte	0xba
 618 02a0 AB020000 		.4byte	0x2ab
 619 02a4 1A       		.uleb128 0x1a
 620 02a5 CE000000 		.4byte	0xce
 621 02a9 2F       		.byte	0x2f
 622 02aa 00       		.byte	0
 623 02ab 1B       		.uleb128 0x1b
 624 02ac 31000000 		.4byte	.LASF34
 625 02b0 01       		.byte	0x1
 626 02b1 47       		.byte	0x47
 627 02b2 9B020000 		.4byte	0x29b
 628 02b6 01       		.byte	0x1
 629 02b7 05       		.byte	0x5
 630 02b8 03       		.byte	0x3
 631 02b9 00000000 		.4byte	CyRamVectors
 632 02bd 19       		.uleb128 0x19
 633 02be F0000000 		.4byte	0xf0
 634 02c2 C8020000 		.4byte	0x2c8
 635 02c6 1C       		.uleb128 0x1c
 636 02c7 00       		.byte	0
 637 02c8 18       		.uleb128 0x18
 638 02c9 89020000 		.4byte	.LASF35
 639 02cd 01       		.byte	0x1
 640 02ce D1       		.byte	0xd1
 641 02cf D5020000 		.4byte	0x2d5
 642 02d3 01       		.byte	0x1
 643 02d4 01       		.byte	0x1
 644 02d5 09       		.uleb128 0x9
 645 02d6 BD020000 		.4byte	0x2bd
 646 02da 18       		.uleb128 0x18
 647 02db 5F000000 		.4byte	.LASF36
 648 02df 01       		.byte	0x1
 649 02e0 D2       		.byte	0xd2
 650 02e1 D5000000 		.4byte	0xd5
 651 02e5 01       		.byte	0x1
 652 02e6 01       		.byte	0x1
 653 02e7 19       		.uleb128 0x19
 654 02e8 BA000000 		.4byte	0xba
 655 02ec F7020000 		.4byte	0x2f7
 656 02f0 1A       		.uleb128 0x1a
 657 02f1 CE000000 		.4byte	0xce
 658 02f5 03       		.byte	0x3
 659 02f6 00       		.byte	0
 660 02f7 1D       		.uleb128 0x1d
 661 02f8 08010000 		.4byte	.LASF37
 662 02fc 01       		.byte	0x1
 663 02fd 7F01     		.2byte	0x17f
 664 02ff 0A030000 		.4byte	0x30a
 665 0303 01       		.byte	0x1
 666 0304 05       		.byte	0x5
 667 0305 03       		.byte	0x3
 668 0306 00000000 		.4byte	RomVectors
ARM GAS  C:\Users\CHUCK~1.ERH\AppData\Local\Temp\ccnhUNWC.s 			page 21


 669 030a 09       		.uleb128 0x9
 670 030b E7020000 		.4byte	0x2e7
 671 030f 1E       		.uleb128 0x1e
 672 0310 01       		.byte	0x1
 673 0311 54020000 		.4byte	.LASF38
 674 0315 01       		.byte	0x1
 675 0316 C5       		.byte	0xc5
 676 0317 01       		.byte	0x1
 677 0318 01       		.byte	0x1
 678 0319 1F       		.uleb128 0x1f
 679 031a 01       		.byte	0x1
 680 031b 65010000 		.4byte	.LASF46
 681 031f 01       		.byte	0x1
 682 0320 C2       		.byte	0xc2
 683 0321 01       		.byte	0x1
 684 0322 61000000 		.4byte	0x61
 685 0326 01       		.byte	0x1
 686 0327 1E       		.uleb128 0x1e
 687 0328 01       		.byte	0x1
 688 0329 8E010000 		.4byte	.LASF39
 689 032d 05       		.byte	0x5
 690 032e 14       		.byte	0x14
 691 032f 01       		.byte	0x1
 692 0330 01       		.byte	0x1
 693 0331 00       		.byte	0
 694              		.section	.debug_abbrev,"",%progbits
 695              	.Ldebug_abbrev0:
 696 0000 01       		.uleb128 0x1
 697 0001 11       		.uleb128 0x11
 698 0002 01       		.byte	0x1
 699 0003 25       		.uleb128 0x25
 700 0004 0E       		.uleb128 0xe
 701 0005 13       		.uleb128 0x13
 702 0006 0B       		.uleb128 0xb
 703 0007 03       		.uleb128 0x3
 704 0008 0E       		.uleb128 0xe
 705 0009 1B       		.uleb128 0x1b
 706 000a 0E       		.uleb128 0xe
 707 000b 55       		.uleb128 0x55
 708 000c 06       		.uleb128 0x6
 709 000d 11       		.uleb128 0x11
 710 000e 01       		.uleb128 0x1
 711 000f 52       		.uleb128 0x52
 712 0010 01       		.uleb128 0x1
 713 0011 10       		.uleb128 0x10
 714 0012 06       		.uleb128 0x6
 715 0013 00       		.byte	0
 716 0014 00       		.byte	0
 717 0015 02       		.uleb128 0x2
 718 0016 24       		.uleb128 0x24
 719 0017 00       		.byte	0
 720 0018 0B       		.uleb128 0xb
 721 0019 0B       		.uleb128 0xb
 722 001a 3E       		.uleb128 0x3e
 723 001b 0B       		.uleb128 0xb
 724 001c 03       		.uleb128 0x3
 725 001d 0E       		.uleb128 0xe
ARM GAS  C:\Users\CHUCK~1.ERH\AppData\Local\Temp\ccnhUNWC.s 			page 22


 726 001e 00       		.byte	0
 727 001f 00       		.byte	0
 728 0020 03       		.uleb128 0x3
 729 0021 24       		.uleb128 0x24
 730 0022 00       		.byte	0
 731 0023 0B       		.uleb128 0xb
 732 0024 0B       		.uleb128 0xb
 733 0025 3E       		.uleb128 0x3e
 734 0026 0B       		.uleb128 0xb
 735 0027 03       		.uleb128 0x3
 736 0028 08       		.uleb128 0x8
 737 0029 00       		.byte	0
 738 002a 00       		.byte	0
 739 002b 04       		.uleb128 0x4
 740 002c 16       		.uleb128 0x16
 741 002d 00       		.byte	0
 742 002e 03       		.uleb128 0x3
 743 002f 0E       		.uleb128 0xe
 744 0030 3A       		.uleb128 0x3a
 745 0031 0B       		.uleb128 0xb
 746 0032 3B       		.uleb128 0x3b
 747 0033 0B       		.uleb128 0xb
 748 0034 49       		.uleb128 0x49
 749 0035 13       		.uleb128 0x13
 750 0036 00       		.byte	0
 751 0037 00       		.byte	0
 752 0038 05       		.uleb128 0x5
 753 0039 35       		.uleb128 0x35
 754 003a 00       		.byte	0
 755 003b 49       		.uleb128 0x49
 756 003c 13       		.uleb128 0x13
 757 003d 00       		.byte	0
 758 003e 00       		.byte	0
 759 003f 06       		.uleb128 0x6
 760 0040 16       		.uleb128 0x16
 761 0041 00       		.byte	0
 762 0042 03       		.uleb128 0x3
 763 0043 0E       		.uleb128 0xe
 764 0044 3A       		.uleb128 0x3a
 765 0045 0B       		.uleb128 0xb
 766 0046 3B       		.uleb128 0x3b
 767 0047 05       		.uleb128 0x5
 768 0048 49       		.uleb128 0x49
 769 0049 13       		.uleb128 0x13
 770 004a 00       		.byte	0
 771 004b 00       		.byte	0
 772 004c 07       		.uleb128 0x7
 773 004d 0F       		.uleb128 0xf
 774 004e 00       		.byte	0
 775 004f 0B       		.uleb128 0xb
 776 0050 0B       		.uleb128 0xb
 777 0051 49       		.uleb128 0x49
 778 0052 13       		.uleb128 0x13
 779 0053 00       		.byte	0
 780 0054 00       		.byte	0
 781 0055 08       		.uleb128 0x8
 782 0056 15       		.uleb128 0x15
ARM GAS  C:\Users\CHUCK~1.ERH\AppData\Local\Temp\ccnhUNWC.s 			page 23


 783 0057 00       		.byte	0
 784 0058 27       		.uleb128 0x27
 785 0059 0C       		.uleb128 0xc
 786 005a 00       		.byte	0
 787 005b 00       		.byte	0
 788 005c 09       		.uleb128 0x9
 789 005d 26       		.uleb128 0x26
 790 005e 00       		.byte	0
 791 005f 49       		.uleb128 0x49
 792 0060 13       		.uleb128 0x13
 793 0061 00       		.byte	0
 794 0062 00       		.byte	0
 795 0063 0A       		.uleb128 0xa
 796 0064 13       		.uleb128 0x13
 797 0065 01       		.byte	0x1
 798 0066 03       		.uleb128 0x3
 799 0067 0E       		.uleb128 0xe
 800 0068 0B       		.uleb128 0xb
 801 0069 0B       		.uleb128 0xb
 802 006a 3A       		.uleb128 0x3a
 803 006b 0B       		.uleb128 0xb
 804 006c 3B       		.uleb128 0x3b
 805 006d 0B       		.uleb128 0xb
 806 006e 01       		.uleb128 0x1
 807 006f 13       		.uleb128 0x13
 808 0070 00       		.byte	0
 809 0071 00       		.byte	0
 810 0072 0B       		.uleb128 0xb
 811 0073 0D       		.uleb128 0xd
 812 0074 00       		.byte	0
 813 0075 03       		.uleb128 0x3
 814 0076 0E       		.uleb128 0xe
 815 0077 3A       		.uleb128 0x3a
 816 0078 0B       		.uleb128 0xb
 817 0079 3B       		.uleb128 0x3b
 818 007a 0B       		.uleb128 0xb
 819 007b 49       		.uleb128 0x49
 820 007c 13       		.uleb128 0x13
 821 007d 38       		.uleb128 0x38
 822 007e 0A       		.uleb128 0xa
 823 007f 00       		.byte	0
 824 0080 00       		.byte	0
 825 0081 0C       		.uleb128 0xc
 826 0082 2E       		.uleb128 0x2e
 827 0083 00       		.byte	0
 828 0084 3F       		.uleb128 0x3f
 829 0085 0C       		.uleb128 0xc
 830 0086 03       		.uleb128 0x3
 831 0087 0E       		.uleb128 0xe
 832 0088 3A       		.uleb128 0x3a
 833 0089 0B       		.uleb128 0xb
 834 008a 3B       		.uleb128 0x3b
 835 008b 0B       		.uleb128 0xb
 836 008c 27       		.uleb128 0x27
 837 008d 0C       		.uleb128 0xc
 838 008e 11       		.uleb128 0x11
 839 008f 01       		.uleb128 0x1
ARM GAS  C:\Users\CHUCK~1.ERH\AppData\Local\Temp\ccnhUNWC.s 			page 24


 840 0090 12       		.uleb128 0x12
 841 0091 01       		.uleb128 0x1
 842 0092 40       		.uleb128 0x40
 843 0093 0A       		.uleb128 0xa
 844 0094 9742     		.uleb128 0x2117
 845 0096 0C       		.uleb128 0xc
 846 0097 00       		.byte	0
 847 0098 00       		.byte	0
 848 0099 0D       		.uleb128 0xd
 849 009a 2E       		.uleb128 0x2e
 850 009b 01       		.byte	0x1
 851 009c 3F       		.uleb128 0x3f
 852 009d 0C       		.uleb128 0xc
 853 009e 03       		.uleb128 0x3
 854 009f 0E       		.uleb128 0xe
 855 00a0 3A       		.uleb128 0x3a
 856 00a1 0B       		.uleb128 0xb
 857 00a2 3B       		.uleb128 0x3b
 858 00a3 0B       		.uleb128 0xb
 859 00a4 27       		.uleb128 0x27
 860 00a5 0C       		.uleb128 0xc
 861 00a6 11       		.uleb128 0x11
 862 00a7 01       		.uleb128 0x1
 863 00a8 12       		.uleb128 0x12
 864 00a9 01       		.uleb128 0x1
 865 00aa 40       		.uleb128 0x40
 866 00ab 0A       		.uleb128 0xa
 867 00ac 9742     		.uleb128 0x2117
 868 00ae 0C       		.uleb128 0xc
 869 00af 01       		.uleb128 0x1
 870 00b0 13       		.uleb128 0x13
 871 00b1 00       		.byte	0
 872 00b2 00       		.byte	0
 873 00b3 0E       		.uleb128 0xe
 874 00b4 05       		.uleb128 0x5
 875 00b5 00       		.byte	0
 876 00b6 03       		.uleb128 0x3
 877 00b7 0E       		.uleb128 0xe
 878 00b8 3A       		.uleb128 0x3a
 879 00b9 0B       		.uleb128 0xb
 880 00ba 3B       		.uleb128 0x3b
 881 00bb 0B       		.uleb128 0xb
 882 00bc 49       		.uleb128 0x49
 883 00bd 13       		.uleb128 0x13
 884 00be 02       		.uleb128 0x2
 885 00bf 0A       		.uleb128 0xa
 886 00c0 00       		.byte	0
 887 00c1 00       		.byte	0
 888 00c2 0F       		.uleb128 0xf
 889 00c3 34       		.uleb128 0x34
 890 00c4 00       		.byte	0
 891 00c5 03       		.uleb128 0x3
 892 00c6 08       		.uleb128 0x8
 893 00c7 3A       		.uleb128 0x3a
 894 00c8 0B       		.uleb128 0xb
 895 00c9 3B       		.uleb128 0x3b
 896 00ca 05       		.uleb128 0x5
ARM GAS  C:\Users\CHUCK~1.ERH\AppData\Local\Temp\ccnhUNWC.s 			page 25


 897 00cb 49       		.uleb128 0x49
 898 00cc 13       		.uleb128 0x13
 899 00cd 00       		.byte	0
 900 00ce 00       		.byte	0
 901 00cf 10       		.uleb128 0x10
 902 00d0 2E       		.uleb128 0x2e
 903 00d1 01       		.byte	0x1
 904 00d2 3F       		.uleb128 0x3f
 905 00d3 0C       		.uleb128 0xc
 906 00d4 03       		.uleb128 0x3
 907 00d5 0E       		.uleb128 0xe
 908 00d6 3A       		.uleb128 0x3a
 909 00d7 0B       		.uleb128 0xb
 910 00d8 3B       		.uleb128 0x3b
 911 00d9 05       		.uleb128 0x5
 912 00da 27       		.uleb128 0x27
 913 00db 0C       		.uleb128 0xc
 914 00dc 11       		.uleb128 0x11
 915 00dd 01       		.uleb128 0x1
 916 00de 12       		.uleb128 0x12
 917 00df 01       		.uleb128 0x1
 918 00e0 40       		.uleb128 0x40
 919 00e1 06       		.uleb128 0x6
 920 00e2 9742     		.uleb128 0x2117
 921 00e4 0C       		.uleb128 0xc
 922 00e5 01       		.uleb128 0x1
 923 00e6 13       		.uleb128 0x13
 924 00e7 00       		.byte	0
 925 00e8 00       		.byte	0
 926 00e9 11       		.uleb128 0x11
 927 00ea 34       		.uleb128 0x34
 928 00eb 00       		.byte	0
 929 00ec 03       		.uleb128 0x3
 930 00ed 0E       		.uleb128 0xe
 931 00ee 3A       		.uleb128 0x3a
 932 00ef 0B       		.uleb128 0xb
 933 00f0 3B       		.uleb128 0x3b
 934 00f1 05       		.uleb128 0x5
 935 00f2 49       		.uleb128 0x49
 936 00f3 13       		.uleb128 0x13
 937 00f4 00       		.byte	0
 938 00f5 00       		.byte	0
 939 00f6 12       		.uleb128 0x12
 940 00f7 0B       		.uleb128 0xb
 941 00f8 01       		.byte	0x1
 942 00f9 11       		.uleb128 0x11
 943 00fa 01       		.uleb128 0x1
 944 00fb 12       		.uleb128 0x12
 945 00fc 01       		.uleb128 0x1
 946 00fd 01       		.uleb128 0x1
 947 00fe 13       		.uleb128 0x13
 948 00ff 00       		.byte	0
 949 0100 00       		.byte	0
 950 0101 13       		.uleb128 0x13
 951 0102 34       		.uleb128 0x34
 952 0103 00       		.byte	0
 953 0104 03       		.uleb128 0x3
ARM GAS  C:\Users\CHUCK~1.ERH\AppData\Local\Temp\ccnhUNWC.s 			page 26


 954 0105 08       		.uleb128 0x8
 955 0106 3A       		.uleb128 0x3a
 956 0107 0B       		.uleb128 0xb
 957 0108 3B       		.uleb128 0x3b
 958 0109 05       		.uleb128 0x5
 959 010a 49       		.uleb128 0x49
 960 010b 13       		.uleb128 0x13
 961 010c 02       		.uleb128 0x2
 962 010d 06       		.uleb128 0x6
 963 010e 00       		.byte	0
 964 010f 00       		.byte	0
 965 0110 14       		.uleb128 0x14
 966 0111 34       		.uleb128 0x34
 967 0112 00       		.byte	0
 968 0113 03       		.uleb128 0x3
 969 0114 0E       		.uleb128 0xe
 970 0115 3A       		.uleb128 0x3a
 971 0116 0B       		.uleb128 0xb
 972 0117 3B       		.uleb128 0x3b
 973 0118 05       		.uleb128 0x5
 974 0119 49       		.uleb128 0x49
 975 011a 13       		.uleb128 0x13
 976 011b 02       		.uleb128 0x2
 977 011c 06       		.uleb128 0x6
 978 011d 00       		.byte	0
 979 011e 00       		.byte	0
 980 011f 15       		.uleb128 0x15
 981 0120 898201   		.uleb128 0x4109
 982 0123 00       		.byte	0
 983 0124 11       		.uleb128 0x11
 984 0125 01       		.uleb128 0x1
 985 0126 31       		.uleb128 0x31
 986 0127 13       		.uleb128 0x13
 987 0128 00       		.byte	0
 988 0129 00       		.byte	0
 989 012a 16       		.uleb128 0x16
 990 012b 2E       		.uleb128 0x2e
 991 012c 01       		.byte	0x1
 992 012d 3F       		.uleb128 0x3f
 993 012e 0C       		.uleb128 0xc
 994 012f 03       		.uleb128 0x3
 995 0130 0E       		.uleb128 0xe
 996 0131 3A       		.uleb128 0x3a
 997 0132 0B       		.uleb128 0xb
 998 0133 3B       		.uleb128 0x3b
 999 0134 0B       		.uleb128 0xb
 1000 0135 27       		.uleb128 0x27
 1001 0136 0C       		.uleb128 0xc
 1002 0137 11       		.uleb128 0x11
 1003 0138 01       		.uleb128 0x1
 1004 0139 12       		.uleb128 0x12
 1005 013a 01       		.uleb128 0x1
 1006 013b 40       		.uleb128 0x40
 1007 013c 06       		.uleb128 0x6
 1008 013d 9742     		.uleb128 0x2117
 1009 013f 0C       		.uleb128 0xc
 1010 0140 01       		.uleb128 0x1
ARM GAS  C:\Users\CHUCK~1.ERH\AppData\Local\Temp\ccnhUNWC.s 			page 27


 1011 0141 13       		.uleb128 0x13
 1012 0142 00       		.byte	0
 1013 0143 00       		.byte	0
 1014 0144 17       		.uleb128 0x17
 1015 0145 34       		.uleb128 0x34
 1016 0146 00       		.byte	0
 1017 0147 03       		.uleb128 0x3
 1018 0148 0E       		.uleb128 0xe
 1019 0149 3A       		.uleb128 0x3a
 1020 014a 0B       		.uleb128 0xb
 1021 014b 3B       		.uleb128 0x3b
 1022 014c 0B       		.uleb128 0xb
 1023 014d 49       		.uleb128 0x49
 1024 014e 13       		.uleb128 0x13
 1025 014f 02       		.uleb128 0x2
 1026 0150 0A       		.uleb128 0xa
 1027 0151 00       		.byte	0
 1028 0152 00       		.byte	0
 1029 0153 18       		.uleb128 0x18
 1030 0154 34       		.uleb128 0x34
 1031 0155 00       		.byte	0
 1032 0156 03       		.uleb128 0x3
 1033 0157 0E       		.uleb128 0xe
 1034 0158 3A       		.uleb128 0x3a
 1035 0159 0B       		.uleb128 0xb
 1036 015a 3B       		.uleb128 0x3b
 1037 015b 0B       		.uleb128 0xb
 1038 015c 49       		.uleb128 0x49
 1039 015d 13       		.uleb128 0x13
 1040 015e 3F       		.uleb128 0x3f
 1041 015f 0C       		.uleb128 0xc
 1042 0160 3C       		.uleb128 0x3c
 1043 0161 0C       		.uleb128 0xc
 1044 0162 00       		.byte	0
 1045 0163 00       		.byte	0
 1046 0164 19       		.uleb128 0x19
 1047 0165 01       		.uleb128 0x1
 1048 0166 01       		.byte	0x1
 1049 0167 49       		.uleb128 0x49
 1050 0168 13       		.uleb128 0x13
 1051 0169 01       		.uleb128 0x1
 1052 016a 13       		.uleb128 0x13
 1053 016b 00       		.byte	0
 1054 016c 00       		.byte	0
 1055 016d 1A       		.uleb128 0x1a
 1056 016e 21       		.uleb128 0x21
 1057 016f 00       		.byte	0
 1058 0170 49       		.uleb128 0x49
 1059 0171 13       		.uleb128 0x13
 1060 0172 2F       		.uleb128 0x2f
 1061 0173 0B       		.uleb128 0xb
 1062 0174 00       		.byte	0
 1063 0175 00       		.byte	0
 1064 0176 1B       		.uleb128 0x1b
 1065 0177 34       		.uleb128 0x34
 1066 0178 00       		.byte	0
 1067 0179 03       		.uleb128 0x3
ARM GAS  C:\Users\CHUCK~1.ERH\AppData\Local\Temp\ccnhUNWC.s 			page 28


 1068 017a 0E       		.uleb128 0xe
 1069 017b 3A       		.uleb128 0x3a
 1070 017c 0B       		.uleb128 0xb
 1071 017d 3B       		.uleb128 0x3b
 1072 017e 0B       		.uleb128 0xb
 1073 017f 49       		.uleb128 0x49
 1074 0180 13       		.uleb128 0x13
 1075 0181 3F       		.uleb128 0x3f
 1076 0182 0C       		.uleb128 0xc
 1077 0183 02       		.uleb128 0x2
 1078 0184 0A       		.uleb128 0xa
 1079 0185 00       		.byte	0
 1080 0186 00       		.byte	0
 1081 0187 1C       		.uleb128 0x1c
 1082 0188 21       		.uleb128 0x21
 1083 0189 00       		.byte	0
 1084 018a 00       		.byte	0
 1085 018b 00       		.byte	0
 1086 018c 1D       		.uleb128 0x1d
 1087 018d 34       		.uleb128 0x34
 1088 018e 00       		.byte	0
 1089 018f 03       		.uleb128 0x3
 1090 0190 0E       		.uleb128 0xe
 1091 0191 3A       		.uleb128 0x3a
 1092 0192 0B       		.uleb128 0xb
 1093 0193 3B       		.uleb128 0x3b
 1094 0194 05       		.uleb128 0x5
 1095 0195 49       		.uleb128 0x49
 1096 0196 13       		.uleb128 0x13
 1097 0197 3F       		.uleb128 0x3f
 1098 0198 0C       		.uleb128 0xc
 1099 0199 02       		.uleb128 0x2
 1100 019a 0A       		.uleb128 0xa
 1101 019b 00       		.byte	0
 1102 019c 00       		.byte	0
 1103 019d 1E       		.uleb128 0x1e
 1104 019e 2E       		.uleb128 0x2e
 1105 019f 00       		.byte	0
 1106 01a0 3F       		.uleb128 0x3f
 1107 01a1 0C       		.uleb128 0xc
 1108 01a2 03       		.uleb128 0x3
 1109 01a3 0E       		.uleb128 0xe
 1110 01a4 3A       		.uleb128 0x3a
 1111 01a5 0B       		.uleb128 0xb
 1112 01a6 3B       		.uleb128 0x3b
 1113 01a7 0B       		.uleb128 0xb
 1114 01a8 27       		.uleb128 0x27
 1115 01a9 0C       		.uleb128 0xc
 1116 01aa 3C       		.uleb128 0x3c
 1117 01ab 0C       		.uleb128 0xc
 1118 01ac 00       		.byte	0
 1119 01ad 00       		.byte	0
 1120 01ae 1F       		.uleb128 0x1f
 1121 01af 2E       		.uleb128 0x2e
 1122 01b0 00       		.byte	0
 1123 01b1 3F       		.uleb128 0x3f
 1124 01b2 0C       		.uleb128 0xc
ARM GAS  C:\Users\CHUCK~1.ERH\AppData\Local\Temp\ccnhUNWC.s 			page 29


 1125 01b3 03       		.uleb128 0x3
 1126 01b4 0E       		.uleb128 0xe
 1127 01b5 3A       		.uleb128 0x3a
 1128 01b6 0B       		.uleb128 0xb
 1129 01b7 3B       		.uleb128 0x3b
 1130 01b8 0B       		.uleb128 0xb
 1131 01b9 27       		.uleb128 0x27
 1132 01ba 0C       		.uleb128 0xc
 1133 01bb 49       		.uleb128 0x49
 1134 01bc 13       		.uleb128 0x13
 1135 01bd 3C       		.uleb128 0x3c
 1136 01be 0C       		.uleb128 0xc
 1137 01bf 00       		.byte	0
 1138 01c0 00       		.byte	0
 1139 01c1 00       		.byte	0
 1140              		.section	.debug_loc,"",%progbits
 1141              	.Ldebug_loc0:
 1142              	.LLST0:
 1143 0000 00000000 		.4byte	.LFB3
 1144 0004 02000000 		.4byte	.LCFI0
 1145 0008 0200     		.2byte	0x2
 1146 000a 7D       		.byte	0x7d
 1147 000b 00       		.sleb128 0
 1148 000c 02000000 		.4byte	.LCFI0
 1149 0010 54000000 		.4byte	.LFE3
 1150 0014 0200     		.2byte	0x2
 1151 0016 7D       		.byte	0x7d
 1152 0017 08       		.sleb128 8
 1153 0018 00000000 		.4byte	0
 1154 001c 00000000 		.4byte	0
 1155              	.LLST1:
 1156 0020 0E000000 		.4byte	.LVL3
 1157 0024 18000000 		.4byte	.LVL6
 1158 0028 0100     		.2byte	0x1
 1159 002a 56       		.byte	0x56
 1160 002b 00000000 		.4byte	0
 1161 002f 00000000 		.4byte	0
 1162              	.LLST2:
 1163 0033 12000000 		.4byte	.LVL4
 1164 0037 18000000 		.4byte	.LVL6
 1165 003b 0100     		.2byte	0x1
 1166 003d 50       		.byte	0x50
 1167 003e 00000000 		.4byte	0
 1168 0042 00000000 		.4byte	0
 1169              	.LLST3:
 1170 0046 16000000 		.4byte	.LVL5
 1171 004a 2C000000 		.4byte	.LVL9
 1172 004e 0100     		.2byte	0x1
 1173 0050 55       		.byte	0x55
 1174 0051 2C000000 		.4byte	.LVL9
 1175 0055 40000000 		.4byte	.LVL12
 1176 0059 0100     		.2byte	0x1
 1177 005b 50       		.byte	0x50
 1178 005c 00000000 		.4byte	0
 1179 0060 00000000 		.4byte	0
 1180              	.LLST4:
 1181 0064 16000000 		.4byte	.LVL5
ARM GAS  C:\Users\CHUCK~1.ERH\AppData\Local\Temp\ccnhUNWC.s 			page 30


 1182 0068 18000000 		.4byte	.LVL6
 1183 006c 0200     		.2byte	0x2
 1184 006e 30       		.byte	0x30
 1185 006f 9F       		.byte	0x9f
 1186 0070 1E000000 		.4byte	.LVL7
 1187 0074 2C000000 		.4byte	.LVL9
 1188 0078 0100     		.2byte	0x1
 1189 007a 52       		.byte	0x52
 1190 007b 2C000000 		.4byte	.LVL9
 1191 007f 2E000000 		.4byte	.LVL10
 1192 0083 0200     		.2byte	0x2
 1193 0085 30       		.byte	0x30
 1194 0086 9F       		.byte	0x9f
 1195 0087 2E000000 		.4byte	.LVL10
 1196 008b 40000000 		.4byte	.LVL12
 1197 008f 0100     		.2byte	0x1
 1198 0091 52       		.byte	0x52
 1199 0092 00000000 		.4byte	0
 1200 0096 00000000 		.4byte	0
 1201              	.LLST5:
 1202 009a 00000000 		.4byte	.LFB1
 1203 009e 02000000 		.4byte	.LCFI1
 1204 00a2 0200     		.2byte	0x2
 1205 00a4 7D       		.byte	0x7d
 1206 00a5 00       		.sleb128 0
 1207 00a6 02000000 		.4byte	.LCFI1
 1208 00aa 18000000 		.4byte	.LFE1
 1209 00ae 0200     		.2byte	0x2
 1210 00b0 7D       		.byte	0x7d
 1211 00b1 08       		.sleb128 8
 1212 00b2 00000000 		.4byte	0
 1213 00b6 00000000 		.4byte	0
 1214              	.LLST6:
 1215 00ba 00000000 		.4byte	.LFB4
 1216 00be 02000000 		.4byte	.LCFI2
 1217 00c2 0200     		.2byte	0x2
 1218 00c4 7D       		.byte	0x7d
 1219 00c5 00       		.sleb128 0
 1220 00c6 02000000 		.4byte	.LCFI2
 1221 00ca 68000000 		.4byte	.LFE4
 1222 00ce 0200     		.2byte	0x2
 1223 00d0 7D       		.byte	0x7d
 1224 00d1 08       		.sleb128 8
 1225 00d2 00000000 		.4byte	0
 1226 00d6 00000000 		.4byte	0
 1227              	.LLST7:
 1228 00da 10000000 		.4byte	.LVL16
 1229 00de 12000000 		.4byte	.LVL17
 1230 00e2 0200     		.2byte	0x2
 1231 00e4 30       		.byte	0x30
 1232 00e5 9F       		.byte	0x9f
 1233 00e6 26000000 		.4byte	.LVL18
 1234 00ea 2E000000 		.4byte	.LVL19
 1235 00ee 0100     		.2byte	0x1
 1236 00f0 53       		.byte	0x53
 1237 00f1 00000000 		.4byte	0
 1238 00f5 00000000 		.4byte	0
ARM GAS  C:\Users\CHUCK~1.ERH\AppData\Local\Temp\ccnhUNWC.s 			page 31


 1239              		.section	.debug_aranges,"",%progbits
 1240 0000 3C000000 		.4byte	0x3c
 1241 0004 0200     		.2byte	0x2
 1242 0006 00000000 		.4byte	.Ldebug_info0
 1243 000a 04       		.byte	0x4
 1244 000b 00       		.byte	0
 1245 000c 0000     		.2byte	0
 1246 000e 0000     		.2byte	0
 1247 0010 00000000 		.4byte	.LFB0
 1248 0014 02000000 		.4byte	.LFE0-.LFB0
 1249 0018 00000000 		.4byte	.LFB2
 1250 001c 02000000 		.4byte	.LFE2-.LFB2
 1251 0020 00000000 		.4byte	.LFB3
 1252 0024 54000000 		.4byte	.LFE3-.LFB3
 1253 0028 00000000 		.4byte	.LFB1
 1254 002c 18000000 		.4byte	.LFE1-.LFB1
 1255 0030 00000000 		.4byte	.LFB4
 1256 0034 68000000 		.4byte	.LFE4-.LFB4
 1257 0038 00000000 		.4byte	0
 1258 003c 00000000 		.4byte	0
 1259              		.section	.debug_ranges,"",%progbits
 1260              	.Ldebug_ranges0:
 1261 0000 00000000 		.4byte	.LFB0
 1262 0004 02000000 		.4byte	.LFE0
 1263 0008 00000000 		.4byte	.LFB2
 1264 000c 02000000 		.4byte	.LFE2
 1265 0010 00000000 		.4byte	.LFB3
 1266 0014 54000000 		.4byte	.LFE3
 1267 0018 00000000 		.4byte	.LFB1
 1268 001c 18000000 		.4byte	.LFE1
 1269 0020 00000000 		.4byte	.LFB4
 1270 0024 68000000 		.4byte	.LFE4
 1271 0028 00000000 		.4byte	0
 1272 002c 00000000 		.4byte	0
 1273              		.section	.debug_line,"",%progbits
 1274              	.Ldebug_line0:
 1275 0000 97010000 		.section	.debug_str,"MS",%progbits,1
 1275      0200F000 
 1275      00000201 
 1275      FB0E0D00 
 1275      01010101 
 1276              	.LASF41:
 1277 0000 2E5C4765 		.ascii	".\\Generated_Source\\PSoC5\\Cm3Start.c\000"
 1277      6E657261 
 1277      7465645F 
 1277      536F7572 
 1277      63655C50 
 1278              	.LASF15:
 1279 0024 72656733 		.ascii	"reg32\000"
 1279      3200
 1280              	.LASF18:
 1281 002a 73697A65 		.ascii	"size_t\000"
 1281      5F7400
 1282              	.LASF34:
 1283 0031 43795261 		.ascii	"CyRamVectors\000"
 1283      6D566563 
 1283      746F7273 
ARM GAS  C:\Users\CHUCK~1.ERH\AppData\Local\Temp\ccnhUNWC.s 			page 32


 1283      00
 1284              	.LASF25:
 1285 003e 53746172 		.ascii	"Start_c\000"
 1285      745F6300 
 1286              	.LASF29:
 1287 0046 636F756E 		.ascii	"count\000"
 1287      7400
 1288              	.LASF3:
 1289 004c 73686F72 		.ascii	"short unsigned int\000"
 1289      7420756E 
 1289      7369676E 
 1289      65642069 
 1289      6E7400
 1290              	.LASF36:
 1291 005f 5F5F6379 		.ascii	"__cy_region_num\000"
 1291      5F726567 
 1291      696F6E5F 
 1291      6E756D00 
 1292              	.LASF20:
 1293 006f 696E6974 		.ascii	"init\000"
 1293      00
 1294              	.LASF45:
 1295 0074 73746174 		.ascii	"status\000"
 1295      757300
 1296              	.LASF42:
 1297 007b 433A5C55 		.ascii	"C:\\Users\\chuck.erhardt\\Documents\\GitHub\\PSoC-W"
 1297      73657273 
 1297      5C636875 
 1297      636B2E65 
 1297      72686172 
 1298 00a9 35313030 		.ascii	"5100-Driver\\freeSoCExplorer+ArduinoSheld_Example.c"
 1298      2D447269 
 1298      7665725C 
 1298      66726565 
 1298      536F4345 
 1299 00db 7964736E 		.ascii	"ydsn\000"
 1299      00
 1300              	.LASF23:
 1301 00e0 7A65726F 		.ascii	"zero_size\000"
 1301      5F73697A 
 1301      6500
 1302              	.LASF27:
 1303 00ea 72707472 		.ascii	"rptr\000"
 1303      00
 1304              	.LASF11:
 1305 00ef 666C6F61 		.ascii	"float\000"
 1305      7400
 1306              	.LASF21:
 1307 00f5 64617461 		.ascii	"data\000"
 1307      00
 1308              	.LASF1:
 1309 00fa 756E7369 		.ascii	"unsigned char\000"
 1309      676E6564 
 1309      20636861 
 1309      7200
 1310              	.LASF37:
 1311 0108 526F6D56 		.ascii	"RomVectors\000"
ARM GAS  C:\Users\CHUCK~1.ERH\AppData\Local\Temp\ccnhUNWC.s 			page 33


 1311      6563746F 
 1311      727300
 1312              	.LASF5:
 1313 0113 6C6F6E67 		.ascii	"long unsigned int\000"
 1313      20756E73 
 1313      69676E65 
 1313      6420696E 
 1313      7400
 1314              	.LASF32:
 1315 0125 63795379 		.ascii	"cySysNoInitDataValid\000"
 1315      734E6F49 
 1315      6E697444 
 1315      61746156 
 1315      616C6964 
 1316              	.LASF9:
 1317 013a 75696E74 		.ascii	"uint8\000"
 1317      3800
 1318              	.LASF30:
 1319 0140 52657365 		.ascii	"Reset\000"
 1319      7400
 1320              	.LASF24:
 1321 0146 5F657869 		.ascii	"_exit\000"
 1321      7400
 1322              	.LASF44:
 1323 014c 496E7444 		.ascii	"IntDefaultHandler\000"
 1323      65666175 
 1323      6C744861 
 1323      6E646C65 
 1323      7200
 1324              	.LASF12:
 1325 015e 646F7562 		.ascii	"double\000"
 1325      6C6500
 1326              	.LASF46:
 1327 0165 6D61696E 		.ascii	"main\000"
 1327      00
 1328              	.LASF31:
 1329 016a 696E6974 		.ascii	"initialize_psoc\000"
 1329      69616C69 
 1329      7A655F70 
 1329      736F6300 
 1330              	.LASF10:
 1331 017a 75696E74 		.ascii	"uint32\000"
 1331      333200
 1332              	.LASF8:
 1333 0181 756E7369 		.ascii	"unsigned int\000"
 1333      676E6564 
 1333      20696E74 
 1333      00
 1334              	.LASF39:
 1335 018e 63796669 		.ascii	"cyfitter_cfg\000"
 1335      74746572 
 1335      5F636667 
 1335      00
 1336              	.LASF7:
 1337 019b 6C6F6E67 		.ascii	"long long unsigned int\000"
 1337      206C6F6E 
 1337      6720756E 
ARM GAS  C:\Users\CHUCK~1.ERH\AppData\Local\Temp\ccnhUNWC.s 			page 34


 1337      7369676E 
 1337      65642069 
 1338              	.LASF28:
 1339 01b2 6C696D69 		.ascii	"limit\000"
 1339      7400
 1340              	.LASF16:
 1341 01b8 63796973 		.ascii	"cyisraddress\000"
 1341      72616464 
 1341      72657373 
 1341      00
 1342              	.LASF22:
 1343 01c5 696E6974 		.ascii	"init_size\000"
 1343      5F73697A 
 1343      6500
 1344              	.LASF19:
 1345 01cf 5F5F6379 		.ascii	"__cy_byte_align8\000"
 1345      5F627974 
 1345      655F616C 
 1345      69676E38 
 1345      00
 1346              	.LASF14:
 1347 01e0 72656738 		.ascii	"reg8\000"
 1347      00
 1348              	.LASF17:
 1349 01e5 73697A65 		.ascii	"sizetype\000"
 1349      74797065 
 1349      00
 1350              	.LASF6:
 1351 01ee 6C6F6E67 		.ascii	"long long int\000"
 1351      206C6F6E 
 1351      6720696E 
 1351      7400
 1352              	.LASF13:
 1353 01fc 63686172 		.ascii	"char\000"
 1353      00
 1354              	.LASF2:
 1355 0201 73686F72 		.ascii	"short int\000"
 1355      7420696E 
 1355      7400
 1356              	.LASF40:
 1357 020b 474E5520 		.ascii	"GNU C 4.7.3 20130312 (release) [ARM/embedded-4_7-br"
 1357      4320342E 
 1357      372E3320 
 1357      32303133 
 1357      30333132 
 1358 023e 616E6368 		.ascii	"anch revision 196615]\000"
 1358      20726576 
 1358      6973696F 
 1358      6E203139 
 1358      36363135 
 1359              	.LASF38:
 1360 0254 5F5F6C69 		.ascii	"__libc_init_array\000"
 1360      62635F69 
 1360      6E69745F 
 1360      61727261 
 1360      7900
 1361              	.LASF4:
ARM GAS  C:\Users\CHUCK~1.ERH\AppData\Local\Temp\ccnhUNWC.s 			page 35


 1362 0266 6C6F6E67 		.ascii	"long int\000"
 1362      20696E74 
 1362      00
 1363              	.LASF33:
 1364 026f 43795265 		.ascii	"CyResetStatus\000"
 1364      73657453 
 1364      74617475 
 1364      7300
 1365              	.LASF0:
 1366 027d 7369676E 		.ascii	"signed char\000"
 1366      65642063 
 1366      68617200 
 1367              	.LASF35:
 1368 0289 5F5F6379 		.ascii	"__cy_regions\000"
 1368      5F726567 
 1368      696F6E73 
 1368      00
 1369              	.LASF26:
 1370 0296 72656769 		.ascii	"regions\000"
 1370      6F6E7300 
 1371              	.LASF43:
 1372 029e 5F5F6379 		.ascii	"__cy_region\000"
 1372      5F726567 
 1372      696F6E00 
 1373              		.ident	"GCC: (GNU Tools for ARM Embedded Processors) 4.7.3 20130312 (release) [ARM/embedded-4_7-br
