ARM GAS  C:\Users\CHUCK~1.ERH\AppData\Local\Temp\ccpye8jH.s 			page 1


   1              		.syntax unified
   2              		.cpu cortex-m3
   3              		.fpu softvfp
   4              		.eabi_attribute 20, 1
   5              		.eabi_attribute 21, 1
   6              		.eabi_attribute 23, 3
   7              		.eabi_attribute 24, 1
   8              		.eabi_attribute 25, 1
   9              		.eabi_attribute 26, 1
  10              		.eabi_attribute 30, 4
  11              		.eabi_attribute 34, 1
  12              		.eabi_attribute 18, 4
  13              		.thumb
  14              		.file	"main.c"
  15              		.text
  16              	.Ltext0:
  17              		.cfi_sections	.debug_frame
  18              		.section	.text.startup.main,"ax",%progbits
  19              		.align	1
  20              		.global	main
  21              		.thumb
  22              		.thumb_func
  23              		.type	main, %function
  24              	main:
  25              	.LFB56:
  26              		.file 1 ".\\main.c"
   1:.\main.c      **** /* ========================================
   2:.\main.c      ****  *
   3:.\main.c      ****  * Copyright YOUR COMPANY, THE YEAR
   4:.\main.c      ****  * All Rights Reserved
   5:.\main.c      ****  * UNPUBLISHED, LICENSED SOFTWARE.
   6:.\main.c      ****  *
   7:.\main.c      ****  * CONFIDENTIAL AND PROPRIETARY INFORMATION
   8:.\main.c      ****  * WHICH IS THE PROPERTY OF your company.
   9:.\main.c      ****  *
  10:.\main.c      ****  * ========================================
  11:.\main.c      **** */
  12:.\main.c      **** /**
  13:.\main.c      ****  * Notes:
  14:.\main.c      ****  * 1) Test executed using a FreeSoC Eplorer board wired to use the Arduino Ethernet shield
  15:.\main.c      ****  * 2) Modified design clock from 48 MHz PLL out to 64 PLL and added a 2000 byte speed test
  16:.\main.c      ****  *    to end of the code to further compare data rates and issues as reported on the PSoC
  17:.\main.c      ****  *    community forum by Pavloven.
  18:.\main.c      ****  */
  19:.\main.c      ****  
  20:.\main.c      **** #include <project.h>
  21:.\main.c      **** 
  22:.\main.c      **** char randomData[2000];
  23:.\main.c      **** 
  24:.\main.c      **** int main()
  25:.\main.c      **** {
  27              		.loc 1 25 0
  28              		.cfi_startproc
  29              		@ args = 0, pretend = 0, frame = 128
  30              		@ frame_needed = 0, uses_anonymous_args = 0
  31 0000 30B5     		push	{r4, r5, lr}
  32              	.LCFI0:
ARM GAS  C:\Users\CHUCK~1.ERH\AppData\Local\Temp\ccpye8jH.s 			page 2


  33              		.cfi_def_cfa_offset 12
  34              		.cfi_offset 4, -12
  35              		.cfi_offset 5, -8
  36              		.cfi_offset 14, -4
  37 0002 A1B0     		sub	sp, sp, #132
  38              	.LCFI1:
  39              		.cfi_def_cfa_offset 144
  26:.\main.c      **** 	char buffer[128];
  27:.\main.c      **** 	uint8 socket;
  28:.\main.c      **** 	uint16 length;
  29:.\main.c      **** 	int temp;
  30:.\main.c      **** 	
  31:.\main.c      ****     /* Place your initialization/startup code here (e.g. MyInst_Start()) */
  32:.\main.c      **** 	SPI0_Start();
  40              		.loc 1 32 0
  41 0004 FFF7FEFF 		bl	SPI0_Start
  42              	.LVL0:
  33:.\main.c      **** 	ETH0_Start();
  43              		.loc 1 33 0
  44 0008 FFF7FEFF 		bl	ETH0_Start
  45              	.LVL1:
  34:.\main.c      **** 	
  35:.\main.c      **** 	/* Generate some random bytes to transmit to the Ethernet client */
  36:.\main.c      **** 	for (temp = 0; temp < 2000; ++temp)
  46              		.loc 1 36 0
  47 000c 0024     		movs	r4, #0
  48              	.LVL2:
  49              	.L2:
  50              	.LBB2:
  37:.\main.c      **** 	{
  38:.\main.c      **** 		randomData[temp] = (rand()&0x17) + 'A';
  51              		.loc 1 38 0 discriminator 2
  52 000e FFF7FEFF 		bl	rand
  53              	.LVL3:
  54 0012 334B     		ldr	r3, .L20
  55 0014 00F01700 		and	r0, r0, #23
  56 0018 4130     		adds	r0, r0, #65
  57 001a E054     		strb	r0, [r4, r3]
  58              	.LBE2:
  36:.\main.c      **** 	for (temp = 0; temp < 2000; ++temp)
  59              		.loc 1 36 0 discriminator 2
  60 001c 0134     		adds	r4, r4, #1
  61              	.LVL4:
  62 001e B4F5FA6F 		cmp	r4, #2000
  63 0022 F4D1     		bne	.L2
  64              	.LVL5:
  65              	.L15:
  39:.\main.c      **** 	}
  40:.\main.c      **** 
  41:.\main.c      **** //    CyGlobalIntEnable; /* Uncomment this line to enable global interrupts. */
  42:.\main.c      **** 	
  43:.\main.c      **** 	
  44:.\main.c      ****     for(;;)
  45:.\main.c      ****     {
  46:.\main.c      ****         /* Place your application code here. */
  47:.\main.c      **** 		socket = ETH0_TcpOpen( 23 );
  66              		.loc 1 47 0
ARM GAS  C:\Users\CHUCK~1.ERH\AppData\Local\Temp\ccpye8jH.s 			page 3


  67 0024 1720     		movs	r0, #23
  68 0026 FFF7FEFF 		bl	ETH0_TcpOpen
  69              	.LVL6:
  70 002a 0446     		mov	r4, r0
  71              	.LVL7:
  48:.\main.c      **** 		ETH0_TcpStartServer( socket );
  72              		.loc 1 48 0
  73 002c FFF7FEFF 		bl	ETH0_TcpStartServer
  74              	.LVL8:
  75              	.L3:
  49:.\main.c      **** 		while ( !ETH0_TcpConnected( socket ) ) {
  76              		.loc 1 49 0 discriminator 1
  77 0030 2046     		mov	r0, r4
  78 0032 FFF7FEFF 		bl	ETH0_TcpConnected
  79              	.LVL9:
  80 0036 18B9     		cbnz	r0, .L18
  81              	.L4:
  50:.\main.c      **** 			/*
  51:.\main.c      **** 			 * While we are waiting for the client to attach
  52:.\main.c      **** 			 * to the server, flash some random colors on the
  53:.\main.c      **** 			 * LED to provide entertainment.
  54:.\main.c      **** 			 */
  55:.\main.c      **** 			/* wait for a connection, and delay the flashes */
  56:.\main.c      **** 			CyDelay(100);
  82              		.loc 1 56 0
  83 0038 6420     		movs	r0, #100
  84 003a FFF7FEFF 		bl	CyDelay
  85              	.LVL10:
  86 003e F7E7     		b	.L3
  87              	.L18:
  57:.\main.c      **** 		}
  58:.\main.c      **** 		/*
  59:.\main.c      **** 		 * Send the Logon welcom message to the client.
  60:.\main.c      **** 		 */
  61:.\main.c      **** 		ETH0_TcpPrint(socket,"Welcome to the freeSoC Explorer Board!\r\n");
  88              		.loc 1 61 0
  89 0040 2046     		mov	r0, r4
  90 0042 2849     		ldr	r1, .L20+4
  91 0044 FFF7FEFF 		bl	ETH0_TcpPrint
  92              	.LVL11:
  62:.\main.c      **** 		ETH0_TcpPrint(socket,"---------------------------------------------------------------------------
  93              		.loc 1 62 0
  94 0048 2046     		mov	r0, r4
  95 004a 2749     		ldr	r1, .L20+8
  96 004c FFF7FEFF 		bl	ETH0_TcpPrint
  97              	.LVL12:
  63:.\main.c      **** 		temp = 0;
  98              		.loc 1 63 0
  99 0050 0025     		movs	r5, #0
 100              	.LVL13:
 101              	.L5:
  64:.\main.c      **** 		while( ETH0_SocketRxDataWaiting(socket) == 0) {
 102              		.loc 1 64 0 discriminator 1
 103 0052 2046     		mov	r0, r4
 104 0054 FFF7FEFF 		bl	ETH0_SocketRxDataWaiting
 105              	.LVL14:
 106 0058 E8B9     		cbnz	r0, .L19
ARM GAS  C:\Users\CHUCK~1.ERH\AppData\Local\Temp\ccpye8jH.s 			page 4


 107              	.L12:
  65:.\main.c      **** 			ETH0_TcpPrint(socket, "Please Press a key: ");
 108              		.loc 1 65 0
 109 005a 2046     		mov	r0, r4
 110 005c 2349     		ldr	r1, .L20+12
 111 005e FFF7FEFF 		bl	ETH0_TcpPrint
 112              	.LVL15:
  66:.\main.c      **** 			switch(temp) {
 113              		.loc 1 66 0
 114 0062 032D     		cmp	r5, #3
 115 0064 10D8     		bhi	.L6
 116 0066 DFE805F0 		tbb	[pc, r5]
 117              	.L11:
 118 006a 02       		.byte	(.L7-.L11)/2
 119 006b 05       		.byte	(.L8-.L11)/2
 120 006c 08       		.byte	(.L9-.L11)/2
 121 006d 0B       		.byte	(.L10-.L11)/2
 122              		.align	1
 123              	.L7:
  67:.\main.c      **** 				case 0:
  68:.\main.c      **** 					ETH0_TcpPrint(socket, "\\ \r");
 124              		.loc 1 68 0
 125 006e 2046     		mov	r0, r4
 126 0070 1F49     		ldr	r1, .L20+16
 127 0072 07E0     		b	.L16
 128              	.L8:
  69:.\main.c      **** 					break;
  70:.\main.c      **** 				case 1:
  71:.\main.c      **** 					ETH0_TcpPrint(socket, "|\r");
 129              		.loc 1 71 0
 130 0074 2046     		mov	r0, r4
 131 0076 1F49     		ldr	r1, .L20+20
 132 0078 04E0     		b	.L16
 133              	.L9:
  72:.\main.c      **** 					break;
  73:.\main.c      **** 				case 2:
  74:.\main.c      **** 					ETH0_TcpPrint(socket, "/\r");
 134              		.loc 1 74 0
 135 007a 2046     		mov	r0, r4
 136 007c 1E49     		ldr	r1, .L20+24
 137 007e 01E0     		b	.L16
 138              	.L10:
  75:.\main.c      **** 					break;
  76:.\main.c      **** 				case 3:
  77:.\main.c      **** 					ETH0_TcpPrint(socket, "-\r");
 139              		.loc 1 77 0
 140 0080 1E49     		ldr	r1, .L20+28
 141 0082 2046     		mov	r0, r4
 142              	.LVL16:
 143              	.L16:
 144 0084 FFF7FEFF 		bl	ETH0_TcpPrint
 145              	.LVL17:
 146              	.L6:
  78:.\main.c      **** 					break;
  79:.\main.c      **** 			}
  80:.\main.c      **** 			temp = (temp + 1) & 3;
 147              		.loc 1 80 0
ARM GAS  C:\Users\CHUCK~1.ERH\AppData\Local\Temp\ccpye8jH.s 			page 5


 148 0088 0135     		adds	r5, r5, #1
 149              	.LVL18:
  81:.\main.c      **** 			CyDelay(1);
 150              		.loc 1 81 0
 151 008a 0120     		movs	r0, #1
  80:.\main.c      **** 			temp = (temp + 1) & 3;
 152              		.loc 1 80 0
 153 008c 05F00305 		and	r5, r5, #3
 154              	.LVL19:
 155              		.loc 1 81 0
 156 0090 FFF7FEFF 		bl	CyDelay
 157              	.LVL20:
 158 0094 DDE7     		b	.L5
 159              	.L19:
  82:.\main.c      **** 		}
  83:.\main.c      **** 		ETH0_TcpPrint(socket,"\r\nThank You! :-) ");
 160              		.loc 1 83 0
 161 0096 2046     		mov	r0, r4
 162 0098 1949     		ldr	r1, .L20+32
 163 009a FFF7FEFF 		bl	ETH0_TcpPrint
 164              	.LVL21:
  84:.\main.c      **** 		length = ETH0_TcpReceive(socket,(uint8*)&buffer[0],128);
 165              		.loc 1 84 0
 166 009e 6946     		mov	r1, sp
 167 00a0 8022     		movs	r2, #128
 168 00a2 2046     		mov	r0, r4
 169 00a4 FFF7FEFF 		bl	ETH0_TcpReceive
 170              	.LVL22:
  85:.\main.c      **** 		ETH0_TcpSend(socket,(uint8*)&buffer[0],length);
 171              		.loc 1 85 0
 172 00a8 6946     		mov	r1, sp
  84:.\main.c      **** 		length = ETH0_TcpReceive(socket,(uint8*)&buffer[0],128);
 173              		.loc 1 84 0
 174 00aa 0246     		mov	r2, r0
 175              	.LVL23:
 176              		.loc 1 85 0
 177 00ac 2046     		mov	r0, r4
 178              	.LVL24:
 179 00ae FFF7FEFF 		bl	ETH0_TcpSend
 180              	.LVL25:
  86:.\main.c      **** 		
  87:.\main.c      **** 		/* pavloven test: TcpSend() of 2000 bytes */
  88:.\main.c      **** 		/* set I/O pin low for timing */
  89:.\main.c      **** 		SDCS_Write(0);
 181              		.loc 1 89 0
 182 00b2 0020     		movs	r0, #0
 183 00b4 FFF7FEFF 		bl	SDCS_Write
 184              	.LVL26:
  90:.\main.c      **** 		/* Transmit 2000 bytes through the driver to the host */
  91:.\main.c      **** 		ETH0_TcpSend(socket,(uint8*)&randomData[0], 2000);
 185              		.loc 1 91 0
 186 00b8 0949     		ldr	r1, .L20
 187 00ba 4FF4FA62 		mov	r2, #2000
 188 00be 2046     		mov	r0, r4
 189 00c0 FFF7FEFF 		bl	ETH0_TcpSend
 190              	.LVL27:
  92:.\main.c      **** 		/* Set I/O pin high for measuring time */
ARM GAS  C:\Users\CHUCK~1.ERH\AppData\Local\Temp\ccpye8jH.s 			page 6


  93:.\main.c      **** 		SDCS_Write(1);
 191              		.loc 1 93 0
 192 00c4 0120     		movs	r0, #1
 193 00c6 FFF7FEFF 		bl	SDCS_Write
 194              	.LVL28:
  94:.\main.c      **** 		/* end test : measured time TBD ms (Effective Data Rate: TBD bps) */
  95:.\main.c      **** 		
  96:.\main.c      **** 		ETH0_TcpDisconnect( socket );
 195              		.loc 1 96 0
 196 00ca 2046     		mov	r0, r4
 197 00cc FFF7FEFF 		bl	ETH0_TcpDisconnect
 198              	.LVL29:
  97:.\main.c      **** 		ETH0_SocketClose( socket );
 199              		.loc 1 97 0
 200 00d0 2046     		mov	r0, r4
 201 00d2 FFF7FEFF 		bl	ETH0_SocketClose
 202              	.LVL30:
  98:.\main.c      **** 		CyDelay(10);
 203              		.loc 1 98 0
 204 00d6 0A20     		movs	r0, #10
 205 00d8 FFF7FEFF 		bl	CyDelay
 206              	.LVL31:
  99:.\main.c      ****     }
 207              		.loc 1 99 0
 208 00dc A2E7     		b	.L15
 209              	.L21:
 210 00de 00BF     		.align	2
 211              	.L20:
 212 00e0 00000000 		.word	randomData
 213 00e4 00000000 		.word	.LC0
 214 00e8 29000000 		.word	.LC1
 215 00ec 7A000000 		.word	.LC2
 216 00f0 8F000000 		.word	.LC3
 217 00f4 93000000 		.word	.LC4
 218 00f8 96000000 		.word	.LC5
 219 00fc 99000000 		.word	.LC6
 220 0100 9C000000 		.word	.LC7
 221              		.cfi_endproc
 222              	.LFE56:
 223              		.size	main, .-main
 224              		.comm	randomData,2000,1
 225              		.section	.rodata.str1.1,"aMS",%progbits,1
 226              	.LC0:
 227 0000 57656C63 		.ascii	"Welcome to the freeSoC Explorer Board!\015\012\000"
 227      6F6D6520 
 227      746F2074 
 227      68652066 
 227      72656553 
 228              	.LC1:
 229 0029 2D2D2D2D 		.ascii	"---------------------------------------------------"
 229      2D2D2D2D 
 229      2D2D2D2D 
 229      2D2D2D2D 
 229      2D2D2D2D 
 230 005c 2D2D2D2D 		.ascii	"-------------------------\015\012\015\012\000"
 230      2D2D2D2D 
 230      2D2D2D2D 
ARM GAS  C:\Users\CHUCK~1.ERH\AppData\Local\Temp\ccpye8jH.s 			page 7


 230      2D2D2D2D 
 230      2D2D2D2D 
 231              	.LC2:
 232 007a 506C6561 		.ascii	"Please Press a key: \000"
 232      73652050 
 232      72657373 
 232      2061206B 
 232      65793A20 
 233              	.LC3:
 234 008f 5C200D00 		.ascii	"\\ \015\000"
 235              	.LC4:
 236 0093 7C0D00   		.ascii	"|\015\000"
 237              	.LC5:
 238 0096 2F0D00   		.ascii	"/\015\000"
 239              	.LC6:
 240 0099 2D0D00   		.ascii	"-\015\000"
 241              	.LC7:
 242 009c 0D0A5468 		.ascii	"\015\012Thank You! :-) \000"
 242      616E6B20 
 242      596F7521 
 242      203A2D29 
 242      2000
 243              		.text
 244              	.Letext0:
 245              		.file 2 "c:\\program files (x86)\\cypress\\psoc creator\\3.0\\psoc creator\\import\\gnu_cs\\arm\\4
 246              		.file 3 "./Generated_Source/PSoC5/cytypes.h"
 247              		.file 4 "./Generated_Source/PSoC5/core_cm3.h"
 248              		.file 5 "./Generated_Source/PSoC5/SPI0.h"
 249              		.file 6 "./Generated_Source/PSoC5/ETH0.h"
 250              		.file 7 "./Generated_Source/PSoC5/CyLib.h"
 251              		.file 8 "./Generated_Source/PSoC5/SDCS.h"
 252              		.section	.debug_info,"",%progbits
 253              	.Ldebug_info0:
 254 0000 84040000 		.4byte	0x484
 255 0004 0200     		.2byte	0x2
 256 0006 00000000 		.4byte	.Ldebug_abbrev0
 257 000a 04       		.byte	0x4
 258 000b 01       		.uleb128 0x1
 259 000c D6010000 		.4byte	.LASF36
 260 0010 01       		.byte	0x1
 261 0011 8C000000 		.4byte	.LASF37
 262 0015 1F000000 		.4byte	.LASF38
 263 0019 00000000 		.4byte	.Ldebug_ranges0+0
 264 001d 00000000 		.4byte	0
 265 0021 00000000 		.4byte	0
 266 0025 00000000 		.4byte	.Ldebug_line0
 267 0029 02       		.uleb128 0x2
 268 002a 01       		.byte	0x1
 269 002b 06       		.byte	0x6
 270 002c 9B000000 		.4byte	.LASF0
 271 0030 02       		.uleb128 0x2
 272 0031 01       		.byte	0x1
 273 0032 08       		.byte	0x8
 274 0033 A7000000 		.4byte	.LASF1
 275 0037 02       		.uleb128 0x2
 276 0038 02       		.byte	0x2
 277 0039 05       		.byte	0x5
ARM GAS  C:\Users\CHUCK~1.ERH\AppData\Local\Temp\ccpye8jH.s 			page 8


 278 003a BF010000 		.4byte	.LASF2
 279 003e 02       		.uleb128 0x2
 280 003f 02       		.byte	0x2
 281 0040 07       		.byte	0x7
 282 0041 D7000000 		.4byte	.LASF3
 283 0045 03       		.uleb128 0x3
 284 0046 84000000 		.4byte	.LASF9
 285 004a 02       		.byte	0x2
 286 004b 4F       		.byte	0x4f
 287 004c 50000000 		.4byte	0x50
 288 0050 02       		.uleb128 0x2
 289 0051 04       		.byte	0x4
 290 0052 05       		.byte	0x5
 291 0053 31020000 		.4byte	.LASF4
 292 0057 02       		.uleb128 0x2
 293 0058 04       		.byte	0x4
 294 0059 07       		.byte	0x7
 295 005a F7000000 		.4byte	.LASF5
 296 005e 02       		.uleb128 0x2
 297 005f 08       		.byte	0x8
 298 0060 05       		.byte	0x5
 299 0061 9E010000 		.4byte	.LASF6
 300 0065 02       		.uleb128 0x2
 301 0066 08       		.byte	0x8
 302 0067 07       		.byte	0x7
 303 0068 4C010000 		.4byte	.LASF7
 304 006c 04       		.uleb128 0x4
 305 006d 04       		.byte	0x4
 306 006e 05       		.byte	0x5
 307 006f 696E7400 		.ascii	"int\000"
 308 0073 02       		.uleb128 0x2
 309 0074 04       		.byte	0x4
 310 0075 07       		.byte	0x7
 311 0076 2D010000 		.4byte	.LASF8
 312 007a 03       		.uleb128 0x3
 313 007b D0010000 		.4byte	.LASF10
 314 007f 03       		.byte	0x3
 315 0080 5B       		.byte	0x5b
 316 0081 30000000 		.4byte	0x30
 317 0085 03       		.uleb128 0x3
 318 0086 0E010000 		.4byte	.LASF11
 319 008a 03       		.byte	0x3
 320 008b 5C       		.byte	0x5c
 321 008c 3E000000 		.4byte	0x3e
 322 0090 03       		.uleb128 0x3
 323 0091 15010000 		.4byte	.LASF12
 324 0095 03       		.byte	0x3
 325 0096 5D       		.byte	0x5d
 326 0097 57000000 		.4byte	0x57
 327 009b 02       		.uleb128 0x2
 328 009c 04       		.byte	0x4
 329 009d 04       		.byte	0x4
 330 009e 95000000 		.4byte	.LASF13
 331 00a2 02       		.uleb128 0x2
 332 00a3 08       		.byte	0x8
 333 00a4 04       		.byte	0x4
 334 00a5 18000000 		.4byte	.LASF14
ARM GAS  C:\Users\CHUCK~1.ERH\AppData\Local\Temp\ccpye8jH.s 			page 9


 335 00a9 02       		.uleb128 0x2
 336 00aa 01       		.byte	0x1
 337 00ab 08       		.byte	0x8
 338 00ac BA010000 		.4byte	.LASF15
 339 00b0 02       		.uleb128 0x2
 340 00b1 04       		.byte	0x4
 341 00b2 07       		.byte	0x7
 342 00b3 6E010000 		.4byte	.LASF16
 343 00b7 05       		.uleb128 0x5
 344 00b8 04       		.byte	0x4
 345 00b9 BD000000 		.4byte	0xbd
 346 00bd 06       		.uleb128 0x6
 347 00be A9000000 		.4byte	0xa9
 348 00c2 07       		.uleb128 0x7
 349 00c3 01       		.byte	0x1
 350 00c4 09010000 		.4byte	.LASF39
 351 00c8 01       		.byte	0x1
 352 00c9 18       		.byte	0x18
 353 00ca 6C000000 		.4byte	0x6c
 354 00ce 00000000 		.4byte	.LFB56
 355 00d2 04010000 		.4byte	.LFE56
 356 00d6 00000000 		.4byte	.LLST0
 357 00da 01       		.byte	0x1
 358 00db 06030000 		.4byte	0x306
 359 00df 08       		.uleb128 0x8
 360 00e0 C9010000 		.4byte	.LASF17
 361 00e4 01       		.byte	0x1
 362 00e5 1A       		.byte	0x1a
 363 00e6 06030000 		.4byte	0x306
 364 00ea 03       		.byte	0x3
 365 00eb 91       		.byte	0x91
 366 00ec F07E     		.sleb128 -144
 367 00ee 09       		.uleb128 0x9
 368 00ef 2A020000 		.4byte	.LASF18
 369 00f3 01       		.byte	0x1
 370 00f4 1B       		.byte	0x1b
 371 00f5 7A000000 		.4byte	0x7a
 372 00f9 2D000000 		.4byte	.LLST1
 373 00fd 09       		.uleb128 0x9
 374 00fe 5E020000 		.4byte	.LASF19
 375 0102 01       		.byte	0x1
 376 0103 1C       		.byte	0x1c
 377 0104 85000000 		.4byte	0x85
 378 0108 61000000 		.4byte	.LLST2
 379 010c 09       		.uleb128 0x9
 380 010d D2000000 		.4byte	.LASF20
 381 0111 01       		.byte	0x1
 382 0112 1D       		.byte	0x1d
 383 0113 6C000000 		.4byte	0x6c
 384 0117 7F000000 		.4byte	.LLST3
 385 011b 0A       		.uleb128 0xa
 386 011c 0E000000 		.4byte	.LBB2
 387 0120 1C000000 		.4byte	.LBE2
 388 0124 45010000 		.4byte	0x145
 389 0128 0B       		.uleb128 0xb
 390 0129 01       		.byte	0x1
 391 012a 6D020000 		.4byte	.LASF23
ARM GAS  C:\Users\CHUCK~1.ERH\AppData\Local\Temp\ccpye8jH.s 			page 10


 392 012e 01       		.byte	0x1
 393 012f 26       		.byte	0x26
 394 0130 6C000000 		.4byte	0x6c
 395 0134 01       		.byte	0x1
 396 0135 3B010000 		.4byte	0x13b
 397 0139 0C       		.uleb128 0xc
 398 013a 00       		.byte	0
 399 013b 0D       		.uleb128 0xd
 400 013c 12000000 		.4byte	.LVL3
 401 0140 4C030000 		.4byte	0x34c
 402 0144 00       		.byte	0
 403 0145 0D       		.uleb128 0xd
 404 0146 08000000 		.4byte	.LVL0
 405 014a 5F030000 		.4byte	0x35f
 406 014e 0D       		.uleb128 0xd
 407 014f 0C000000 		.4byte	.LVL1
 408 0153 69030000 		.4byte	0x369
 409 0157 0E       		.uleb128 0xe
 410 0158 2A000000 		.4byte	.LVL6
 411 015c 73030000 		.4byte	0x373
 412 0160 6A010000 		.4byte	0x16a
 413 0164 0F       		.uleb128 0xf
 414 0165 01       		.byte	0x1
 415 0166 50       		.byte	0x50
 416 0167 01       		.byte	0x1
 417 0168 47       		.byte	0x47
 418 0169 00       		.byte	0
 419 016a 0E       		.uleb128 0xe
 420 016b 30000000 		.4byte	.LVL8
 421 016f 8C030000 		.4byte	0x38c
 422 0173 7E010000 		.4byte	0x17e
 423 0177 0F       		.uleb128 0xf
 424 0178 01       		.byte	0x1
 425 0179 50       		.byte	0x50
 426 017a 02       		.byte	0x2
 427 017b 74       		.byte	0x74
 428 017c 00       		.sleb128 0
 429 017d 00       		.byte	0
 430 017e 0E       		.uleb128 0xe
 431 017f 36000000 		.4byte	.LVL9
 432 0183 A1030000 		.4byte	0x3a1
 433 0187 92010000 		.4byte	0x192
 434 018b 0F       		.uleb128 0xf
 435 018c 01       		.byte	0x1
 436 018d 50       		.byte	0x50
 437 018e 02       		.byte	0x2
 438 018f 74       		.byte	0x74
 439 0190 00       		.sleb128 0
 440 0191 00       		.byte	0
 441 0192 0E       		.uleb128 0xe
 442 0193 3E000000 		.4byte	.LVL10
 443 0197 BA030000 		.4byte	0x3ba
 444 019b A6010000 		.4byte	0x1a6
 445 019f 0F       		.uleb128 0xf
 446 01a0 01       		.byte	0x1
 447 01a1 50       		.byte	0x50
 448 01a2 02       		.byte	0x2
ARM GAS  C:\Users\CHUCK~1.ERH\AppData\Local\Temp\ccpye8jH.s 			page 11


 449 01a3 08       		.byte	0x8
 450 01a4 64       		.byte	0x64
 451 01a5 00       		.byte	0
 452 01a6 0E       		.uleb128 0xe
 453 01a7 48000000 		.4byte	.LVL11
 454 01ab CE030000 		.4byte	0x3ce
 455 01af C3010000 		.4byte	0x1c3
 456 01b3 0F       		.uleb128 0xf
 457 01b4 01       		.byte	0x1
 458 01b5 51       		.byte	0x51
 459 01b6 05       		.byte	0x5
 460 01b7 03       		.byte	0x3
 461 01b8 00000000 		.4byte	.LC0
 462 01bc 0F       		.uleb128 0xf
 463 01bd 01       		.byte	0x1
 464 01be 50       		.byte	0x50
 465 01bf 02       		.byte	0x2
 466 01c0 74       		.byte	0x74
 467 01c1 00       		.sleb128 0
 468 01c2 00       		.byte	0
 469 01c3 0E       		.uleb128 0xe
 470 01c4 50000000 		.4byte	.LVL12
 471 01c8 CE030000 		.4byte	0x3ce
 472 01cc E0010000 		.4byte	0x1e0
 473 01d0 0F       		.uleb128 0xf
 474 01d1 01       		.byte	0x1
 475 01d2 51       		.byte	0x51
 476 01d3 05       		.byte	0x5
 477 01d4 03       		.byte	0x3
 478 01d5 29000000 		.4byte	.LC1
 479 01d9 0F       		.uleb128 0xf
 480 01da 01       		.byte	0x1
 481 01db 50       		.byte	0x50
 482 01dc 02       		.byte	0x2
 483 01dd 74       		.byte	0x74
 484 01de 00       		.sleb128 0
 485 01df 00       		.byte	0
 486 01e0 0E       		.uleb128 0xe
 487 01e1 58000000 		.4byte	.LVL14
 488 01e5 E8030000 		.4byte	0x3e8
 489 01e9 F4010000 		.4byte	0x1f4
 490 01ed 0F       		.uleb128 0xf
 491 01ee 01       		.byte	0x1
 492 01ef 50       		.byte	0x50
 493 01f0 02       		.byte	0x2
 494 01f1 74       		.byte	0x74
 495 01f2 00       		.sleb128 0
 496 01f3 00       		.byte	0
 497 01f4 0E       		.uleb128 0xe
 498 01f5 62000000 		.4byte	.LVL15
 499 01f9 CE030000 		.4byte	0x3ce
 500 01fd 11020000 		.4byte	0x211
 501 0201 0F       		.uleb128 0xf
 502 0202 01       		.byte	0x1
 503 0203 51       		.byte	0x51
 504 0204 05       		.byte	0x5
 505 0205 03       		.byte	0x3
ARM GAS  C:\Users\CHUCK~1.ERH\AppData\Local\Temp\ccpye8jH.s 			page 12


 506 0206 7A000000 		.4byte	.LC2
 507 020a 0F       		.uleb128 0xf
 508 020b 01       		.byte	0x1
 509 020c 50       		.byte	0x50
 510 020d 02       		.byte	0x2
 511 020e 74       		.byte	0x74
 512 020f 00       		.sleb128 0
 513 0210 00       		.byte	0
 514 0211 0D       		.uleb128 0xd
 515 0212 88000000 		.4byte	.LVL17
 516 0216 CE030000 		.4byte	0x3ce
 517 021a 0E       		.uleb128 0xe
 518 021b 94000000 		.4byte	.LVL20
 519 021f BA030000 		.4byte	0x3ba
 520 0223 2D020000 		.4byte	0x22d
 521 0227 0F       		.uleb128 0xf
 522 0228 01       		.byte	0x1
 523 0229 50       		.byte	0x50
 524 022a 01       		.byte	0x1
 525 022b 31       		.byte	0x31
 526 022c 00       		.byte	0
 527 022d 0E       		.uleb128 0xe
 528 022e 9E000000 		.4byte	.LVL21
 529 0232 CE030000 		.4byte	0x3ce
 530 0236 4A020000 		.4byte	0x24a
 531 023a 0F       		.uleb128 0xf
 532 023b 01       		.byte	0x1
 533 023c 51       		.byte	0x51
 534 023d 05       		.byte	0x5
 535 023e 03       		.byte	0x3
 536 023f 9C000000 		.4byte	.LC7
 537 0243 0F       		.uleb128 0xf
 538 0244 01       		.byte	0x1
 539 0245 50       		.byte	0x50
 540 0246 02       		.byte	0x2
 541 0247 74       		.byte	0x74
 542 0248 00       		.sleb128 0
 543 0249 00       		.byte	0
 544 024a 0E       		.uleb128 0xe
 545 024b A8000000 		.4byte	.LVL22
 546 024f 01040000 		.4byte	0x401
 547 0253 6A020000 		.4byte	0x26a
 548 0257 0F       		.uleb128 0xf
 549 0258 01       		.byte	0x1
 550 0259 52       		.byte	0x52
 551 025a 02       		.byte	0x2
 552 025b 08       		.byte	0x8
 553 025c 80       		.byte	0x80
 554 025d 0F       		.uleb128 0xf
 555 025e 01       		.byte	0x1
 556 025f 51       		.byte	0x51
 557 0260 02       		.byte	0x2
 558 0261 7D       		.byte	0x7d
 559 0262 00       		.sleb128 0
 560 0263 0F       		.uleb128 0xf
 561 0264 01       		.byte	0x1
 562 0265 50       		.byte	0x50
ARM GAS  C:\Users\CHUCK~1.ERH\AppData\Local\Temp\ccpye8jH.s 			page 13


 563 0266 02       		.byte	0x2
 564 0267 74       		.byte	0x74
 565 0268 00       		.sleb128 0
 566 0269 00       		.byte	0
 567 026a 0E       		.uleb128 0xe
 568 026b B2000000 		.4byte	.LVL25
 569 026f 2A040000 		.4byte	0x42a
 570 0273 84020000 		.4byte	0x284
 571 0277 0F       		.uleb128 0xf
 572 0278 01       		.byte	0x1
 573 0279 51       		.byte	0x51
 574 027a 02       		.byte	0x2
 575 027b 7D       		.byte	0x7d
 576 027c 00       		.sleb128 0
 577 027d 0F       		.uleb128 0xf
 578 027e 01       		.byte	0x1
 579 027f 50       		.byte	0x50
 580 0280 02       		.byte	0x2
 581 0281 74       		.byte	0x74
 582 0282 00       		.sleb128 0
 583 0283 00       		.byte	0
 584 0284 0E       		.uleb128 0xe
 585 0285 B8000000 		.4byte	.LVL26
 586 0289 4D040000 		.4byte	0x44d
 587 028d 97020000 		.4byte	0x297
 588 0291 0F       		.uleb128 0xf
 589 0292 01       		.byte	0x1
 590 0293 50       		.byte	0x50
 591 0294 01       		.byte	0x1
 592 0295 30       		.byte	0x30
 593 0296 00       		.byte	0
 594 0297 0E       		.uleb128 0xe
 595 0298 C4000000 		.4byte	.LVL27
 596 029c 2A040000 		.4byte	0x42a
 597 02a0 BB020000 		.4byte	0x2bb
 598 02a4 0F       		.uleb128 0xf
 599 02a5 01       		.byte	0x1
 600 02a6 52       		.byte	0x52
 601 02a7 03       		.byte	0x3
 602 02a8 0A       		.byte	0xa
 603 02a9 D007     		.2byte	0x7d0
 604 02ab 0F       		.uleb128 0xf
 605 02ac 01       		.byte	0x1
 606 02ad 51       		.byte	0x51
 607 02ae 05       		.byte	0x5
 608 02af 03       		.byte	0x3
 609 02b0 00000000 		.4byte	randomData
 610 02b4 0F       		.uleb128 0xf
 611 02b5 01       		.byte	0x1
 612 02b6 50       		.byte	0x50
 613 02b7 02       		.byte	0x2
 614 02b8 74       		.byte	0x74
 615 02b9 00       		.sleb128 0
 616 02ba 00       		.byte	0
 617 02bb 0E       		.uleb128 0xe
 618 02bc CA000000 		.4byte	.LVL28
 619 02c0 4D040000 		.4byte	0x44d
ARM GAS  C:\Users\CHUCK~1.ERH\AppData\Local\Temp\ccpye8jH.s 			page 14


 620 02c4 CE020000 		.4byte	0x2ce
 621 02c8 0F       		.uleb128 0xf
 622 02c9 01       		.byte	0x1
 623 02ca 50       		.byte	0x50
 624 02cb 01       		.byte	0x1
 625 02cc 31       		.byte	0x31
 626 02cd 00       		.byte	0
 627 02ce 0E       		.uleb128 0xe
 628 02cf D0000000 		.4byte	.LVL29
 629 02d3 61040000 		.4byte	0x461
 630 02d7 E2020000 		.4byte	0x2e2
 631 02db 0F       		.uleb128 0xf
 632 02dc 01       		.byte	0x1
 633 02dd 50       		.byte	0x50
 634 02de 02       		.byte	0x2
 635 02df 74       		.byte	0x74
 636 02e0 00       		.sleb128 0
 637 02e1 00       		.byte	0
 638 02e2 0E       		.uleb128 0xe
 639 02e3 D6000000 		.4byte	.LVL30
 640 02e7 76040000 		.4byte	0x476
 641 02eb F6020000 		.4byte	0x2f6
 642 02ef 0F       		.uleb128 0xf
 643 02f0 01       		.byte	0x1
 644 02f1 50       		.byte	0x50
 645 02f2 02       		.byte	0x2
 646 02f3 74       		.byte	0x74
 647 02f4 00       		.sleb128 0
 648 02f5 00       		.byte	0
 649 02f6 10       		.uleb128 0x10
 650 02f7 DC000000 		.4byte	.LVL31
 651 02fb BA030000 		.4byte	0x3ba
 652 02ff 0F       		.uleb128 0xf
 653 0300 01       		.byte	0x1
 654 0301 50       		.byte	0x50
 655 0302 01       		.byte	0x1
 656 0303 3A       		.byte	0x3a
 657 0304 00       		.byte	0
 658 0305 00       		.byte	0
 659 0306 11       		.uleb128 0x11
 660 0307 A9000000 		.4byte	0xa9
 661 030b 16030000 		.4byte	0x316
 662 030f 12       		.uleb128 0x12
 663 0310 B0000000 		.4byte	0xb0
 664 0314 7F       		.byte	0x7f
 665 0315 00       		.byte	0
 666 0316 13       		.uleb128 0x13
 667 0317 EA000000 		.4byte	.LASF21
 668 031b 04       		.byte	0x4
 669 031c 1606     		.2byte	0x616
 670 031e 24030000 		.4byte	0x324
 671 0322 01       		.byte	0x1
 672 0323 01       		.byte	0x1
 673 0324 14       		.uleb128 0x14
 674 0325 45000000 		.4byte	0x45
 675 0329 11       		.uleb128 0x11
 676 032a A9000000 		.4byte	0xa9
ARM GAS  C:\Users\CHUCK~1.ERH\AppData\Local\Temp\ccpye8jH.s 			page 15


 677 032e 3A030000 		.4byte	0x33a
 678 0332 15       		.uleb128 0x15
 679 0333 B0000000 		.4byte	0xb0
 680 0337 CF07     		.2byte	0x7cf
 681 0339 00       		.byte	0
 682 033a 16       		.uleb128 0x16
 683 033b 3A020000 		.4byte	.LASF22
 684 033f 01       		.byte	0x1
 685 0340 16       		.byte	0x16
 686 0341 29030000 		.4byte	0x329
 687 0345 01       		.byte	0x1
 688 0346 05       		.byte	0x5
 689 0347 03       		.byte	0x3
 690 0348 00000000 		.4byte	randomData
 691 034c 0B       		.uleb128 0xb
 692 034d 01       		.byte	0x1
 693 034e 6D020000 		.4byte	.LASF23
 694 0352 01       		.byte	0x1
 695 0353 26       		.byte	0x26
 696 0354 6C000000 		.4byte	0x6c
 697 0358 01       		.byte	0x1
 698 0359 5F030000 		.4byte	0x35f
 699 035d 0C       		.uleb128 0xc
 700 035e 00       		.byte	0
 701 035f 17       		.uleb128 0x17
 702 0360 01       		.byte	0x1
 703 0361 00000000 		.4byte	.LASF24
 704 0365 05       		.byte	0x5
 705 0366 58       		.byte	0x58
 706 0367 01       		.byte	0x1
 707 0368 01       		.byte	0x1
 708 0369 17       		.uleb128 0x17
 709 036a 01       		.byte	0x1
 710 036b 63010000 		.4byte	.LASF25
 711 036f 06       		.byte	0x6
 712 0370 C4       		.byte	0xc4
 713 0371 01       		.byte	0x1
 714 0372 01       		.byte	0x1
 715 0373 18       		.uleb128 0x18
 716 0374 01       		.byte	0x1
 717 0375 B5000000 		.4byte	.LASF27
 718 0379 06       		.byte	0x6
 719 037a 5701     		.2byte	0x157
 720 037c 01       		.byte	0x1
 721 037d 7A000000 		.4byte	0x7a
 722 0381 01       		.byte	0x1
 723 0382 8C030000 		.4byte	0x38c
 724 0386 19       		.uleb128 0x19
 725 0387 85000000 		.4byte	0x85
 726 038b 00       		.byte	0
 727 038c 1A       		.uleb128 0x1a
 728 038d 01       		.byte	0x1
 729 038e 77010000 		.4byte	.LASF26
 730 0392 06       		.byte	0x6
 731 0393 6401     		.2byte	0x164
 732 0395 01       		.byte	0x1
 733 0396 01       		.byte	0x1
ARM GAS  C:\Users\CHUCK~1.ERH\AppData\Local\Temp\ccpye8jH.s 			page 16


 734 0397 A1030000 		.4byte	0x3a1
 735 039b 19       		.uleb128 0x19
 736 039c 7A000000 		.4byte	0x7a
 737 03a0 00       		.byte	0
 738 03a1 18       		.uleb128 0x18
 739 03a2 01       		.byte	0x1
 740 03a3 3A010000 		.4byte	.LASF28
 741 03a7 06       		.byte	0x6
 742 03a8 9701     		.2byte	0x197
 743 03aa 01       		.byte	0x1
 744 03ab 7A000000 		.4byte	0x7a
 745 03af 01       		.byte	0x1
 746 03b0 BA030000 		.4byte	0x3ba
 747 03b4 19       		.uleb128 0x19
 748 03b5 7A000000 		.4byte	0x7a
 749 03b9 00       		.byte	0
 750 03ba 1B       		.uleb128 0x1b
 751 03bb 01       		.byte	0x1
 752 03bc 65020000 		.4byte	.LASF29
 753 03c0 07       		.byte	0x7
 754 03c1 77       		.byte	0x77
 755 03c2 01       		.byte	0x1
 756 03c3 01       		.byte	0x1
 757 03c4 CE030000 		.4byte	0x3ce
 758 03c8 19       		.uleb128 0x19
 759 03c9 90000000 		.4byte	0x90
 760 03cd 00       		.byte	0
 761 03ce 1A       		.uleb128 0x1a
 762 03cf 01       		.byte	0x1
 763 03d0 AC010000 		.4byte	.LASF30
 764 03d4 06       		.byte	0x6
 765 03d5 E801     		.2byte	0x1e8
 766 03d7 01       		.byte	0x1
 767 03d8 01       		.byte	0x1
 768 03d9 E8030000 		.4byte	0x3e8
 769 03dd 19       		.uleb128 0x19
 770 03de 7A000000 		.4byte	0x7a
 771 03e2 19       		.uleb128 0x19
 772 03e3 B7000000 		.4byte	0xb7
 773 03e7 00       		.byte	0
 774 03e8 18       		.uleb128 0x18
 775 03e9 01       		.byte	0x1
 776 03ea 45020000 		.4byte	.LASF31
 777 03ee 06       		.byte	0x6
 778 03ef 4701     		.2byte	0x147
 779 03f1 01       		.byte	0x1
 780 03f2 85000000 		.4byte	0x85
 781 03f6 01       		.byte	0x1
 782 03f7 01040000 		.4byte	0x401
 783 03fb 19       		.uleb128 0x19
 784 03fc 7A000000 		.4byte	0x7a
 785 0400 00       		.byte	0
 786 0401 18       		.uleb128 0x18
 787 0402 01       		.byte	0x1
 788 0403 C2000000 		.4byte	.LASF32
 789 0407 06       		.byte	0x6
 790 0408 D701     		.2byte	0x1d7
ARM GAS  C:\Users\CHUCK~1.ERH\AppData\Local\Temp\ccpye8jH.s 			page 17


 791 040a 01       		.byte	0x1
 792 040b 85000000 		.4byte	0x85
 793 040f 01       		.byte	0x1
 794 0410 24040000 		.4byte	0x424
 795 0414 19       		.uleb128 0x19
 796 0415 7A000000 		.4byte	0x7a
 797 0419 19       		.uleb128 0x19
 798 041a 24040000 		.4byte	0x424
 799 041e 19       		.uleb128 0x19
 800 041f 85000000 		.4byte	0x85
 801 0423 00       		.byte	0
 802 0424 05       		.uleb128 0x5
 803 0425 04       		.byte	0x4
 804 0426 7A000000 		.4byte	0x7a
 805 042a 18       		.uleb128 0x18
 806 042b 01       		.byte	0x1
 807 042c 0B000000 		.4byte	.LASF33
 808 0430 06       		.byte	0x6
 809 0431 BC01     		.2byte	0x1bc
 810 0433 01       		.byte	0x1
 811 0434 85000000 		.4byte	0x85
 812 0438 01       		.byte	0x1
 813 0439 4D040000 		.4byte	0x44d
 814 043d 19       		.uleb128 0x19
 815 043e 7A000000 		.4byte	0x7a
 816 0442 19       		.uleb128 0x19
 817 0443 24040000 		.4byte	0x424
 818 0447 19       		.uleb128 0x19
 819 0448 85000000 		.4byte	0x85
 820 044c 00       		.byte	0
 821 044d 1B       		.uleb128 0x1b
 822 044e 01       		.byte	0x1
 823 044f 1F020000 		.4byte	.LASF34
 824 0453 08       		.byte	0x8
 825 0454 28       		.byte	0x28
 826 0455 01       		.byte	0x1
 827 0456 01       		.byte	0x1
 828 0457 61040000 		.4byte	0x461
 829 045b 19       		.uleb128 0x19
 830 045c 7A000000 		.4byte	0x7a
 831 0460 00       		.byte	0
 832 0461 1A       		.uleb128 0x1a
 833 0462 01       		.byte	0x1
 834 0463 8B010000 		.4byte	.LASF35
 835 0467 06       		.byte	0x6
 836 0468 A301     		.2byte	0x1a3
 837 046a 01       		.byte	0x1
 838 046b 01       		.byte	0x1
 839 046c 76040000 		.4byte	0x476
 840 0470 19       		.uleb128 0x19
 841 0471 7A000000 		.4byte	0x7a
 842 0475 00       		.byte	0
 843 0476 1C       		.uleb128 0x1c
 844 0477 01       		.byte	0x1
 845 0478 1C010000 		.4byte	.LASF40
 846 047c 06       		.byte	0x6
 847 047d 2501     		.2byte	0x125
ARM GAS  C:\Users\CHUCK~1.ERH\AppData\Local\Temp\ccpye8jH.s 			page 18


 848 047f 01       		.byte	0x1
 849 0480 01       		.byte	0x1
 850 0481 19       		.uleb128 0x19
 851 0482 7A000000 		.4byte	0x7a
 852 0486 00       		.byte	0
 853 0487 00       		.byte	0
 854              		.section	.debug_abbrev,"",%progbits
 855              	.Ldebug_abbrev0:
 856 0000 01       		.uleb128 0x1
 857 0001 11       		.uleb128 0x11
 858 0002 01       		.byte	0x1
 859 0003 25       		.uleb128 0x25
 860 0004 0E       		.uleb128 0xe
 861 0005 13       		.uleb128 0x13
 862 0006 0B       		.uleb128 0xb
 863 0007 03       		.uleb128 0x3
 864 0008 0E       		.uleb128 0xe
 865 0009 1B       		.uleb128 0x1b
 866 000a 0E       		.uleb128 0xe
 867 000b 55       		.uleb128 0x55
 868 000c 06       		.uleb128 0x6
 869 000d 11       		.uleb128 0x11
 870 000e 01       		.uleb128 0x1
 871 000f 52       		.uleb128 0x52
 872 0010 01       		.uleb128 0x1
 873 0011 10       		.uleb128 0x10
 874 0012 06       		.uleb128 0x6
 875 0013 00       		.byte	0
 876 0014 00       		.byte	0
 877 0015 02       		.uleb128 0x2
 878 0016 24       		.uleb128 0x24
 879 0017 00       		.byte	0
 880 0018 0B       		.uleb128 0xb
 881 0019 0B       		.uleb128 0xb
 882 001a 3E       		.uleb128 0x3e
 883 001b 0B       		.uleb128 0xb
 884 001c 03       		.uleb128 0x3
 885 001d 0E       		.uleb128 0xe
 886 001e 00       		.byte	0
 887 001f 00       		.byte	0
 888 0020 03       		.uleb128 0x3
 889 0021 16       		.uleb128 0x16
 890 0022 00       		.byte	0
 891 0023 03       		.uleb128 0x3
 892 0024 0E       		.uleb128 0xe
 893 0025 3A       		.uleb128 0x3a
 894 0026 0B       		.uleb128 0xb
 895 0027 3B       		.uleb128 0x3b
 896 0028 0B       		.uleb128 0xb
 897 0029 49       		.uleb128 0x49
 898 002a 13       		.uleb128 0x13
 899 002b 00       		.byte	0
 900 002c 00       		.byte	0
 901 002d 04       		.uleb128 0x4
 902 002e 24       		.uleb128 0x24
 903 002f 00       		.byte	0
 904 0030 0B       		.uleb128 0xb
ARM GAS  C:\Users\CHUCK~1.ERH\AppData\Local\Temp\ccpye8jH.s 			page 19


 905 0031 0B       		.uleb128 0xb
 906 0032 3E       		.uleb128 0x3e
 907 0033 0B       		.uleb128 0xb
 908 0034 03       		.uleb128 0x3
 909 0035 08       		.uleb128 0x8
 910 0036 00       		.byte	0
 911 0037 00       		.byte	0
 912 0038 05       		.uleb128 0x5
 913 0039 0F       		.uleb128 0xf
 914 003a 00       		.byte	0
 915 003b 0B       		.uleb128 0xb
 916 003c 0B       		.uleb128 0xb
 917 003d 49       		.uleb128 0x49
 918 003e 13       		.uleb128 0x13
 919 003f 00       		.byte	0
 920 0040 00       		.byte	0
 921 0041 06       		.uleb128 0x6
 922 0042 26       		.uleb128 0x26
 923 0043 00       		.byte	0
 924 0044 49       		.uleb128 0x49
 925 0045 13       		.uleb128 0x13
 926 0046 00       		.byte	0
 927 0047 00       		.byte	0
 928 0048 07       		.uleb128 0x7
 929 0049 2E       		.uleb128 0x2e
 930 004a 01       		.byte	0x1
 931 004b 3F       		.uleb128 0x3f
 932 004c 0C       		.uleb128 0xc
 933 004d 03       		.uleb128 0x3
 934 004e 0E       		.uleb128 0xe
 935 004f 3A       		.uleb128 0x3a
 936 0050 0B       		.uleb128 0xb
 937 0051 3B       		.uleb128 0x3b
 938 0052 0B       		.uleb128 0xb
 939 0053 49       		.uleb128 0x49
 940 0054 13       		.uleb128 0x13
 941 0055 11       		.uleb128 0x11
 942 0056 01       		.uleb128 0x1
 943 0057 12       		.uleb128 0x12
 944 0058 01       		.uleb128 0x1
 945 0059 40       		.uleb128 0x40
 946 005a 06       		.uleb128 0x6
 947 005b 9742     		.uleb128 0x2117
 948 005d 0C       		.uleb128 0xc
 949 005e 01       		.uleb128 0x1
 950 005f 13       		.uleb128 0x13
 951 0060 00       		.byte	0
 952 0061 00       		.byte	0
 953 0062 08       		.uleb128 0x8
 954 0063 34       		.uleb128 0x34
 955 0064 00       		.byte	0
 956 0065 03       		.uleb128 0x3
 957 0066 0E       		.uleb128 0xe
 958 0067 3A       		.uleb128 0x3a
 959 0068 0B       		.uleb128 0xb
 960 0069 3B       		.uleb128 0x3b
 961 006a 0B       		.uleb128 0xb
ARM GAS  C:\Users\CHUCK~1.ERH\AppData\Local\Temp\ccpye8jH.s 			page 20


 962 006b 49       		.uleb128 0x49
 963 006c 13       		.uleb128 0x13
 964 006d 02       		.uleb128 0x2
 965 006e 0A       		.uleb128 0xa
 966 006f 00       		.byte	0
 967 0070 00       		.byte	0
 968 0071 09       		.uleb128 0x9
 969 0072 34       		.uleb128 0x34
 970 0073 00       		.byte	0
 971 0074 03       		.uleb128 0x3
 972 0075 0E       		.uleb128 0xe
 973 0076 3A       		.uleb128 0x3a
 974 0077 0B       		.uleb128 0xb
 975 0078 3B       		.uleb128 0x3b
 976 0079 0B       		.uleb128 0xb
 977 007a 49       		.uleb128 0x49
 978 007b 13       		.uleb128 0x13
 979 007c 02       		.uleb128 0x2
 980 007d 06       		.uleb128 0x6
 981 007e 00       		.byte	0
 982 007f 00       		.byte	0
 983 0080 0A       		.uleb128 0xa
 984 0081 0B       		.uleb128 0xb
 985 0082 01       		.byte	0x1
 986 0083 11       		.uleb128 0x11
 987 0084 01       		.uleb128 0x1
 988 0085 12       		.uleb128 0x12
 989 0086 01       		.uleb128 0x1
 990 0087 01       		.uleb128 0x1
 991 0088 13       		.uleb128 0x13
 992 0089 00       		.byte	0
 993 008a 00       		.byte	0
 994 008b 0B       		.uleb128 0xb
 995 008c 2E       		.uleb128 0x2e
 996 008d 01       		.byte	0x1
 997 008e 3F       		.uleb128 0x3f
 998 008f 0C       		.uleb128 0xc
 999 0090 03       		.uleb128 0x3
 1000 0091 0E       		.uleb128 0xe
 1001 0092 3A       		.uleb128 0x3a
 1002 0093 0B       		.uleb128 0xb
 1003 0094 3B       		.uleb128 0x3b
 1004 0095 0B       		.uleb128 0xb
 1005 0096 49       		.uleb128 0x49
 1006 0097 13       		.uleb128 0x13
 1007 0098 3C       		.uleb128 0x3c
 1008 0099 0C       		.uleb128 0xc
 1009 009a 01       		.uleb128 0x1
 1010 009b 13       		.uleb128 0x13
 1011 009c 00       		.byte	0
 1012 009d 00       		.byte	0
 1013 009e 0C       		.uleb128 0xc
 1014 009f 18       		.uleb128 0x18
 1015 00a0 00       		.byte	0
 1016 00a1 00       		.byte	0
 1017 00a2 00       		.byte	0
 1018 00a3 0D       		.uleb128 0xd
ARM GAS  C:\Users\CHUCK~1.ERH\AppData\Local\Temp\ccpye8jH.s 			page 21


 1019 00a4 898201   		.uleb128 0x4109
 1020 00a7 00       		.byte	0
 1021 00a8 11       		.uleb128 0x11
 1022 00a9 01       		.uleb128 0x1
 1023 00aa 31       		.uleb128 0x31
 1024 00ab 13       		.uleb128 0x13
 1025 00ac 00       		.byte	0
 1026 00ad 00       		.byte	0
 1027 00ae 0E       		.uleb128 0xe
 1028 00af 898201   		.uleb128 0x4109
 1029 00b2 01       		.byte	0x1
 1030 00b3 11       		.uleb128 0x11
 1031 00b4 01       		.uleb128 0x1
 1032 00b5 31       		.uleb128 0x31
 1033 00b6 13       		.uleb128 0x13
 1034 00b7 01       		.uleb128 0x1
 1035 00b8 13       		.uleb128 0x13
 1036 00b9 00       		.byte	0
 1037 00ba 00       		.byte	0
 1038 00bb 0F       		.uleb128 0xf
 1039 00bc 8A8201   		.uleb128 0x410a
 1040 00bf 00       		.byte	0
 1041 00c0 02       		.uleb128 0x2
 1042 00c1 0A       		.uleb128 0xa
 1043 00c2 9142     		.uleb128 0x2111
 1044 00c4 0A       		.uleb128 0xa
 1045 00c5 00       		.byte	0
 1046 00c6 00       		.byte	0
 1047 00c7 10       		.uleb128 0x10
 1048 00c8 898201   		.uleb128 0x4109
 1049 00cb 01       		.byte	0x1
 1050 00cc 11       		.uleb128 0x11
 1051 00cd 01       		.uleb128 0x1
 1052 00ce 31       		.uleb128 0x31
 1053 00cf 13       		.uleb128 0x13
 1054 00d0 00       		.byte	0
 1055 00d1 00       		.byte	0
 1056 00d2 11       		.uleb128 0x11
 1057 00d3 01       		.uleb128 0x1
 1058 00d4 01       		.byte	0x1
 1059 00d5 49       		.uleb128 0x49
 1060 00d6 13       		.uleb128 0x13
 1061 00d7 01       		.uleb128 0x1
 1062 00d8 13       		.uleb128 0x13
 1063 00d9 00       		.byte	0
 1064 00da 00       		.byte	0
 1065 00db 12       		.uleb128 0x12
 1066 00dc 21       		.uleb128 0x21
 1067 00dd 00       		.byte	0
 1068 00de 49       		.uleb128 0x49
 1069 00df 13       		.uleb128 0x13
 1070 00e0 2F       		.uleb128 0x2f
 1071 00e1 0B       		.uleb128 0xb
 1072 00e2 00       		.byte	0
 1073 00e3 00       		.byte	0
 1074 00e4 13       		.uleb128 0x13
 1075 00e5 34       		.uleb128 0x34
ARM GAS  C:\Users\CHUCK~1.ERH\AppData\Local\Temp\ccpye8jH.s 			page 22


 1076 00e6 00       		.byte	0
 1077 00e7 03       		.uleb128 0x3
 1078 00e8 0E       		.uleb128 0xe
 1079 00e9 3A       		.uleb128 0x3a
 1080 00ea 0B       		.uleb128 0xb
 1081 00eb 3B       		.uleb128 0x3b
 1082 00ec 05       		.uleb128 0x5
 1083 00ed 49       		.uleb128 0x49
 1084 00ee 13       		.uleb128 0x13
 1085 00ef 3F       		.uleb128 0x3f
 1086 00f0 0C       		.uleb128 0xc
 1087 00f1 3C       		.uleb128 0x3c
 1088 00f2 0C       		.uleb128 0xc
 1089 00f3 00       		.byte	0
 1090 00f4 00       		.byte	0
 1091 00f5 14       		.uleb128 0x14
 1092 00f6 35       		.uleb128 0x35
 1093 00f7 00       		.byte	0
 1094 00f8 49       		.uleb128 0x49
 1095 00f9 13       		.uleb128 0x13
 1096 00fa 00       		.byte	0
 1097 00fb 00       		.byte	0
 1098 00fc 15       		.uleb128 0x15
 1099 00fd 21       		.uleb128 0x21
 1100 00fe 00       		.byte	0
 1101 00ff 49       		.uleb128 0x49
 1102 0100 13       		.uleb128 0x13
 1103 0101 2F       		.uleb128 0x2f
 1104 0102 05       		.uleb128 0x5
 1105 0103 00       		.byte	0
 1106 0104 00       		.byte	0
 1107 0105 16       		.uleb128 0x16
 1108 0106 34       		.uleb128 0x34
 1109 0107 00       		.byte	0
 1110 0108 03       		.uleb128 0x3
 1111 0109 0E       		.uleb128 0xe
 1112 010a 3A       		.uleb128 0x3a
 1113 010b 0B       		.uleb128 0xb
 1114 010c 3B       		.uleb128 0x3b
 1115 010d 0B       		.uleb128 0xb
 1116 010e 49       		.uleb128 0x49
 1117 010f 13       		.uleb128 0x13
 1118 0110 3F       		.uleb128 0x3f
 1119 0111 0C       		.uleb128 0xc
 1120 0112 02       		.uleb128 0x2
 1121 0113 0A       		.uleb128 0xa
 1122 0114 00       		.byte	0
 1123 0115 00       		.byte	0
 1124 0116 17       		.uleb128 0x17
 1125 0117 2E       		.uleb128 0x2e
 1126 0118 00       		.byte	0
 1127 0119 3F       		.uleb128 0x3f
 1128 011a 0C       		.uleb128 0xc
 1129 011b 03       		.uleb128 0x3
 1130 011c 0E       		.uleb128 0xe
 1131 011d 3A       		.uleb128 0x3a
 1132 011e 0B       		.uleb128 0xb
ARM GAS  C:\Users\CHUCK~1.ERH\AppData\Local\Temp\ccpye8jH.s 			page 23


 1133 011f 3B       		.uleb128 0x3b
 1134 0120 0B       		.uleb128 0xb
 1135 0121 27       		.uleb128 0x27
 1136 0122 0C       		.uleb128 0xc
 1137 0123 3C       		.uleb128 0x3c
 1138 0124 0C       		.uleb128 0xc
 1139 0125 00       		.byte	0
 1140 0126 00       		.byte	0
 1141 0127 18       		.uleb128 0x18
 1142 0128 2E       		.uleb128 0x2e
 1143 0129 01       		.byte	0x1
 1144 012a 3F       		.uleb128 0x3f
 1145 012b 0C       		.uleb128 0xc
 1146 012c 03       		.uleb128 0x3
 1147 012d 0E       		.uleb128 0xe
 1148 012e 3A       		.uleb128 0x3a
 1149 012f 0B       		.uleb128 0xb
 1150 0130 3B       		.uleb128 0x3b
 1151 0131 05       		.uleb128 0x5
 1152 0132 27       		.uleb128 0x27
 1153 0133 0C       		.uleb128 0xc
 1154 0134 49       		.uleb128 0x49
 1155 0135 13       		.uleb128 0x13
 1156 0136 3C       		.uleb128 0x3c
 1157 0137 0C       		.uleb128 0xc
 1158 0138 01       		.uleb128 0x1
 1159 0139 13       		.uleb128 0x13
 1160 013a 00       		.byte	0
 1161 013b 00       		.byte	0
 1162 013c 19       		.uleb128 0x19
 1163 013d 05       		.uleb128 0x5
 1164 013e 00       		.byte	0
 1165 013f 49       		.uleb128 0x49
 1166 0140 13       		.uleb128 0x13
 1167 0141 00       		.byte	0
 1168 0142 00       		.byte	0
 1169 0143 1A       		.uleb128 0x1a
 1170 0144 2E       		.uleb128 0x2e
 1171 0145 01       		.byte	0x1
 1172 0146 3F       		.uleb128 0x3f
 1173 0147 0C       		.uleb128 0xc
 1174 0148 03       		.uleb128 0x3
 1175 0149 0E       		.uleb128 0xe
 1176 014a 3A       		.uleb128 0x3a
 1177 014b 0B       		.uleb128 0xb
 1178 014c 3B       		.uleb128 0x3b
 1179 014d 05       		.uleb128 0x5
 1180 014e 27       		.uleb128 0x27
 1181 014f 0C       		.uleb128 0xc
 1182 0150 3C       		.uleb128 0x3c
 1183 0151 0C       		.uleb128 0xc
 1184 0152 01       		.uleb128 0x1
 1185 0153 13       		.uleb128 0x13
 1186 0154 00       		.byte	0
 1187 0155 00       		.byte	0
 1188 0156 1B       		.uleb128 0x1b
 1189 0157 2E       		.uleb128 0x2e
ARM GAS  C:\Users\CHUCK~1.ERH\AppData\Local\Temp\ccpye8jH.s 			page 24


 1190 0158 01       		.byte	0x1
 1191 0159 3F       		.uleb128 0x3f
 1192 015a 0C       		.uleb128 0xc
 1193 015b 03       		.uleb128 0x3
 1194 015c 0E       		.uleb128 0xe
 1195 015d 3A       		.uleb128 0x3a
 1196 015e 0B       		.uleb128 0xb
 1197 015f 3B       		.uleb128 0x3b
 1198 0160 0B       		.uleb128 0xb
 1199 0161 27       		.uleb128 0x27
 1200 0162 0C       		.uleb128 0xc
 1201 0163 3C       		.uleb128 0x3c
 1202 0164 0C       		.uleb128 0xc
 1203 0165 01       		.uleb128 0x1
 1204 0166 13       		.uleb128 0x13
 1205 0167 00       		.byte	0
 1206 0168 00       		.byte	0
 1207 0169 1C       		.uleb128 0x1c
 1208 016a 2E       		.uleb128 0x2e
 1209 016b 01       		.byte	0x1
 1210 016c 3F       		.uleb128 0x3f
 1211 016d 0C       		.uleb128 0xc
 1212 016e 03       		.uleb128 0x3
 1213 016f 0E       		.uleb128 0xe
 1214 0170 3A       		.uleb128 0x3a
 1215 0171 0B       		.uleb128 0xb
 1216 0172 3B       		.uleb128 0x3b
 1217 0173 05       		.uleb128 0x5
 1218 0174 27       		.uleb128 0x27
 1219 0175 0C       		.uleb128 0xc
 1220 0176 3C       		.uleb128 0x3c
 1221 0177 0C       		.uleb128 0xc
 1222 0178 00       		.byte	0
 1223 0179 00       		.byte	0
 1224 017a 00       		.byte	0
 1225              		.section	.debug_loc,"",%progbits
 1226              	.Ldebug_loc0:
 1227              	.LLST0:
 1228 0000 00000000 		.4byte	.LFB56
 1229 0004 02000000 		.4byte	.LCFI0
 1230 0008 0200     		.2byte	0x2
 1231 000a 7D       		.byte	0x7d
 1232 000b 00       		.sleb128 0
 1233 000c 02000000 		.4byte	.LCFI0
 1234 0010 04000000 		.4byte	.LCFI1
 1235 0014 0200     		.2byte	0x2
 1236 0016 7D       		.byte	0x7d
 1237 0017 0C       		.sleb128 12
 1238 0018 04000000 		.4byte	.LCFI1
 1239 001c 04010000 		.4byte	.LFE56
 1240 0020 0300     		.2byte	0x3
 1241 0022 7D       		.byte	0x7d
 1242 0023 9001     		.sleb128 144
 1243 0025 00000000 		.4byte	0
 1244 0029 00000000 		.4byte	0
 1245              	.LLST1:
 1246 002d 2C000000 		.4byte	.LVL7
ARM GAS  C:\Users\CHUCK~1.ERH\AppData\Local\Temp\ccpye8jH.s 			page 25


 1247 0031 2F000000 		.4byte	.LVL8-1
 1248 0035 0100     		.2byte	0x1
 1249 0037 50       		.byte	0x50
 1250 0038 2F000000 		.4byte	.LVL8-1
 1251 003c 84000000 		.4byte	.LVL16
 1252 0040 0100     		.2byte	0x1
 1253 0042 54       		.byte	0x54
 1254 0043 84000000 		.4byte	.LVL16
 1255 0047 87000000 		.4byte	.LVL17-1
 1256 004b 0100     		.2byte	0x1
 1257 004d 50       		.byte	0x50
 1258 004e 87000000 		.4byte	.LVL17-1
 1259 0052 04010000 		.4byte	.LFE56
 1260 0056 0100     		.2byte	0x1
 1261 0058 54       		.byte	0x54
 1262 0059 00000000 		.4byte	0
 1263 005d 00000000 		.4byte	0
 1264              	.LLST2:
 1265 0061 AC000000 		.4byte	.LVL23
 1266 0065 AE000000 		.4byte	.LVL24
 1267 0069 0100     		.2byte	0x1
 1268 006b 50       		.byte	0x50
 1269 006c AE000000 		.4byte	.LVL24
 1270 0070 B1000000 		.4byte	.LVL25-1
 1271 0074 0100     		.2byte	0x1
 1272 0076 52       		.byte	0x52
 1273 0077 00000000 		.4byte	0
 1274 007b 00000000 		.4byte	0
 1275              	.LLST3:
 1276 007f 0C000000 		.4byte	.LVL1
 1277 0083 0E000000 		.4byte	.LVL2
 1278 0087 0200     		.2byte	0x2
 1279 0089 30       		.byte	0x30
 1280 008a 9F       		.byte	0x9f
 1281 008b 1E000000 		.4byte	.LVL4
 1282 008f 24000000 		.4byte	.LVL5
 1283 0093 0100     		.2byte	0x1
 1284 0095 54       		.byte	0x54
 1285 0096 50000000 		.4byte	.LVL12
 1286 009a 52000000 		.4byte	.LVL13
 1287 009e 0200     		.2byte	0x2
 1288 00a0 30       		.byte	0x30
 1289 00a1 9F       		.byte	0x9f
 1290 00a2 52000000 		.4byte	.LVL13
 1291 00a6 8A000000 		.4byte	.LVL18
 1292 00aa 0100     		.2byte	0x1
 1293 00ac 55       		.byte	0x55
 1294 00ad 8A000000 		.4byte	.LVL18
 1295 00b1 90000000 		.4byte	.LVL19
 1296 00b5 0300     		.2byte	0x3
 1297 00b7 75       		.byte	0x75
 1298 00b8 7F       		.sleb128 -1
 1299 00b9 9F       		.byte	0x9f
 1300 00ba 90000000 		.4byte	.LVL19
 1301 00be 04010000 		.4byte	.LFE56
 1302 00c2 0100     		.2byte	0x1
 1303 00c4 55       		.byte	0x55
ARM GAS  C:\Users\CHUCK~1.ERH\AppData\Local\Temp\ccpye8jH.s 			page 26


 1304 00c5 00000000 		.4byte	0
 1305 00c9 00000000 		.4byte	0
 1306              		.section	.debug_aranges,"",%progbits
 1307 0000 1C000000 		.4byte	0x1c
 1308 0004 0200     		.2byte	0x2
 1309 0006 00000000 		.4byte	.Ldebug_info0
 1310 000a 04       		.byte	0x4
 1311 000b 00       		.byte	0
 1312 000c 0000     		.2byte	0
 1313 000e 0000     		.2byte	0
 1314 0010 00000000 		.4byte	.LFB56
 1315 0014 04010000 		.4byte	.LFE56-.LFB56
 1316 0018 00000000 		.4byte	0
 1317 001c 00000000 		.4byte	0
 1318              		.section	.debug_ranges,"",%progbits
 1319              	.Ldebug_ranges0:
 1320 0000 00000000 		.4byte	.LFB56
 1321 0004 04010000 		.4byte	.LFE56
 1322 0008 00000000 		.4byte	0
 1323 000c 00000000 		.4byte	0
 1324              		.section	.debug_line,"",%progbits
 1325              	.Ldebug_line0:
 1326 0000 6C010000 		.section	.debug_str,"MS",%progbits,1
 1326      02002201 
 1326      00000201 
 1326      FB0E0D00 
 1326      01010101 
 1327              	.LASF24:
 1328 0000 53504930 		.ascii	"SPI0_Start\000"
 1328      5F537461 
 1328      727400
 1329              	.LASF33:
 1330 000b 45544830 		.ascii	"ETH0_TcpSend\000"
 1330      5F546370 
 1330      53656E64 
 1330      00
 1331              	.LASF14:
 1332 0018 646F7562 		.ascii	"double\000"
 1332      6C6500
 1333              	.LASF38:
 1334 001f 433A5C55 		.ascii	"C:\\Users\\chuck.erhardt\\Documents\\GitHub\\PSoC-W"
 1334      73657273 
 1334      5C636875 
 1334      636B2E65 
 1334      72686172 
 1335 004d 35313030 		.ascii	"5100-Driver\\freeSoCExplorer+ArduinoSheld_Example.c"
 1335      2D447269 
 1335      7665725C 
 1335      66726565 
 1335      536F4345 
 1336 007f 7964736E 		.ascii	"ydsn\000"
 1336      00
 1337              	.LASF9:
 1338 0084 696E7433 		.ascii	"int32_t\000"
 1338      325F7400 
 1339              	.LASF37:
 1340 008c 2E5C6D61 		.ascii	".\\main.c\000"
ARM GAS  C:\Users\CHUCK~1.ERH\AppData\Local\Temp\ccpye8jH.s 			page 27


 1340      696E2E63 
 1340      00
 1341              	.LASF13:
 1342 0095 666C6F61 		.ascii	"float\000"
 1342      7400
 1343              	.LASF0:
 1344 009b 7369676E 		.ascii	"signed char\000"
 1344      65642063 
 1344      68617200 
 1345              	.LASF1:
 1346 00a7 756E7369 		.ascii	"unsigned char\000"
 1346      676E6564 
 1346      20636861 
 1346      7200
 1347              	.LASF27:
 1348 00b5 45544830 		.ascii	"ETH0_TcpOpen\000"
 1348      5F546370 
 1348      4F70656E 
 1348      00
 1349              	.LASF32:
 1350 00c2 45544830 		.ascii	"ETH0_TcpReceive\000"
 1350      5F546370 
 1350      52656365 
 1350      69766500 
 1351              	.LASF20:
 1352 00d2 74656D70 		.ascii	"temp\000"
 1352      00
 1353              	.LASF3:
 1354 00d7 73686F72 		.ascii	"short unsigned int\000"
 1354      7420756E 
 1354      7369676E 
 1354      65642069 
 1354      6E7400
 1355              	.LASF21:
 1356 00ea 49544D5F 		.ascii	"ITM_RxBuffer\000"
 1356      52784275 
 1356      66666572 
 1356      00
 1357              	.LASF5:
 1358 00f7 6C6F6E67 		.ascii	"long unsigned int\000"
 1358      20756E73 
 1358      69676E65 
 1358      6420696E 
 1358      7400
 1359              	.LASF39:
 1360 0109 6D61696E 		.ascii	"main\000"
 1360      00
 1361              	.LASF11:
 1362 010e 75696E74 		.ascii	"uint16\000"
 1362      313600
 1363              	.LASF12:
 1364 0115 75696E74 		.ascii	"uint32\000"
 1364      333200
 1365              	.LASF40:
 1366 011c 45544830 		.ascii	"ETH0_SocketClose\000"
 1366      5F536F63 
 1366      6B657443 
ARM GAS  C:\Users\CHUCK~1.ERH\AppData\Local\Temp\ccpye8jH.s 			page 28


 1366      6C6F7365 
 1366      00
 1367              	.LASF8:
 1368 012d 756E7369 		.ascii	"unsigned int\000"
 1368      676E6564 
 1368      20696E74 
 1368      00
 1369              	.LASF28:
 1370 013a 45544830 		.ascii	"ETH0_TcpConnected\000"
 1370      5F546370 
 1370      436F6E6E 
 1370      65637465 
 1370      6400
 1371              	.LASF7:
 1372 014c 6C6F6E67 		.ascii	"long long unsigned int\000"
 1372      206C6F6E 
 1372      6720756E 
 1372      7369676E 
 1372      65642069 
 1373              	.LASF25:
 1374 0163 45544830 		.ascii	"ETH0_Start\000"
 1374      5F537461 
 1374      727400
 1375              	.LASF16:
 1376 016e 73697A65 		.ascii	"sizetype\000"
 1376      74797065 
 1376      00
 1377              	.LASF26:
 1378 0177 45544830 		.ascii	"ETH0_TcpStartServer\000"
 1378      5F546370 
 1378      53746172 
 1378      74536572 
 1378      76657200 
 1379              	.LASF35:
 1380 018b 45544830 		.ascii	"ETH0_TcpDisconnect\000"
 1380      5F546370 
 1380      44697363 
 1380      6F6E6E65 
 1380      637400
 1381              	.LASF6:
 1382 019e 6C6F6E67 		.ascii	"long long int\000"
 1382      206C6F6E 
 1382      6720696E 
 1382      7400
 1383              	.LASF30:
 1384 01ac 45544830 		.ascii	"ETH0_TcpPrint\000"
 1384      5F546370 
 1384      5072696E 
 1384      7400
 1385              	.LASF15:
 1386 01ba 63686172 		.ascii	"char\000"
 1386      00
 1387              	.LASF2:
 1388 01bf 73686F72 		.ascii	"short int\000"
 1388      7420696E 
 1388      7400
 1389              	.LASF17:
ARM GAS  C:\Users\CHUCK~1.ERH\AppData\Local\Temp\ccpye8jH.s 			page 29


 1390 01c9 62756666 		.ascii	"buffer\000"
 1390      657200
 1391              	.LASF10:
 1392 01d0 75696E74 		.ascii	"uint8\000"
 1392      3800
 1393              	.LASF36:
 1394 01d6 474E5520 		.ascii	"GNU C 4.7.3 20130312 (release) [ARM/embedded-4_7-br"
 1394      4320342E 
 1394      372E3320 
 1394      32303133 
 1394      30333132 
 1395 0209 616E6368 		.ascii	"anch revision 196615]\000"
 1395      20726576 
 1395      6973696F 
 1395      6E203139 
 1395      36363135 
 1396              	.LASF34:
 1397 021f 53444353 		.ascii	"SDCS_Write\000"
 1397      5F577269 
 1397      746500
 1398              	.LASF18:
 1399 022a 736F636B 		.ascii	"socket\000"
 1399      657400
 1400              	.LASF4:
 1401 0231 6C6F6E67 		.ascii	"long int\000"
 1401      20696E74 
 1401      00
 1402              	.LASF22:
 1403 023a 72616E64 		.ascii	"randomData\000"
 1403      6F6D4461 
 1403      746100
 1404              	.LASF31:
 1405 0245 45544830 		.ascii	"ETH0_SocketRxDataWaiting\000"
 1405      5F536F63 
 1405      6B657452 
 1405      78446174 
 1405      61576169 
 1406              	.LASF19:
 1407 025e 6C656E67 		.ascii	"length\000"
 1407      746800
 1408              	.LASF29:
 1409 0265 43794465 		.ascii	"CyDelay\000"
 1409      6C617900 
 1410              	.LASF23:
 1411 026d 72616E64 		.ascii	"rand\000"
 1411      00
 1412              		.ident	"GCC: (GNU Tools for ARM Embedded Processors) 4.7.3 20130312 (release) [ARM/embedded-4_7-br
