Loading plugins phase: Elapsed time ==> 0s.447ms
Initializing data phase: Elapsed time ==> 2s.753ms
<CYPRESSTAG name="CyDsfit arguments...">
cydsfit arguments: -.fdsnotice -.fdswarpdepfile=warp_dependencies.txt -.fdselabdepfile=elab_dependencies.txt -.fdsbldfile=generated_files.txt -p C:\Users\chuck.erhardt\Documents\GitHub\PSoC-W5100-Driver\PSoCPioneer+ArduinoShield_SPIM_Example.cydsn\PSoCPioneer+ArduinoShield_SPIM_Example.cyprj -d CY8C4245AXI-483 -s C:\Users\chuck.erhardt\Documents\GitHub\PSoC-W5100-Driver\PSoCPioneer+ArduinoShield_SPIM_Example.cydsn\Generated_Source\PSoC4 -- -yv2 -v3 -ygs -q10 -o2 -.fftcfgtype=LE</CYPRESSTAG>
<CYPRESSTAG name="Design elaboration results...">
</CYPRESSTAG>
Elaboration phase: Elapsed time ==> 2s.609ms
<CYPRESSTAG name="HDL generation results...">
</CYPRESSTAG>
HDL generation phase: Elapsed time ==> 0s.125ms
<CYPRESSTAG name="Synthesis results...">

     | | | | | | |
   _________________
  -|               |-
  -|               |-
  -|               |-
  -|    CYPRESS    |-
  -|               |-
  -|               |-   Warp Verilog Synthesis Compiler: Version 6.3 IR 41
  -|               |-   Copyright (C) 1991-2001 Cypress Semiconductor
   |_______________|
     | | | | | | |

======================================================================
Compiling:  PSoCPioneer+ArduinoShield_SPIM_Example.v
Program  :   C:\Program Files (x86)\Cypress\PSoC Creator\3.0\PSoC Creator\warp\bin/warp.exe
Options  :    -yv2 -v3 -ygs -q10 -o2 -.fftcfgtype=LE -ya -.fftprj=C:\Users\chuck.erhardt\Documents\GitHub\PSoC-W5100-Driver\PSoCPioneer+ArduinoShield_SPIM_Example.cydsn\PSoCPioneer+ArduinoShield_SPIM_Example.cyprj -dcpsoc3 PSoCPioneer+ArduinoShield_SPIM_Example.v -verilog
======================================================================

======================================================================
Compiling:  PSoCPioneer+ArduinoShield_SPIM_Example.v
Program  :   C:\Program Files (x86)\Cypress\PSoC Creator\3.0\PSoC Creator\warp\bin/warp.exe
Options  :    -yv2 -v3 -ygs -q10 -o2 -.fftcfgtype=LE -ya -.fftprj=C:\Users\chuck.erhardt\Documents\GitHub\PSoC-W5100-Driver\PSoCPioneer+ArduinoShield_SPIM_Example.cydsn\PSoCPioneer+ArduinoShield_SPIM_Example.cyprj -dcpsoc3 PSoCPioneer+ArduinoShield_SPIM_Example.v -verilog
======================================================================

======================================================================
Compiling:  PSoCPioneer+ArduinoShield_SPIM_Example.v
Program  :   vlogfe
Options  :    -yv2 -v3 -ygs -q10 -o2 -.fftcfgtype=LE -ya -.fftprj=C:\Users\chuck.erhardt\Documents\GitHub\PSoC-W5100-Driver\PSoCPioneer+ArduinoShield_SPIM_Example.cydsn\PSoCPioneer+ArduinoShield_SPIM_Example.cyprj -dcpsoc3 -verilog PSoCPioneer+ArduinoShield_SPIM_Example.v
======================================================================

vlogfe V6.3 IR 41:  Verilog parser
Fri Aug 22 16:03:50 2014


======================================================================
Compiling:  PSoCPioneer+ArduinoShield_SPIM_Example.v
Program  :   vpp
Options  :    -yv2 -q10 PSoCPioneer+ArduinoShield_SPIM_Example.v
======================================================================

vpp V6.3 IR 41:  Verilog Pre-Processor
Fri Aug 22 16:03:50 2014

Flattening file 'C:\Program Files (x86)\Cypress\PSoC Creator\3.0\PSoC Creator\warp\..\psoc\content\cyprimitives\CyPrimitives.cylib\cy_virtualmux_v1_0\cy_virtualmux_v1_0.v'
Flattening file 'C:\Program Files (x86)\Cypress\PSoC Creator\3.0\PSoC Creator\warp\..\psoc\content\cycomponentlibrary\CyComponentLibrary.cylib\B_SPI_Master_v2_40\B_SPI_Master_v2_40.v'
Flattening file 'C:\Program Files (x86)\Cypress\PSoC Creator\3.0\PSoC Creator\warp\lib\common\cypress.v'
Flattening file 'C:\Program Files (x86)\Cypress\PSoC Creator\3.0\PSoC Creator\warp\lib\common\cy_psoc3_inc.v'
Flattening file 'C:\Program Files (x86)\Cypress\PSoC Creator\3.0\PSoC Creator\warp\..\psoc\content\cyprimitives\CyPrimitives.cylib\ZeroTerminal\ZeroTerminal.v'
Flattening file 'C:\Program Files (x86)\Cypress\PSoC Creator\3.0\PSoC Creator\warp\..\psoc\content\cyprimitives\CyPrimitives.cylib\CyControlReg_v1_70\CyControlReg_v1_70.v'
Flattening file 'C:\Program Files (x86)\Cypress\PSoC Creator\3.0\PSoC Creator\warp\lib\common\cypress.v'

vpp:  No errors.

Library 'work' => directory 'lcpsoc3'
General_symbol_table
General_symbol_table
Linking 'C:\Program Files (x86)\Cypress\PSoC Creator\3.0\PSoC Creator\warp\lib\common\std.vhd'.
Linking 'C:\Program Files (x86)\Cypress\PSoC Creator\3.0\PSoC Creator\warp\lib\common\cypress.vhd'.
Linking 'C:\Program Files (x86)\Cypress\PSoC Creator\3.0\PSoC Creator\warp\lib\common\work\cypress.vif'.
Linking 'C:\Program Files (x86)\Cypress\PSoC Creator\3.0\PSoC Creator\warp\lib\ieee\work\stdlogic.vif'.
Linking 'C:\Program Files (x86)\Cypress\PSoC Creator\3.0\PSoC Creator\warp\lib\common\stdlogic\lpmpkg.vif'.
Linking 'C:\Program Files (x86)\Cypress\PSoC Creator\3.0\PSoC Creator\warp\lib\common\stdlogic\rtlpkg.vif'.
Linking 'C:\Program Files (x86)\Cypress\PSoC Creator\3.0\PSoC Creator\warp\lib\common\stdlogic\mod_cnst.vif'.
Linking 'C:\Program Files (x86)\Cypress\PSoC Creator\3.0\PSoC Creator\warp\lib\common\stdlogic\mod_mthv.vif'.
Linking 'C:\Program Files (x86)\Cypress\PSoC Creator\3.0\PSoC Creator\warp\lib\common\stdlogic\mod_genv.vif'.
Using control file 'PSoCPioneer+ArduinoShield_SPIM_Example.ctl'.
Linking 'C:\Program Files (x86)\Cypress\PSoC Creator\3.0\PSoC Creator\warp\lib\common\stdlogic\cy_psoc3pkg.vif'.
Linking 'C:\Program Files (x86)\Cypress\PSoC Creator\3.0\PSoC Creator\warp\lib\common\stdlogic\cy_psoc3.vif'.

vlogfe:  No errors.


======================================================================
Compiling:  PSoCPioneer+ArduinoShield_SPIM_Example.v
Program  :   tovif
Options  :    -yv2 -v3 -ygs -q10 -o2 -.fftcfgtype=LE -ya -.fftprj=C:\Users\chuck.erhardt\Documents\GitHub\PSoC-W5100-Driver\PSoCPioneer+ArduinoShield_SPIM_Example.cydsn\PSoCPioneer+ArduinoShield_SPIM_Example.cyprj -dcpsoc3 -verilog PSoCPioneer+ArduinoShield_SPIM_Example.v
======================================================================

tovif V6.3 IR 41:  High-level synthesis
Fri Aug 22 16:03:50 2014

Linking 'C:\Program Files (x86)\Cypress\PSoC Creator\3.0\PSoC Creator\warp\lib\common\std.vhd'.
Linking 'C:\Program Files (x86)\Cypress\PSoC Creator\3.0\PSoC Creator\warp\lib\common\cypress.vhd'.
Linking 'C:\Program Files (x86)\Cypress\PSoC Creator\3.0\PSoC Creator\warp\lib\common\work\cypress.vif'.
Linking 'C:\Program Files (x86)\Cypress\PSoC Creator\3.0\PSoC Creator\warp\lib\ieee\work\stdlogic.vif'.
Linking 'C:\Program Files (x86)\Cypress\PSoC Creator\3.0\PSoC Creator\warp\lib\common\stdlogic\lpmpkg.vif'.
Linking 'C:\Program Files (x86)\Cypress\PSoC Creator\3.0\PSoC Creator\warp\lib\common\stdlogic\rtlpkg.vif'.
Linking 'C:\Program Files (x86)\Cypress\PSoC Creator\3.0\PSoC Creator\warp\lib\common\stdlogic\mod_cnst.vif'.
Linking 'C:\Program Files (x86)\Cypress\PSoC Creator\3.0\PSoC Creator\warp\lib\common\stdlogic\mod_mthv.vif'.
Linking 'C:\Program Files (x86)\Cypress\PSoC Creator\3.0\PSoC Creator\warp\lib\common\stdlogic\mod_genv.vif'.
Linking 'C:\Users\chuck.erhardt\Documents\GitHub\PSoC-W5100-Driver\PSoCPioneer+ArduinoShield_SPIM_Example.cydsn\codegentemp\PSoCPioneer+ArduinoShield_SPIM_Example.ctl'.
Linking 'C:\Program Files (x86)\Cypress\PSoC Creator\3.0\PSoC Creator\psoc\content\cyprimitives\CyPrimitives.cylib\cy_virtualmux_v1_0\cy_virtualmux_v1_0.v'.
Linking 'C:\Users\chuck.erhardt\Documents\GitHub\PSoC-W5100-Driver\PSoCPioneer+ArduinoShield_SPIM_Example.cydsn\codegentemp\PSoCPioneer+ArduinoShield_SPIM_Example.v'.
Linking 'C:\Program Files (x86)\Cypress\PSoC Creator\3.0\PSoC Creator\psoc\content\cycomponentlibrary\CyComponentLibrary.cylib\B_SPI_Master_v2_40\B_SPI_Master_v2_40.v'.
Linking 'C:\Program Files (x86)\Cypress\PSoC Creator\3.0\PSoC Creator\warp\lib\common\cypress.v'.
Linking 'C:\Program Files (x86)\Cypress\PSoC Creator\3.0\PSoC Creator\warp\lib\common\cy_psoc3_inc.v'.
Linking 'C:\Program Files (x86)\Cypress\PSoC Creator\3.0\PSoC Creator\psoc\content\cyprimitives\CyPrimitives.cylib\ZeroTerminal\ZeroTerminal.v'.
Linking 'C:\Program Files (x86)\Cypress\PSoC Creator\3.0\PSoC Creator\psoc\content\cyprimitives\CyPrimitives.cylib\CyControlReg_v1_70\CyControlReg_v1_70.v'.
Linking 'C:\Program Files (x86)\Cypress\PSoC Creator\3.0\PSoC Creator\warp\lib\common\stdlogic\cy_psoc3pkg.vif'.
Linking 'C:\Program Files (x86)\Cypress\PSoC Creator\3.0\PSoC Creator\warp\lib\common\stdlogic\cy_psoc3.vif'.

tovif:  No errors.


======================================================================
Compiling:  PSoCPioneer+ArduinoShield_SPIM_Example.v
Program  :   topld
Options  :    -yv2 -v3 -ygs -q10 -o2 -.fftcfgtype=LE -ya -.fftprj=C:\Users\chuck.erhardt\Documents\GitHub\PSoC-W5100-Driver\PSoCPioneer+ArduinoShield_SPIM_Example.cydsn\PSoCPioneer+ArduinoShield_SPIM_Example.cyprj -dcpsoc3 -verilog PSoCPioneer+ArduinoShield_SPIM_Example.v
======================================================================

topld V6.3 IR 41:  Synthesis and optimization
Fri Aug 22 16:03:51 2014

Linking 'C:\Program Files (x86)\Cypress\PSoC Creator\3.0\PSoC Creator\warp\lib\common\std.vhd'.
Linking 'C:\Program Files (x86)\Cypress\PSoC Creator\3.0\PSoC Creator\warp\lib\common\cypress.vhd'.
Linking 'C:\Program Files (x86)\Cypress\PSoC Creator\3.0\PSoC Creator\warp\lib\common\work\cypress.vif'.
Linking 'C:\Program Files (x86)\Cypress\PSoC Creator\3.0\PSoC Creator\warp\lib\ieee\work\stdlogic.vif'.
Linking 'C:\Program Files (x86)\Cypress\PSoC Creator\3.0\PSoC Creator\warp\lib\common\stdlogic\lpmpkg.vif'.
Linking 'C:\Program Files (x86)\Cypress\PSoC Creator\3.0\PSoC Creator\warp\lib\common\stdlogic\rtlpkg.vif'.
Linking 'C:\Program Files (x86)\Cypress\PSoC Creator\3.0\PSoC Creator\warp\lib\common\stdlogic\mod_cnst.vif'.
Linking 'C:\Program Files (x86)\Cypress\PSoC Creator\3.0\PSoC Creator\warp\lib\common\stdlogic\mod_mthv.vif'.
Linking 'C:\Program Files (x86)\Cypress\PSoC Creator\3.0\PSoC Creator\warp\lib\common\stdlogic\mod_genv.vif'.
Linking 'C:\Users\chuck.erhardt\Documents\GitHub\PSoC-W5100-Driver\PSoCPioneer+ArduinoShield_SPIM_Example.cydsn\codegentemp\PSoCPioneer+ArduinoShield_SPIM_Example.ctl'.
Linking 'C:\Program Files (x86)\Cypress\PSoC Creator\3.0\PSoC Creator\psoc\content\cyprimitives\CyPrimitives.cylib\cy_virtualmux_v1_0\cy_virtualmux_v1_0.v'.
Linking 'C:\Users\chuck.erhardt\Documents\GitHub\PSoC-W5100-Driver\PSoCPioneer+ArduinoShield_SPIM_Example.cydsn\codegentemp\PSoCPioneer+ArduinoShield_SPIM_Example.v'.
Linking 'C:\Program Files (x86)\Cypress\PSoC Creator\3.0\PSoC Creator\psoc\content\cycomponentlibrary\CyComponentLibrary.cylib\B_SPI_Master_v2_40\B_SPI_Master_v2_40.v'.
Linking 'C:\Program Files (x86)\Cypress\PSoC Creator\3.0\PSoC Creator\warp\lib\common\cypress.v'.
Linking 'C:\Program Files (x86)\Cypress\PSoC Creator\3.0\PSoC Creator\warp\lib\common\cy_psoc3_inc.v'.
Linking 'C:\Program Files (x86)\Cypress\PSoC Creator\3.0\PSoC Creator\psoc\content\cyprimitives\CyPrimitives.cylib\ZeroTerminal\ZeroTerminal.v'.
Linking 'C:\Program Files (x86)\Cypress\PSoC Creator\3.0\PSoC Creator\psoc\content\cyprimitives\CyPrimitives.cylib\CyControlReg_v1_70\CyControlReg_v1_70.v'.
Linking 'C:\Program Files (x86)\Cypress\PSoC Creator\3.0\PSoC Creator\warp\lib\common\stdlogic\cy_psoc3pkg.vif'.
Linking 'C:\Program Files (x86)\Cypress\PSoC Creator\3.0\PSoC Creator\warp\lib\common\stdlogic\cy_psoc3.vif'.
Linking 'C:\Program Files (x86)\Cypress\PSoC Creator\3.0\PSoC Creator\warp\lib\lcpsoc3\stdlogic\cpsoc3.vif'.

----------------------------------------------------------
Detecting unused logic.
----------------------------------------------------------
    User names
	\SPI0:BSPIM:mosi_after_ld\
	\SPI0:BSPIM:so_send\
	\SPI0:BSPIM:mosi_fin\
	\SPI0:BSPIM:mosi_cpha_0\
	\SPI0:BSPIM:mosi_cpha_1\
	\SPI0:BSPIM:pre_mosi\
	\SPI0:BSPIM:dpcounter_zero\
	\SPI0:BSPIM:control_7\
	\SPI0:BSPIM:control_6\
	\SPI0:BSPIM:control_5\
	\SPI0:BSPIM:control_4\
	\SPI0:BSPIM:control_3\
	\SPI0:BSPIM:control_2\
	\SPI0:BSPIM:control_1\
	\SPI0:BSPIM:control_0\
	\SPI0:Net_253\
	Net_82
	Net_83
	Net_84
	Net_85
	Net_86
	Net_87
	Net_88


Deleted 23 User equations/components.
Deleted 0 Synthesized equations/components.

------------------------------------------------------
Alias Detection
------------------------------------------------------
Aliasing one to tmpOE__ETH_MISO_1_net_0
Aliasing tmpOE__ETH_MOSI_1_net_0 to tmpOE__ETH_MISO_1_net_0
Aliasing tmpOE__ETH_SCLK_1_net_0 to tmpOE__ETH_MISO_1_net_0
Aliasing \SPI0:BSPIM:pol_supprt\ to zero
Aliasing \SPI0:BSPIM:tx_status_3\ to \SPI0:BSPIM:load_rx_data\
Aliasing \SPI0:BSPIM:tx_status_6\ to zero
Aliasing \SPI0:BSPIM:tx_status_5\ to zero
Aliasing \SPI0:BSPIM:rx_status_3\ to zero
Aliasing \SPI0:BSPIM:rx_status_2\ to zero
Aliasing \SPI0:BSPIM:rx_status_1\ to zero
Aliasing \SPI0:BSPIM:rx_status_0\ to zero
Aliasing \SPI0:Net_274\ to zero
Aliasing tmpOE__ETH_CSN_1_net_0 to tmpOE__ETH_MISO_1_net_0
Aliasing tmpOE__RED_net_0 to tmpOE__ETH_MISO_1_net_0
Aliasing tmpOE__BLUE_net_0 to tmpOE__ETH_MISO_1_net_0
Aliasing tmpOE__GREEN_net_0 to tmpOE__ETH_MISO_1_net_0
Aliasing tmpOE__SDCS_net_0 to tmpOE__ETH_MISO_1_net_0
Aliasing \SSCR:clk\ to zero
Aliasing \SSCR:rst\ to zero
Aliasing \SPI0:BSPIM:so_send_reg\\D\ to zero
Aliasing \SPI0:BSPIM:mosi_pre_reg\\D\ to zero
Aliasing \SPI0:BSPIM:dpcounter_one_reg\\D\ to \SPI0:BSPIM:load_rx_data\
Removing Lhs of wire one[6] = tmpOE__ETH_MISO_1_net_0[1]
Removing Lhs of wire tmpOE__ETH_MOSI_1_net_0[9] = tmpOE__ETH_MISO_1_net_0[1]
Removing Rhs of wire Net_23[10] = \SPI0:BSPIM:mosi_reg\[35]
Removing Lhs of wire tmpOE__ETH_SCLK_1_net_0[16] = tmpOE__ETH_MISO_1_net_0[1]
Removing Rhs of wire \SPI0:Net_276\[22] = \SPI0:Net_239\[23]
Removing Rhs of wire \SPI0:BSPIM:load_rx_data\[27] = \SPI0:BSPIM:dpcounter_one\[28]
Removing Lhs of wire \SPI0:BSPIM:pol_supprt\[29] = zero[2]
Removing Lhs of wire \SPI0:BSPIM:miso_to_dp\[30] = \SPI0:Net_244\[31]
Removing Lhs of wire \SPI0:Net_244\[31] = Net_19[3]
Removing Rhs of wire \SPI0:BSPIM:tx_status_1\[57] = \SPI0:BSPIM:dpMOSI_fifo_empty\[58]
Removing Rhs of wire \SPI0:BSPIM:tx_status_2\[59] = \SPI0:BSPIM:dpMOSI_fifo_not_full\[60]
Removing Lhs of wire \SPI0:BSPIM:tx_status_3\[61] = \SPI0:BSPIM:load_rx_data\[27]
Removing Rhs of wire \SPI0:BSPIM:rx_status_4\[63] = \SPI0:BSPIM:dpMISO_fifo_full\[64]
Removing Rhs of wire \SPI0:BSPIM:rx_status_5\[65] = \SPI0:BSPIM:dpMISO_fifo_not_empty\[66]
Removing Lhs of wire \SPI0:BSPIM:tx_status_6\[68] = zero[2]
Removing Lhs of wire \SPI0:BSPIM:tx_status_5\[69] = zero[2]
Removing Lhs of wire \SPI0:BSPIM:rx_status_3\[70] = zero[2]
Removing Lhs of wire \SPI0:BSPIM:rx_status_2\[71] = zero[2]
Removing Lhs of wire \SPI0:BSPIM:rx_status_1\[72] = zero[2]
Removing Lhs of wire \SPI0:BSPIM:rx_status_0\[73] = zero[2]
Removing Lhs of wire \SPI0:Net_273\[83] = zero[2]
Removing Lhs of wire \SPI0:Net_274\[122] = zero[2]
Removing Lhs of wire tmpOE__ETH_CSN_1_net_0[124] = tmpOE__ETH_MISO_1_net_0[1]
Removing Rhs of wire Net_71[125] = \SSCR:control_out_0\[156]
Removing Rhs of wire Net_71[125] = \SSCR:control_0\[179]
Removing Lhs of wire tmpOE__RED_net_0[131] = tmpOE__ETH_MISO_1_net_0[1]
Removing Lhs of wire tmpOE__BLUE_net_0[137] = tmpOE__ETH_MISO_1_net_0[1]
Removing Lhs of wire tmpOE__GREEN_net_0[143] = tmpOE__ETH_MISO_1_net_0[1]
Removing Lhs of wire tmpOE__SDCS_net_0[149] = tmpOE__ETH_MISO_1_net_0[1]
Removing Lhs of wire \SSCR:clk\[154] = zero[2]
Removing Lhs of wire \SSCR:rst\[155] = zero[2]
Removing Lhs of wire \SPI0:BSPIM:so_send_reg\\D\[181] = zero[2]
Removing Lhs of wire \SPI0:BSPIM:mosi_pre_reg\\D\[187] = zero[2]
Removing Lhs of wire \SPI0:BSPIM:dpcounter_one_reg\\D\[189] = \SPI0:BSPIM:load_rx_data\[27]
Removing Lhs of wire \SPI0:BSPIM:mosi_from_dp_reg\\D\[190] = \SPI0:BSPIM:mosi_from_dp\[41]

------------------------------------------------------
Aliased 0 equations, 35 wires.
------------------------------------------------------

----------------------------------------------------------
Circuit simplification
----------------------------------------------------------

Substituting virtuals - pass 1:

Note:  Expanding virtual equation for 'zero' (cost = 0):
zero <=  ('0') ;

Note:  Expanding virtual equation for '\SPI0:BSPIM:load_rx_data\' (cost = 1):
\SPI0:BSPIM:load_rx_data\ <= ((not \SPI0:BSPIM:count_4\ and not \SPI0:BSPIM:count_3\ and not \SPI0:BSPIM:count_2\ and not \SPI0:BSPIM:count_1\ and \SPI0:BSPIM:count_0\));


Substituting virtuals - pass 2:


----------------------------------------------------------
Circuit simplification results:

	Expanded 2 signals.
	Turned 0 signals into soft nodes.
	Maximum default expansion cost was set at 3.
----------------------------------------------------------

------------------------------------------------------
Alias Detection
------------------------------------------------------

------------------------------------------------------
Aliased 0 equations, 0 wires.
------------------------------------------------------

Last attempt to remove unused logic - pass 1:


Last attempt to remove unused logic - pass 2:


topld:  No errors.

CYPRESS_DIR    : C:\Program Files (x86)\Cypress\PSoC Creator\3.0\PSoC Creator\warp
Warp Program   : C:\Program Files (x86)\Cypress\PSoC Creator\3.0\PSoC Creator\warp\bin/warp.exe
Warp Arguments : -yv2 -v3 -ygs -q10 -o2 -.fftcfgtype=LE -ya -.fftprj=C:\Users\chuck.erhardt\Documents\GitHub\PSoC-W5100-Driver\PSoCPioneer+ArduinoShield_SPIM_Example.cydsn\PSoCPioneer+ArduinoShield_SPIM_Example.cyprj -dcpsoc3 PSoCPioneer+ArduinoShield_SPIM_Example.v -verilog
</CYPRESSTAG>
Warp synthesis phase: Elapsed time ==> 1s.733ms
<CYPRESSTAG name="Fitter results...">
<CYPRESSTAG name="Fitter startup details...">
cyp3fit: V3.0.0.3023, Family: PSoC3, Started at: Friday, 22 August 2014 16:03:51
Options: -yv2 -v3 -ygs -q10 -o2 -.fftcfgtype=LE -ya -.fftprj=C:\Users\chuck.erhardt\Documents\GitHub\PSoC-W5100-Driver\PSoCPioneer+ArduinoShield_SPIM_Example.cydsn\PSoCPioneer+ArduinoShield_SPIM_Example.cyprj -d CY8C4245AXI-483 PSoCPioneer+ArduinoShield_SPIM_Example.v -verilog
</CYPRESSTAG>
<CYPRESSTAG name="Design parsing">
Design parsing phase: Elapsed time ==> 0s.032ms
</CYPRESSTAG>
<CYPRESSTAG name="Tech mapping">
<CYPRESSTAG name="Initial Mapping" icon="FILE_RPT_TECHM">
    Converted constant MacroCell: \SPI0:BSPIM:mosi_pre_reg\ from registered to combinatorial
    Converted constant MacroCell: \SPI0:BSPIM:so_send_reg\ from registered to combinatorial

Removing unused cells resulting from optimization
    Removed unused cell/equation '\SPI0:BSPIM:dpcounter_one_reg\:macrocell'
    Removed unused cell/equation '\SPI0:BSPIM:mosi_from_dp_reg\:macrocell'
    Removed unused cell/equation '\SPI0:BSPIM:mosi_pre_reg\:macrocell'
    Removed unused cell/equation '\SPI0:BSPIM:so_send_reg\:macrocell'
Done removing unused cells.
<CYPRESSTAG name="Global Clock Selection" icon="FILE_RPT_TECHM">
    Digital Clock 0: Automatic-assigning  clock 'SPI0_IntClock'. Fanout=1, Signal=\SPI0:Net_276_digital\
<CYPRESSTAG name="UDB Clock/Enable Remapping Results">
    UDB Clk/Enable \SPI0:BSPIM:ClkEn\: with output requested to be synchronous
        ClockIn: ClockGenBlock:m0s8clockgenblockcell.gen_clk_out_0 was determined to be a global clock that is synchronous to HFCLK
        EnableIn: Constant 1 was determined to be synchronous to ClockIn
        ClockOut: ClockGenBlock:m0s8clockgenblockcell.gen_clk_out_0, EnableOut: Constant 1
</CYPRESSTAG>
</CYPRESSTAG>

Removing unused cells resulting from optimization
    Removed unused cell/equation 'Net_1D:macrocell'
    Removed unused cell/equation 'Net_25D:macrocell'
    Removed unused cell/equation '\SPI0:BSPIM:cnt_enable\\D\:macrocell'
    Removed unused cell/equation '\SPI0:BSPIM:ld_ident\\D\:macrocell'
    Removed unused cell/equation '\SPI0:BSPIM:load_cond\\D\:macrocell'
    Removed unused cell/equation '\SPI0:BSPIM:mosi_reg\\D\:macrocell'
    Removed unused cell/equation '\SPI0:BSPIM:state_0\\D\:macrocell'
    Removed unused cell/equation '\SPI0:BSPIM:state_1\\D\:macrocell'
    Removed unused cell/equation '\SPI0:BSPIM:state_2\\D\:macrocell'
    Removed unused cell/equation '__ZERO__:macrocell'
Done removing unused cells.
<CYPRESSTAG name="Duplicate Macrocell detection">
</CYPRESSTAG>
</CYPRESSTAG>
<CYPRESSTAG name="Duplicate Macrocell detection">
</CYPRESSTAG>
<CYPRESSTAG name="Design Equations" icon="FILE_RPT_EQUATION">

------------------------------------------------------------
Design Equations
------------------------------------------------------------
    <CYPRESSTAG name="Pin listing">

    ------------------------------------------------------------
    Pin listing
    ------------------------------------------------------------

    Pin : Name = BLUE(0)
        Attributes:
            In Group/Port: True
            In Sync Option: AUTO
            Out Sync Option: NOSYNC
            Interrupt generated: False
            Interrupt mode: NONE
            Drive mode: CMOS_OUT
            VTrip: EITHER
            Slew: FAST
            Input Sync needed: False
            Output Sync needed: False
            SC shield enabled: False
            POR State: ANY
            LCD Mode: COMMON
            Register Mode: RegComb
            CaSense Mode: NEITHER
            Treat as pin: True
            Is OE Registered: False
            Uses Analog: False
            Can contain Digital: True
            Is SIO: False
            SIO Output Buf: NONREGULATED
            SIO Input Buf: SINGLE_ENDED
            SIO HiFreq: LOW
            SIO Hyst: DISABLED
            SIO Vtrip: MULTIPLIER_0_5
            SIO RefSel: VCC_IO
            Required Capabilitites: DIGITAL
            Initial Value: 0
            IO Voltage: 0
        PORT MAP (
            pa_out => BLUE(0)__PA ,
            pad => BLUE(0)_PAD );
        Properties:
        {
        }

    Pin : Name = ETH_CSN_1(0)
        Attributes:
            In Group/Port: True
            In Sync Option: AUTO
            Out Sync Option: NOSYNC
            Interrupt generated: False
            Interrupt mode: NONE
            Drive mode: CMOS_OUT
            VTrip: EITHER
            Slew: FAST
            Input Sync needed: False
            Output Sync needed: False
            SC shield enabled: False
            POR State: ANY
            LCD Mode: COMMON
            Register Mode: RegComb
            CaSense Mode: NEITHER
            Treat as pin: True
            Is OE Registered: False
            Uses Analog: False
            Can contain Digital: True
            Is SIO: False
            SIO Output Buf: NONREGULATED
            SIO Input Buf: SINGLE_ENDED
            SIO HiFreq: LOW
            SIO Hyst: DISABLED
            SIO Vtrip: MULTIPLIER_0_5
            SIO RefSel: VCC_IO
            Required Capabilitites: DIGITAL, ROUTABLE
            Initial Value: 1
            IO Voltage: 0
        PORT MAP (
            pa_out => ETH_CSN_1(0)__PA ,
            input => Net_71 ,
            pad => ETH_CSN_1(0)_PAD );
        Properties:
        {
        }

    Pin : Name = ETH_MISO_1(0)
        Attributes:
            In Group/Port: True
            In Sync Option: NOSYNC
            Out Sync Option: AUTO
            Interrupt generated: False
            Interrupt mode: NONE
            Drive mode: HI_Z_DIGITAL
            VTrip: CMOS
            Slew: FAST
            Input Sync needed: False
            Output Sync needed: False
            SC shield enabled: False
            POR State: ANY
            LCD Mode: COMMON
            Register Mode: RegComb
            CaSense Mode: NEITHER
            Treat as pin: True
            Is OE Registered: False
            Uses Analog: False
            Can contain Digital: True
            Is SIO: False
            SIO Output Buf: NONREGULATED
            SIO Input Buf: SINGLE_ENDED
            SIO HiFreq: LOW
            SIO Hyst: DISABLED
            SIO Vtrip: MULTIPLIER_0_5
            SIO RefSel: VCC_IO
            Required Capabilitites: DIGITAL, ROUTABLE
            Initial Value: 0
            IO Voltage: 0
        PORT MAP (
            pa_out => ETH_MISO_1(0)__PA ,
            fb => Net_19 ,
            pad => ETH_MISO_1(0)_PAD );
        Properties:
        {
        }

    Pin : Name = ETH_MOSI_1(0)
        Attributes:
            In Group/Port: True
            In Sync Option: AUTO
            Out Sync Option: NOSYNC
            Interrupt generated: False
            Interrupt mode: NONE
            Drive mode: CMOS_OUT
            VTrip: EITHER
            Slew: FAST
            Input Sync needed: False
            Output Sync needed: False
            SC shield enabled: False
            POR State: ANY
            LCD Mode: COMMON
            Register Mode: RegComb
            CaSense Mode: NEITHER
            Treat as pin: True
            Is OE Registered: False
            Uses Analog: False
            Can contain Digital: True
            Is SIO: False
            SIO Output Buf: NONREGULATED
            SIO Input Buf: SINGLE_ENDED
            SIO HiFreq: LOW
            SIO Hyst: DISABLED
            SIO Vtrip: MULTIPLIER_0_5
            SIO RefSel: VCC_IO
            Required Capabilitites: DIGITAL, ROUTABLE
            Initial Value: 1
            IO Voltage: 0
        PORT MAP (
            pa_out => ETH_MOSI_1(0)__PA ,
            input => Net_23 ,
            pad => ETH_MOSI_1(0)_PAD );
        Properties:
        {
        }

    Pin : Name = ETH_SCLK_1(0)
        Attributes:
            In Group/Port: True
            In Sync Option: AUTO
            Out Sync Option: NOSYNC
            Interrupt generated: False
            Interrupt mode: NONE
            Drive mode: CMOS_OUT
            VTrip: EITHER
            Slew: FAST
            Input Sync needed: False
            Output Sync needed: False
            SC shield enabled: False
            POR State: ANY
            LCD Mode: COMMON
            Register Mode: RegComb
            CaSense Mode: NEITHER
            Treat as pin: True
            Is OE Registered: False
            Uses Analog: False
            Can contain Digital: True
            Is SIO: False
            SIO Output Buf: NONREGULATED
            SIO Input Buf: SINGLE_ENDED
            SIO HiFreq: LOW
            SIO Hyst: DISABLED
            SIO Vtrip: MULTIPLIER_0_5
            SIO RefSel: VCC_IO
            Required Capabilitites: DIGITAL, ROUTABLE
            Initial Value: 1
            IO Voltage: 0
        PORT MAP (
            pa_out => ETH_SCLK_1(0)__PA ,
            input => Net_25 ,
            pad => ETH_SCLK_1(0)_PAD );
        Properties:
        {
        }

    Pin : Name = GREEN(0)
        Attributes:
            In Group/Port: True
            In Sync Option: AUTO
            Out Sync Option: NOSYNC
            Interrupt generated: False
            Interrupt mode: NONE
            Drive mode: CMOS_OUT
            VTrip: EITHER
            Slew: FAST
            Input Sync needed: False
            Output Sync needed: False
            SC shield enabled: False
            POR State: ANY
            LCD Mode: COMMON
            Register Mode: RegComb
            CaSense Mode: NEITHER
            Treat as pin: True
            Is OE Registered: False
            Uses Analog: False
            Can contain Digital: True
            Is SIO: False
            SIO Output Buf: NONREGULATED
            SIO Input Buf: SINGLE_ENDED
            SIO HiFreq: LOW
            SIO Hyst: DISABLED
            SIO Vtrip: MULTIPLIER_0_5
            SIO RefSel: VCC_IO
            Required Capabilitites: DIGITAL
            Initial Value: 0
            IO Voltage: 0
        PORT MAP (
            pa_out => GREEN(0)__PA ,
            pad => GREEN(0)_PAD );
        Properties:
        {
        }

    Pin : Name = RED(0)
        Attributes:
            In Group/Port: True
            In Sync Option: AUTO
            Out Sync Option: NOSYNC
            Interrupt generated: False
            Interrupt mode: NONE
            Drive mode: CMOS_OUT
            VTrip: EITHER
            Slew: FAST
            Input Sync needed: False
            Output Sync needed: False
            SC shield enabled: False
            POR State: ANY
            LCD Mode: COMMON
            Register Mode: RegComb
            CaSense Mode: NEITHER
            Treat as pin: True
            Is OE Registered: False
            Uses Analog: False
            Can contain Digital: True
            Is SIO: False
            SIO Output Buf: NONREGULATED
            SIO Input Buf: SINGLE_ENDED
            SIO HiFreq: LOW
            SIO Hyst: DISABLED
            SIO Vtrip: MULTIPLIER_0_5
            SIO RefSel: VCC_IO
            Required Capabilitites: DIGITAL
            Initial Value: 0
            IO Voltage: 0
        PORT MAP (
            pa_out => RED(0)__PA ,
            pad => RED(0)_PAD );
        Properties:
        {
        }

    Pin : Name = SDCS(0)
        Attributes:
            In Group/Port: True
            In Sync Option: AUTO
            Out Sync Option: NOSYNC
            Interrupt generated: False
            Interrupt mode: NONE
            Drive mode: CMOS_OUT
            VTrip: EITHER
            Slew: FAST
            Input Sync needed: False
            Output Sync needed: False
            SC shield enabled: False
            POR State: ANY
            LCD Mode: COMMON
            Register Mode: RegComb
            CaSense Mode: NEITHER
            Treat as pin: True
            Is OE Registered: False
            Uses Analog: False
            Can contain Digital: True
            Is SIO: False
            SIO Output Buf: NONREGULATED
            SIO Input Buf: SINGLE_ENDED
            SIO HiFreq: LOW
            SIO Hyst: DISABLED
            SIO Vtrip: MULTIPLIER_0_5
            SIO RefSel: VCC_IO
            Required Capabilitites: DIGITAL
            Initial Value: 1
            IO Voltage: 0
        PORT MAP (
            pa_out => SDCS(0)__PA ,
            pad => SDCS(0)_PAD );
        Properties:
        {
        }
    </CYPRESSTAG>
    <CYPRESSTAG name="Macrocell listing" icon="FILE_RPT_EQUATION">

    ------------------------------------------------------------
    Macrocell listing
    ------------------------------------------------------------

    MacroCell: Name=Net_1, Mode=(D-Register)
        Total # of inputs        : 4
        Total # of product terms : 4
        List of special equations: 
            Clock  = (\SPI0:Net_276_digital\) => Global
            Clock Enable: True
        Main Equation            : 4 pterms
        !(
              !\SPI0:BSPIM:state_2\ * !\SPI0:BSPIM:state_1\ * 
              \SPI0:BSPIM:state_0\
            + !\SPI0:BSPIM:state_2\ * \SPI0:BSPIM:state_1\ * !Net_1
            + \SPI0:BSPIM:state_2\ * !\SPI0:BSPIM:state_1\ * 
              !\SPI0:BSPIM:state_0\ * !Net_1
            + \SPI0:BSPIM:state_1\ * \SPI0:BSPIM:state_0\ * !Net_1
        );
        Output = Net_1 (fanout=1)

    MacroCell: Name=Net_23, Mode=(D-Register)
        Total # of inputs        : 11
        Total # of product terms : 7
        List of special equations: 
            Clock  = (\SPI0:Net_276_digital\) => Global
            Clock Enable: True
        Main Equation            : 7 pterms
        !(
              !Net_23 * !\SPI0:BSPIM:state_2\ * \SPI0:BSPIM:state_0\
            + !\SPI0:BSPIM:state_2\ * !\SPI0:BSPIM:state_1\ * 
              !\SPI0:BSPIM:state_0\
            + !\SPI0:BSPIM:state_2\ * !\SPI0:BSPIM:state_0\ * 
              !\SPI0:BSPIM:count_4\ * !\SPI0:BSPIM:count_3\ * 
              !\SPI0:BSPIM:count_2\ * \SPI0:BSPIM:count_1\ * 
              !\SPI0:BSPIM:count_0\ * !\SPI0:BSPIM:ld_ident\
            + \SPI0:BSPIM:state_2\ * !\SPI0:BSPIM:state_1\ * 
              \SPI0:BSPIM:state_0\
            + \SPI0:BSPIM:state_2\ * \SPI0:BSPIM:state_1\ * 
              !\SPI0:BSPIM:state_0\
            + \SPI0:BSPIM:state_2\ * !\SPI0:BSPIM:mosi_from_dp\
            + !\SPI0:BSPIM:state_0\ * !\SPI0:BSPIM:mosi_from_dp\
        );
        Output = Net_23 (fanout=2)

    MacroCell: Name=Net_25, Mode=(D-Register)
        Total # of inputs        : 4
        Total # of product terms : 2
        List of special equations: 
            Clock  = (\SPI0:Net_276_digital\) => Global
            Clock Enable: True
        Main Equation            : 2 pterms
        (
              Net_25 * \SPI0:BSPIM:state_1\ * \SPI0:BSPIM:state_0\
            + !\SPI0:BSPIM:state_2\ * \SPI0:BSPIM:state_1\ * 
              \SPI0:BSPIM:state_0\
        );
        Output = Net_25 (fanout=2)

    MacroCell: Name=\SPI0:BSPIM:cnt_enable\, Mode=(T-Register)
        Total # of inputs        : 4
        Total # of product terms : 4
        List of special equations: 
            Clock  = (\SPI0:Net_276_digital\) => Global
            Clock Enable: True
        Main Equation            : 4 pterms
        (
              !\SPI0:BSPIM:state_2\ * !\SPI0:BSPIM:state_1\ * 
              !\SPI0:BSPIM:state_0\ * \SPI0:BSPIM:cnt_enable\
            + !\SPI0:BSPIM:state_2\ * \SPI0:BSPIM:state_1\ * 
              \SPI0:BSPIM:state_0\ * !\SPI0:BSPIM:cnt_enable\
            + \SPI0:BSPIM:state_2\ * !\SPI0:BSPIM:state_1\ * 
              \SPI0:BSPIM:state_0\ * \SPI0:BSPIM:cnt_enable\
            + \SPI0:BSPIM:state_2\ * \SPI0:BSPIM:state_1\ * 
              !\SPI0:BSPIM:state_0\ * \SPI0:BSPIM:cnt_enable\
        );
        Output = \SPI0:BSPIM:cnt_enable\ (fanout=2)

    MacroCell: Name=\SPI0:BSPIM:ld_ident\, Mode=(T-Register)
        Total # of inputs        : 9
        Total # of product terms : 3
        List of special equations: 
            Clock  = (\SPI0:Net_276_digital\) => Global
            Clock Enable: True
        Main Equation            : 3 pterms
        (
              \SPI0:BSPIM:state_2\ * !\SPI0:BSPIM:state_1\ * 
              !\SPI0:BSPIM:state_0\ * !\SPI0:BSPIM:ld_ident\
            + \SPI0:BSPIM:state_2\ * \SPI0:BSPIM:state_1\ * 
              !\SPI0:BSPIM:state_0\ * \SPI0:BSPIM:ld_ident\
            + \SPI0:BSPIM:state_1\ * !\SPI0:BSPIM:state_0\ * 
              !\SPI0:BSPIM:count_4\ * !\SPI0:BSPIM:count_3\ * 
              !\SPI0:BSPIM:count_2\ * \SPI0:BSPIM:count_1\ * 
              !\SPI0:BSPIM:count_0\ * \SPI0:BSPIM:ld_ident\
        );
        Output = \SPI0:BSPIM:ld_ident\ (fanout=4)

    MacroCell: Name=\SPI0:BSPIM:load_cond\, Mode=(T-Register)
        Total # of inputs        : 9
        Total # of product terms : 4
        List of special equations: 
            Clock  = (\SPI0:Net_276_digital\) => Global
            Clock Enable: True
        Main Equation            : 4 pterms
        (
              !\SPI0:BSPIM:state_2\ * !\SPI0:BSPIM:count_4\ * 
              !\SPI0:BSPIM:count_3\ * !\SPI0:BSPIM:count_2\ * 
              !\SPI0:BSPIM:count_1\ * !\SPI0:BSPIM:count_0\ * 
              \SPI0:BSPIM:load_cond\
            + \SPI0:BSPIM:state_2\ * !\SPI0:BSPIM:state_1\ * 
              !\SPI0:BSPIM:state_0\ * !\SPI0:BSPIM:load_cond\
            + \SPI0:BSPIM:state_1\ * !\SPI0:BSPIM:count_4\ * 
              !\SPI0:BSPIM:count_3\ * !\SPI0:BSPIM:count_2\ * 
              !\SPI0:BSPIM:count_1\ * !\SPI0:BSPIM:count_0\ * 
              \SPI0:BSPIM:load_cond\
            + \SPI0:BSPIM:state_0\ * !\SPI0:BSPIM:count_4\ * 
              !\SPI0:BSPIM:count_3\ * !\SPI0:BSPIM:count_2\ * 
              !\SPI0:BSPIM:count_1\ * !\SPI0:BSPIM:count_0\ * 
              \SPI0:BSPIM:load_cond\
        );
        Output = \SPI0:BSPIM:load_cond\ (fanout=1)

    MacroCell: Name=\SPI0:BSPIM:load_rx_data\, Mode=(Combinatorial)
        Total # of inputs        : 5
        Total # of product terms : 1
            Clock Enable: True
        Main Equation            : 1 pterm
        (
              !\SPI0:BSPIM:count_4\ * !\SPI0:BSPIM:count_3\ * 
              !\SPI0:BSPIM:count_2\ * !\SPI0:BSPIM:count_1\ * 
              \SPI0:BSPIM:count_0\
        );
        Output = \SPI0:BSPIM:load_rx_data\ (fanout=2)

    MacroCell: Name=\SPI0:BSPIM:rx_status_6\, Mode=(Combinatorial)
        Total # of inputs        : 6
        Total # of product terms : 1
            Clock Enable: True
        Main Equation            : 1 pterm
        (
              !\SPI0:BSPIM:count_4\ * !\SPI0:BSPIM:count_3\ * 
              !\SPI0:BSPIM:count_2\ * !\SPI0:BSPIM:count_1\ * 
              \SPI0:BSPIM:count_0\ * \SPI0:BSPIM:rx_status_4\
        );
        Output = \SPI0:BSPIM:rx_status_6\ (fanout=1)

    MacroCell: Name=\SPI0:BSPIM:state_0\, Mode=(T-Register)
        Total # of inputs        : 4
        Total # of product terms : 3
        List of special equations: 
            Clock  = (\SPI0:Net_276_digital\) => Global
            Clock Enable: True
        Main Equation            : 3 pterms
        (
              !\SPI0:BSPIM:state_2\ * \SPI0:BSPIM:state_1\
            + \SPI0:BSPIM:state_2\ * !\SPI0:BSPIM:state_1\
            + !\SPI0:BSPIM:state_1\ * !\SPI0:BSPIM:state_0\ * 
              !\SPI0:BSPIM:tx_status_1\
        );
        Output = \SPI0:BSPIM:state_0\ (fanout=12)

    MacroCell: Name=\SPI0:BSPIM:state_1\, Mode=(T-Register)
        Total # of inputs        : 10
        Total # of product terms : 4
        List of special equations: 
            Clock  = (\SPI0:Net_276_digital\) => Global
            Clock Enable: True
        Main Equation            : 4 pterms
        (
              !\SPI0:BSPIM:state_2\ * !\SPI0:BSPIM:state_1\ * 
              \SPI0:BSPIM:state_0\
            + !\SPI0:BSPIM:state_2\ * \SPI0:BSPIM:state_0\ * 
              !\SPI0:BSPIM:count_4\ * !\SPI0:BSPIM:count_3\ * 
              \SPI0:BSPIM:count_2\ * !\SPI0:BSPIM:count_1\ * 
              \SPI0:BSPIM:count_0\ * !\SPI0:BSPIM:tx_status_1\
            + \SPI0:BSPIM:state_2\ * !\SPI0:BSPIM:state_0\
            + \SPI0:BSPIM:state_1\ * !\SPI0:BSPIM:state_0\ * 
              !\SPI0:BSPIM:count_4\ * !\SPI0:BSPIM:count_3\ * 
              !\SPI0:BSPIM:count_2\ * \SPI0:BSPIM:count_1\ * 
              !\SPI0:BSPIM:count_0\ * !\SPI0:BSPIM:ld_ident\
        );
        Output = \SPI0:BSPIM:state_1\ (fanout=12)

    MacroCell: Name=\SPI0:BSPIM:state_2\, Mode=(D-Register)
        Total # of inputs        : 10
        Total # of product terms : 3
        List of special equations: 
            Clock  = (\SPI0:Net_276_digital\) => Global
            Clock Enable: True
        Main Equation            : 3 pterms
        (
              !\SPI0:BSPIM:state_2\ * !\SPI0:BSPIM:state_1\ * 
              \SPI0:BSPIM:state_0\
            + !\SPI0:BSPIM:state_2\ * \SPI0:BSPIM:state_1\ * 
              !\SPI0:BSPIM:state_0\ * !\SPI0:BSPIM:count_4\ * 
              !\SPI0:BSPIM:count_3\ * !\SPI0:BSPIM:count_2\ * 
              \SPI0:BSPIM:count_1\ * !\SPI0:BSPIM:count_0\ * 
              !\SPI0:BSPIM:ld_ident\
            + !\SPI0:BSPIM:state_2\ * \SPI0:BSPIM:state_0\ * 
              !\SPI0:BSPIM:count_4\ * !\SPI0:BSPIM:count_3\ * 
              \SPI0:BSPIM:count_2\ * !\SPI0:BSPIM:count_1\ * 
              \SPI0:BSPIM:count_0\ * !\SPI0:BSPIM:tx_status_1\
        );
        Output = \SPI0:BSPIM:state_2\ (fanout=12)

    MacroCell: Name=\SPI0:BSPIM:tx_status_0\, Mode=(Combinatorial)
        Total # of inputs        : 3
        Total # of product terms : 1
            Clock Enable: True
        Main Equation            : 1 pterm
        (
              \SPI0:BSPIM:state_2\ * !\SPI0:BSPIM:state_1\ * 
              \SPI0:BSPIM:state_0\
        );
        Output = \SPI0:BSPIM:tx_status_0\ (fanout=1)

    MacroCell: Name=\SPI0:BSPIM:tx_status_4\, Mode=(Combinatorial)
        Total # of inputs        : 3
        Total # of product terms : 1
            Clock Enable: True
        Main Equation            : 1 pterm
        (
              !\SPI0:BSPIM:state_2\ * !\SPI0:BSPIM:state_1\ * 
              !\SPI0:BSPIM:state_0\
        );
        Output = \SPI0:BSPIM:tx_status_4\ (fanout=1)
    </CYPRESSTAG>
    <CYPRESSTAG name="Datapath listing">

    ------------------------------------------------------------
    Datapath listing
    ------------------------------------------------------------

    datapathcell: Name =\SPI0:BSPIM:sR8:Dp:u0\
        PORT MAP (
            clock => \SPI0:Net_276_digital\ ,
            cs_addr_2 => \SPI0:BSPIM:state_2\ ,
            cs_addr_1 => \SPI0:BSPIM:state_1\ ,
            cs_addr_0 => \SPI0:BSPIM:state_0\ ,
            route_si => Net_19 ,
            f1_load => \SPI0:BSPIM:load_rx_data\ ,
            so_comb => \SPI0:BSPIM:mosi_from_dp\ ,
            f0_bus_stat_comb => \SPI0:BSPIM:tx_status_2\ ,
            f0_blk_stat_comb => \SPI0:BSPIM:tx_status_1\ ,
            f1_bus_stat_comb => \SPI0:BSPIM:rx_status_5\ ,
            f1_blk_stat_comb => \SPI0:BSPIM:rx_status_4\ );
        Properties:
        {
            a0_init = "00000000"
            a1_init = "00000000"
            ce0_sync = 1
            ce1_sync = 1
            cl0_sync = 1
            cl1_sync = 1
            cmsb_sync = 1
            co_msb_sync = 1
            cy_dpconfig = "0000000000000000000000001100000000000001010000000001000100010000000000011100000000010001000000000000000101000000000000010100000011111111000000001111111111111111000000000010001000001000111100000000000000000100"
            d0_init = "00000000"
            d1_init = "00000000"
            f0_blk_sync = 1
            f0_bus_sync = 1
            f1_blk_sync = 1
            f1_bus_sync = 1
            ff0_sync = 1
            ff1_sync = 1
            ov_msb_sync = 1
            so_sync = 1
            z0_sync = 1
            z1_sync = 1
        }
        Clock Polarity: Active High
        Clock Enable: True
    </CYPRESSTAG>
    <CYPRESSTAG name="Status register listing">
    </CYPRESSTAG>
    <CYPRESSTAG name="StatusI register listing">

    ------------------------------------------------------------
    StatusI register listing
    ------------------------------------------------------------

    statusicell: Name =\SPI0:BSPIM:RxStsReg\
        PORT MAP (
            clock => \SPI0:Net_276_digital\ ,
            status_6 => \SPI0:BSPIM:rx_status_6\ ,
            status_5 => \SPI0:BSPIM:rx_status_5\ ,
            status_4 => \SPI0:BSPIM:rx_status_4\ );
        Properties:
        {
            cy_force_order = 1
            cy_int_mask = "0000000"
            cy_md_select = "1000000"
        }
        Clock Polarity: Active High
        Clock Enable: True

    statusicell: Name =\SPI0:BSPIM:TxStsReg\
        PORT MAP (
            clock => \SPI0:Net_276_digital\ ,
            status_4 => \SPI0:BSPIM:tx_status_4\ ,
            status_3 => \SPI0:BSPIM:load_rx_data\ ,
            status_2 => \SPI0:BSPIM:tx_status_2\ ,
            status_1 => \SPI0:BSPIM:tx_status_1\ ,
            status_0 => \SPI0:BSPIM:tx_status_0\ );
        Properties:
        {
            cy_force_order = 1
            cy_int_mask = "0000000"
            cy_md_select = "0001001"
        }
        Clock Polarity: Active High
        Clock Enable: True
    </CYPRESSTAG>
    <CYPRESSTAG name="Sync listing">
    </CYPRESSTAG>
    <CYPRESSTAG name="Control register listing">

    ------------------------------------------------------------
    Control register listing
    ------------------------------------------------------------

    controlcell: Name =\SSCR:Sync:ctrl_reg\
        PORT MAP (
            control_7 => \SSCR:control_7\ ,
            control_6 => \SSCR:control_6\ ,
            control_5 => \SSCR:control_5\ ,
            control_4 => \SSCR:control_4\ ,
            control_3 => \SSCR:control_3\ ,
            control_2 => \SSCR:control_2\ ,
            control_1 => \SSCR:control_1\ ,
            control_0 => Net_71 );
        Properties:
        {
            cy_ctrl_mode_0 = "00000000"
            cy_ctrl_mode_1 = "00000000"
            cy_ext_reset = 0
            cy_force_order = 1
            cy_init_value = "00000001"
        }
        Clock Enable: True
    </CYPRESSTAG>
    <CYPRESSTAG name="Count7 listing">

    ------------------------------------------------------------
    Count7 listing
    ------------------------------------------------------------

    count7cell: Name =\SPI0:BSPIM:BitCounter\
        PORT MAP (
            clock => \SPI0:Net_276_digital\ ,
            enable => \SPI0:BSPIM:cnt_enable\ ,
            count_6 => \SPI0:BSPIM:count_6\ ,
            count_5 => \SPI0:BSPIM:count_5\ ,
            count_4 => \SPI0:BSPIM:count_4\ ,
            count_3 => \SPI0:BSPIM:count_3\ ,
            count_2 => \SPI0:BSPIM:count_2\ ,
            count_1 => \SPI0:BSPIM:count_1\ ,
            count_0 => \SPI0:BSPIM:count_0\ ,
            tc => \SPI0:BSPIM:cnt_tc\ );
        Properties:
        {
            cy_alt_mode = 0
            cy_init_value = "0000000"
            cy_period = "0001111"
            cy_route_en = 1
            cy_route_ld = 0
        }
        Clock Polarity: Active High
        Clock Enable: True
    </CYPRESSTAG>
    <CYPRESSTAG name="DRQ listing">
    </CYPRESSTAG>
    <CYPRESSTAG name="Interrupt listing">
    </CYPRESSTAG>
</CYPRESSTAG>
<CYPRESSTAG name="Technology mapping summary" expanded>

------------------------------------------------------------
Technology mapping summary
------------------------------------------------------------

Resource Type                 : Used : Free :  Max :  % Used
============================================================
Digital clock dividers        :    1 :    3 :    4 :  25.00%
Pins                          :   10 :   26 :   36 :  27.78%
UDB Macrocells                :   13 :   19 :   32 :  40.63%
UDB Unique Pterms             :   33 :   31 :   64 :  51.56%
UDB Total Pterms              :   38 :      :      : 
UDB Datapath Cells            :    1 :    3 :    4 :  25.00%
UDB Status Cells              :    2 :    2 :    4 :  50.00%
            StatusI Registers :    2 
UDB Control Cells             :    2 :    2 :    4 :  50.00%
            Control Registers :    1 
                 Count7 Cells :    1 
Interrupts                    :    0 :   32 :   32 :   0.00%
Comparator/Opamp Fixed Blocks :    0 :    2 :    2 :   0.00%
SAR Fixed Blocks              :    0 :    1 :    1 :   0.00%
CSD Fixed Blocks              :    0 :    1 :    1 :   0.00%
CapSense Blocks               :    0 :    1 :    1 :   0.00%
8-bit CapSense IDACs          :    0 :    1 :    1 :   0.00%
7-bit CapSense IDACs          :    0 :    1 :    1 :   0.00%
Temperature Sensor            :    0 :    1 :    1 :   0.00%
Low Power Comparator          :    0 :    2 :    2 :   0.00%
TCPWM Blocks                  :    0 :    4 :    4 :   0.00%
Serial Communication Blocks   :    0 :    2 :    2 :   0.00%
Segment LCD Blocks            :    0 :    1 :    1 :   0.00%
</CYPRESSTAG>
Technology Mapping: Elapsed time ==> 0s.209ms
Info: mpr.M0037: Unused pieces of the design have been optimized out. See the Tech mapping section of the report file for details. (App=cydsfit)
Tech mapping phase: Elapsed time ==> 0s.233ms
</CYPRESSTAG>
<CYPRESSTAG name="Analog Placement">
<CYPRESSTAG name="Analog Placement">
Elapsed time ==> 0.0068267s
</CYPRESSTAG>
Analog Placement phase: Elapsed time ==> 0s.049ms
</CYPRESSTAG>
<CYPRESSTAG name="Analog Routing">
<CYPRESSTAG name="Analog Routing">
Route success=True, Iterations=1 Elapsed=0.0003911 secs
</CYPRESSTAG>
Analog Routing phase: Elapsed time ==> 0s.001ms
</CYPRESSTAG>
<CYPRESSTAG name="Analog Code Generation">
============ Analog Final Answer Routes ============
Dump of CyAnalogRoutingResultsDB
Map of net to items {
}
Map of item to net {
}
Mux Info {
}
Analog Code Generation phase: Elapsed time ==> 0s.142ms
</CYPRESSTAG>
<CYPRESSTAG name="Digital Placement">
<CYPRESSTAG name="Detailed placement messages">
I2076: Total run-time: 0.6 sec.

</CYPRESSTAG>
<CYPRESSTAG name="PLD Packing">
<CYPRESSTAG name="PLD Packing Summary" expanded>

------------------------------------------------------------
PLD Packing Summary
------------------------------------------------------------
            Resource Type : Used : Free :  Max :  % Used
    ====================================================
                     PLDs :    6 :    2 :    8 :  75.00%

<CYPRESSTAG name="PLD Statistics">

        PLD Resource Type :     Average/LAB
    =======================================
                   Inputs :            7.33
                   Pterms :            6.00
               Macrocells :            2.17
</CYPRESSTAG>
<CYPRESSTAG name="Packed PLD Contents">
Packed PLD Contents not displayed at this verbose level.</CYPRESSTAG>
</CYPRESSTAG>
PLD Packing: Elapsed time ==> 0s.002ms
</CYPRESSTAG>
<CYPRESSTAG name="Partitioning">
<CYPRESSTAG name="Initial Partitioning Summary">
Initial Partitioning Summary not displayed at this verbose level.</CYPRESSTAG>
<CYPRESSTAG name="Final Partitioning Summary">
Final Partitioning Summary not displayed at this verbose level.</CYPRESSTAG>
Partitioning: Elapsed time ==> 0s.019ms
</CYPRESSTAG>
<CYPRESSTAG name="Simulated Annealing">
Annealing: Elapsed time ==> 0s.003ms
<CYPRESSTAG name="Simulated Annealing Results">
The seed used for moves was 114161200.
Inital cost was 95, final cost is 95 (0.00% improvement).</CYPRESSTAG>
</CYPRESSTAG>
<CYPRESSTAG name="Final Placement Summary">

------------------------------------------------------------
Final Placement Summary
------------------------------------------------------------

       Resource Type :      Count : Avg Inputs : Avg Outputs
    ========================================================
                 UDB :          4 :       8.00 :       3.25
<CYPRESSTAG name="Final Placement Details">
<CYPRESSTAG name="Component Details">

------------------------------------------------------------
Component Placement Details
------------------------------------------------------------
UDB [UDB=(0,0)] contents:
LAB@[UDB=(0,0)][LB=0] #macrocells=2, #inputs=11, #pterms=8
{
    [McSlotId=0]:     MacroCell: Name=Net_23, Mode=(D-Register) @ [UDB=(0,0)][LB=0][MC=0]
        Total # of inputs        : 11
        Total # of product terms : 7
        List of special equations: 
            Clock  = (\SPI0:Net_276_digital\) => Global
            Clock Enable: True
        Main Equation            : 7 pterms
        !(
              !Net_23 * !\SPI0:BSPIM:state_2\ * \SPI0:BSPIM:state_0\
            + !\SPI0:BSPIM:state_2\ * !\SPI0:BSPIM:state_1\ * 
              !\SPI0:BSPIM:state_0\
            + !\SPI0:BSPIM:state_2\ * !\SPI0:BSPIM:state_0\ * 
              !\SPI0:BSPIM:count_4\ * !\SPI0:BSPIM:count_3\ * 
              !\SPI0:BSPIM:count_2\ * \SPI0:BSPIM:count_1\ * 
              !\SPI0:BSPIM:count_0\ * !\SPI0:BSPIM:ld_ident\
            + \SPI0:BSPIM:state_2\ * !\SPI0:BSPIM:state_1\ * 
              \SPI0:BSPIM:state_0\
            + \SPI0:BSPIM:state_2\ * \SPI0:BSPIM:state_1\ * 
              !\SPI0:BSPIM:state_0\
            + \SPI0:BSPIM:state_2\ * !\SPI0:BSPIM:mosi_from_dp\
            + !\SPI0:BSPIM:state_0\ * !\SPI0:BSPIM:mosi_from_dp\
        );
        Output = Net_23 (fanout=2)
        Properties               : 
        {
        }

    [McSlotId=1]:     MacroCell: Name=\SPI0:BSPIM:load_rx_data\, Mode=(Combinatorial) @ [UDB=(0,0)][LB=0][MC=1]
        Total # of inputs        : 5
        Total # of product terms : 1
            Clock Enable: True
        Main Equation            : 1 pterm
        (
              !\SPI0:BSPIM:count_4\ * !\SPI0:BSPIM:count_3\ * 
              !\SPI0:BSPIM:count_2\ * !\SPI0:BSPIM:count_1\ * 
              \SPI0:BSPIM:count_0\
        );
        Output = \SPI0:BSPIM:load_rx_data\ (fanout=2)
        Properties               : 
        {
        }

    [McSlotId=2]: (empty)
    [McSlotId=3]: (empty)
}

LAB@[UDB=(0,0)][LB=1] #macrocells=3, #inputs=10, #pterms=8
{
    [McSlotId=0]:     MacroCell: Name=\SPI0:BSPIM:state_2\, Mode=(D-Register) @ [UDB=(0,0)][LB=1][MC=0]
        Total # of inputs        : 10
        Total # of product terms : 3
        List of special equations: 
            Clock  = (\SPI0:Net_276_digital\) => Global
            Clock Enable: True
        Main Equation            : 3 pterms
        (
              !\SPI0:BSPIM:state_2\ * !\SPI0:BSPIM:state_1\ * 
              \SPI0:BSPIM:state_0\
            + !\SPI0:BSPIM:state_2\ * \SPI0:BSPIM:state_1\ * 
              !\SPI0:BSPIM:state_0\ * !\SPI0:BSPIM:count_4\ * 
              !\SPI0:BSPIM:count_3\ * !\SPI0:BSPIM:count_2\ * 
              \SPI0:BSPIM:count_1\ * !\SPI0:BSPIM:count_0\ * 
              !\SPI0:BSPIM:ld_ident\
            + !\SPI0:BSPIM:state_2\ * \SPI0:BSPIM:state_0\ * 
              !\SPI0:BSPIM:count_4\ * !\SPI0:BSPIM:count_3\ * 
              \SPI0:BSPIM:count_2\ * !\SPI0:BSPIM:count_1\ * 
              \SPI0:BSPIM:count_0\ * !\SPI0:BSPIM:tx_status_1\
        );
        Output = \SPI0:BSPIM:state_2\ (fanout=12)
        Properties               : 
        {
        }

    [McSlotId=1]:     MacroCell: Name=\SPI0:BSPIM:state_1\, Mode=(T-Register) @ [UDB=(0,0)][LB=1][MC=1]
        Total # of inputs        : 10
        Total # of product terms : 4
        List of special equations: 
            Clock  = (\SPI0:Net_276_digital\) => Global
            Clock Enable: True
        Main Equation            : 4 pterms
        (
              !\SPI0:BSPIM:state_2\ * !\SPI0:BSPIM:state_1\ * 
              \SPI0:BSPIM:state_0\
            + !\SPI0:BSPIM:state_2\ * \SPI0:BSPIM:state_0\ * 
              !\SPI0:BSPIM:count_4\ * !\SPI0:BSPIM:count_3\ * 
              \SPI0:BSPIM:count_2\ * !\SPI0:BSPIM:count_1\ * 
              \SPI0:BSPIM:count_0\ * !\SPI0:BSPIM:tx_status_1\
            + \SPI0:BSPIM:state_2\ * !\SPI0:BSPIM:state_0\
            + \SPI0:BSPIM:state_1\ * !\SPI0:BSPIM:state_0\ * 
              !\SPI0:BSPIM:count_4\ * !\SPI0:BSPIM:count_3\ * 
              !\SPI0:BSPIM:count_2\ * \SPI0:BSPIM:count_1\ * 
              !\SPI0:BSPIM:count_0\ * !\SPI0:BSPIM:ld_ident\
        );
        Output = \SPI0:BSPIM:state_1\ (fanout=12)
        Properties               : 
        {
        }

    [McSlotId=2]:     MacroCell: Name=\SPI0:BSPIM:ld_ident\, Mode=(T-Register) @ [UDB=(0,0)][LB=1][MC=2]
        Total # of inputs        : 9
        Total # of product terms : 3
        List of special equations: 
            Clock  = (\SPI0:Net_276_digital\) => Global
            Clock Enable: True
        Main Equation            : 3 pterms
        (
              \SPI0:BSPIM:state_2\ * !\SPI0:BSPIM:state_1\ * 
              !\SPI0:BSPIM:state_0\ * !\SPI0:BSPIM:ld_ident\
            + \SPI0:BSPIM:state_2\ * \SPI0:BSPIM:state_1\ * 
              !\SPI0:BSPIM:state_0\ * \SPI0:BSPIM:ld_ident\
            + \SPI0:BSPIM:state_1\ * !\SPI0:BSPIM:state_0\ * 
              !\SPI0:BSPIM:count_4\ * !\SPI0:BSPIM:count_3\ * 
              !\SPI0:BSPIM:count_2\ * \SPI0:BSPIM:count_1\ * 
              !\SPI0:BSPIM:count_0\ * \SPI0:BSPIM:ld_ident\
        );
        Output = \SPI0:BSPIM:ld_ident\ (fanout=4)
        Properties               : 
        {
        }

    [McSlotId=3]: (empty)
}

datapathcell: Name =\SPI0:BSPIM:sR8:Dp:u0\
    PORT MAP (
        clock => \SPI0:Net_276_digital\ ,
        cs_addr_2 => \SPI0:BSPIM:state_2\ ,
        cs_addr_1 => \SPI0:BSPIM:state_1\ ,
        cs_addr_0 => \SPI0:BSPIM:state_0\ ,
        route_si => Net_19 ,
        f1_load => \SPI0:BSPIM:load_rx_data\ ,
        so_comb => \SPI0:BSPIM:mosi_from_dp\ ,
        f0_bus_stat_comb => \SPI0:BSPIM:tx_status_2\ ,
        f0_blk_stat_comb => \SPI0:BSPIM:tx_status_1\ ,
        f1_bus_stat_comb => \SPI0:BSPIM:rx_status_5\ ,
        f1_blk_stat_comb => \SPI0:BSPIM:rx_status_4\ );
    Properties:
    {
        a0_init = "00000000"
        a1_init = "00000000"
        ce0_sync = 1
        ce1_sync = 1
        cl0_sync = 1
        cl1_sync = 1
        cmsb_sync = 1
        co_msb_sync = 1
        cy_dpconfig = "0000000000000000000000001100000000000001010000000001000100010000000000011100000000010001000000000000000101000000000000010100000011111111000000001111111111111111000000000010001000001000111100000000000000000100"
        d0_init = "00000000"
        d1_init = "00000000"
        f0_blk_sync = 1
        f0_bus_sync = 1
        f1_blk_sync = 1
        f1_bus_sync = 1
        ff0_sync = 1
        ff1_sync = 1
        ov_msb_sync = 1
        so_sync = 1
        z0_sync = 1
        z1_sync = 1
    }
    Clock Polarity: Active High
    Clock Enable: True

count7cell: Name =\SPI0:BSPIM:BitCounter\
    PORT MAP (
        clock => \SPI0:Net_276_digital\ ,
        enable => \SPI0:BSPIM:cnt_enable\ ,
        count_6 => \SPI0:BSPIM:count_6\ ,
        count_5 => \SPI0:BSPIM:count_5\ ,
        count_4 => \SPI0:BSPIM:count_4\ ,
        count_3 => \SPI0:BSPIM:count_3\ ,
        count_2 => \SPI0:BSPIM:count_2\ ,
        count_1 => \SPI0:BSPIM:count_1\ ,
        count_0 => \SPI0:BSPIM:count_0\ ,
        tc => \SPI0:BSPIM:cnt_tc\ );
    Properties:
    {
        cy_alt_mode = 0
        cy_init_value = "0000000"
        cy_period = "0001111"
        cy_route_en = 1
        cy_route_ld = 0
    }
    Clock Polarity: Active High
    Clock Enable: True

UDB [UDB=(0,1)] contents:
LAB@[UDB=(0,1)][LB=0] #macrocells=2, #inputs=10, #pterms=5
{
    [McSlotId=0]:     MacroCell: Name=\SPI0:BSPIM:load_cond\, Mode=(T-Register) @ [UDB=(0,1)][LB=0][MC=0]
        Total # of inputs        : 9
        Total # of product terms : 4
        List of special equations: 
            Clock  = (\SPI0:Net_276_digital\) => Global
            Clock Enable: True
        Main Equation            : 4 pterms
        (
              !\SPI0:BSPIM:state_2\ * !\SPI0:BSPIM:count_4\ * 
              !\SPI0:BSPIM:count_3\ * !\SPI0:BSPIM:count_2\ * 
              !\SPI0:BSPIM:count_1\ * !\SPI0:BSPIM:count_0\ * 
              \SPI0:BSPIM:load_cond\
            + \SPI0:BSPIM:state_2\ * !\SPI0:BSPIM:state_1\ * 
              !\SPI0:BSPIM:state_0\ * !\SPI0:BSPIM:load_cond\
            + \SPI0:BSPIM:state_1\ * !\SPI0:BSPIM:count_4\ * 
              !\SPI0:BSPIM:count_3\ * !\SPI0:BSPIM:count_2\ * 
              !\SPI0:BSPIM:count_1\ * !\SPI0:BSPIM:count_0\ * 
              \SPI0:BSPIM:load_cond\
            + \SPI0:BSPIM:state_0\ * !\SPI0:BSPIM:count_4\ * 
              !\SPI0:BSPIM:count_3\ * !\SPI0:BSPIM:count_2\ * 
              !\SPI0:BSPIM:count_1\ * !\SPI0:BSPIM:count_0\ * 
              \SPI0:BSPIM:load_cond\
        );
        Output = \SPI0:BSPIM:load_cond\ (fanout=1)
        Properties               : 
        {
        }

    [McSlotId=1]:     MacroCell: Name=\SPI0:BSPIM:rx_status_6\, Mode=(Combinatorial) @ [UDB=(0,1)][LB=0][MC=1]
        Total # of inputs        : 6
        Total # of product terms : 1
            Clock Enable: True
        Main Equation            : 1 pterm
        (
              !\SPI0:BSPIM:count_4\ * !\SPI0:BSPIM:count_3\ * 
              !\SPI0:BSPIM:count_2\ * !\SPI0:BSPIM:count_1\ * 
              \SPI0:BSPIM:count_0\ * \SPI0:BSPIM:rx_status_4\
        );
        Output = \SPI0:BSPIM:rx_status_6\ (fanout=1)
        Properties               : 
        {
        }

    [McSlotId=2]: (empty)
    [McSlotId=3]: (empty)
}

LAB@[UDB=(0,1)][LB=1] #macrocells=2, #inputs=5, #pterms=8
{
    [McSlotId=0]:     MacroCell: Name=Net_1, Mode=(D-Register) @ [UDB=(0,1)][LB=1][MC=0]
        Total # of inputs        : 4
        Total # of product terms : 4
        List of special equations: 
            Clock  = (\SPI0:Net_276_digital\) => Global
            Clock Enable: True
        Main Equation            : 4 pterms
        !(
              !\SPI0:BSPIM:state_2\ * !\SPI0:BSPIM:state_1\ * 
              \SPI0:BSPIM:state_0\
            + !\SPI0:BSPIM:state_2\ * \SPI0:BSPIM:state_1\ * !Net_1
            + \SPI0:BSPIM:state_2\ * !\SPI0:BSPIM:state_1\ * 
              !\SPI0:BSPIM:state_0\ * !Net_1
            + \SPI0:BSPIM:state_1\ * \SPI0:BSPIM:state_0\ * !Net_1
        );
        Output = Net_1 (fanout=1)
        Properties               : 
        {
        }

    [McSlotId=1]:     MacroCell: Name=\SPI0:BSPIM:cnt_enable\, Mode=(T-Register) @ [UDB=(0,1)][LB=1][MC=1]
        Total # of inputs        : 4
        Total # of product terms : 4
        List of special equations: 
            Clock  = (\SPI0:Net_276_digital\) => Global
            Clock Enable: True
        Main Equation            : 4 pterms
        (
              !\SPI0:BSPIM:state_2\ * !\SPI0:BSPIM:state_1\ * 
              !\SPI0:BSPIM:state_0\ * \SPI0:BSPIM:cnt_enable\
            + !\SPI0:BSPIM:state_2\ * \SPI0:BSPIM:state_1\ * 
              \SPI0:BSPIM:state_0\ * !\SPI0:BSPIM:cnt_enable\
            + \SPI0:BSPIM:state_2\ * !\SPI0:BSPIM:state_1\ * 
              \SPI0:BSPIM:state_0\ * \SPI0:BSPIM:cnt_enable\
            + \SPI0:BSPIM:state_2\ * \SPI0:BSPIM:state_1\ * 
              !\SPI0:BSPIM:state_0\ * \SPI0:BSPIM:cnt_enable\
        );
        Output = \SPI0:BSPIM:cnt_enable\ (fanout=3)
        Properties               : 
        {
        }

    [McSlotId=2]: (empty)
    [McSlotId=3]: (empty)
}

statusicell: Name =\SPI0:BSPIM:RxStsReg\
    PORT MAP (
        clock => \SPI0:Net_276_digital\ ,
        status_6 => \SPI0:BSPIM:rx_status_6\ ,
        status_5 => \SPI0:BSPIM:rx_status_5\ ,
        status_4 => \SPI0:BSPIM:rx_status_4\ );
    Properties:
    {
        cy_force_order = 1
        cy_int_mask = "0000000"
        cy_md_select = "1000000"
    }
    Clock Polarity: Active High
    Clock Enable: True

controlcell: Name =\SSCR:Sync:ctrl_reg\
    PORT MAP (
        control_7 => \SSCR:control_7\ ,
        control_6 => \SSCR:control_6\ ,
        control_5 => \SSCR:control_5\ ,
        control_4 => \SSCR:control_4\ ,
        control_3 => \SSCR:control_3\ ,
        control_2 => \SSCR:control_2\ ,
        control_1 => \SSCR:control_1\ ,
        control_0 => Net_71 );
    Properties:
    {
        cy_ctrl_mode_0 = "00000000"
        cy_ctrl_mode_1 = "00000000"
        cy_ext_reset = 0
        cy_force_order = 1
        cy_init_value = "00000001"
    }
    Clock Enable: True

UDB [UDB=(1,0)] contents:
LAB@[UDB=(1,0)][LB=0] #macrocells=3, #inputs=4, #pterms=5
{
    [McSlotId=0]:     MacroCell: Name=\SPI0:BSPIM:state_0\, Mode=(T-Register) @ [UDB=(1,0)][LB=0][MC=0]
        Total # of inputs        : 4
        Total # of product terms : 3
        List of special equations: 
            Clock  = (\SPI0:Net_276_digital\) => Global
            Clock Enable: True
        Main Equation            : 3 pterms
        (
              !\SPI0:BSPIM:state_2\ * \SPI0:BSPIM:state_1\
            + \SPI0:BSPIM:state_2\ * !\SPI0:BSPIM:state_1\
            + !\SPI0:BSPIM:state_1\ * !\SPI0:BSPIM:state_0\ * 
              !\SPI0:BSPIM:tx_status_1\
        );
        Output = \SPI0:BSPIM:state_0\ (fanout=12)
        Properties               : 
        {
        }

    [McSlotId=1]:     MacroCell: Name=\SPI0:BSPIM:tx_status_4\, Mode=(Combinatorial) @ [UDB=(1,0)][LB=0][MC=1]
        Total # of inputs        : 3
        Total # of product terms : 1
            Clock Enable: True
        Main Equation            : 1 pterm
        (
              !\SPI0:BSPIM:state_2\ * !\SPI0:BSPIM:state_1\ * 
              !\SPI0:BSPIM:state_0\
        );
        Output = \SPI0:BSPIM:tx_status_4\ (fanout=1)
        Properties               : 
        {
        }

    [McSlotId=2]:     MacroCell: Name=\SPI0:BSPIM:tx_status_0\, Mode=(Combinatorial) @ [UDB=(1,0)][LB=0][MC=2]
        Total # of inputs        : 3
        Total # of product terms : 1
            Clock Enable: True
        Main Equation            : 1 pterm
        (
              \SPI0:BSPIM:state_2\ * !\SPI0:BSPIM:state_1\ * 
              \SPI0:BSPIM:state_0\
        );
        Output = \SPI0:BSPIM:tx_status_0\ (fanout=1)
        Properties               : 
        {
        }

    [McSlotId=3]: (empty)
}

UDB [UDB=(1,1)] contents:
LAB@[UDB=(1,1)][LB=1] #macrocells=1, #inputs=4, #pterms=2
{
    [McSlotId=0]: (empty)
    [McSlotId=1]: (empty)
    [McSlotId=2]:     MacroCell: Name=Net_25, Mode=(D-Register) @ [UDB=(1,1)][LB=1][MC=2]
        Total # of inputs        : 4
        Total # of product terms : 2
        List of special equations: 
            Clock  = (\SPI0:Net_276_digital\) => Global
            Clock Enable: True
        Main Equation            : 2 pterms
        (
              Net_25 * \SPI0:BSPIM:state_1\ * \SPI0:BSPIM:state_0\
            + !\SPI0:BSPIM:state_2\ * \SPI0:BSPIM:state_1\ * 
              \SPI0:BSPIM:state_0\
        );
        Output = Net_25 (fanout=2)
        Properties               : 
        {
        }

    [McSlotId=3]: (empty)
}

statusicell: Name =\SPI0:BSPIM:TxStsReg\
    PORT MAP (
        clock => \SPI0:Net_276_digital\ ,
        status_4 => \SPI0:BSPIM:tx_status_4\ ,
        status_3 => \SPI0:BSPIM:load_rx_data\ ,
        status_2 => \SPI0:BSPIM:tx_status_2\ ,
        status_1 => \SPI0:BSPIM:tx_status_1\ ,
        status_0 => \SPI0:BSPIM:tx_status_0\ );
    Properties:
    {
        cy_force_order = 1
        cy_int_mask = "0000000"
        cy_md_select = "0001001"
    }
    Clock Polarity: Active High
    Clock Enable: True

Intr hod @ [IntrHod=(0)]: empty
Port 0 contains the following IO cells:
[IoId=0]: 
Pin : Name = SDCS(0)
    Attributes:
        In Group/Port: True
        In Sync Option: AUTO
        Out Sync Option: NOSYNC
        Interrupt generated: False
        Interrupt mode: NONE
        Drive mode: CMOS_OUT
        VTrip: EITHER
        Slew: FAST
        Input Sync needed: False
        Output Sync needed: False
        SC shield enabled: False
        POR State: ANY
        LCD Mode: COMMON
        Register Mode: RegComb
        CaSense Mode: NEITHER
        Treat as pin: True
        Is OE Registered: False
        Uses Analog: False
        Can contain Digital: True
        Is SIO: False
        SIO Output Buf: NONREGULATED
        SIO Input Buf: SINGLE_ENDED
        SIO HiFreq: LOW
        SIO Hyst: DISABLED
        SIO Vtrip: MULTIPLIER_0_5
        SIO RefSel: VCC_IO
        Required Capabilitites: DIGITAL
        Initial Value: 1
        IO Voltage: 0
    PORT MAP (
        pa_out => SDCS(0)__PA ,
        pad => SDCS(0)_PAD );
    Properties:
    {
    }

[IoId=2]: 
Pin : Name = GREEN(0)
    Attributes:
        In Group/Port: True
        In Sync Option: AUTO
        Out Sync Option: NOSYNC
        Interrupt generated: False
        Interrupt mode: NONE
        Drive mode: CMOS_OUT
        VTrip: EITHER
        Slew: FAST
        Input Sync needed: False
        Output Sync needed: False
        SC shield enabled: False
        POR State: ANY
        LCD Mode: COMMON
        Register Mode: RegComb
        CaSense Mode: NEITHER
        Treat as pin: True
        Is OE Registered: False
        Uses Analog: False
        Can contain Digital: True
        Is SIO: False
        SIO Output Buf: NONREGULATED
        SIO Input Buf: SINGLE_ENDED
        SIO HiFreq: LOW
        SIO Hyst: DISABLED
        SIO Vtrip: MULTIPLIER_0_5
        SIO RefSel: VCC_IO
        Required Capabilitites: DIGITAL
        Initial Value: 0
        IO Voltage: 0
    PORT MAP (
        pa_out => GREEN(0)__PA ,
        pad => GREEN(0)_PAD );
    Properties:
    {
    }

[IoId=3]: 
Pin : Name = BLUE(0)
    Attributes:
        In Group/Port: True
        In Sync Option: AUTO
        Out Sync Option: NOSYNC
        Interrupt generated: False
        Interrupt mode: NONE
        Drive mode: CMOS_OUT
        VTrip: EITHER
        Slew: FAST
        Input Sync needed: False
        Output Sync needed: False
        SC shield enabled: False
        POR State: ANY
        LCD Mode: COMMON
        Register Mode: RegComb
        CaSense Mode: NEITHER
        Treat as pin: True
        Is OE Registered: False
        Uses Analog: False
        Can contain Digital: True
        Is SIO: False
        SIO Output Buf: NONREGULATED
        SIO Input Buf: SINGLE_ENDED
        SIO HiFreq: LOW
        SIO Hyst: DISABLED
        SIO Vtrip: MULTIPLIER_0_5
        SIO RefSel: VCC_IO
        Required Capabilitites: DIGITAL
        Initial Value: 0
        IO Voltage: 0
    PORT MAP (
        pa_out => BLUE(0)__PA ,
        pad => BLUE(0)_PAD );
    Properties:
    {
    }

[IoId=6]: 
Pin : Name = ETH_SCLK_1(0)
    Attributes:
        In Group/Port: True
        In Sync Option: AUTO
        Out Sync Option: NOSYNC
        Interrupt generated: False
        Interrupt mode: NONE
        Drive mode: CMOS_OUT
        VTrip: EITHER
        Slew: FAST
        Input Sync needed: False
        Output Sync needed: False
        SC shield enabled: False
        POR State: ANY
        LCD Mode: COMMON
        Register Mode: RegComb
        CaSense Mode: NEITHER
        Treat as pin: True
        Is OE Registered: False
        Uses Analog: False
        Can contain Digital: True
        Is SIO: False
        SIO Output Buf: NONREGULATED
        SIO Input Buf: SINGLE_ENDED
        SIO HiFreq: LOW
        SIO Hyst: DISABLED
        SIO Vtrip: MULTIPLIER_0_5
        SIO RefSel: VCC_IO
        Required Capabilitites: DIGITAL, ROUTABLE
        Initial Value: 1
        IO Voltage: 0
    PORT MAP (
        pa_out => ETH_SCLK_1(0)__PA ,
        input => Net_25 ,
        pad => ETH_SCLK_1(0)_PAD );
    Properties:
    {
    }

Port 1 contains the following IO cells:
[IoId=6]: 
Pin : Name = RED(0)
    Attributes:
        In Group/Port: True
        In Sync Option: AUTO
        Out Sync Option: NOSYNC
        Interrupt generated: False
        Interrupt mode: NONE
        Drive mode: CMOS_OUT
        VTrip: EITHER
        Slew: FAST
        Input Sync needed: False
        Output Sync needed: False
        SC shield enabled: False
        POR State: ANY
        LCD Mode: COMMON
        Register Mode: RegComb
        CaSense Mode: NEITHER
        Treat as pin: True
        Is OE Registered: False
        Uses Analog: False
        Can contain Digital: True
        Is SIO: False
        SIO Output Buf: NONREGULATED
        SIO Input Buf: SINGLE_ENDED
        SIO HiFreq: LOW
        SIO Hyst: DISABLED
        SIO Vtrip: MULTIPLIER_0_5
        SIO RefSel: VCC_IO
        Required Capabilitites: DIGITAL
        Initial Value: 0
        IO Voltage: 0
    PORT MAP (
        pa_out => RED(0)__PA ,
        pad => RED(0)_PAD );
    Properties:
    {
    }

Port 2 is empty
Port 3 contains the following IO cells:
[IoId=0]: 
Pin : Name = ETH_MOSI_1(0)
    Attributes:
        In Group/Port: True
        In Sync Option: AUTO
        Out Sync Option: NOSYNC
        Interrupt generated: False
        Interrupt mode: NONE
        Drive mode: CMOS_OUT
        VTrip: EITHER
        Slew: FAST
        Input Sync needed: False
        Output Sync needed: False
        SC shield enabled: False
        POR State: ANY
        LCD Mode: COMMON
        Register Mode: RegComb
        CaSense Mode: NEITHER
        Treat as pin: True
        Is OE Registered: False
        Uses Analog: False
        Can contain Digital: True
        Is SIO: False
        SIO Output Buf: NONREGULATED
        SIO Input Buf: SINGLE_ENDED
        SIO HiFreq: LOW
        SIO Hyst: DISABLED
        SIO Vtrip: MULTIPLIER_0_5
        SIO RefSel: VCC_IO
        Required Capabilitites: DIGITAL, ROUTABLE
        Initial Value: 1
        IO Voltage: 0
    PORT MAP (
        pa_out => ETH_MOSI_1(0)__PA ,
        input => Net_23 ,
        pad => ETH_MOSI_1(0)_PAD );
    Properties:
    {
    }

[IoId=1]: 
Pin : Name = ETH_MISO_1(0)
    Attributes:
        In Group/Port: True
        In Sync Option: NOSYNC
        Out Sync Option: AUTO
        Interrupt generated: False
        Interrupt mode: NONE
        Drive mode: HI_Z_DIGITAL
        VTrip: CMOS
        Slew: FAST
        Input Sync needed: False
        Output Sync needed: False
        SC shield enabled: False
        POR State: ANY
        LCD Mode: COMMON
        Register Mode: RegComb
        CaSense Mode: NEITHER
        Treat as pin: True
        Is OE Registered: False
        Uses Analog: False
        Can contain Digital: True
        Is SIO: False
        SIO Output Buf: NONREGULATED
        SIO Input Buf: SINGLE_ENDED
        SIO HiFreq: LOW
        SIO Hyst: DISABLED
        SIO Vtrip: MULTIPLIER_0_5
        SIO RefSel: VCC_IO
        Required Capabilitites: DIGITAL, ROUTABLE
        Initial Value: 0
        IO Voltage: 0
    PORT MAP (
        pa_out => ETH_MISO_1(0)__PA ,
        fb => Net_19 ,
        pad => ETH_MISO_1(0)_PAD );
    Properties:
    {
    }

[IoId=4]: 
Pin : Name = ETH_CSN_1(0)
    Attributes:
        In Group/Port: True
        In Sync Option: AUTO
        Out Sync Option: NOSYNC
        Interrupt generated: False
        Interrupt mode: NONE
        Drive mode: CMOS_OUT
        VTrip: EITHER
        Slew: FAST
        Input Sync needed: False
        Output Sync needed: False
        SC shield enabled: False
        POR State: ANY
        LCD Mode: COMMON
        Register Mode: RegComb
        CaSense Mode: NEITHER
        Treat as pin: True
        Is OE Registered: False
        Uses Analog: False
        Can contain Digital: True
        Is SIO: False
        SIO Output Buf: NONREGULATED
        SIO Input Buf: SINGLE_ENDED
        SIO HiFreq: LOW
        SIO Hyst: DISABLED
        SIO Vtrip: MULTIPLIER_0_5
        SIO RefSel: VCC_IO
        Required Capabilitites: DIGITAL, ROUTABLE
        Initial Value: 1
        IO Voltage: 0
    PORT MAP (
        pa_out => ETH_CSN_1(0)__PA ,
        input => Net_71 ,
        pad => ETH_CSN_1(0)_PAD );
    Properties:
    {
    }

Port 4 is empty
Fixed Function block hod @ [FFB(Clock,0)]: 
    M0S8 Clock Block @ [FFB(Clock,0)]: 
    m0s8clockblockcell: Name =ClockBlock
        PORT MAP (
            lfclk => ClockBlock_LFCLK ,
            ilo => ClockBlock_ILO ,
            sysclk => ClockBlock_SYSCLK ,
            ext => ClockBlock_EXTCLK ,
            imo => ClockBlock_IMO ,
            hfclk => ClockBlock_HFCLK ,
            udb_div_0 => dclk_to_genclk );
        Properties:
        {
        }
Fixed Function block hod @ [FFB(PM,0)]: empty
Fixed Function block hod @ [FFB(SPC,0)]: empty
Fixed Function block hod @ [FFB(WDT,0)]: empty
Fixed Function block hod @ [FFB(FSS,0)]: empty
Fixed Function block hod @ [FFB(LPCOMP,0)]: empty
Fixed Function block hod @ [FFB(SCB,0)]: empty
Fixed Function block hod @ [FFB(CSD,0)]: empty
Fixed Function block hod @ [FFB(CSIDAC8,0)]: empty
Fixed Function block hod @ [FFB(CSIDAC7,0)]: empty
Fixed Function block hod @ [FFB(TCPWM,0)]: empty
Fixed Function block hod @ [FFB(OA,0)]: empty
Fixed Function block hod @ [FFB(TEMP,0)]: empty
Fixed Function block hod @ [FFB(SARADC,0)]: empty
Fixed Function block hod @ [FFB(M0S8LCD,0)]: empty
Fixed Function block hod @ [FFB(CLK_GEN,0)]: 
    M0S8 Clock Gen Block @ [FFB(CLK_GEN,0)]: 
    m0s8clockgenblockcell: Name =ClockGenBlock
        PORT MAP (
            gen_clk_out_0 => \SPI0:Net_276_digital\ ,
            gen_clk_in_0 => dclk_to_genclk );
        Properties:
        {
        }
Fixed Function block hod @ [FFB(LPCOMPBLOCK,0)]: empty
Fixed Function block hod @ [FFB(CTBMBLOCK,0)]: empty
Fixed Function block hod @ [FFB(ANAPUMP,0)]: empty
</CYPRESSTAG>
<CYPRESSTAG name="Port Configuration Details">

------------------------------------------------------------
Port Configuration report
------------------------------------------------------------
     |     |       | Interrupt |                  |               | 
Port | Pin | Fixed |      Type |       Drive Mode |          Name | Connections
-----+-----+-------+-----------+------------------+---------------+------------
   0 |   0 |     * |      NONE |         CMOS_OUT |       SDCS(0) | 
     |   2 |     * |      NONE |         CMOS_OUT |      GREEN(0) | 
     |   3 |     * |      NONE |         CMOS_OUT |       BLUE(0) | 
     |   6 |     * |      NONE |         CMOS_OUT | ETH_SCLK_1(0) | In(Net_25)
-----+-----+-------+-----------+------------------+---------------+------------
   1 |   6 |     * |      NONE |         CMOS_OUT |        RED(0) | 
-----+-----+-------+-----------+------------------+---------------+------------
   3 |   0 |     * |      NONE |         CMOS_OUT | ETH_MOSI_1(0) | In(Net_23)
     |   1 |     * |      NONE |     HI_Z_DIGITAL | ETH_MISO_1(0) | FB(Net_19)
     |   4 |     * |      NONE |         CMOS_OUT |  ETH_CSN_1(0) | In(Net_71)
-------------------------------------------------------------------------------
</CYPRESSTAG>
</CYPRESSTAG>
</CYPRESSTAG>
Digital component placer commit/Report: Elapsed time ==> 0s.003ms
Digital Placement phase: Elapsed time ==> 0s.928ms
</CYPRESSTAG>
<CYPRESSTAG name="Digital Routing">
Routing successful.
Digital Routing phase: Elapsed time ==> 1s.059ms
</CYPRESSTAG>
<CYPRESSTAG name="Bitstream and API generation">
Bitstream and API generation phase: Elapsed time ==> 0s.231ms
</CYPRESSTAG>
<CYPRESSTAG name="Bitstream verification">
Bitstream verification phase: Elapsed time ==> 0s.055ms
</CYPRESSTAG>
<CYPRESSTAG name="Static timing analysis">
Timing report is in PSoCPioneer+ArduinoShield_SPIM_Example_timing.html.
Static timing analysis phase: Elapsed time ==> 0s.470ms
</CYPRESSTAG>
<CYPRESSTAG name="Data reporting">
Data reporting phase: Elapsed time ==> 0s.000ms
</CYPRESSTAG>
<CYPRESSTAG name="Database update...">
Design database save phase: Elapsed time ==> 0s.209ms
</CYPRESSTAG>
cydsfit: Elapsed time ==> 3s.436ms
</CYPRESSTAG>
Fitter phase: Elapsed time ==> 3s.478ms
API generation phase: Elapsed time ==> 2s.083ms
Dependency generation phase: Elapsed time ==> 0s.003ms
Cleanup phase: Elapsed time ==> 0s.001ms
